Connect MD5 differential paths
Copyright (C) 2009 Marc Stevens
http://homepages.cwi.nl/~stevens/

delta_m[11] = [!-6!]
Loading workdir2/paths16_0of1.bin.gz...done: 500000.
Loading workdir2/paths11_0of1.bin.gz...done: 500000.
t=12: 0%   10   20   30   40   50   60   70   80   90   100%
      |----|----|----|----|----|----|----|----|----|----|
      *****************************Q-3:	|00100010 01111011 00110101 11110001|
Q-2:	|0+-11-1- +111100+ 0+10000+ 110110-+|
Q-1:	|01+01-00 -01+---0 -1------ 1001010-|
Q0:	|1101-+00 --1-010+ -1++11+- -++01+++| ok p=1
Q1:	|-.+.00.+ .-.++1+1 +.1+11+. 11--.+1+| ok p=0.229492
Q2:	|0.+.01.- 0-.++.00 -.+..-.1 --01.111| ok p=1
Q3:	|1....+.1 1.0.1.01 0.10.11. +++-.+.+| ok p=1
Q4:	|..1..+.- 0110+... -.0..+.. -+1-.-.0| ok p=1
Q5:	|.!..^-.1 +.-.1... +....1^. 0111.-.1| ok p=1
Q6:	|.!1.-1.- -.-.1..^ -....0+. 10.+...0| ok p=1
Q7:	|.!1.11.1 +......+ +....10. ...+.1.0| ok p=1
Q8:	|!.-.++.1 -.1!...1 0....--. ...-...+| ok p=1
Q9:	|!.+.1-.. 1......- 0..1101. ..!-..^-| ok p=1
Q10:	|.0+10-10 0..011.0 ...00-+0 010+10--| ok p=1
Q11:	|01+10-01 010110^0 00.+10-1 111+0111| ok p=1
Q12:	|0+---1-+ +11+---0 11.--+0+ +++--+0-| ok p=1
Q13:	|+01+1011 ++++++1+ ++.110+0 0+---01+| ok p=1
Q14:	|01101-0- .+1.0110 00^01010 010.10+1| ok p=1
Q15:	|1..0+0.- 110001-1 01+..-0+ .++1-.+1| ok p=0.858398
Q16:	|0...00.1 .-..0+.. 0.+..-.. .1..-.-.| ok p=0.537109
Q17:	|1...-..1 .0..1.^. 1.0..1.^ .0^.+.1.| ok p=0.498047
Q18:	|+...-... .0..-^.. -.1..+.. .1..0.-.| ok p=0.571289
Q19:	|...0+... .+...... .....+.0 .-..1.-.| ok p=0.99707
Q20:	|^..1+..0 ...0^... ^....001 ...0..0.| ok p=1
Q21:	|...+0..1 .^.1.... 0....11+ .^.1..0.| ok p=0.498047
Q22:	|....0..- ...+.... 1.....-. ...-....| ok p=0.962891
Q23:	|...^.... ........ -.0....^ ......0.| ok p=0.970703
Q24:	|..0....^ ...^.0.. ..1...^. ...^..1.| ok p=0.90918
Q25:	|..1..... ........ ^.+..... ......+.| ok p=0.874023
Q26:	|..+..... ....0-.. ........ .0......| ok p=0.879883
Q27:	|........ ....1-.. ..^..... .1....^.| ok p=1
Q28:	|..^..... ....-+.. ........ .-......| ok p=1
Q29:	|........ .....0.. ........ .0......| ok p=0.880859
Q30:	|........ ....^1.. ........ .+......| ok p=1
Q31:	|........ ........ ........ .+......| ok p=1
Q32:	|........ ........ ........ ........| ok p=1
Q33:	|........ ........ ........ .!......| ok p=1
Q34:	|........ ........ ........ ........| ok p=1
Q35:	|........ ........ ........ ........| ok p=1
Q36:	|........ ........ ........ ........| ok p=1
Q37:	|........ ........ ........ ........| ok p=1
Q38:	|........ ........ ........ ........| ok p=1
Q39:	|........ ........ ........ ........| ok p=1
Q40:	|........ ........ ........ ........| ok p=1
Q41:	|........ ........ ........ ........| ok p=1
Q42:	|........ ........ ........ ........| ok p=1
Q43:	|........ ........ ........ ........| ok p=1
Q44:	|........ ........ ........ ........| ok p=1
Q45:	|........ ........ ........ ........| ok p=1
Q46:	|........ ........ ........ ........| ok p=1
Q47:	|........ ........ ........ ........| ok p=1
Q48:	|........ ........ ........ ........| ok p=1
Q49:	|........ ........ ........ ........| ok p=1
Q50:	|........ ........ ........ ........| ok p=1
Q51:	|........ ........ ........ ........| ok p=1
Q52:	|........ ........ ........ ........| ok p=1
Q53:	|........ ........ ........ ........| ok p=1
Q54:	|........ ........ ........ ........| ok p=1
Q55:	|........ ........ ........ ........| ok p=1
Q56:	|........ ........ ........ ........| ok p=1
Q57:	|........ ........ ........ ........| ok p=1
Q58:	|........ ........ ........ ........| ok p=1
Q59:	|........ ........ ........ ........| ok p=1
Q60:	|........ .......0 ........ ........| ok p=1
Q61:	|........ .......0 ........ ........| ok p=1
Q62:	|........ .......- ........ ........| ok p=1
Q63:	|........ .......- ........ ........| ok p=1
Q64:	|........ .......- ........ ..+.....|
Best path: totcompl=-25 tottunnel=34, totcond=575, p=0.00776195
Best paths: 2
Q-3:	|00100010 01111011 00110101 11110001|
Q-2:	|0+-11-1- +111100+ 0+10000+ 110110-+|
Q-1:	|01+01-00 -01+---0 -1------ 1001010-|
Q0:	|1101-+00 --1-010+ -1++11+- -++01+++| ok p=1
Q1:	|-.+.00.+ .-.++1+1 +.1+11+. 11--.+1+| ok p=0.209961
Q2:	|0.+.01.- 0-.++.00 -.+..-.1 --01.111| ok p=1
Q3:	|1....+.1 1.0.1.01 0.10.11. +++-.+.+| ok p=1
Q4:	|..1..+.- 0110+... -.0..+.. -+1-.-.0| ok p=1
Q5:	|!...^-.1 +.-.1... +....1^. 0111.-.1| ok p=1
Q6:	|!.0.-1.- -.-.1..^ -....0+. 10.+...0| ok p=1
Q7:	|!.0.11.1 +......+ +....10. ...+.1.0| ok p=1
Q8:	|!.-.++.1 -.1.!..1 0....--. ...-..0+| ok p=1
Q9:	|.!+.1-.. 1......- 0..0.01. .!.-..0-| ok p=1
Q10:	|.0+10-01 0..01011 ...00110 01^+00--| ok p=1
Q11:	|.1+10-11 01011000 .0.+1101 11+-10-1| ok p=1
Q12:	|^-----++ +11+---1 ^1.--+++ ++10++10| ok p=1
Q13:	|+01+1.1- ++++++1+ ++.1010+ ++0+1---| ok p=1
Q14:	|011011++ .+1.0110 00^01110 .00101+1| ok p=1
Q15:	|0..0+.0- 110001-1 01+..-.+ 1++0-1+0| ok p=0.829102
Q16:	|0...1.01 .-..0+.. 0.+..-.. .1..-.-.| ok p=0.504883
Q17:	|1...-..1 .0..1.^. 1.0..1.^ .0^.+.1.| ok p=0.511719
Q18:	|+...-... .0..-^.. -.1..+.. .1..0.-.| ok p=0.556641
Q19:	|...0+... .+...... .....+.0 .-..1.-.| ok p=0.994141
Q20:	|^..1+..0 ...0^... ^....001 ...0..0.| ok p=1
Q21:	|...+0..1 .^.1.... 0....11+ .^.1..0.| ok p=0.480469
Q22:	|....0..- ...+.... 1.....-. ...-....| ok p=0.961914
Q23:	|...^.... ........ -.0....^ ......0.| ok p=0.964844
Q24:	|..0....^ ...^.0.. ..1...^. ...^..1.| ok p=0.914062
Q25:	|..1..... ........ ^.+..... ......+.| ok p=0.876953
Q26:	|..+..... ....0-.. ........ .0......| ok p=0.87793
Q27:	|........ ....1-.. ..^..... .1....^.| ok p=1
Q28:	|..^..... ....-+.. ........ .-......| ok p=1
Q29:	|........ .....0.. ........ .0......| ok p=0.900391
Q30:	|........ ....^1.. ........ .+......| ok p=1
Q31:	|........ ........ ........ .+......| ok p=1
Q32:	|........ ........ ........ ........| ok p=1
Q33:	|........ ........ ........ .!......| ok p=1
Q34:	|........ ........ ........ ........| ok p=1
Q35:	|........ ........ ........ ........| ok p=1
Q36:	|........ ........ ........ ........| ok p=1
Q37:	|........ ........ ........ ........| ok p=1
Q38:	|........ ........ ........ ........| ok p=1
Q39:	|........ ........ ........ ........| ok p=1
Q40:	|........ ........ ........ ........| ok p=1
Q41:	|........ ........ ........ ........| ok p=1
Q42:	|........ ........ ........ ........| ok p=1
Q43:	|........ ........ ........ ........| ok p=1
Q44:	|........ ........ ........ ........| ok p=1
Q45:	|........ ........ ........ ........| ok p=1
Q46:	|........ ........ ........ ........| ok p=1
Q47:	|........ ........ ........ ........| ok p=1
Q48:	|........ ........ ........ ........| ok p=1
Q49:	|........ ........ ........ ........| ok p=1
Q50:	|........ ........ ........ ........| ok p=1
Q51:	|........ ........ ........ ........| ok p=1
Q52:	|........ ........ ........ ........| ok p=1
Q53:	|........ ........ ........ ........| ok p=1
Q54:	|........ ........ ........ ........| ok p=1
Q55:	|........ ........ ........ ........| ok p=1
Q56:	|........ ........ ........ ........| ok p=1
Q57:	|........ ........ ........ ........| ok p=1
Q58:	|........ ........ ........ ........| ok p=1
Q59:	|........ ........ ........ ........| ok p=1
Q60:	|........ .......0 ........ ........| ok p=1
Q61:	|........ .......0 ........ ........| ok p=1
Q62:	|........ .......- ........ ........| ok p=1
Q63:	|........ .......- ........ ........| ok p=1
Q64:	|........ .......- ........ ..+.....|
Best path: totcompl=-25 tottunnel=34, totcond=574, p=0.00723277
Q-3:	|00100010 01111011 00110101 11110001|
Q-2:	|0+-11-1- +111100+ 0+10000+ 110110-+|
Q-1:	|01+01-00 -01+---0 -1------ 1001010-|
Q0:	|1101-+00 --1-010+ -1++11+- -++01+++| ok p=1
Q1:	|-.+.00.+ .-.++1+1 +.1+11+. 11--.+1+| ok p=0.219727
Q2:	|0.+.01.- 0-.++.00 -.+..-.1 --01.111| ok p=1
Q3:	|1....+.1 1.0.1.01 0.10.11. +++-.+.+| ok p=1
Q4:	|..1..+.- 0110+... -.0..+.. -+1-.-.0| ok p=1
Q5:	|.!..^-.1 +.-.1... +....1^. 0111.-.1| ok p=1
Q6:	|!.0.-1.- -.-.1..^ -....0+. 10.+...0| ok p=1
Q7:	|.!0.11.1 +......+ +....10. ...+.1.0| ok p=1
Q8:	|!.-.++.1 -.1!...1 0....--. ...-..0+| ok p=1
Q9:	|.!+.1-.. 1......- 0..0.01. ..!-..0-| ok p=1
Q10:	|.0+10-0. 0..01011 ...00110 01^+00--| ok p=1
Q11:	|.1+10-1^ 00011000 .0.+1101 11+-10-1| ok p=1
Q12:	|^-----++ +01+---1 ^1.--+++ ++10++10| ok p=1
Q13:	|-10+1111 1-++++1+ ++.1010+ ++0+1---| ok p=1
Q14:	|01011+0- 0+1.0110 00^01110 .00101+1| ok p=1
Q15:	|0..0+0.- .10001-1 01+..-.+ 1++0-1+0| ok p=0.789062
Q16:	|0...10.0 .-..0+.. 0.+..-.. .1..-.-.| ok p=0.518555
Q17:	|1...-..0 .0..1.^. 1.0..1.^ .0^.+.1.| ok p=0.484375
Q18:	|+...-... .0..-^.. -.1..+.. .1..0.-.| ok p=0.558594
Q19:	|...0+... .+...... .....+.0 .-..1.-.| ok p=0.996094
Q20:	|^..1+..0 ...0^... ^....001 ...0..0.| ok p=1
Q21:	|...+0..1 .^.1.... 0....11+ .^.1..0.| ok p=0.496094
Q22:	|....0..- ...+.... 1.....-. ...-....| ok p=0.960938
Q23:	|...^.... ........ -.0....^ ......0.| ok p=0.966797
Q24:	|..0....^ ...^.0.. ..1...^. ...^..1.| ok p=0.917969
Q25:	|..1..... ........ ^.+..... ......+.| ok p=0.876953
Q26:	|..+..... ....0-.. ........ .0......| ok p=0.844727
Q27:	|........ ....1-.. ..^..... .1....^.| ok p=1
Q28:	|..^..... ....-+.. ........ .-......| ok p=1
Q29:	|........ .....0.. ........ .0......| ok p=0.873047
Q30:	|........ ....^1.. ........ .+......| ok p=1
Q31:	|........ ........ ........ .+......| ok p=1
Q32:	|........ ........ ........ ........| ok p=1
Q33:	|........ ........ ........ .!......| ok p=1
Q34:	|........ ........ ........ ........| ok p=1
Q35:	|........ ........ ........ ........| ok p=1
Q36:	|........ ........ ........ ........| ok p=1
Q37:	|........ ........ ........ ........| ok p=1
Q38:	|........ ........ ........ ........| ok p=1
Q39:	|........ ........ ........ ........| ok p=1
Q40:	|........ ........ ........ ........| ok p=1
Q41:	|........ ........ ........ ........| ok p=1
Q42:	|........ ........ ........ ........| ok p=1
Q43:	|........ ........ ........ ........| ok p=1
Q44:	|........ ........ ........ ........| ok p=1
Q45:	|........ ........ ........ ........| ok p=1
Q46:	|........ ........ ........ ........| ok p=1
Q47:	|........ ........ ........ ........| ok p=1
Q48:	|........ ........ ........ ........| ok p=1
Q49:	|........ ........ ........ ........| ok p=1
Q50:	|........ ........ ........ ........| ok p=1
Q51:	|........ ........ ........ ........| ok p=1
Q52:	|........ ........ ........ ........| ok p=1
Q53:	|........ ........ ........ ........| ok p=1
Q54:	|........ ........ ........ ........| ok p=1
Q55:	|........ ........ ........ ........| ok p=1
Q56:	|........ ........ ........ ........| ok p=1
Q57:	|........ ........ ........ ........| ok p=1
Q58:	|........ ........ ........ ........| ok p=1
Q59:	|........ ........ ........ ........| ok p=1
Q60:	|........ .......0 ........ ........| ok p=1
Q61:	|........ .......0 ........ ........| ok p=1
Q62:	|........ .......- ........ ........| ok p=1
Q63:	|........ .......- ........ ........| ok p=1
Q64:	|........ .......- ........ ..+.....|
Best path: totcompl=-24 tottunnel=35, totcond=574, p=0.0076132
Q-3:	|00100010 01111011 00110101 11110001|
Q-2:	|0+-11-1- +111100+ 0+10000+ 110110-+|
Q-1:	|01+01-00 -01+---0 -1------ 1001010-|
Q0:	|1101-+00 --1-010+ -1++11+- -++01+++| ok p=1
Q1:	|-.+.00.+ .-.++1+1 +.1+11+. 11--.+1+| ok p=0.228516
Q2:	|0.+.01.- 0-.++.00 -.+..-.1 --01.111| ok p=1
Q3:	|1....+.1 1.0.1.01 0.10.11. +++-.+.+| ok p=1
Q4:	|..1..+.- 0110+... -.0..+.. -+1-.-.0| ok p=1
Q5:	|.!..^-.1 +.-.1... +....1^. 0111.-.1| ok p=1
Q6:	|!.0.-1.- -.-.1..^ -....0+. 10.+...0| ok p=1
Q7:	|!.0.11.1 +......+ +....10. ...+.1.0| ok p=1
Q8:	|.!-.++.1 -.1!...1 0....--. ...-..0+| ok p=1
Q9:	|.!+.1-.. 1......- 0..0.01. ..!-..0-| ok p=1
Q10:	|.0+10-01 0..01101 ...00110 01^+00--| ok p=1
Q11:	|.1+10-11 01011010 .0.+1101 11+-10-1| ok p=1
Q12:	|^-----++ +11+---1 ^1.--+++ ++10++10| ok p=1
Q13:	|+01+1.1- ++++++1+ ++.1010+ ++0+1---| ok p=1
Q14:	|011011++ .+1.0110 00^01110 .00101+1| ok p=1
Q15:	|0..0+.0- 110001-1 01+..-.+ 1++0-1+0| ok p=0.832031
Q16:	|0...1.01 .-..0+.. 0.+..-.. .1..-.-.| ok p=0.494141
Q17:	|1...-..1 .0..1.^. 1.0..1.^ .0^.+.1.| ok p=0.523438
Q18:	|+...-... .0..-^.. -.1..+.. .1..0.-.| ok p=0.573242
Q19:	|...0+... .+...... .....+.0 .-..1.-.| ok p=0.996094
Q20:	|^..1+..0 ...0^... ^....001 ...0..0.| ok p=1
Q21:	|...+0..1 .^.1.... 0....11+ .^.1..0.| ok p=0.491211
Q22:	|....0..- ...+.... 1.....-. ...-....| ok p=0.955078
Q23:	|...^.... ........ -.0....^ ......0.| ok p=0.960938
Q24:	|..0....^ ...^.0.. ..1...^. ...^..1.| ok p=0.905273
Q25:	|..1..... ........ ^.+..... ......+.| ok p=0.850586
Q26:	|..+..... ....0-.. ........ .0......| ok p=0.861328
Q27:	|........ ....1-.. ..^..... .1....^.| ok p=1
Q28:	|..^..... ....-+.. ........ .-......| ok p=1
Q29:	|........ .....0.. ........ .0......| ok p=0.875977
Q30:	|........ ....^1.. ........ .+......| ok p=1
Q31:	|........ ........ ........ .+......| ok p=1
Q32:	|........ ........ ........ ........| ok p=1
Q33:	|........ ........ ........ .!......| ok p=1
Q34:	|........ ........ ........ ........| ok p=1
Q35:	|........ ........ ........ ........| ok p=1
Q36:	|........ ........ ........ ........| ok p=1
Q37:	|........ ........ ........ ........| ok p=1
Q38:	|........ ........ ........ ........| ok p=1
Q39:	|........ ........ ........ ........| ok p=1
Q40:	|........ ........ ........ ........| ok p=1
Q41:	|........ ........ ........ ........| ok p=1
Q42:	|........ ........ ........ ........| ok p=1
Q43:	|........ ........ ........ ........| ok p=1
Q44:	|........ ........ ........ ........| ok p=1
Q45:	|........ ........ ........ ........| ok p=1
Q46:	|........ ........ ........ ........| ok p=1
Q47:	|........ ........ ........ ........| ok p=1
Q48:	|........ ........ ........ ........| ok p=1
Q49:	|........ ........ ........ ........| ok p=1
Q50:	|........ ........ ........ ........| ok p=1
Q51:	|........ ........ ........ ........| ok p=1
Q52:	|........ ........ ........ ........| ok p=1
Q53:	|........ ........ ........ ........| ok p=1
Q54:	|........ ........ ........ ........| ok p=1
Q55:	|........ ........ ........ ........| ok p=1
Q56:	|........ ........ ........ ........| ok p=1
Q57:	|........ ........ ........ ........| ok p=1
Q58:	|........ ........ ........ ........| ok p=1
Q59:	|........ ........ ........ ........| ok p=1
Q60:	|........ .......0 ........ ........| ok p=1
Q61:	|........ .......0 ........ ........| ok p=1
Q62:	|........ .......- ........ ........| ok p=1
Q63:	|........ .......- ........ ........| ok p=1
Q64:	|........ .......- ........ ..+.....|
Best path: totcompl=-23 tottunnel=36, totcond=574, p=0.00962359
Best paths: 2
Best paths: 4
Q-3:	|00100010 01111011 00110101 11110001|
Q-2:	|0+-11-1- +111100+ 0+10000+ 110110-+|
Q-1:	|01+01-00 -01+---0 -1------ 1001010-|
Q0:	|1101-+00 --1-010+ -1++11+- -++01+++| ok p=1
Q1:	|-.+.00.+ .-.++1+1 +.1+11+. 11--.+1+| ok p=0.231445
Q2:	|0.+.01.- 0-.++.00 -.+..-.1 --01.111| ok p=1
Q3:	|1....+.1 1.0.1.01 0.10.11. +++-.+.+| ok p=1
Q4:	|..1..+.- 0110+... -.0..+.. -+1-.-.0| ok p=1
Q5:	|!...^-.1 +.-.1... +....1^. 0111.-.1| ok p=1
Q6:	|!.0.-1.- -.-.1..^ -....0+. 10.+...0| ok p=1
Q7:	|.!0.11.1 +......+ +....10. ...+.1.0| ok p=1
Q8:	|.!-.++.1 -.1.!..1 0....--. ...-..0+| ok p=1
Q9:	|!.+.1-.. 1......- 0..0.01. ..!-..0-| ok p=1
Q10:	|.0+10-01 0..01101 ...00110 01^+00--| ok p=1
Q11:	|.1+10-11 00111010 .0.+1101 11+-10-1| ok p=1
Q12:	|^-----++ +10+---1 ^1.--+++ ++10++10| ok p=1
Q13:	|+01+1.1- ++++++1+ ++.1010+ ++0+1---| ok p=1
Q14:	|011011++ .+1.0110 00^01110 .00101+1| ok p=1
Q15:	|0..0+.0- 110001-1 01+..-.+ 1++0-1+0| ok p=0.825195
Q16:	|0...1.01 .-..0+.. 0.+..-.. .1..-.-.| ok p=0.509766
Q17:	|1...-..1 .0..1.^. 1.0..1.^ .0^.+.1.| ok p=0.521484
Q18:	|+...-... .0..-^.. -.1..+.. .1..0.-.| ok p=0.581055
Q19:	|...0+... .+...... .....+.0 .-..1.-.| ok p=0.99707
Q20:	|^..1+..0 ...0^... ^....001 ...0..0.| ok p=1
Q21:	|...+0..1 .^.1.... 0....11+ .^.1..0.| ok p=0.483398
Q22:	|....0..- ...+.... 1.....-. ...-....| ok p=0.960938
Q23:	|...^.... ........ -.0....^ ......0.| ok p=0.96582
Q24:	|..0....^ ...^.0.. ..1...^. ...^..1.| ok p=0.910156
Q25:	|..1..... ........ ^.+..... ......+.| ok p=0.87793
Q26:	|..+..... ....0-.. ........ .0......| ok p=0.891602
Q27:	|........ ....1-.. ..^..... .1....^.| ok p=1
Q28:	|..^..... ....-+.. ........ .-......| ok p=1
Q29:	|........ .....0.. ........ .0......| ok p=0.867188
Q30:	|........ ....^1.. ........ .+......| ok p=1
Q31:	|........ ........ ........ .+......| ok p=1
Q32:	|........ ........ ........ ........| ok p=1
Q33:	|........ ........ ........ .!......| ok p=1
Q34:	|........ ........ ........ ........| ok p=1
Q35:	|........ ........ ........ ........| ok p=1
Q36:	|........ ........ ........ ........| ok p=1
Q37:	|........ ........ ........ ........| ok p=1
Q38:	|........ ........ ........ ........| ok p=1
Q39:	|........ ........ ........ ........| ok p=1
Q40:	|........ ........ ........ ........| ok p=1
Q41:	|........ ........ ........ ........| ok p=1
Q42:	|........ ........ ........ ........| ok p=1
Q43:	|........ ........ ........ ........| ok p=1
Q44:	|........ ........ ........ ........| ok p=1
Q45:	|........ ........ ........ ........| ok p=1
Q46:	|........ ........ ........ ........| ok p=1
Q47:	|........ ........ ........ ........| ok p=1
Q48:	|........ ........ ........ ........| ok p=1
Q49:	|........ ........ ........ ........| ok p=1
Q50:	|........ ........ ........ ........| ok p=1
Q51:	|........ ........ ........ ........| ok p=1
Q52:	|........ ........ ........ ........| ok p=1
Q53:	|........ ........ ........ ........| ok p=1
Q54:	|........ ........ ........ ........| ok p=1
Q55:	|........ ........ ........ ........| ok p=1
Q56:	|........ ........ ........ ........| ok p=1
Q57:	|........ ........ ........ ........| ok p=1
Q58:	|........ ........ ........ ........| ok p=1
Q59:	|........ ........ ........ ........| ok p=1
Q60:	|........ .......0 ........ ........| ok p=1
Q61:	|........ .......0 ........ ........| ok p=1
Q62:	|........ .......- ........ ........| ok p=1
Q63:	|........ .......- ........ ........| ok p=1
Q64:	|........ .......- ........ ..+.....|
Best path: totcompl=-22 tottunnel=37, totcond=574, p=0.00825459
Best paths: 2
Best paths: 4
**