Extend MD5 differential paths forward
Copyright (C) 2009 Marc Stevens
http://homepages.cwi.nl/~stevens/

delta_m[11] = [!-6!]
Loading workdir2/lowerpath.bin.gz...done: 1.
Estimating maxcond for upper bound 8000000 (=2000000 * 4)...
t=1:  0%   10   20   30   40   50   60   70   80   90   100%
      |----|----|----|----|----|----|----|----|----|----|
e     ***************************************************
Found maxcond = 2176
t=1:  0%   10   20   30   40   50   60   70   80   90   100%
      |----|----|----|----|----|----|----|----|----|----|
      ***************************************************
Q-3:	|00100010 01111011 00110101 11110001|
Q-2:	|0+-11-1- +111100+ 0+10000+ 110110-+|
Q-1:	|01+01-00 -01+---0 -1------ 1001010-|
Q0:	|1101-+00 --1-010+ -1++11+- -++01+++| ok p=0.516602
Q1:	|+.+.01.. ++.++1+0 +.1+11+. 00-.-0--| ok p=0.293945
Q2:	|...+...- ..-.-.+. .....-.. .-...+..|
Saving 1161216 paths...done.
Autobalance parameters: maxcond=2176
Verified: 12288 bad out of 1173504
Estimating maxcond for upper bound 8000000 (=2000000 * 4)...
t=2:  0%   10   20   30   40   50   60   70   80   90   100%
      |----|----|----|----|----|----|----|----|----|----|
e     **************************************************Found maxcond = 172
t=2:  0%   10   20   30   40   50   60   70   80   90   100%
      |----|----|----|----|----|----|----|----|----|----|
      **************************************************Q-3:	|00100010 01111011 00110101 11110001|
Q-2:	|0+-11-1- +111100+ 0+10000+ 110110-+|
Q-1:	|01+01-00 -01+---0 -1------ 1001010-|
Q0:	|1101-+00 --1-010+ -1++11+- -++01+++| ok p=0.514648
Q1:	|+.+.11.+ .-.++1+1 +.1+11+. 10--.+0+| ok p=0.27832
Q2:	|0.+.11.- 1-.+0.++ +.1..-.1 --00..1.| ok p=0.463867
Q3:	|.-...+.. +.+..-.. ...-..+. .-..+..+|
Saving 1418592 paths...done.
Autobalance parameters: maxcond=172
Verified: 0 bad out of 1418592
Estimating maxcond for upper bound 8000000 (=2000000 * 4)...
t=3:  0%   10   20   30   40   50   60   70   80   90   100%
      |----|----|----|----|----|----|----|----|----|----|
e     ***************************************************
Found maxcond = 189
t=3:  0%   10   20   30   40   50   60   70   80   90   100%
      |----|----|----|----|----|----|----|----|----|----|
      ***************************************************
Q-3:	|00100010 01111011 00110101 11110001|
Q-2:	|0+-11-1- +111100+ 0+10000+ 110110-+|
Q-1:	|01+01-00 -01+---0 -1------ 1001010-|
Q0:	|1101-+00 --1-010+ -1++11+- -++01+++| ok p=0.496094
Q1:	|+.+.01.+ .-.++1+1 +.1+11+. 0-0+.+0+| ok p=0.30957
Q2:	|0.+.10.- 1-.++.0+ +.0..-11 0-11.010| ok p=0.831055
Q3:	|1....+.0 ......+0 ...1.--. .+.+.+.+| ok p=0.753906
Q4:	|.+.-..+. .-..+... .....-.. +.+....+|
Saving 2000000 paths...done.
Autobalance parameters: maxcond=188
Verified: 6272 bad out of 2032132
Estimating maxcond for upper bound 8000000 (=2000000 * 4)...
t=4:  0%   10   20   30   40   50   60   70   80   90   100%
      |----|----|----|----|----|----|----|----|----|----|
e     ***************************************************
Found maxcond = 206
t=4:  0%   10   20   30   40   50   60   70   80   90   100%
      |----|----|----|----|----|----|----|----|----|----|
      ***************************************************
Q-3:	|00100010 01111011 00110101 11110001|
Q-2:	|0+-11-1- +111100+ 0+10000+ 110110-+|
Q-1:	|01+01-00 -01+---0 -1------ 1001010-|
Q0:	|1101-+00 --1-010+ -1++11+- -++01+++| ok p=1
Q1:	|-.+.00.+ .-.++1+1 +.1+11+. 1-0+.+0+| ok p=0.30957
Q2:	|1.+V10.- 1-.+0.0+ +.0..-11 --11.111| ok p=0.4375
Q3:	|1....+.0 ....-.0+ ...0.--. 1-.0.+.+| ok p=0.802734
Q4:	|..1+.+.- .1.10... 1....-0. +..+.+.+| ok p=0.395508
Q5:	|+......+ .-..+..- .-.....- ..-.+..-|
Saving 2000000 paths...done.
Autobalance parameters: maxcond=205
Verified: 2304 bad out of 2008739
Estimating maxcond for upper bound 8000000 (=2000000 * 4)...
t=5:  0%   10   20   30   40   50   60   70   80   90   100%
      |----|----|----|----|----|----|----|----|----|----|
e     ***************************************************
Found maxcond = 221
t=5:  0%   10   20   30   40   50   60   70   80   90   100%
      |----|----|----|----|----|----|----|----|----|----|
      ***************************************************
Q-3:	|00100010 01111011 00110101 11110001|
Q-2:	|0+-11-1- +111100+ 0+10000+ 110110-+|
Q-1:	|01+01-00 -01+---0 -1------ 1001010-|
Q0:	|1101-+00 --1-010+ -1++11+- -++01+++| ok p=0.521484
Q1:	|+.+.11.+ .-.++1+1 +.1+11+. 11--.+0+| ok p=0.237305
Q2:	|0.+.01.- 0-.++.00 -.0..-.1 --01.111| ok p=0.78418
Q3:	|1....+.1 ....1.0. 0.-0.11. +++-.+.+| ok p=0.838867
Q4:	|..1..+.- .1.0+.-. +.-..+.. -+1-.-.1| ok p=0.706055
Q5:	|.....-.0 ....0.0. -.-..0.. +.1..-.1| ok p=0.478516
Q6:	|+..-..+. .-..-.-. +.-...+. +.+.+..+|
Saving 2000000 paths...done.
Autobalance parameters: maxcond=220
Verified: 208930 bad out of 3387777
Estimating maxcond for upper bound 8000000 (=2000000 * 4)...
t=6:  0%   10   20   30   40   50   60   70   80   90   100%
      |----|----|----|----|----|----|----|----|----|----|
e     ***************************************************
Found maxcond = 236
t=6:  0%   10   20   30   40   50   60   70   80   90   100%
      |----|----|----|----|----|----|----|----|----|----|
      ***************************************************
Q-3:	|00100010 01111011 00110101 11110001|
Q-2:	|0+-11-1- +111100+ 0+10000+ 110110-+|
Q-1:	|01+01-00 -01+---0 -1------ 1001010-|
Q0:	|1101-+00 --1-010+ -1++11+- -++01+++| ok p=0.74707
Q1:	|-.+.11.+ .-.++1+1 +.1+11+. 1-0+.+0+| ok p=0.285156
Q2:	|1.+V11.- 0-.+0.0+ +.01.-.1 --11.111| ok p=0.331055
Q3:	|1....+.1 ....-.0+ 0..-.11. ++.1.+.+| ok p=0.873047
Q4:	|..0+.0.- .1.01..0 -..-.+.. -1.+.1.1| ok p=0.949219
Q5:	|...1.0.+ ....+..+ -....1.. +0.-.1.1| ok p=0.782227
Q6:	|...+...1 ....0..+ +..1.+.. -..+.-.+| ok p=0.84375
Q7:	|....-.+. -..+.-.. .-.-..-. -.......|
Saving 950510 paths...done.
Autobalance parameters: maxcond=236
Verified: 16916 bad out of 967426
Estimating maxcond for upper bound 8000000 (=2000000 * 4)...
t=7:  0%   10   20   30   40   50   60   70   80   90   100%
      |----|----|----|----|----|----|----|----|----|----|
e     **************************************************Found maxcond = 250
t=7:  0%   10   20   30   40   50   60   70   80   90   100%
      |----|----|----|----|----|----|----|----|----|----|
      **************************************************Q-3:	|00100010 01111011 00110101 11110001|
Q-2:	|0+-11-1- +111100+ 0+10000+ 110110-+|
Q-1:	|01+01-00 -01+---0 -1------ 1001010-|
Q0:	|1101-+00 --1-010+ -1++11+- -++01+++| ok p=1
Q1:	|-.+.00.+ .-.++1+1 +.1+11+. 11--.+1+| ok p=0.242188
Q2:	|0.+.01.- 0-.++.00 -.+..-.1 --01.111| ok p=0.779297
Q3:	|1....+.1 1.0.1.0. 0.10.11. +++-.+.+| ok p=1
Q4:	|..1.V+.- 0110+... -.0..+V. -+1-.-.0| ok p=0.660156
Q5:	|.....-.1 +.-.1..V +....1.. 0.11.-.1| ok p=0.972656
Q6:	|....-1.- -.-.1... -....0+. 10.+....| ok p=0.956055
Q7:	|....01.0 +......+ +.....0. ...+.1..| ok p=0.888672
Q8:	|...-.-.. -.....+. .+..-.+. ...-...+|
Saving 2000000 paths...done.
Autobalance parameters: maxcond=249
Verified: 2580 bad out of 2261064
Estimating maxcond for upper bound 8000000 (=2000000 * 4)...
t=8:  0%   10   20   30   40   50   60   70   80   90   100%
      |----|----|----|----|----|----|----|----|----|----|
e     ***************************************************
Found maxcond = 262
t=8:  0%   10   20   30   40   50   60   70   80   90   100%
      |----|----|----|----|----|----|----|----|----|----|
      ***************************************************
Q-3:	|00100010 01111011 00110101 11110001|
Q-2:	|0+-11-1- +111100+ 0+10000+ 110110-+|
Q-1:	|01+01-00 -01+---0 -1------ 1001010-|
Q0:	|1101-+00 --1-010+ -1++11+- -++01+++| ok p=1
Q1:	|-.+.00.+ .-.++1+1 +.1+11+. 11--.+1+| ok p=0.245117
Q2:	|0.+.01.- 0-.++.00 -.+..-.1 --01.111| ok p=0.787109
Q3:	|1....+.1 1.0.1.0. 0.10.11. +++-.+.+| ok p=1
Q4:	|..1.V+.- 0110+... -.0..+V. -+1-.-.0| ok p=0.728516
Q5:	|.....-.0 +.-.1.V. +....10. 0.1..-.1| ok p=0.976562
Q6:	|...V-1.- -.-.1... -....0+. 00+1....| ok p=0.938477
Q7:	|....11.1 -.....+. -....+-. ..+..0..| ok p=0.892578
Q8:	|...--..+ +.1...0. .....-0. ........| ok p=0.901367
Q9:	|..-.-.+. -......+ ....+.+. ....-.+.|
Saving 2000000 paths...done.
Autobalance parameters: maxcond=261
Verified: 0 bad out of 2521612
Estimating maxcond for upper bound 8000000 (=2000000 * 4)...
t=9:  0%   10   20   30   40   50   60   70   80   90   100%
      |----|----|----|----|----|----|----|----|----|----|
e     ***************************************************
Found maxcond = 274
t=9:  0%   10   20   30   40   50   60   70   80   90   100%
      |----|----|----|----|----|----|----|----|----|----|
      ***************************************************
Q-3:	|00100010 01111011 00110101 11110001|
Q-2:	|0+-11-1- +111100+ 0+10000+ 110110-+|
Q-1:	|01+01-00 -01+---0 -1------ 1001010-|
Q0:	|1101-+00 --1-010+ -1++11+- -++01+++| ok p=1
Q1:	|-.+.00.+ .-.++1+1 +.1+11+. 11--.+1+| ok p=0.225586
Q2:	|0.+.01.- 0-.++.00 -.+..-.1 --01.111| ok p=0.770508
Q3:	|1....+.1 1.0.1.0. 0.10.11. +++-.+.+| ok p=1
Q4:	|..1.V+.- 0110+... -.0..+V. -+1-.-.0| ok p=0.624023
Q5:	|.....-.1 +.-.1.V. +....1.. 0.11.-.1| ok p=0.914062
Q6:	|..V.-1.- -.-.1... -....+-. 00.+..V.| ok p=0.958984
Q7:	|..1.11.1 -.....+. -....10. ...+.0..| ok p=0.90625
Q8:	|..-.+..+ +.1...0. .....--. ...-..+.| ok p=0.841797
Q9:	|..-.-..+ +.....1. 1....00. ...-..0.| ok p=0.969727
Q10:	|.-.+..+. -.+....+ ........ ..-.-.-.|
Saving 2000000 paths...done.
Autobalance parameters: maxcond=273
Verified: 208 bad out of 3130078
Estimating maxcond for upper bound 8000000 (=2000000 * 4)...
t=10: 0%   10   20   30   40   50   60   70   80   90   100%
      |----|----|----|----|----|----|----|----|----|----|
e     ***************************************************
Found maxcond = 285
t=10: 0%   10   20   30   40   50   60   70   80   90   100%
      |----|----|----|----|----|----|----|----|----|----|
      ***************************************************
Q-3:	|00100010 01111011 00110101 11110001|
Q-2:	|0+-11-1- +111100+ 0+10000+ 110110-+|
Q-1:	|01+01-00 -01+---0 -1------ 1001010-|
Q0:	|1101-+00 --1-010+ -1++11+- -++01+++| ok p=1
Q1:	|-.+.00.+ .-.++1+1 +.1+11+. 11--.+1+| ok p=0.224609
Q2:	|0.+.01.- 0-.++.00 -.+..-.1 --01.111| ok p=0.786133
Q3:	|1....+.1 1.0.1.0. 0.10.11. +++-.+.+| ok p=1
Q4:	|..1.V+.- 0110+... -.0..+V. -+1-.-.0| ok p=0.647461
Q5:	|.....-.1 +.-.1..V +....1.. 0.11.-.1| ok p=0.779297
Q6:	|...V-1.- -.-.1..1 -....+-. 10.+..V.| ok p=0.939453
Q7:	|...110.1 +......+ +....10. ...+.11.| ok p=0.823242
Q8:	|...-1-.1 -.0....- 0....--. ...-..+.| ok p=0.870117
Q9:	|...+.-.. 1......- 0....01. ...-..+.| ok p=1
Q10:	|...+.-.. 1....... .....1-. ...+....| ok p=0.980469
Q11:	|....+... .....+.. ....-..- ...+...+|
Saving 2000000 paths...done.
Autobalance parameters: maxcond=284
Verified: 728 bad out of 2304870
Runtime: 384.508
Extend MD5 differential paths forward
Copyright (C) 2009 Marc Stevens
http://homepages.cwi.nl/~stevens/

delta_m[11] = [!-6!]
Loading workdir2/paths10_0of1...done: 2000000 (work:2000000).
Estimating maxcond for upper bound 2000000 (=500000 * 4)...
t=11: 0%   10   20   30   40   50   60   70   80   90   100%
      |----|----|----|----|----|----|----|----|----|----|
e     ***************************************************
Found maxcond = 294
t=11: 0%   10   20   30   40   50   60   70   80   90   100%
      |----|----|----|----|----|----|----|----|----|----|
      ***************************************************
Q-3:	|00100010 01111011 00110101 11110001|
Q-2:	|0+-11-1- +111100+ 0+10000+ 110110-+|
Q-1:	|01+01-00 -01+---0 -1------ 1001010-|
Q0:	|1101-+00 --1-010+ -1++11+- -++01+++| ok p=1
Q1:	|-.+.00.+ .-.++1+1 +.1+11+. 11--.+1+| ok p=0.224609
Q2:	|0.+.01.- 0-.++.00 -.+..-.1 --01.111| ok p=0.759766
Q3:	|1....+.1 1.0.1.0. 0.10.11. +++-.+.+| ok p=1
Q4:	|..1.V+.- 0110+... -.0..+V. -+1-.-.0| ok p=0.666992
Q5:	|.....-.1 +.-.1..V +....1.. 0.11.-.1| ok p=0.979492
Q6:	|...V-1.- -.-.1... -....0+. 10.+...V| ok p=0.905273
Q7:	|....11.1 +......+ +....10. ...+.1.0| ok p=0.858398
Q8:	|...-1-.1 -.0....1 0....--. ...-..V+| ok p=0.816406
Q9:	|...1++.. 1......- 0....01. ...-...-| ok p=0.763672
Q10:	|...1++.. 0......0 .....0-. ...+..--| ok p=0.949219
Q11:	|........ .......1 ......-. ...+..0.| ok p=0.577148
Q12:	|+..-.-.. ......-. ..-...-. ...+..-.|
Saving 500000 paths...done.
Autobalance parameters: maxcond=293
Verified: 416 bad out of 840453
Runtime: 32.7717
