MD5 differential path toolbox
Copyright (C) 2009 Marc Stevens
http://homepages.cwi.nl/~stevens/

IHV1   = {578500081,3639922056,1286537109,1064837338}
IHV1   = f1357b2288cdf4d895ffae4cda20783f

IHV2   = {578500081,3559226991,1747992724,1526292953}
IHV2   = f1357b226f7e25d494403068d961f95a

dIHV   = {0,4214272231,461455615,461455615}
NC0: delta c = delta d = [!0!]
NC0: delta b           = [!0,22!]
NC1: delta c = delta d = [!-8!]
NC1: delta b           = [!-8,29!]
NC2: delta c = delta d = [!-14!]
NC2: delta b           = [!-3,-14!]
NC3: delta c = delta d = [!-16!]
NC3: delta b           = [!5,-16!]
NC4: delta c = delta d = [!23!]
NC4: delta b           = [!12,23!]
NC5: delta c = delta d = [!26!]
NC5: delta b           = [!15,26!]
NC6: delta c = delta d = [!-29!]
NC6: delta b           = [!20,-29!]
NC0: prob=-5.87087
NC1: prob=-3.83356
NC2: prob=-5.84766
NC3: prob=-3.26104
NC4: prob=-5.84681
NC5: prob=-5.87858
NC6: prob=-7.50115
delta m_11 = [!-6!]
Q-3:	|00100010 01111011 00110101 11110001|
Q-2:	|0+-11-1- +111100+ 0+10000+ 110110-+|
Q-1:	|01+01-00 -01+---0 -1------ 1001010-|
Q0:	|1101-+00 --1-010+ -1++11+- -++01+++| ok p=0.508789
Q1:	|+.+....+ ..-.-.+. +..+..+. .-.+.+.+|
Saved lower diff. path to 'workdir2/lowerpath.bin.gz'.

Q32:	|........ ........ ........ ........|
Q33:	|........ ........ ........ ........|
Q34:	|........ ........ ........ ........|
Q35:	|........ ........ ........ ........| ok p=1
Q36:	|........ ........ ........ ........| ok p=1
Q37:	|........ ........ ........ ........| ok p=1
Q38:	|........ ........ ........ ........| ok p=1
Q39:	|........ ........ ........ ........| ok p=1
Q40:	|........ ........ ........ ........| ok p=1
Q41:	|........ ........ ........ ........| ok p=1
Q42:	|........ ........ ........ ........| ok p=1
Q43:	|........ ........ ........ ........| ok p=1
Q44:	|........ ........ ........ ........| ok p=1
Q45:	|........ ........ ........ ........| ok p=1
Q46:	|........ ........ ........ ........| ok p=1
Q47:	|........ ........ ........ ........| ok p=1
Q48:	|........ ........ ........ ........| ok p=1
Q49:	|........ ........ ........ ........| ok p=1
Q50:	|........ ........ ........ ........| ok p=1
Q51:	|........ ........ ........ ........| ok p=1
Q52:	|........ ........ ........ ........| ok p=1
Q53:	|........ ........ ........ ........| ok p=1
Q54:	|........ ........ ........ ........| ok p=1
Q55:	|........ ........ ........ ........| ok p=1
Q56:	|........ ........ ........ ........| ok p=1
Q57:	|........ ........ ........ ........| ok p=1
Q58:	|........ ........ ........ ........| ok p=1
Q59:	|........ ........ ........ ........| ok p=1
Q60:	|........ .......0 ........ ........| ok p=1
Q61:	|........ .......0 ........ ........| ok p=1
Q62:	|........ .......- ........ ........| ok p=1
Q63:	|........ .......- ........ ........| ok p=1
Q64:	|........ .......- ........ ..+.....|
Saved upper diff. path to 'workdir2/upperpath.bin.gz'.
Saved 'md5diffpathforward.cfg'.
Saved 'md5diffpathbackward.cfg'.
Saved 'md5diffpathconnect.cfg'.
Saved 'md5diffpathhelper.cfg'.
