Connect MD5 differential paths
Copyright (C) 2009 Marc Stevens
http://homepages.cwi.nl/~stevens/

delta_m[11] = [!2!]
Loading workdir0/paths16_0of1.bin.gz...done: 500000.
Loading workdir0/paths11_0of1.bin.gz...done: 500000.
t=12: 0%   10   20   30   40   50   60   70   80   90   100%
      |----|----|----|----|----|----|----|----|----|----|
      *Q-3:	|01000010 00111010 01001110 10001011|
Q-2:	|11+-++0- +1110++0 --1-010+ 11001-++|
Q-1:	|10+01-11 -000+1-0 --0-1+-- 0101001-|
Q0:	|10011-1- 0+0-+-01 +0+1101+ -11--11+| ok p=0.595703
Q1:	|.--.+..0 1-.1.-0. 10-1.-01 +..0-.1+| ok p=0.415039
Q2:	|.++.00.- .0.11-.. -.--.1.1 0..-..0+| ok p=1
Q3:	|^-1.-0.1 11.-.-.! -..1.0.. -..-0.++| ok p=1
Q4:	|.0-.++.0 1.!-.+.. ..0+.-.. -0.+..-1| ok p=1
Q5:	|.+1^+1.. -..+.+.. 1..0.0.. +1.1..1+| ok p=1
Q6:	|!11.0-.. +..+.-.. ..01.1.. ++.-..11| ok p=1
Q7:	|.0..-+.. 0..-.+.! ..0..... -0.+..1-| ok p=1
Q8:	|.1..-+.. -.!1.1.. ..-..... +1.+.0+1| ok p=1
Q9:	|..!..... -0.0.00. ..+.1.1. ++^-.1+1| ok p=1
Q10:	|1.11010. -01+0100 .1+11.0^ .+1-0+-.| ok p=1
Q11:	|0001000. .-000--0 1000+.1- 00000--.| ok p=1
Q12:	|-0--11+. 0+-++0+- 0-1+-^-1 1-+++1+.| ok p=1
Q13:	|0-++---. 0++1+--+ +0+10+0- ++01+0+.| ok p=1
Q14:	|-0-1010. 0.-0.001 100101+1 0001.+1.| ok p=1
Q15:	|10-1101. -0+.0100 01+..0-0 1+.-00-.| ok p=0.238281
Q16:	|1.+.0... 0.0..+.. 0-..0.-. .+...1..| ok p=0.475586
Q17:	|-.-.1... +.0..-.. 1.^.1.0. .1.^.-^.| ok p=0.648438
Q18:	|..+.-... +....1.. +^..+.1. .-...-..| ok p=0.748047
Q19:	|^.+....0 -....-.. ........ .-.0.+..| ok p=0.702148
Q20:	|..1.^..1 -..0...0 ^...^... .001.0.0| ok p=0.240234
Q21:	|..1....- 0..1.^.1 ....0... .11-.1.1| ok p=0.914062
Q22:	|........ 0..+...- ....1... ..+....+| ok p=0.893555
Q23:	|..0....^ ........ ....+.0. ...^....| ok p=0.999023
Q24:	|..1...0. ...^...^ .0....1. ..^....^| ok p=0.845703
Q25:	|..-...1. ........ ....^.-. ........| ok p=0.875
Q26:	|......-. ........ 0+...... .....0..| ok p=0.982422
Q27:	|..^..... ........ 1+....^. .....1..| ok p=1
Q28:	|......^. ........ +-...... .....+..| ok p=0.821289
Q29:	|........ ........ .0...... .....0..| ok p=0.994141
Q30:	|........ ........ ^1...... .....-..| ok p=1
Q31:	|........ ........ ........ .....-..| ok p=1
Q32:	|........ ........ ........ ........| ok p=1
Q33:	|........ ........ ........ .....!..| ok p=1
Q34:	|........ ........ ........ ........| ok p=1
Q35:	|........ ........ ........ ........| ok p=1
Q36:	|........ ........ ........ ........| ok p=1
Q37:	|........ ........ ........ ........| ok p=1
Q38:	|........ ........ ........ ........| ok p=1
Q39:	|........ ........ ........ ........| ok p=1
Q40:	|........ ........ ........ ........| ok p=1
Q41:	|........ ........ ........ ........| ok p=1
Q42:	|........ ........ ........ ........| ok p=1
Q43:	|........ ........ ........ ........| ok p=1
Q44:	|........ ........ ........ ........| ok p=1
Q45:	|........ ........ ........ ........| ok p=1
Q46:	|........ ........ ........ ........| ok p=1
Q47:	|........ ........ ........ ........| ok p=1
Q48:	|........ ........ ........ ........| ok p=1
Q49:	|........ ........ ........ ........| ok p=1
Q50:	|........ ........ ........ ........| ok p=1
Q51:	|........ ........ ........ ........| ok p=1
Q52:	|........ ........ ........ ........| ok p=1
Q53:	|........ ........ ........ ........| ok p=1
Q54:	|........ ........ ........ ........| ok p=1
Q55:	|........ ........ ........ ........| ok p=1
Q56:	|........ ........ ........ ........| ok p=1
Q57:	|........ ........ ........ ........| ok p=1
Q58:	|........ ........ ........ ........| ok p=1
Q59:	|........ ........ ........ ........| ok p=1
Q60:	|........ ........ ...0.... ........| ok p=1
Q61:	|........ ........ ...0.... ........| ok p=1
Q62:	|........ ........ ...+.... ........| ok p=1
Q63:	|........ ........ ...+.... ........| ok p=1
Q64:	|........ ........ ...+.... ......-.|
Best path: totcompl=-32 tottunnel=27, totcond=563, p=0.00150575
Q-3:	|01000010 00111010 01001110 10001011|
Q-2:	|11+-++0- +1110++0 --1-010+ 11001-++|
Q-1:	|10+01-11 -000+1-0 --0-1+-- 0101001-|
Q0:	|10011-1- 0+0-+-01 +0+1101+ -11--11+| ok p=0.581055
Q1:	|.--.+..0 1-.1.-0. 10-1.-01 +..0-.1+| ok p=0.452148
Q2:	|.++.00.- .0.11-.. -.--.1.1 0..-..0+| ok p=1
Q3:	|^-1.-0.1 11.-.-.. -!.1.0.. -..-0.++| ok p=1
Q4:	|.0-.++.0 1.!-.+.. ..0+.-.. -0.+..-1| ok p=1
Q5:	|!+1.+1.. -..+.+.. 1..0.0.. +1.1..1+| ok p=1
Q6:	|!11.0-.. +..+.-.. ..01.1.. ++.-..11| ok p=1
Q7:	|.0..-+.. 0..-.+.. !.0..... -0.+..1-| ok p=1
Q8:	|!...-+.. -.!1.1.. ..-..... +11+.0+1| ok p=1
Q9:	|.!...... -0.0.00. ..+.1... ++.-.1+1| ok p=1
Q10:	|1.11010. -01+0100 ..+01!0^ .+1-0+-.| ok p=1
Q11:	|0001000. .-000--0 .^11+.1- 00000--.| ok p=1
Q12:	|-0--11+. 0+-++0+- ^-0+-^-1 1-+++1+.| ok p=1
Q13:	|0-++---. 0++1+--+ +1+10+0- ++01+0+.| ok p=1
Q14:	|-0-1010. 0.-0.001 100101+1 0001.+1.| ok p=1
Q15:	|10-1101. -0+.0100 01+..0-0 1+.-00-.| ok p=0.251953
Q16:	|1.+.0... 0.0..+.. 0-..0.-. .+...1..| ok p=0.470703
Q17:	|-.-.1... +.0..-.. 1.^.1.0. .1.^.-^.| ok p=0.643555
Q18:	|..+.-... +....1.. +^..+.1. .-...-..| ok p=0.775391
Q19:	|^.+....0 -....-.. ........ .-.0.+..| ok p=0.650391
Q20:	|..1.^..1 -..0...0 ^...^... .001.0.0| ok p=0.249023
Q21:	|..1....- 0..1.^.1 ....0... .11-.1.1| ok p=0.914062
Q22:	|........ 0..+...- ....1... ..+....+| ok p=0.916016
Q23:	|..0....^ ........ ....+.0. ...^....| ok p=0.994141
Q24:	|..1...0. ...^...^ .0....1. ..^....^| ok p=0.839844
Q25:	|..-...1. ........ ....^.-. ........| ok p=0.867188
Q26:	|......-. ........ 0+...... .....0..| ok p=0.984375
Q27:	|..^..... ........ 1+....^. .....1..| ok p=1
Q28:	|......^. ........ +-...... .....+..| ok p=0.841797
Q29:	|........ ........ .0...... .....0..| ok p=0.99707
Q30:	|........ ........ ^1...... .....-..| ok p=1
Q31:	|........ ........ ........ .....-..| ok p=1
Q32:	|........ ........ ........ ........| ok p=1
Q33:	|........ ........ ........ .....!..| ok p=1
Q34:	|........ ........ ........ ........| ok p=1
Q35:	|........ ........ ........ ........| ok p=1
Q36:	|........ ........ ........ ........| ok p=1
Q37:	|........ ........ ........ ........| ok p=1
Q38:	|........ ........ ........ ........| ok p=1
Q39:	|........ ........ ........ ........| ok p=1
Q40:	|........ ........ ........ ........| ok p=1
Q41:	|........ ........ ........ ........| ok p=1
Q42:	|........ ........ ........ ........| ok p=1
Q43:	|........ ........ ........ ........| ok p=1
Q44:	|........ ........ ........ ........| ok p=1
Q45:	|........ ........ ........ ........| ok p=1
Q46:	|........ ........ ........ ........| ok p=1
Q47:	|........ ........ ........ ........| ok p=1
Q48:	|........ ........ ........ ........| ok p=1
Q49:	|........ ........ ........ ........| ok p=1
Q50:	|........ ........ ........ ........| ok p=1
Q51:	|........ ........ ........ ........| ok p=1
Q52:	|........ ........ ........ ........| ok p=1
Q53:	|........ ........ ........ ........| ok p=1
Q54:	|........ ........ ........ ........| ok p=1
Q55:	|........ ........ ........ ........| ok p=1
Q56:	|........ ........ ........ ........| ok p=1
Q57:	|........ ........ ........ ........| ok p=1
Q58:	|........ ........ ........ ........| ok p=1
Q59:	|........ ........ ........ ........| ok p=1
Q60:	|........ ........ ...0.... ........| ok p=1
Q61:	|........ ........ ...0.... ........| ok p=1
Q62:	|........ ........ ...+.... ........| ok p=1
Q63:	|........ ........ ...+.... ........| ok p=1
Q64:	|........ ........ ...+.... ......-.|
Best path: totcompl=-30 tottunnel=29, totcond=561, p=0.00103609
Q-3:	|01000010 00111010 01001110 10001011|
Q-2:	|11+-++0- +1110++0 --1-010+ 11001-++|
Q-1:	|10+01-11 -000+1-0 --0-1+-- 0101001-|
Q0:	|10011-1- 0+0-+-01 +0+1101+ -11--11+| ok p=0.612305
Q1:	|.--.+..0 1-.1.-0. 10-1.-10 +..0-.1+| ok p=0.375977
Q2:	|.++.00.- .0.11-.. -.--.1.1 0..-..0+| ok p=1
Q3:	|^-1.-0.1 11.-.-.. -!.1.0.. -..-0.++| ok p=1
Q4:	|.0-.++.0 1.!-.+.. ..0+.-.. -1.+..-1| ok p=1
Q5:	|!+1.+0.. -..+.+.. 1..0.0.. +0.1..1+| ok p=1
Q6:	|!11.-+.1 +..+.-.. ...1.1.. +0.-..11| ok p=0.999023
Q7:	|.0..-+.1 -..-0+.. ........ --.+.00-| ok p=1
Q8:	|.....-.- 0..1.1.. .......1 1+0+.0+0| ok p=1
Q9:	|.!..01.- 1..0.01. ...0.0.0 00.-.+01| ok p=1
Q10:	|.0.0.11- 1^1.0-1. ...0!0.- .0.01-0.| ok p=1
Q11:	|0111.101 0+0^00-^ ^.0-^+.1 111-1-1.| ok p=1
Q12:	|0-1+^++- +0+++++- -01-+-^0 000--+0.| ok p=1
Q13:	|-110+--+ 1-10--10 01-.00++ +++-+--.| ok p=1
Q14:	|+0-11001 1-100+10 1+101000 0001101.| ok p=1
Q15:	|-.-.1001 -1.+11.. 00-...-0 1+0-0--.| ok p=0.620117
Q16:	|0.+.0... 00...+.. 1-..0.-. .+...1..| ok p=0.367188
Q17:	|-.1.1... +..^.0.. 1.^.1.0. .1.^.0^.| ok p=0.466797
Q18:	|..1.+... +....0.. +^..+.1. .-...1..| ok p=0.722656
Q19:	|^.+....0 -....-.. ........ .-.0.+..| ok p=0.629883
Q20:	|....^..1 -..0...0 ^...^... .001...0| ok p=0.344727
Q21:	|..^....- 0..1.^.1 ....0... .11+.^.1| ok p=0.975586
Q22:	|........ 0..+...- ....1... ..+....+| ok p=0.916992
Q23:	|..0....^ ........ ....+.0. ..1^....| ok p=0.996094
Q24:	|..1...0. ...^...^ .0....1. ..0....^| ok p=0.87207
Q25:	|..-...1. ........ ....^.-. ........| ok p=0.873047
Q26:	|......-. ........ 0+...... .....0..| ok p=0.989258
Q27:	|..^..... ........ 1+....^. .....1..| ok p=1
Q28:	|......^. ........ +-...... .....+..| ok p=0.863281
Q29:	|........ ........ .0...... .....0..| ok p=0.991211
Q30:	|........ ........ ^1...... .....-..| ok p=1
Q31:	|........ ........ ........ .....-..| ok p=1
Q32:	|........ ........ ........ ........| ok p=1
Q33:	|........ ........ ........ .....!..| ok p=1
Q34:	|........ ........ ........ ........| ok p=1
Q35:	|........ ........ ........ ........| ok p=1
Q36:	|........ ........ ........ ........| ok p=1
Q37:	|........ ........ ........ ........| ok p=1
Q38:	|........ ........ ........ ........| ok p=1
Q39:	|........ ........ ........ ........| ok p=1
Q40:	|........ ........ ........ ........| ok p=1
Q41:	|........ ........ ........ ........| ok p=1
Q42:	|........ ........ ........ ........| ok p=1
Q43:	|........ ........ ........ ........| ok p=1
Q44:	|........ ........ ........ ........| ok p=1
Q45:	|........ ........ ........ ........| ok p=1
Q46:	|........ ........ ........ ........| ok p=1
Q47:	|........ ........ ........ ........| ok p=1
Q48:	|........ ........ ........ ........| ok p=1
Q49:	|........ ........ ........ ........| ok p=1
Q50:	|........ ........ ........ ........| ok p=1
Q51:	|........ ........ ........ ........| ok p=1
Q52:	|........ ........ ........ ........| ok p=1
Q53:	|........ ........ ........ ........| ok p=1
Q54:	|........ ........ ........ ........| ok p=1
Q55:	|........ ........ ........ ........| ok p=1
Q56:	|........ ........ ........ ........| ok p=1
Q57:	|........ ........ ........ ........| ok p=1
Q58:	|........ ........ ........ ........| ok p=1
Q59:	|........ ........ ........ ........| ok p=1
Q60:	|........ ........ ...0.... ........| ok p=1
Q61:	|........ ........ ...0.... ........| ok p=1
Q62:	|........ ........ ...+.... ........| ok p=1
Q63:	|........ ........ ...+.... ........| ok p=1
Q64:	|........ ........ ...+.... ......-.|
Best path: totcompl=-30 tottunnel=30, totcond=559, p=0.00219154
Q-3:	|01000010 00111010 01001110 10001011|
Q-2:	|11+-++0- +1110++0 --1-010+ 11001-++|
Q-1:	|10+01-11 -000+1-0 --0-1+-- 0101001-|
Q0:	|10011-1- 0+0-+-01 +0+1101+ -11--11+| ok p=0.614258
Q1:	|.--.+..0 1-.1.-0. 10-1.-10 +..0-.1+| ok p=0.361328
Q2:	|.++.00.- .0.11-.. -.--.1.1 0..-..0+| ok p=1
Q3:	|^-1.-0.1 11.-.-.. -!.1.0.. -..-0.++| ok p=1
Q4:	|.0-.++.0 1..-!+.. ..0+.-.. -1.+..-1| ok p=1
Q5:	|!+1.+0.. -..+.+.. 1..0.0.. +0.1..1+| ok p=1
Q6:	|!11.-+.1 +..+.-.. ...1.1.. +0.-..11| ok p=1
Q7:	|.0..-+.1 -..-0+.! ........ --.+.00-| ok p=1
Q8:	|.....-.- 0..1.1.. .......1 1+.+.0+0| ok p=1
Q9:	|.!..01.- 1..0.01. ...0.0.0 00^-.+01| ok p=1
Q10:	|.0.0.11- 1^1.1-1. ...0!0.- .0.01-0.| ok p=1
Q11:	|11.1.101 0+0^10-^ ^.0-^+.1 111-1-0.| ok p=1
Q12:	|1-0+^++- +0+++++- -.1-+-^0 000--+1.| ok p=1
Q13:	|+110+--+ 1-10--10 0.-.00++ +++-+--.| ok p=1
Q14:	|01-11001 1-100+11 00101000 0001101.| ok p=1
Q15:	|+1-11001 -11+11.. .1-...-0 1+0-0--.| ok p=0.814453
Q16:	|0.+.0... 10...+.. 1-..0.-. .+...1..| ok p=0.381836
Q17:	|-.1.1... +..^.0.. 1.^.1.0. .1.^.0^.| ok p=0.368164
Q18:	|..1.+... +....0.. +^..+.1. .-...1..| ok p=0.716797
Q19:	|^.+....0 -....-.. ........ .-.0.+..| ok p=0.646484
Q20:	|....^..1 -..0...0 ^...^... .001...0| ok p=0.378906
Q21:	|..^....- 0..1.^.1 ....0... .11+.^.1| ok p=0.959961
Q22:	|........ 0..+...- ....1... ..+....+| ok p=0.904297
Q23:	|..0....^ ........ ....+.0. ..1^....| ok p=0.995117
Q24:	|..1...0. ...^...^ .0....1. ..0....^| ok p=0.861328
Q25:	|..-...1. ........ ....^.-. ........| ok p=0.899414
Q26:	|......-. ........ 0+...... .....0..| ok p=0.988281
Q27:	|..^..... ........ 1+....^. .....1..| ok p=1
Q28:	|......^. ........ +-...... .....+..| ok p=0.857422
Q29:	|........ ........ .0...... .....0..| ok p=0.993164
Q30:	|........ ........ ^1...... .....-..| ok p=1
Q31:	|........ ........ ........ .....-..| ok p=1
Q32:	|........ ........ ........ ........| ok p=1
Q33:	|........ ........ ........ .....!..| ok p=1
Q34:	|........ ........ ........ ........| ok p=1
Q35:	|........ ........ ........ ........| ok p=1
Q36:	|........ ........ ........ ........| ok p=1
Q37:	|........ ........ ........ ........| ok p=1
Q38:	|........ ........ ........ ........| ok p=1
Q39:	|........ ........ ........ ........| ok p=1
Q40:	|........ ........ ........ ........| ok p=1
Q41:	|........ ........ ........ ........| ok p=1
Q42:	|........ ........ ........ ........| ok p=1
Q43:	|........ ........ ........ ........| ok p=1
Q44:	|........ ........ ........ ........| ok p=1
Q45:	|........ ........ ........ ........| ok p=1
Q46:	|........ ........ ........ ........| ok p=1
Q47:	|........ ........ ........ ........| ok p=1
Q48:	|........ ........ ........ ........| ok p=1
Q49:	|........ ........ ........ ........| ok p=1
Q50:	|........ ........ ........ ........| ok p=1
Q51:	|........ ........ ........ ........| ok p=1
Q52:	|........ ........ ........ ........| ok p=1
Q53:	|........ ........ ........ ........| ok p=1
Q54:	|........ ........ ........ ........| ok p=1
Q55:	|........ ........ ........ ........| ok p=1
Q56:	|........ ........ ........ ........| ok p=1
Q57:	|........ ........ ........ ........| ok p=1
Q58:	|........ ........ ........ ........| ok p=1
Q59:	|........ ........ ........ ........| ok p=1
Q60:	|........ ........ ...0.... ........| ok p=1
Q61:	|........ ........ ...0.... ........| ok p=1
Q62:	|........ ........ ...+.... ........| ok p=1
Q63:	|........ ........ ...+.... ........| ok p=1
Q64:	|........ ........ ...+.... ......-.|
Best path: totcompl=-29 tottunnel=31, totcond=559, p=0.00213887
Best paths: 2
Best paths: 4
Q-3:	|01000010 00111010 01001110 10001011|
Q-2:	|11+-++0- +1110++0 --1-010+ 11001-++|
Q-1:	|10+01-11 -000+1-0 --0-1+-- 0101001-|
Q0:	|10011-1- 0+0-+-01 +0+1101+ -11--11+| ok p=0.612305
Q1:	|.--.+..0 1-.1.-0. 10-1.-10 +..0-.1+| ok p=0.390625
Q2:	|.++.00.- .0.11-.. -.--.1.1 0..-..0+| ok p=1
Q3:	|^-1.-0.1 11.-.-.! -..1.0.. -..-0.++| ok p=1
Q4:	|.0-.++.0 1.!-.+.. ..0+.-.. -1.+..-1| ok p=1
Q5:	|!+1.+0.. -..+.+.. 1..0.0.. +0.1..1+| ok p=1
Q6:	|!11.-+.1 +..+.-.. ...1.1.. +0.-..11| ok p=0.998047
Q7:	|.0..-+.1 -..-.+.. ........ --.+.00-| ok p=1
Q8:	|.....-.- 0..1^1.. .......1 1+0+.0+0| ok p=1
Q9:	|!...01.- 1..0.01. ...0.0.0 00.-.+01| ok p=1
Q10:	|.0.0.11- 0^1.1-1. ...0!0.- .0.01-0.| ok p=1
Q11:	|11.1.100 1+0^10-^ ^.0-^+.1 111-1-0.| ok p=1
Q12:	|1-0+^++0 -0+++++- -.1-+-^0 000--+1.| ok p=1
Q13:	|+11+---+ 1-10--10 0.-.11++ +++-+--.| ok p=1
Q14:	|01-11001 1-100+11 00101000 0001101.| ok p=1
Q15:	|+1-11001 -11+11.. .1-...-0 1+0-0--.| ok p=0.807617
Q16:	|0.+.0... 10...+.. 1-..0.-. .+...1..| ok p=0.384766
Q17:	|-.1.1... +..^.0.. 1.^.1.0. .1.^.0^.| ok p=0.375
Q18:	|..1.+... +....0.. +^..+.1. .-...1..| ok p=0.71582
Q19:	|^.+....0 -....-.. ........ .-.0.+..| ok p=0.666992
Q20:	|....^..1 -..0...0 ^...^... .001...0| ok p=0.362305
Q21:	|..^....- 0..1.^.1 ....0... .11+.^.1| ok p=0.967773
Q22:	|........ 0..+...- ....1... ..+....+| ok p=0.916992
Q23:	|..0....^ ........ ....+.0. ..1^....| ok p=0.99707
Q24:	|..1...0. ...^...^ .0....1. ..0....^| ok p=0.859375
Q25:	|..-...1. ........ ....^.-. ........| ok p=0.883789
Q26:	|......-. ........ 0+...... .....0..| ok p=0.984375
Q27:	|..^..... ........ 1+....^. .....1..| ok p=1
Q28:	|......^. ........ +-...... .....+..| ok p=0.839844
Q29:	|........ ........ .0...... .....0..| ok p=0.993164
Q30:	|........ ........ ^1...... .....-..| ok p=1
Q31:	|........ ........ ........ .....-..| ok p=1
Q32:	|........ ........ ........ ........| ok p=1
Q33:	|........ ........ ........ .....!..| ok p=1
Q34:	|........ ........ ........ ........| ok p=1
Q35:	|........ ........ ........ ........| ok p=1
Q36:	|........ ........ ........ ........| ok p=1
Q37:	|........ ........ ........ ........| ok p=1
Q38:	|........ ........ ........ ........| ok p=1
Q39:	|........ ........ ........ ........| ok p=1
Q40:	|........ ........ ........ ........| ok p=1
Q41:	|........ ........ ........ ........| ok p=1
Q42:	|........ ........ ........ ........| ok p=1
Q43:	|........ ........ ........ ........| ok p=1
Q44:	|........ ........ ........ ........| ok p=1
Q45:	|........ ........ ........ ........| ok p=1
Q46:	|........ ........ ........ ........| ok p=1
Q47:	|........ ........ ........ ........| ok p=1
Q48:	|........ ........ ........ ........| ok p=1
Q49:	|........ ........ ........ ........| ok p=1
Q50:	|........ ........ ........ ........| ok p=1
Q51:	|........ ........ ........ ........| ok p=1
Q52:	|........ ........ ........ ........| ok p=1
Q53:	|........ ........ ........ ........| ok p=1
Q54:	|........ ........ ........ ........| ok p=1
Q55:	|........ ........ ........ ........| ok p=1
Q56:	|........ ........ ........ ........| ok p=1
Q57:	|........ ........ ........ ........| ok p=1
Q58:	|........ ........ ........ ........| ok p=1
Q59:	|........ ........ ........ ........| ok p=1
Q60:	|........ ........ ...0.... ........| ok p=1
Q61:	|........ ........ ...0.... ........| ok p=1
Q62:	|........ ........ ...+.... ........| ok p=1
Q63:	|........ ........ ...+.... ........| ok p=1
Q64:	|........ ........ ...+.... ......-.|
Best path: totcompl=-28 tottunnel=32, totcond=558, p=0.00272192
Best paths: 2
Q-3:	|01000010 00111010 01001110 10001011|
Q-2:	|11+-++0- +1110++0 --1-010+ 11001-++|
Q-1:	|10+01-11 -000+1-0 --0-1+-- 0101001-|
Q0:	|10011-1- 0+0-+-01 +0+1101+ -11--11+| ok p=0.611328
Q1:	|.--.+..0 1-.1.-0. 10-1.-01 +..0-.1+| ok p=0.452148
Q2:	|.++.00.- .0.11-.. -.--.1.1 0..-..0+| ok p=1
Q3:	|^-1.-0.1 11.-.-.. -!.1.0.. -..-0.++| ok p=1
Q4:	|.0-.++.0 1..-!+.. ..0+.-.. -..+..-1| ok p=1
Q5:	|!+1.+0.. -..+.+.. 1..0.0.. +1!1..1+| ok p=1
Q6:	|!11.-+.1 +..+.-.. ...1.1.^ +1.-..11| ok p=1
Q7:	|.0..-+.1 -..-.+.! .......- .+.+.00-| ok p=1
Q8:	|.....-.- 0.!1.1.. .......1 0+.+.0+0| ok p=1
Q9:	|!...01.- 1..0.01. ...0.0.0 ..^-.+01| ok p=0.99707
Q10:	|.0.0.11- 1^1.1-1. ...0.0!- .0.01-0.| ok p=1
Q11:	|11.1.101 0+0^10-^ ^.0-^+.1 111-1-0.| ok p=1
Q12:	|1-0+^++- +0+++++- -.1-+-^0 000--+1.| ok p=1
Q13:	|+110+--+ 1-10--10 0.-.00++ +++-+--.| ok p=1
Q14:	|01-11001 1-100+11 00101000 0001101.| ok p=1
Q15:	|+1-11001 -11+11.. .1-...-0 1+0-0--.| ok p=0.81543
Q16:	|0.+.0... 10...+.. 1-..0.-. .+...1..| ok p=0.384766
Q17:	|-.1.1... +..^.0.. 1.^.1.0. .1.^.0^.| ok p=0.386719
Q18:	|..1.+... +....0.. +^..+.1. .-...1..| ok p=0.755859
Q19:	|^.+....0 -....-.. ........ .-.0.+..| ok p=0.658203
Q20:	|....^..1 -..0...0 ^...^... .001...0| ok p=0.366211
Q21:	|..^....- 0..1.^.1 ....0... .11+.^.1| ok p=0.961914
Q22:	|........ 0..+...- ....1... ..+....+| ok p=0.901367
Q23:	|..0....^ ........ ....+.0. ..1^....| ok p=0.998047
Q24:	|..1...0. ...^...^ .0....1. ..0....^| ok p=0.848633
Q25:	|..-...1. ........ ....^.-. ........| ok p=0.898438
Q26:	|......-. ........ 0+...... .....0..| ok p=0.978516
Q27:	|..^..... ........ 1+....^. .....1..| ok p=1
Q28:	|......^. ........ +-...... .....+..| ok p=0.854492
Q29:	|........ ........ .0...... .....0..| ok p=0.992188
Q30:	|........ ........ ^1...... .....-..| ok p=1
Q31:	|........ ........ ........ .....-..| ok p=1
Q32:	|........ ........ ........ ........| ok p=1
Q33:	|........ ........ ........ .....!..| ok p=1
Q34:	|........ ........ ........ ........| ok p=1
Q35:	|........ ........ ........ ........| ok p=1
Q36:	|........ ........ ........ ........| ok p=1
Q37:	|........ ........ ........ ........| ok p=1
Q38:	|........ ........ ........ ........| ok p=1
Q39:	|........ ........ ........ ........| ok p=1
Q40:	|........ ........ ........ ........| ok p=1
Q41:	|........ ........ ........ ........| ok p=1
Q42:	|........ ........ ........ ........| ok p=1
Q43:	|........ ........ ........ ........| ok p=1
Q44:	|........ ........ ........ ........| ok p=1
Q45:	|........ ........ ........ ........| ok p=1
Q46:	|........ ........ ........ ........| ok p=1
Q47:	|........ ........ ........ ........| ok p=1
Q48:	|........ ........ ........ ........| ok p=1
Q49:	|........ ........ ........ ........| ok p=1
Q50:	|........ ........ ........ ........| ok p=1
Q51:	|........ ........ ........ ........| ok p=1
Q52:	|........ ........ ........ ........| ok p=1
Q53:	|........ ........ ........ ........| ok p=1
Q54:	|........ ........ ........ ........| ok p=1
Q55:	|........ ........ ........ ........| ok p=1
Q56:	|........ ........ ........ ........| ok p=1
Q57:	|........ ........ ........ ........| ok p=1
Q58:	|........ ........ ........ ........| ok p=1
Q59:	|........ ........ ........ ........| ok p=1
Q60:	|........ ........ ...0.... ........| ok p=1
Q61:	|........ ........ ...0.... ........| ok p=1
Q62:	|........ ........ ...+.... ........| ok p=1
Q63:	|........ ........ ...+.... ........| ok p=1
Q64:	|........ ........ ...+.... ......-.|
Best path: totcompl=-27 tottunnel=33, totcond=558, p=0.00314627
Best paths: 2
Best paths: 4
Q-3:	|01000010 00111010 01001110 10001011|
Q-2:	|11+-++0- +1110++0 --1-010+ 11001-++|
Q-1:	|10+01-11 -000+1-0 --0-1+-- 0101001-|
Q0:	|10011-1- 0+0-+-01 +0+1101+ -11--11+| ok p=0.597656
Q1:	|.--.+..0 1-.1.-0. 10-1.-01 +..0-.1+| ok p=0.43457
Q2:	|.++.00.- .0.11-.. -.--.1.1 0..-..0+| ok p=1
Q3:	|^-1.-0.1 11.-.-.! -..1.0.. -..-0.++| ok p=1
Q4:	|.0-.++.0 1.!-.+.. ..0+.-.. -..+..-1| ok p=1
Q5:	|!+1.+0.. -..+.+.. 1..0.0.. +1!1..1+| ok p=1
Q6:	|!11.-+.1 +..+.-.. ...1.1.^ +1.-..11| ok p=0.998047
Q7:	|.0..-+.1 -..-0+.. .......- .+.+.00-| ok p=1
Q8:	|.....-.- 0..1.1.. .......1 0+.+.0+0| ok p=1
Q9:	|!...01.- 1..0.01. ...0.0.0 ..^-.+01| ok p=1
Q10:	|.0.0.11- 0^1.1-1. ...0!0.- .0.01-0.| ok p=1
Q11:	|11.1.100 1+0^10-^ ^.0-^+.1 111-1-0.| ok p=1
Q12:	|1-0+^++0 -0+++++- -.1-+-^0 000--+1.| ok p=1
Q13:	|+11+---+ 1-10--10 0.-.00++ +++-+--.| ok p=1
Q14:	|01-11001 1-100+11 00101000 0001101.| ok p=1
Q15:	|+1-11001 -11+11.. .1-...-0 1+0-0--.| ok p=0.810547
Q16:	|0.+.0... 10...+.. 1-..0.-. .+...1..| ok p=0.381836
Q17:	|-.1.1... +..^.0.. 1.^.1.0. .1.^.0^.| ok p=0.383789
Q18:	|..1.+... +....0.. +^..+.1. .-...1..| ok p=0.709961
Q19:	|^.+....0 -....-.. ........ .-.0.+..| ok p=0.665039
Q20:	|....^..1 -..0...0 ^...^... .001...0| ok p=0.384766
Q21:	|..^....- 0..1.^.1 ....0... .11+.^.1| ok p=0.959961
Q22:	|........ 0..+...- ....1... ..+....+| ok p=0.914062
Q23:	|..0....^ ........ ....+.0. ..1^....| ok p=0.99707
Q24:	|..1...0. ...^...^ .0....1. ..0....^| ok p=0.869141
Q25:	|..-...1. ........ ....^.-. ........| ok p=0.863281
Q26:	|......-. ........ 0+...... .....0..| ok p=0.990234
Q27:	|..^..... ........ 1+....^. .....1..| ok p=1
Q28:	|......^. ........ +-...... .....+..| ok p=0.837891
Q29:	|........ ........ .0...... .....0..| ok p=0.992188
Q30:	|........ ........ ^1...... .....-..| ok p=1
Q31:	|........ ........ ........ .....-..| ok p=1
Q32:	|........ ........ ........ ........| ok p=1
Q33:	|........ ........ ........ .....!..| ok p=1
Q34:	|........ ........ ........ ........| ok p=1
Q35:	|........ ........ ........ ........| ok p=1
Q36:	|........ ........ ........ ........| ok p=1
Q37:	|........ ........ ........ ........| ok p=1
Q38:	|........ ........ ........ ........| ok p=1
Q39:	|........ ........ ........ ........| ok p=1
Q40:	|........ ........ ........ ........| ok p=1
Q41:	|........ ........ ........ ........| ok p=1
Q42:	|........ ........ ........ ........| ok p=1
Q43:	|........ ........ ........ ........| ok p=1
Q44:	|........ ........ ........ ........| ok p=1
Q45:	|........ ........ ........ ........| ok p=1
Q46:	|........ ........ ........ ........| ok p=1
Q47:	|........ ........ ........ ........| ok p=1
Q48:	|........ ........ ........ ........| ok p=1
Q49:	|........ ........ ........ ........| ok p=1
Q50:	|........ ........ ........ ........| ok p=1
Q51:	|........ ........ ........ ........| ok p=1
Q52:	|........ ........ ........ ........| ok p=1
Q53:	|........ ........ ........ ........| ok p=1
Q54:	|........ ........ ........ ........| ok p=1
Q55:	|........ ........ ........ ........| ok p=1
Q56:	|........ ........ ........ ........| ok p=1
Q57:	|........ ........ ........ ........| ok p=1
Q58:	|........ ........ ........ ........| ok p=1
Q59:	|........ ........ ........ ........| ok p=1
Q60:	|........ ........ ...0.... ........| ok p=1
Q61:	|........ ........ ...0.... ........| ok p=1
Q62:	|........ ........ ...+.... ........| ok p=1
Q63:	|........ ........ ...+.... ........| ok p=1
Q64:	|........ ........ ...+.... ......-.|
Best path: totcompl=-27 tottunnel=33, totcond=557, p=0.00338183
Best paths: 2
Best paths: 4
Best paths: 8
Q-3:	|01000010 00111010 01001110 10001011|
Q-2:	|11+-++0- +1110++0 --1-010+ 11001-++|
Q-1:	|10+01-11 -000+1-0 --0-1+-- 0101001-|
Q0:	|10011-1- 0+0-+-01 +0+1101+ -11--11+| ok p=0.607422
Q1:	|.--.+..0 1-.1.-0. 10-1.-10 +..0-.1+| ok p=0.370117
Q2:	|.++.00.- .0.11-.. -.--.1.1 0..-..0+| ok p=1
Q3:	|^-1.-0.1 11.-.-.. -!.1.0.. -..-0.++| ok p=1
Q4:	|.0-.++.0 1.!-.+.. ..0+.-.. -..+..-1| ok p=1
Q5:	|!+1.+0.. -..+.+.. 1..0.0.. +1!1..1+| ok p=1
Q6:	|!11.-+.1 +..+.-.. ...1.1.^ +1.-..11| ok p=0.999023
Q7:	|.0..-+.1 -..-.+.. .......- .+.+.00-| ok p=1
Q8:	|.....-.- 0.!1.1.. .......1 0+.+.0+0| ok p=1
Q9:	|.!..01.- 11.0.00. ...0.0.0 ..^-.+01| ok p=1
Q10:	|...1.11- .11.1-00 ...0.0!- .0.01-0.| ok p=1
Q11:	|1^00.010 0+0^10-1 ^.0-^+.1 111-1-0.| ok p=1
Q12:	|1-0+^++1 0--++++- -.1-+-^0 000--+1.| ok p=1
Q13:	|+1+----+ +-10--10 0.-.01++ +++1+--.| ok p=1
Q14:	|01-10101 -+100+11 00101000 0000101.| ok p=1
Q15:	|+1-11001 -0.+11.. .1-...-0 1+1-0--.| ok p=0.800781
Q16:	|0.+.0... 11...+.. 1-..0.-. .+...1..| ok p=0.378906
Q17:	|-.1.1... +..^.0.. 1.^.1.0. .1.^.0^.| ok p=0.367188
Q18:	|..1.+... +....0.. +^..+.1. .-...1..| ok p=0.729492
Q19:	|^.+....0 -....-.. ........ .-.0.+..| ok p=0.662109
Q20:	|....^..1 -..0...0 ^...^... .001...0| ok p=0.399414
Q21:	|..^....- 0..1.^.1 ....0... .11+.^.1| ok p=0.957031
Q22:	|........ 0..+...- ....1... ..+....+| ok p=0.901367
Q23:	|..0....^ ........ ....+.0. ..1^....| ok p=0.994141
Q24:	|..1...0. ...^...^ .0....1. ..0....^| ok p=0.871094
Q25:	|..-...1. ........ ....^.-. ........| ok p=0.869141
Q26:	|......-. ........ 0+...... .....0..| ok p=0.992188
Q27:	|..^..... ........ 1+....^. .....1..| ok p=1
Q28:	|......^. ........ +-...... .....+..| ok p=0.848633
Q29:	|........ ........ .0...... .....0..| ok p=0.993164
Q30:	|........ ........ ^1...... .....-..| ok p=1
Q31:	|........ ........ ........ .....-..| ok p=1
Q32:	|........ ........ ........ ........| ok p=1
Q33:	|........ ........ ........ .....!..| ok p=1
Q34:	|........ ........ ........ ........| ok p=1
Q35:	|........ ........ ........ ........| ok p=1
Q36:	|........ ........ ........ ........| ok p=1
Q37:	|........ ........ ........ ........| ok p=1
Q38:	|........ ........ ........ ........| ok p=1
Q39:	|........ ........ ........ ........| ok p=1
Q40:	|........ ........ ........ ........| ok p=1
Q41:	|........ ........ ........ ........| ok p=1
Q42:	|........ ........ ........ ........| ok p=1
Q43:	|........ ........ ........ ........| ok p=1
Q44:	|........ ........ ........ ........| ok p=1
Q45:	|........ ........ ........ ........| ok p=1
Q46:	|........ ........ ........ ........| ok p=1
Q47:	|........ ........ ........ ........| ok p=1
Q48:	|........ ........ ........ ........| ok p=1
Q49:	|........ ........ ........ ........| ok p=1
Q50:	|........ ........ ........ ........| ok p=1
Q51:	|........ ........ ........ ........| ok p=1
Q52:	|........ ........ ........ ........| ok p=1
Q53:	|........ ........ ........ ........| ok p=1
Q54:	|........ ........ ........ ........| ok p=1
Q55:	|........ ........ ........ ........| ok p=1
Q56:	|........ ........ ........ ........| ok p=1
Q57:	|........ ........ ........ ........| ok p=1
Q58:	|........ ........ ........ ........| ok p=1
Q59:	|........ ........ ........ ........| ok p=1
Q60:	|........ ........ ...0.... ........| ok p=1
Q61:	|........ ........ ...0.... ........| ok p=1
Q62:	|........ ........ ...+.... ........| ok p=1
Q63:	|........ ........ ...+.... ........| ok p=1
Q64:	|........ ........ ...+.... ......-.|
Best path: totcompl=-26 tottunnel=34, totcond=557, p=0.00209646
Best paths: 2
Q-3:	|01000010 00111010 01001110 10001011|
Q-2:	|11+-++0- +1110++0 --1-010+ 11001-++|
Q-1:	|10+01-11 -000+1-0 --0-1+-- 0101001-|
Q0:	|10011-1- 0+0-+-01 +0+1101+ -11--11+| ok p=0.598633
Q1:	|.--.+..0 1-.1.-0. 10-1.-01 +..0-.1+| ok p=0.442383
Q2:	|.++.00.- .0.11-.. -.--.1.1 0..-..0+| ok p=1
Q3:	|^-1.-0.1 11.-.-.! -..1.0.. -..-0.++| ok p=1
Q4:	|.0-.++.0 1..-!+.. ..0+.-.. -0.+..-1| ok p=1
Q5:	|!+1.+0.. -..+.+.. 1..0.0.. +1.1..1+| ok p=1
Q6:	|!11.-+.1 +..+.-.. ...1.1.^ +1.-..11| ok p=1
Q7:	|.0..-+.1 -..-0+.! .......- .+.+.00-| ok p=1
Q8:	|.....-.- 0..1.1.. .......1 0+.+.0+0| ok p=1
Q9:	|!...01.- 11.0.01. ...0.0.0 ..^-.+01| ok p=1
Q10:	|...1.11- .11.1-1. ...0!0.- .0.01-0.| ok p=1
Q11:	|1^00.010 .+0^10-^ ^.0-^+.1 111-1-0.| ok p=1
Q12:	|1-0+^++1 .--++++- -.1-+-^0 000--+1.| ok p=1
Q13:	|+110+--+ 1-10--10 0.-.00++ +++1+--.| ok p=1
Q14:	|01-11001 1-100+11 00101000 0000101.| ok p=1
Q15:	|+1-11001 -11+11.. .1-...-0 1+1-0--.| ok p=0.799805
Q16:	|0.+.0... 10...+.. 1-..0.-. .+...1..| ok p=0.351562
Q17:	|-.1.1... +..^.0.. 1.^.1.0. .1.^.0^.| ok p=0.388672
Q18:	|..1.+... +....0.. +^..+.1. .-...1..| ok p=0.733398
Q19:	|^.+....0 -....-.. ........ .-.0.+..| ok p=0.666016
Q20:	|....^..1 -..0...0 ^...^... .001...0| ok p=0.392578
Q21:	|..^....- 0..1.^.1 ....0... .11+.^.1| ok p=0.962891
Q22:	|........ 0..+...- ....1... ..+....+| ok p=0.891602
Q23:	|..0....^ ........ ....+.0. ..1^....| ok p=0.998047
Q24:	|..1...0. ...^...^ .0....1. ..0....^| ok p=0.856445
Q25:	|..-...1. ........ ....^.-. ........| ok p=0.871094
Q26:	|......-. ........ 0+...... .....0..| ok p=0.979492
Q27:	|..^..... ........ 1+....^. .....1..| ok p=1
Q28:	|......^. ........ +-...... .....+..| ok p=0.830078
Q29:	|........ ........ .0...... .....0..| ok p=0.99707
Q30:	|........ ........ ^1...... .....-..| ok p=1
Q31:	|........ ........ ........ .....-..| ok p=1
Q32:	|........ ........ ........ ........| ok p=1
Q33:	|........ ........ ........ .....!..| ok p=1
Q34:	|........ ........ ........ ........| ok p=1
Q35:	|........ ........ ........ ........| ok p=1
Q36:	|........ ........ ........ ........| ok p=1
Q37:	|........ ........ ........ ........| ok p=1
Q38:	|........ ........ ........ ........| ok p=1
Q39:	|........ ........ ........ ........| ok p=1
Q40:	|........ ........ ........ ........| ok p=1
Q41:	|........ ........ ........ ........| ok p=1
Q42:	|........ ........ ........ ........| ok p=1
Q43:	|........ ........ ........ ........| ok p=1
Q44:	|........ ........ ........ ........| ok p=1
Q45:	|........ ........ ........ ........| ok p=1
Q46:	|........ ........ ........ ........| ok p=1
Q47:	|........ ........ ........ ........| ok p=1
Q48:	|........ ........ ........ ........| ok p=1
Q49:	|........ ........ ........ ........| ok p=1
Q50:	|........ ........ ........ ........| ok p=1
Q51:	|........ ........ ........ ........| ok p=1
Q52:	|........ ........ ........ ........| ok p=1
Q53:	|........ ........ ........ ........| ok p=1
Q54:	|........ ........ ........ ........| ok p=1
Q55:	|........ ........ ........ ........| ok p=1
Q56:	|........ ........ ........ ........| ok p=1
Q57:	|........ ........ ........ ........| ok p=1
Q58:	|........ ........ ........ ........| ok p=1
Q59:	|........ ........ ........ ........| ok p=1
Q60:	|........ ........ ...0.... ........| ok p=1
Q61:	|........ ........ ...0.... ........| ok p=1
Q62:	|........ ........ ...+.... ........| ok p=1
Q63:	|........ ........ ...+.... ........| ok p=1
Q64:	|........ ........ ...+.... ......-.|
Best path: totcompl=-26 tottunnel=34, totcond=556, p=0.00283544
Q-3:	|01000010 00111010 01001110 10001011|
Q-2:	|11+-++0- +1110++0 --1-010+ 11001-++|
Q-1:	|10+01-11 -000+1-0 --0-1+-- 0101001-|
Q0:	|10011-1- 0+0-+-01 +0+1101+ -11--11+| ok p=0.607422
Q1:	|.--.+..0 1-.1.-0. 10-1.-01 +..0-.1+| ok p=0.476562
Q2:	|.++.00.- .0.11-.. -.--.1.1 0..-..0+| ok p=1
Q3:	|^-1.-0.1 11.-.-.. -!.1.0.. -..-0.++| ok p=1
Q4:	|.0-.++.0 1.!-.+.. ..0+.-.. -0.+..-1| ok p=1
Q5:	|!+1.+0.. -..+.+.. 1..0.0.. +1.1..1+| ok p=1
Q6:	|!11.-+.1 +..+.-.. ...1.1.^ +1.-..11| ok p=0.996094
Q7:	|.0..-+.1 -..-.+.. .......- .+.+.00-| ok p=1
Q8:	|.....-.- 0.!1.1.. .......1 0+.+.0+0| ok p=1
Q9:	|.!..01.- 11.0.01. ...0.0.0 ..^-.+01| ok p=1
Q10:	|.1.1.11- .11.1-1. ...0!0.- .0.01-0.| ok p=1
Q11:	|11.0.010 .+0^10-^ ^.0-^+.1 111-1-0.| ok p=1
Q12:	|1-0+^++1 .--++++- -.1-+-^0 000--+1.| ok p=1
Q13:	|+110+--+ 1-10--10 0.-.11++ +++1+--.| ok p=1
Q14:	|01-11001 1-100+11 00101000 0000101.| ok p=1
Q15:	|+1-11001 -11+11.. .1-...-0 1+1-0--.| ok p=0.80957
Q16:	|0.+.0... 10...+.. 1-..0.-. .+...1..| ok p=0.375977
Q17:	|-.1.1... +..^.0.. 1.^.1.0. .1.^.0^.| ok p=0.384766
Q18:	|..1.+... +....0.. +^..+.1. .-...1..| ok p=0.742188
Q19:	|^.+....0 -....-.. ........ .-.0.+..| ok p=0.667969
Q20:	|....^..1 -..0...0 ^...^... .001...0| ok p=0.365234
Q21:	|..^....- 0..1.^.1 ....0... .11+.^.1| ok p=0.961914
Q22:	|........ 0..+...- ....1... ..+....+| ok p=0.901367
Q23:	|..0....^ ........ ....+.0. ..1^....| ok p=0.994141
Q24:	|..1...0. ...^...^ .0....1. ..0....^| ok p=0.84375
Q25:	|..-...1. ........ ....^.-. ........| ok p=0.891602
Q26:	|......-. ........ 0+...... .....0..| ok p=0.988281
Q27:	|..^..... ........ 1+....^. .....1..| ok p=1
Q28:	|......^. ........ +-...... .....+..| ok p=0.859375
Q29:	|........ ........ .0...... .....0..| ok p=0.991211
Q30:	|........ ........ ^1...... .....-..| ok p=1
Q31:	|........ ........ ........ .....-..| ok p=1
Q32:	|........ ........ ........ ........| ok p=1
Q33:	|........ ........ ........ .....!..| ok p=1
Q34:	|........ ........ ........ ........| ok p=1
Q35:	|........ ........ ........ ........| ok p=1
Q36:	|........ ........ ........ ........| ok p=1
Q37:	|........ ........ ........ ........| ok p=1
Q38:	|........ ........ ........ ........| ok p=1
Q39:	|........ ........ ........ ........| ok p=1
Q40:	|........ ........ ........ ........| ok p=1
Q41:	|........ ........ ........ ........| ok p=1
Q42:	|........ ........ ........ ........| ok p=1
Q43:	|........ ........ ........ ........| ok p=1
Q44:	|........ ........ ........ ........| ok p=1
Q45:	|........ ........ ........ ........| ok p=1
Q46:	|........ ........ ........ ........| ok p=1
Q47:	|........ ........ ........ ........| ok p=1
Q48:	|........ ........ ........ ........| ok p=1
Q49:	|........ ........ ........ ........| ok p=1
Q50:	|........ ........ ........ ........| ok p=1
Q51:	|........ ........ ........ ........| ok p=1
Q52:	|........ ........ ........ ........| ok p=1
Q53:	|........ ........ ........ ........| ok p=1
Q54:	|........ ........ ........ ........| ok p=1
Q55:	|........ ........ ........ ........| ok p=1
Q56:	|........ ........ ........ ........| ok p=1
Q57:	|........ ........ ........ ........| ok p=1
Q58:	|........ ........ ........ ........| ok p=1
Q59:	|........ ........ ........ ........| ok p=1
Q60:	|........ ........ ...0.... ........| ok p=1
Q61:	|........ ........ ...0.... ........| ok p=1
Q62:	|........ ........ ...+.... ........| ok p=1
Q63:	|........ ........ ...+.... ........| ok p=1
Q64:	|........ ........ ...+.... ......-.|
Best path: totcompl=-26 tottunnel=34, totcond=555, p=0.00319206
Best paths: 2
Best paths: 4
Best paths: 8
Q-3:	|01000010 00111010 01001110 10001011|
Q-2:	|11+-++0- +1110++0 --1-010+ 11001-++|
Q-1:	|10+01-11 -000+1-0 --0-1+-- 0101001-|
Q0:	|10011-1- 0+0-+-01 +0+1101+ -11--11+| ok p=0.612305
Q1:	|.--.+..0 1-.1.-0. 10-1.-01 +..0-.1+| ok p=0.458984
Q2:	|.++.00.- .0.11-.. -.--.1.1 0..-..0+| ok p=1
Q3:	|^-1.-0.1 11.-.-.. -!.1.0.. -..-0.++| ok p=1
Q4:	|.0-.++.0 1.!-.+.. ..0+.-.. -0.+..-1| ok p=1
Q5:	|!+1.+0.. -..+.+.. 1..0.0.. +1.1..1+| ok p=1
Q6:	|!11.-+.1 +..+.-.. ...1.1.^ +1.-..11| ok p=1
Q7:	|.0..-+.1 -..-.+.! .......- .+.+.00-| ok p=1
Q8:	|.....-.- 0.!1.1.. .......1 0+.+.0+0| ok p=1
Q9:	|!...01.- 1..0.01. ...0.0.0 ..^-.+01| ok p=1
Q10:	|.0.0.11- 0^0.0-1. ...0!0.- .0.01-0.| ok p=1
Q11:	|.1.1.101 0+1^00-^ ^.0-^+.1 111-1-0.| ok p=1
Q12:	|.-0+^++- +1+++++- -.1-+-^0 000--+1.| ok p=1
Q13:	|1110+--1 ++10--10 0.-.00++ +++-+--.| ok p=1
Q14:	|11-00101 1-100+11 00101000 0001101.| ok p=1
Q15:	|+0-.100. -1.+11.. .1-...-0 1+0-0--.| ok p=0.411133
Q16:	|0.+.0... 10...+.. 1-..0.-. .+...1..| ok p=0.367188
Q17:	|-.1.1... +..^.0.. 1.^.1.0. .1.^.0^.| ok p=0.376953
Q18:	|..1.+... +....0.. +^..+.1. .-...1..| ok p=0.749023
Q19:	|^.+....0 -....-.. ........ .-.0.+..| ok p=0.661133
Q20:	|....^..1 -..0...0 ^...^... .001...0| ok p=0.349609
Q21:	|..^....- 0..1.^.1 ....0... .11+.^.1| ok p=0.963867
Q22:	|........ 0..+...- ....1... ..+....+| ok p=0.915039
Q23:	|..0....^ ........ ....+.0. ..1^....| ok p=0.998047
Q24:	|..1...0. ...^...^ .0....1. ..0....^| ok p=0.878906
Q25:	|..-...1. ........ ....^.-. ........| ok p=0.873047
Q26:	|......-. ........ 0+...... .....0..| ok p=0.985352
Q27:	|..^..... ........ 1+....^. .....1..| ok p=1
Q28:	|......^. ........ +-...... .....+..| ok p=0.830078
Q29:	|........ ........ .0...... .....0..| ok p=0.996094
Q30:	|........ ........ ^1...... .....-..| ok p=1
Q31:	|........ ........ ........ .....-..| ok p=1
Q32:	|........ ........ ........ ........| ok p=1
Q33:	|........ ........ ........ .....!..| ok p=1
Q34:	|........ ........ ........ ........| ok p=1
Q35:	|........ ........ ........ ........| ok p=1
Q36:	|........ ........ ........ ........| ok p=1
Q37:	|........ ........ ........ ........| ok p=1
Q38:	|........ ........ ........ ........| ok p=1
Q39:	|........ ........ ........ ........| ok p=1
Q40:	|........ ........ ........ ........| ok p=1
Q41:	|........ ........ ........ ........| ok p=1
Q42:	|........ ........ ........ ........| ok p=1
Q43:	|........ ........ ........ ........| ok p=1
Q44:	|........ ........ ........ ........| ok p=1
Q45:	|........ ........ ........ ........| ok p=1
Q46:	|........ ........ ........ ........| ok p=1
Q47:	|........ ........ ........ ........| ok p=1
Q48:	|........ ........ ........ ........| ok p=1
Q49:	|........ ........ ........ ........| ok p=1
Q50:	|........ ........ ........ ........| ok p=1
Q51:	|........ ........ ........ ........| ok p=1
Q52:	|........ ........ ........ ........| ok p=1
Q53:	|........ ........ ........ ........| ok p=1
Q54:	|........ ........ ........ ........| ok p=1
Q55:	|........ ........ ........ ........| ok p=1
Q56:	|........ ........ ........ ........| ok p=1
Q57:	|........ ........ ........ ........| ok p=1
Q58:	|........ ........ ........ ........| ok p=1
Q59:	|........ ........ ........ ........| ok p=1
Q60:	|........ ........ ...0.... ........| ok p=1
Q61:	|........ ........ ...0.... ........| ok p=1
Q62:	|........ ........ ...+.... ........| ok p=1
Q63:	|........ ........ ...+.... ........| ok p=1
Q64:	|........ ........ ...+.... ......-.|
Best path: totcompl=-26 tottunnel=34, totcond=553, p=0.00136834
Best paths: 2
Q-3:	|01000010 00111010 01001110 10001011|
Q-2:	|11+-++0- +1110++0 --1-010+ 11001-++|
Q-1:	|10+01-11 -000+1-0 --0-1+-- 0101001-|
Q0:	|10011-1- 0+0-+-01 +0+1101+ -11--11+| ok p=0.588867
Q1:	|.--.+..0 1-.1.-0. 10-1.-01 +..0-.1+| ok p=0.482422
Q2:	|.++.00.- .0.11-.. -.--.1.1 0..-..0+| ok p=1
Q3:	|^-1.-0.1 11.-.-.! -..1.0.. -..-0.++| ok p=1
Q4:	|.0-.++.0 1.!-.+.. ..0+.-.. -0.+..-1| ok p=1
Q5:	|!+1.+0.. -..+.+.. 1..0.0.. +1.1..1+| ok p=1
Q6:	|!11.-+.1 +..+.-.. ...1.1.^ +1.-..11| ok p=1
Q7:	|.0..-+.1 -..-.+.! .......- .+.+.00-| ok p=1
Q8:	|.....-.- 0..1^1.. .......1 0+.+.0+0| ok p=1
Q9:	|.!..01.- 11.0.01. ...0.0.0 ..^-.+01| ok p=1
Q10:	|.0.0.11- .11.0-1. ...0!0.- .0.01-0.| ok p=1
Q11:	|.1.1.100 .+0^00-^ ^.0-^+.1 111-1-0.| ok p=1
Q12:	|.-0+^++0 .--++++- -.1-+-^0 000--+1.| ok p=1
Q13:	|1110+--+ 1-10--10 0.-.11++ +++-+--.| ok p=1
Q14:	|11-00101 1-100+11 00101000 0001101.| ok p=1
Q15:	|+0-.1001 -1.+11.. .1-...-0 1+0-0--.| ok p=0.414062
Q16:	|0.+.0... 10...+.. 1-..0.-. .+...1..| ok p=0.362305
Q17:	|-.1.1... +..^.0.. 1.^.1.0. .1.^.0^.| ok p=0.339844
Q18:	|..1.+... +....0.. +^..+.1. .-...1..| ok p=0.738281
Q19:	|^.+....0 -....-.. ........ .-.0.+..| ok p=0.610352
Q20:	|....^..1 -..0...0 ^...^... .001...0| ok p=0.369141
Q21:	|..^....- 0..1.^.1 ....0... .11+.^.1| ok p=0.949219
Q22:	|........ 0..+...- ....1... ..+....+| ok p=0.907227
Q23:	|..0....^ ........ ....+.0. ..1^....| ok p=0.996094
Q24:	|..1...0. ...^...^ .0....1. ..0....^| ok p=0.862305
Q25:	|..-...1. ........ ....^.-. ........| ok p=0.893555
Q26:	|......-. ........ 0+...... .....0..| ok p=0.980469
Q27:	|..^..... ........ 1+....^. .....1..| ok p=1
Q28:	|......^. ........ +-...... .....+..| ok p=0.831055
Q29:	|........ ........ .0...... .....0..| ok p=0.999023
Q30:	|........ ........ ^1...... .....-..| ok p=1
Q31:	|........ ........ ........ .....-..| ok p=1
Q32:	|........ ........ ........ ........| ok p=1
Q33:	|........ ........ ........ .....!..| ok p=1
Q34:	|........ ........ ........ ........| ok p=1
Q35:	|........ ........ ........ ........| ok p=1
Q36:	|........ ........ ........ ........| ok p=1
Q37:	|........ ........ ........ ........| ok p=1
Q38:	|........ ........ ........ ........| ok p=1
Q39:	|........ ........ ........ ........| ok p=1
Q40:	|........ ........ ........ ........| ok p=1
Q41:	|........ ........ ........ ........| ok p=1
Q42:	|........ ........ ........ ........| ok p=1
Q43:	|........ ........ ........ ........| ok p=1
Q44:	|........ ........ ........ ........| ok p=1
Q45:	|........ ........ ........ ........| ok p=1
Q46:	|........ ........ ........ ........| ok p=1
Q47:	|........ ........ ........ ........| ok p=1
Q48:	|........ ........ ........ ........| ok p=1
Q49:	|........ ........ ........ ........| ok p=1
Q50:	|........ ........ ........ ........| ok p=1
Q51:	|........ ........ ........ ........| ok p=1
Q52:	|........ ........ ........ ........| ok p=1
Q53:	|........ ........ ........ ........| ok p=1
Q54:	|........ ........ ........ ........| ok p=1
Q55:	|........ ........ ........ ........| ok p=1
Q56:	|........ ........ ........ ........| ok p=1
Q57:	|........ ........ ........ ........| ok p=1
Q58:	|........ ........ ........ ........| ok p=1
Q59:	|........ ........ ........ ........| ok p=1
Q60:	|........ ........ ...0.... ........| ok p=1
Q61:	|........ ........ ...0.... ........| ok p=1
Q62:	|........ ........ ...+.... ........| ok p=1
Q63:	|........ ........ ...+.... ........| ok p=1
Q64:	|........ ........ ...+.... ......-.|
Best path: totcompl=-26 tottunnel=34, totcond=552, p=0.00150079
Best paths: 2
Q-3:	|01000010 00111010 01001110 10001011|
Q-2:	|11+-++0- +1110++0 --1-010+ 11001-++|
Q-1:	|10+01-11 -000+1-0 --0-1+-- 0101001-|
Q0:	|10011-1- 0+0-+-01 +0+1101+ -11--11+| ok p=0.608398
Q1:	|.--.+..0 1-.1.-0. 10-1.-01 +..0-.1+| ok p=0.450195
Q2:	|.++.00.- .0.11-.. -.--.1.1 0..-..0+| ok p=1
Q3:	|^-1.-0.1 11.-.-.! -..1.0.. -..-0.++| ok p=1
Q4:	|.0-.++.0 1.!-.+.. ..0+.-.. -0.+..-1| ok p=1
Q5:	|!+1.+0.. -..+.+.. 1..0.0.. +1.1..1+| ok p=1
Q6:	|!11.-+.1 +..+.-.. ...1.1.^ +1.-..11| ok p=0.999023
Q7:	|.0..-+.1 -..-.+.. .......- .+.+.00-| ok p=1
Q8:	|.0...-.- 0..1^1.. .......1 0+.+.0+0| ok p=1
Q9:	|.1..01.- 1..0.01. ...0.0.0 ..^-.+01| ok p=1
Q10:	|.0.0.11- 1^0.0-1. ...0.0!- .0.01-0.| ok p=1
Q11:	|.1.1.10. 1+1^00-^ ^.0-^+.1 111-1-0.| ok p=1
Q12:	|.-0+^++0 -1+++++- -.1-+-^0 000--+1.| ok p=1
Q13:	|111+---. ++10--10 0.-.11++ +++-+--.| ok p=1
Q14:	|11-0010. 1-100+11 00101000 0001101.| ok p=1
Q15:	|+0-1100. -1.+11.. .1-...-0 1+0-0--.| ok p=0.389648
Q16:	|0.+.0... 10...+.. 1-..0.-. .+...1..| ok p=0.399414
Q17:	|-.1.1... +..^.0.. 1.^.1.0. .1.^.0^.| ok p=0.393555
Q18:	|..1.+... +....0.. +^..+.1. .-...1..| ok p=0.720703
Q19:	|^.+....0 -....-.. ........ .-.0.+..| ok p=0.65625
Q20:	|....^..1 -..0...0 ^...^... .001...0| ok p=0.384766
Q21:	|..^....- 0..1.^.1 ....0... .11+.^.1| ok p=0.960938
Q22:	|........ 0..+...- ....1... ..+....+| ok p=0.901367
Q23:	|..0....^ ........ ....+.0. ..1^....| ok p=0.998047
Q24:	|..1...0. ...^...^ .0....1. ..0....^| ok p=0.837891
Q25:	|..-...1. ........ ....^.-. ........| ok p=0.858398
Q26:	|......-. ........ 0+...... .....0..| ok p=0.982422
Q27:	|..^..... ........ 1+....^. .....1..| ok p=1
Q28:	|......^. ........ +-...... .....+..| ok p=0.848633
Q29:	|........ ........ .0...... .....0..| ok p=0.995117
Q30:	|........ ........ ^1...... .....-..| ok p=1
Q31:	|........ ........ ........ .....-..| ok p=1
Q32:	|........ ........ ........ ........| ok p=1
Q33:	|........ ........ ........ .....!..| ok p=1
Q34:	|........ ........ ........ ........| ok p=1
Q35:	|........ ........ ........ ........| ok p=1
Q36:	|........ ........ ........ ........| ok p=1
Q37:	|........ ........ ........ ........| ok p=1
Q38:	|........ ........ ........ ........| ok p=1
Q39:	|........ ........ ........ ........| ok p=1
Q40:	|........ ........ ........ ........| ok p=1
Q41:	|........ ........ ........ ........| ok p=1
Q42:	|........ ........ ........ ........| ok p=1
Q43:	|........ ........ ........ ........| ok p=1
Q44:	|........ ........ ........ ........| ok p=1
Q45:	|........ ........ ........ ........| ok p=1
Q46:	|........ ........ ........ ........| ok p=1
Q47:	|........ ........ ........ ........| ok p=1
Q48:	|........ ........ ........ ........| ok p=1
Q49:	|........ ........ ........ ........| ok p=1
Q50:	|........ ........ ........ ........| ok p=1
Q51:	|........ ........ ........ ........| ok p=1
Q52:	|........ ........ ........ ........| ok p=1
Q53:	|........ ........ ........ ........| ok p=1
Q54:	|........ ........ ........ ........| ok p=1
Q55:	|........ ........ ........ ........| ok p=1
Q56:	|........ ........ ........ ........| ok p=1
Q57:	|........ ........ ........ ........| ok p=1
Q58:	|........ ........ ........ ........| ok p=1
Q59:	|........ ........ ........ ........| ok p=1
Q60:	|........ ........ ...0.... ........| ok p=1
Q61:	|........ ........ ...0.... ........| ok p=1
Q62:	|........ ........ ...+.... ........| ok p=1
Q63:	|........ ........ ...+.... ........| ok p=1
Q64:	|........ ........ ...+.... ......-.|
Best path: totcompl=-26 tottunnel=34, totcond=551, p=0.00127627
Best paths: 2
****