Extend MD5 differential paths forward
Copyright (C) 2009 Marc Stevens
http://homepages.cwi.nl/~stevens/

delta_m[11] = [!2!]
Loading workdir0/lowerpath.bin.gz...done: 1.
Estimating maxcond for upper bound 8000000 (=2000000 * 4)...
t=1:  0%   10   20   30   40   50   60   70   80   90   100%
      |----|----|----|----|----|----|----|----|----|----|
e     ***************************************************
Found maxcond = 2176
t=1:  0%   10   20   30   40   50   60   70   80   90   100%
      |----|----|----|----|----|----|----|----|----|----|
      ***************************************************
Q-3:	|01000010 00111010 01001110 10001011|
Q-2:	|11+-++0- +1110++0 --1-010+ 11001-++|
Q-1:	|10+01-11 -000+1-0 --0-1+-- 0101001-|
Q0:	|10011-1- 0+0-+-01 +0+1101+ -11--11+| ok p=0.93457
Q1:	|+.+.+..0 1-.0.-1. 11-1.-11 +..0-..+| ok p=0.573242
Q2:	|+....+.- ..+..-.- .+.+..-. ...-..+.|
Saving 50688 paths...done.
Autobalance parameters: maxcond=2176
Verified: 2048 bad out of 52736
Estimating maxcond for upper bound 8000000 (=2000000 * 4)...
t=2:  0%   10   20   30   40   50   60   70   80   90   100%
      |----|----|----|----|----|----|----|----|----|----|
e     **************************************************Found maxcond = 167
t=2:  0%   10   20   30   40   50   60   70   80   90   100%
      |----|----|----|----|----|----|----|----|----|----|
      **************************************************Q-3:	|01000010 00111010 01001110 10001011|
Q-2:	|11+-++0- +1110++0 --1-010+ 11001-++|
Q-1:	|10+01-11 -000+1-0 --0-1+-- 0101001-|
Q0:	|10011-1- 0+0-+-01 +0+1101+ -11--11+| ok p=0.630859
Q1:	|.--.+..0 1-.1.-0. 10-1.-1+ -..0-..+| ok p=0.455078
Q2:	|.++.01.- .0.11+.. -.--.0.. ...-...+| ok p=0.381836
Q3:	|.-....+. ...-.+.. -...+... -..-.+.-|
Saving 1944896 paths...done.
Autobalance parameters: maxcond=167
Verified: 11584 bad out of 1956480
Estimating maxcond for upper bound 8000000 (=2000000 * 4)...
t=3:  0%   10   20   30   40   50   60   70   80   90   100%
      |----|----|----|----|----|----|----|----|----|----|
e     **************************************************Found maxcond = 183
t=3:  0%   10   20   30   40   50   60   70   80   90   100%
      |----|----|----|----|----|----|----|----|----|----|
      **************************************************Q-3:	|01000010 00111010 01001110 10001011|
Q-2:	|11+-++0- +1110++0 --1-010+ 11001-++|
Q-1:	|10+01-11 -000+1-0 --0-1+-- 0101001-|
Q0:	|10011-1- 0+0-+-01 +0+1101+ -11--11+| ok p=0.744141
Q1:	|+.+.+..0 1-.1.-1. 10-1.-10 +..-+V.+| ok p=0.329102
Q2:	|+.0.10.- .0.11-.. 0.--.-+1 0..-0..+| ok p=0.606445
Q3:	|..-.-..0 .-.+.-.. ...+..-. -...--..| ok p=0.370117
Q4:	|+..+.... .+.-.+.- ..-.-.+. -..+....|
Saving 2000000 paths...done.
Autobalance parameters: maxcond=182
Verified: 111772 bad out of 3071833
Estimating maxcond for upper bound 8000000 (=2000000 * 4)...
t=4:  0%   10   20   30   40   50   60   70   80   90   100%
      |----|----|----|----|----|----|----|----|----|----|
e     ***************************************************
Found maxcond = 199
t=4:  0%   10   20   30   40   50   60   70   80   90   100%
      |----|----|----|----|----|----|----|----|----|----|
      ***************************************************
Q-3:	|01000010 00111010 01001110 10001011|
Q-2:	|11+-++0- +1110++0 --1-010+ 11001-++|
Q-1:	|10+01-11 -000+1-0 --0-1+-- 0101001-|
Q0:	|10011-1- 0+0-+-01 +0+1101+ -11--11+| ok p=0.661133
Q1:	|.--.+..0 1-.1.-0. 10-1.-01 +..0-.0+| ok p=0.370117
Q2:	|.++.10.- .0.11-.. -.--.0.1 0..-..1+| ok p=0.367188
Q3:	|.-1.0..1 .0.-.-.. -..+.0.. -..-1.++| ok p=0.594727
Q4:	|.01.-..- ...-.+.. ..1+.-.. -..+..-.| ok p=0.47168
Q5:	|.+.+..+. +.+...+. ......+. -....+.+|
Saving 2000000 paths...done.
Autobalance parameters: maxcond=198
Verified: 168 bad out of 2855779
Estimating maxcond for upper bound 8000000 (=2000000 * 4)...
t=5:  0%   10   20   30   40   50   60   70   80   90   100%
      |----|----|----|----|----|----|----|----|----|----|
e     ***************************************************
Found maxcond = 213
t=5:  0%   10   20   30   40   50   60   70   80   90   100%
      |----|----|----|----|----|----|----|----|----|----|
      ***************************************************
Q-3:	|01000010 00111010 01001110 10001011|
Q-2:	|11+-++0- +1110++0 --1-010+ 11001-++|
Q-1:	|10+01-11 -000+1-0 --0-1+-- 0101001-|
Q0:	|10011-1- 0+0-+-01 +0+1101+ -11--11+| ok p=0.505859
Q1:	|.--.+..0 1-.1.-0. 10-1.-10 +..-+V.+| ok p=0.378906
Q2:	|.++.00.- .0.11-.. 0.--.0.1 0..-0..+| ok p=0.394531
Q3:	|.-1.0V.1 .-.+.-.. 0..1.1.. -..-0+..| ok p=0.541016
Q4:	|.01.-..1 .+.+.+.. +.1+.-.. -..+.0.1| ok p=0.959961
Q5:	|.1-.--.. .+...1.. +..0.0.. ...1.+..| ok p=0.587891
Q6:	|..-.-..+ .+..-... +.+.-.-. -..-.+.+|
Saving 2000000 paths...done.
Autobalance parameters: maxcond=212
Verified: 18223 bad out of 2710185
Estimating maxcond for upper bound 8000000 (=2000000 * 4)...
t=6:  0%   10   20   30   40   50   60   70   80   90   100%
      |----|----|----|----|----|----|----|----|----|----|
e     ***************************************************
Found maxcond = 228
t=6:  0%   10   20   30   40   50   60   70   80   90   100%
      |----|----|----|----|----|----|----|----|----|----|
      ***************************************************
Q-3:	|01000010 00111010 01001110 10001011|
Q-2:	|11+-++0- +1110++0 --1-010+ 11001-++|
Q-1:	|10+01-11 -000+1-0 --0-1+-- 0101001-|
Q0:	|10011-1- 0+0-+-01 +0+1101+ -11--11+| ok p=0.491211
Q1:	|.--.+..0 1-.1.-0. 10-1.-01 +..-+V.+| ok p=0.379883
Q2:	|.++.00.- .0.11-.. 0.--.0.1 0..-0..+| ok p=0.412109
Q3:	|.-0.0..1 .-.+0-.. 0..1.1.. -..-0+..| ok p=0.493164
Q4:	|.01.-.V1 .+.1+-.. +.1+.-.. -..+.0.0| ok p=0.740234
Q5:	|.0-.-... .+.-1... +..1.1.. +..1.+..| ok p=0.878906
Q6:	|..-...-. ...--1.. +..+.1.. 1..-.+..| ok p=0.643555
Q7:	|......-. ..-.-... ........ ...+.-.+|
Saving 1866923 paths...done.
Autobalance parameters: maxcond=228
Verified: 4890 bad out of 1871813
Estimating maxcond for upper bound 8000000 (=2000000 * 4)...
t=7:  0%   10   20   30   40   50   60   70   80   90   100%
      |----|----|----|----|----|----|----|----|----|----|
e     ***************************************************
Found maxcond = 239
t=7:  0%   10   20   30   40   50   60   70   80   90   100%
      |----|----|----|----|----|----|----|----|----|----|
      ***************************************************
Q-3:	|01000010 00111010 01001110 10001011|
Q-2:	|11+-++0- +1110++0 --1-010+ 11001-++|
Q-1:	|10+01-11 -000+1-0 --0-1+-- 0101001-|
Q0:	|10011-1- 0+0-+-01 +0+1101+ -11--11+| ok p=0.50293
Q1:	|.--.+..0 1-.11-0. 10-1.-10 +..-+V.+| ok p=0.360352
Q2:	|.++.00.- .0.11-.. 0.--.0.1 0..-0..+| ok p=0.40918
Q3:	|.-0.0.V1 .-V.++.. 0..1.1.. -..-0+..| ok p=0.445312
Q4:	|.01.-..1 .+1.1+.. +.0+.-.. -..+.0.0| ok p=0.768555
Q5:	|.0-.-.+. .0+.1... +..1.0.. +..1.+.V| ok p=0.955078
Q6:	|..-...0. .1+.-0.. +..+.1.. 1..-.0..| ok p=0.633789
Q7:	|....1.1. ....0... ...0.... -..+.1.+| ok p=0.745117
Q8:	|..-..... ....-.-. ..+.-..+ .-.+.+..|
Saving 883910 paths...done.
Autobalance parameters: maxcond=239
Verified: 240 bad out of 884150
Estimating maxcond for upper bound 8000000 (=2000000 * 4)...
t=8:  0%   10   20   30   40   50   60   70   80   90   100%
      |----|----|----|----|----|----|----|----|----|----|
e     **************************************************Found maxcond = 253
t=8:  0%   10   20   30   40   50   60   70   80   90   100%
      |----|----|----|----|----|----|----|----|----|----|
      **************************************************Q-3:	|01000010 00111010 01001110 10001011|
Q-2:	|11+-++0- +1110++0 --1-010+ 11001-++|
Q-1:	|10+01-11 -000+1-0 --0-1+-- 0101001-|
Q0:	|10011-1- 0+0-+-01 +0+1101+ -11--11+| ok p=0.617188
Q1:	|.--.+..0 1-.1.-0. 10-1.-01 +..0-.1+| ok p=0.439453
Q2:	|.++.00.- .0.11-.. -.--.1.1 0..-..0+| ok p=0.362305
Q3:	|.-1.-1.1 V0.-.-.. -..1.0.. -..-0.++| ok p=0.745117
Q4:	|.0-.++.0 0..-V+.. ..01.-.. -..+..-0| ok p=0.753906
Q5:	|.+1.+0.. -..+.+.. 1..-.0.. +..1..++| ok p=0.633789
Q6:	|.11.-+.. +V.1++.. ...0.1.. +..-..+1| ok p=1
Q7:	|.0..-+.. -..-1+.. ...1.... +..-...+| ok p=0.861328
Q8:	|........ 0-.01... ........ +..-..10| ok p=0.726562
Q9:	|...+.-.. .-..-... +...-.+. ...+..+.|
Saving 2000000 paths...done.
Autobalance parameters: maxcond=252
Verified: 64 bad out of 2184008
Estimating maxcond for upper bound 8000000 (=2000000 * 4)...
t=9:  0%   10   20   30   40   50   60   70   80   90   100%
      |----|----|----|----|----|----|----|----|----|----|
e     ***************************************************
Found maxcond = 266
t=9:  0%   10   20   30   40   50   60   70   80   90   100%
      |----|----|----|----|----|----|----|----|----|----|
      ***************************************************
Q-3:	|01000010 00111010 01001110 10001011|
Q-2:	|11+-++0- +1110++0 --1-010+ 11001-++|
Q-1:	|10+01-11 -000+1-0 --0-1+-- 0101001-|
Q0:	|10011-1- 0+0-+-01 +0+1101+ -11--11+| ok p=0.611328
Q1:	|.--.+..0 1-.1.-0. 10-1.-10 +..0-.1+| ok p=0.37793
Q2:	|.++.00.- .0.11-.. -.--.1.1 0..-..0+| ok p=0.398438
Q3:	|.-1.-0.1 V1.-.-.. -..1.0.. -..-0.++| ok p=0.723633
Q4:	|.0-.++.0 1..-.+.. ..0+.-.. -..+..-1| ok p=0.682617
Q5:	|.+1.+0.. -..+.+.. 1..010.. +.V1..1+| ok p=0.708984
Q6:	|.11..-.0 +..+.-.. ...101.. +.1-..01| ok p=0.978516
Q7:	|.0..0-.1 -..-.1.. .V..+... -.--...-| ok p=0.749023
Q8:	|.......- 1..1.-.. ....+... -.--...0| ok p=0.746094
Q9:	|.....1.- 1..1.0.. .+...... ...-...+| ok p=0.761719
Q10:	|.-...... -....-.. .+.-.... .-..-.+.|
Saving 2000000 paths...done.
Autobalance parameters: maxcond=265
Verified: 11560 bad out of 2092266
Estimating maxcond for upper bound 8000000 (=2000000 * 4)...
t=10: 0%   10   20   30   40   50   60   70   80   90   100%
      |----|----|----|----|----|----|----|----|----|----|
e     ***************************************************
Found maxcond = 277
t=10: 0%   10   20   30   40   50   60   70   80   90   100%
      |----|----|----|----|----|----|----|----|----|----|
      ***************************************************
Q-3:	|01000010 00111010 01001110 10001011|
Q-2:	|11+-++0- +1110++0 --1-010+ 11001-++|
Q-1:	|10+01-11 -000+1-0 --0-1+-- 0101001-|
Q0:	|10011-1- 0+0-+-01 +0+1101+ -11--11+| ok p=0.605469
Q1:	|.--.+..0 1-.1.-0. 10-1.-10 +..0-.1+| ok p=0.358398
Q2:	|.++.00.- .0.11-.. -.--.1.1 0..-..0+| ok p=0.375977
Q3:	|.-1.-0.1 V1.-.-.. -..1.0.. -..-0.++| ok p=0.75293
Q4:	|.0-.++.0 1..-.+.. ..0+.-.. -0.+..-1| ok p=0.883789
Q5:	|.+1.+1.. -..+.+.. 1..0.0.. +1.1..1+| ok p=0.626953
Q6:	|.11.0-.. +..+.-.. ..V1.1.. ++.-..11| ok p=0.996094
Q7:	|.1..-+.. 0..-.+.. ..0..... -0.+..1-| ok p=0.873047
Q8:	|....-+.. -..-.0.. ..-..... +1.+..+1| ok p=0.724609
Q9:	|.....+.. -..-.0.. ..+..... ++.-..+1| ok p=0.959961
Q10:	|....1+.. -....... ..+..... .+.-..+.| ok p=0.989258
Q11:	|.....+.. -.+...+. ..+....- ....-.+.|
Saving 2000000 paths...done.
Autobalance parameters: maxcond=275
Verified: 57183 bad out of 3723847
Runtime: 360.402
Extend MD5 differential paths forward
Copyright (C) 2009 Marc Stevens
http://homepages.cwi.nl/~stevens/

delta_m[11] = [!2!]
Loading workdir0/paths10_0of1...done: 2000000 (work:2000000).
Estimating maxcond for upper bound 2000000 (=500000 * 4)...
t=11: 0%   10   20   30   40   50   60   70   80   90   100%
      |----|----|----|----|----|----|----|----|----|----|
e     ***************************************************
Found maxcond = 287
t=11: 0%   10   20   30   40   50   60   70   80   90   100%
      |----|----|----|----|----|----|----|----|----|----|
      ***************************************************
Q-3:	|01000010 00111010 01001110 10001011|
Q-2:	|11+-++0- +1110++0 --1-010+ 11001-++|
Q-1:	|10+01-11 -000+1-0 --0-1+-- 0101001-|
Q0:	|10011-1- 0+0-+-01 +0+1101+ -11--11+| ok p=0.577148
Q1:	|.--.+..0 1-.1.-0. 10-1.-01 +..0-.1+| ok p=0.4375
Q2:	|.++.00.- .0.11-.. -.--.1.1 0..-..0+| ok p=0.375977
Q3:	|.-1.-0.1 V1.-.-.. -..1.0.. -..-0.++| ok p=0.746094
Q4:	|.0-.++.0 1..-.+.. ..0+.-.. -..+..-1| ok p=0.6875
Q5:	|.+1.+0.. -..+.+.. 1..0.0.. +V.1..1+| ok p=0.626953
Q6:	|.11.-+.V +..+.-.. ...1.1.. +0.-..11| ok p=0.99707
Q7:	|.0..-+.1 -..-.+.. ........ --.+.V0-| ok p=0.888672
Q8:	|....-+.- 0..1.1.. ........ 1+.+.0+0| ok p=0.74707
Q9:	|.......- 1..1.0.. .....V.. 00.-.+01| ok p=0.962891
Q10:	|....10.- .....-.. ........ -0.1.-0+| ok p=0.994141
Q11:	|.......- .....0.. .....-.. +..-.-.+| ok p=0.911133
Q12:	|...+.... +.....-. +....-.. +..-.-.+|
Saving 500000 paths...done.
Autobalance parameters: maxcond=286
Verified: 0 bad out of 605226
Runtime: 39.7521
