MD5 differential path toolbox
Copyright (C) 2009 Marc Stevens
http://homepages.cwi.nl/~stevens/

IHV1   = {1111117451,2668960510,2407979859,3513840844}
IHV1   = 8b4e3a42fe1a159f53db868fccf470d1

IHV2   = {1111117451,2588523367,2869693522,3975554507}
IHV2   = 8b4e3a4267bb499a520c0cabcb25f6ec

dIHV   = {0,4214530153,461713663,461713663}
NC0: delta c = delta d = [!0!]
NC0: delta b           = [!0,22!]
NC1: delta c = delta d = [!-8!]
NC1: delta b           = [!-8,29!]
NC2: delta c = delta d = [!12!]
NC2: delta b           = [!-1,12!]
NC3: delta c = delta d = [!-14!]
NC3: delta b           = [!-3,-14!]
NC4: delta c = delta d = [!-16!]
NC4: delta b           = [!5,-16!]
NC5: delta c = delta d = [!-18!]
NC5: delta b           = [!7,-18!]
NC6: delta c = delta d = [!23!]
NC6: delta b           = [!12,23!]
NC7: delta c = delta d = [!26!]
NC7: delta b           = [!15,26!]
NC8: delta c = delta d = [!-29!]
NC8: delta b           = [!20,-29!]
NC0: prob=-5.86333
NC1: prob=-3.83409
NC2: prob=-3.26005
NC3: prob=-5.84102
NC4: prob=-3.26109
NC5: prob=-3.26087
NC6: prob=-5.85067
NC7: prob=-5.87456
NC8: prob=-7.50915
delta m_11 = [!2!]
Q-3:	|01000010 00111010 01001110 10001011|
Q-2:	|11+-++0- +1110++0 --1-010+ 11001-++|
Q-1:	|10+01-11 -000+1-0 --0-1+-- 0101001-|
Q0:	|10011-1- 0+0-+-01 +0+1101+ -11--11+| ok p=0.889648
Q1:	|+.+.+... .-...-.. ..-..-.. +...-..+|
Saved lower diff. path to 'workdir0/lowerpath.bin.gz'.

Q32:	|........ ........ ........ ........|
Q33:	|........ ........ ........ ........|
Q34:	|........ ........ ........ ........|
Q35:	|........ ........ ........ ........| ok p=1
Q36:	|........ ........ ........ ........| ok p=1
Q37:	|........ ........ ........ ........| ok p=1
Q38:	|........ ........ ........ ........| ok p=1
Q39:	|........ ........ ........ ........| ok p=1
Q40:	|........ ........ ........ ........| ok p=1
Q41:	|........ ........ ........ ........| ok p=1
Q42:	|........ ........ ........ ........| ok p=1
Q43:	|........ ........ ........ ........| ok p=1
Q44:	|........ ........ ........ ........| ok p=1
Q45:	|........ ........ ........ ........| ok p=1
Q46:	|........ ........ ........ ........| ok p=1
Q47:	|........ ........ ........ ........| ok p=1
Q48:	|........ ........ ........ ........| ok p=1
Q49:	|........ ........ ........ ........| ok p=1
Q50:	|........ ........ ........ ........| ok p=1
Q51:	|........ ........ ........ ........| ok p=1
Q52:	|........ ........ ........ ........| ok p=1
Q53:	|........ ........ ........ ........| ok p=1
Q54:	|........ ........ ........ ........| ok p=1
Q55:	|........ ........ ........ ........| ok p=1
Q56:	|........ ........ ........ ........| ok p=1
Q57:	|........ ........ ........ ........| ok p=1
Q58:	|........ ........ ........ ........| ok p=1
Q59:	|........ ........ ........ ........| ok p=1
Q60:	|........ ........ ...0.... ........| ok p=1
Q61:	|........ ........ ...0.... ........| ok p=1
Q62:	|........ ........ ...+.... ........| ok p=1
Q63:	|........ ........ ...+.... ........| ok p=1
Q64:	|........ ........ ...+.... ......-.|
Saved upper diff. path to 'workdir0/upperpath.bin.gz'.
Saved 'md5diffpathforward.cfg'.
Saved 'md5diffpathbackward.cfg'.
Saved 'md5diffpathconnect.cfg'.
Saved 'md5diffpathhelper.cfg'.
