Extend MD5 differential paths backward
Copyright (C) 2009 Marc Stevens
http://homepages.cwi.nl/~stevens/

delta_m[11] = [!22!]
Loading workdir6/upperpath.bin.gz...done: 1.
Estimating maxcond for upper bound 262144 (=65536 * 4)...
t=34: 0%   10   20   30   40   50   60   70   80   90   100%
      |----|----|----|----|----|----|----|----|----|----|
e     ***************************************************
Found maxcond = 2176
t=34: 0%   10   20   30   40   50   60   70   80   90   100%
      |----|----|----|----|----|----|----|----|----|----|
      ***************************************************
Q31:	|........ .-...... ........ ........|
Q32:	|........ ........ ........ ........|
Q33:	|........ ........ ........ ........|
Q34:	|........ ........ ........ ........| ok p=1
Q35:	|........ ........ ........ ........| ok p=1
Q36:	|........ ........ ........ ........| ok p=1
Q37:	|........ ........ ........ ........| ok p=1
Q38:	|........ ........ ........ ........| ok p=1
Q39:	|........ ........ ........ ........| ok p=1
Q40:	|........ ........ ........ ........| ok p=1
Q41:	|........ ........ ........ ........| ok p=1
Q42:	|........ ........ ........ ........| ok p=1
Q43:	|........ ........ ........ ........| ok p=1
Q44:	|........ ........ ........ ........| ok p=1
Q45:	|........ ........ ........ ........| ok p=1
Q46:	|........ ........ ........ ........| ok p=1
Q47:	|........ ........ ........ ........| ok p=1
Q48:	|........ ........ ........ ........| ok p=1
Q49:	|........ ........ ........ ........| ok p=1
Q50:	|........ ........ ........ ........| ok p=1
Q51:	|........ ........ ........ ........| ok p=1
Q52:	|........ ........ ........ ........| ok p=1
Q53:	|........ ........ ........ ........| ok p=1
Q54:	|........ ........ ........ ........| ok p=1
Q55:	|........ ........ ........ ........| ok p=1
Q56:	|........ ........ ........ ........| ok p=1
Q57:	|........ ........ ........ ........| ok p=1
Q58:	|........ ........ ........ ........| ok p=1
Q59:	|........ ........ ........ ........| ok p=1
Q60:	|........ ........ ........ .......0| ok p=1
Q61:	|........ ........ ........ ......11| ok p=1
Q62:	|........ ........ ........ ......0+| ok p=1
Q63:	|........ ........ ........ ......+-| ok p=0.996094
Q64:	|........ .+...... ........ .......+|
Saving 1 paths...done.
Autobalance parameters: maxcond=2176
Verified: 0 bad out of 1
Estimating maxcond for upper bound 262144 (=65536 * 4)...
t=33: 0%   10   20   30   40   50   60   70   80   90   100%
      |----|----|----|----|----|----|----|----|----|----|
e     ***************************************************
Found maxcond = 2176
t=33: 0%   10   20   30   40   50   60   70   80   90   100%
      |----|----|----|----|----|----|----|----|----|----|
      ***************************************************
Q30:	|........ .-...... ........ ........|
Q31:	|........ .-...... ........ ........|
Q32:	|........ ........ ........ ........|
Q33:	|........ .!...... ........ ........| ok p=1
Q34:	|........ ........ ........ ........| ok p=1
Q35:	|........ ........ ........ ........| ok p=1
Q36:	|........ ........ ........ ........| ok p=1
Q37:	|........ ........ ........ ........| ok p=1
Q38:	|........ ........ ........ ........| ok p=1
Q39:	|........ ........ ........ ........| ok p=1
Q40:	|........ ........ ........ ........| ok p=1
Q41:	|........ ........ ........ ........| ok p=1
Q42:	|........ ........ ........ ........| ok p=1
Q43:	|........ ........ ........ ........| ok p=1
Q44:	|........ ........ ........ ........| ok p=1
Q45:	|........ ........ ........ ........| ok p=1
Q46:	|........ ........ ........ ........| ok p=1
Q47:	|........ ........ ........ ........| ok p=1
Q48:	|........ ........ ........ ........| ok p=1
Q49:	|........ ........ ........ ........| ok p=1
Q50:	|........ ........ ........ ........| ok p=1
Q51:	|........ ........ ........ ........| ok p=1
Q52:	|........ ........ ........ ........| ok p=1
Q53:	|........ ........ ........ ........| ok p=1
Q54:	|........ ........ ........ ........| ok p=1
Q55:	|........ ........ ........ ........| ok p=1
Q56:	|........ ........ ........ ........| ok p=1
Q57:	|........ ........ ........ ........| ok p=1
Q58:	|........ ........ ........ ........| ok p=1
Q59:	|........ ........ ........ ........| ok p=1
Q60:	|........ ........ ........ .......0| ok p=1
Q61:	|........ ........ ........ ......11| ok p=1
Q62:	|........ ........ ........ ......0+| ok p=1
Q63:	|........ ........ ........ ......+-| ok p=0.999023
Q64:	|........ .+...... ........ .......+|
Saving 3070 paths...done.
Autobalance parameters: maxcond=2176
Verified: 0 bad out of 3070
Estimating maxcond for upper bound 262144 (=65536 * 4)...
t=32: 0%   10   20   30   40   50   60   70   80   90   100%
      |----|----|----|----|----|----|----|----|----|----|
e     ***************************************************
Found maxcond = 25
t=32: 0%   10   20   30   40   50   60   70   80   90   100%
      |----|----|----|----|----|----|----|----|----|----|
      ***************************************************
Q29:	|........ ........ ........ ........|
Q30:	|........ .+...... ........ ........|
Q31:	|........ .-...... ........ ........|
Q32:	|........ ........ ........ ........| ok p=1
Q33:	|........ .^...... ........ ........| ok p=1
Q34:	|........ ........ ........ ........| ok p=1
Q35:	|........ ........ ........ ........| ok p=1
Q36:	|........ ........ ........ ........| ok p=1
Q37:	|........ ........ ........ ........| ok p=1
Q38:	|........ ........ ........ ........| ok p=1
Q39:	|........ ........ ........ ........| ok p=1
Q40:	|........ ........ ........ ........| ok p=1
Q41:	|........ ........ ........ ........| ok p=1
Q42:	|........ ........ ........ ........| ok p=1
Q43:	|........ ........ ........ ........| ok p=1
Q44:	|........ ........ ........ ........| ok p=1
Q45:	|........ ........ ........ ........| ok p=1
Q46:	|........ ........ ........ ........| ok p=1
Q47:	|........ ........ ........ ........| ok p=1
Q48:	|........ ........ ........ ........| ok p=1
Q49:	|........ ........ ........ ........| ok p=1
Q50:	|........ ........ ........ ........| ok p=1
Q51:	|........ ........ ........ ........| ok p=1
Q52:	|........ ........ ........ ........| ok p=1
Q53:	|........ ........ ........ ........| ok p=1
Q54:	|........ ........ ........ ........| ok p=1
Q55:	|........ ........ ........ ........| ok p=1
Q56:	|........ ........ ........ ........| ok p=1
Q57:	|........ ........ ........ ........| ok p=1
Q58:	|........ ........ ........ ........| ok p=1
Q59:	|........ ........ ........ ........| ok p=1
Q60:	|........ ........ ........ .......0| ok p=1
Q61:	|........ ........ ........ ......11| ok p=1
Q62:	|........ ........ ........ ......0+| ok p=1
Q63:	|........ ........ ........ ......+-| ok p=0.998047
Q64:	|........ .+...... ........ .......+|
Saving 65536 paths...done.
Autobalance parameters: maxcond=22
Verified: 0 bad out of 125300
Estimating maxcond for upper bound 262144 (=65536 * 4)...
t=31: 0%   10   20   30   40   50   60   70   80   90   100%
      |----|----|----|----|----|----|----|----|----|----|
e     ***************************************************
Found maxcond = 22
t=31: 0%   10   20   30   40   50   60   70   80   90   100%
      |----|----|----|----|----|----|----|----|----|----|
      ***************************************************
Q28:	|........ .+...... ........ .....+..|
Q29:	|........ ........ ........ ........|
Q30:	|........ .-...... ........ ........|
Q31:	|........ .-...... ........ ........| ok p=1
Q32:	|........ ........ ........ ........| ok p=1
Q33:	|........ .!...... ........ ........| ok p=1
Q34:	|........ ........ ........ ........| ok p=1
Q35:	|........ ........ ........ ........| ok p=1
Q36:	|........ ........ ........ ........| ok p=1
Q37:	|........ ........ ........ ........| ok p=1
Q38:	|........ ........ ........ ........| ok p=1
Q39:	|........ ........ ........ ........| ok p=1
Q40:	|........ ........ ........ ........| ok p=1
Q41:	|........ ........ ........ ........| ok p=1
Q42:	|........ ........ ........ ........| ok p=1
Q43:	|........ ........ ........ ........| ok p=1
Q44:	|........ ........ ........ ........| ok p=1
Q45:	|........ ........ ........ ........| ok p=1
Q46:	|........ ........ ........ ........| ok p=1
Q47:	|........ ........ ........ ........| ok p=1
Q48:	|........ ........ ........ ........| ok p=1
Q49:	|........ ........ ........ ........| ok p=1
Q50:	|........ ........ ........ ........| ok p=1
Q51:	|........ ........ ........ ........| ok p=1
Q52:	|........ ........ ........ ........| ok p=1
Q53:	|........ ........ ........ ........| ok p=1
Q54:	|........ ........ ........ ........| ok p=1
Q55:	|........ ........ ........ ........| ok p=1
Q56:	|........ ........ ........ ........| ok p=1
Q57:	|........ ........ ........ ........| ok p=1
Q58:	|........ ........ ........ ........| ok p=1
Q59:	|........ ........ ........ ........| ok p=1
Q60:	|........ ........ ........ .......0| ok p=1
Q61:	|........ ........ ........ ......11| ok p=1
Q62:	|........ ........ ........ ......0+| ok p=1
Q63:	|........ ........ ........ ......+-| ok p=1
Q64:	|........ .+...... ........ .......+|
Saving 65536 paths...done.
Autobalance parameters: maxcond=20
Verified: 0 bad out of 115708
Estimating maxcond for upper bound 262144 (=65536 * 4)...
t=30: 0%   10   20   30   40   50   60   70   80   90   100%
      |----|----|----|----|----|----|----|----|----|----|
e     ***************************************************
Found maxcond = 22
t=30: 0%   10   20   30   40   50   60   70   80   90   100%
      |----|----|----|----|----|----|----|----|----|----|
      ***************************************************
Q27:	|........ ........ ......-. ........|
Q28:	|........ .-...... ........ .....+..|
Q29:	|........ .0...... ........ ........|
Q30:	|........ .+...... ........ .....^..| ok p=0.996094
Q31:	|........ .-...... ........ ........| ok p=1
Q32:	|........ ........ ........ ........| ok p=1
Q33:	|........ .^...... ........ ........| ok p=1
Q34:	|........ ........ ........ ........| ok p=1
Q35:	|........ ........ ........ ........| ok p=1
Q36:	|........ ........ ........ ........| ok p=1
Q37:	|........ ........ ........ ........| ok p=1
Q38:	|........ ........ ........ ........| ok p=1
Q39:	|........ ........ ........ ........| ok p=1
Q40:	|........ ........ ........ ........| ok p=1
Q41:	|........ ........ ........ ........| ok p=1
Q42:	|........ ........ ........ ........| ok p=1
Q43:	|........ ........ ........ ........| ok p=1
Q44:	|........ ........ ........ ........| ok p=1
Q45:	|........ ........ ........ ........| ok p=1
Q46:	|........ ........ ........ ........| ok p=1
Q47:	|........ ........ ........ ........| ok p=1
Q48:	|........ ........ ........ ........| ok p=1
Q49:	|........ ........ ........ ........| ok p=1
Q50:	|........ ........ ........ ........| ok p=1
Q51:	|........ ........ ........ ........| ok p=1
Q52:	|........ ........ ........ ........| ok p=1
Q53:	|........ ........ ........ ........| ok p=1
Q54:	|........ ........ ........ ........| ok p=1
Q55:	|........ ........ ........ ........| ok p=1
Q56:	|........ ........ ........ ........| ok p=1
Q57:	|........ ........ ........ ........| ok p=1
Q58:	|........ ........ ........ ........| ok p=1
Q59:	|........ ........ ........ ........| ok p=1
Q60:	|........ ........ ........ .......0| ok p=1
Q61:	|........ ........ ........ ......11| ok p=1
Q62:	|........ ........ ........ ......0+| ok p=1
Q63:	|........ ........ ........ ......+-| ok p=0.999023
Q64:	|........ .+...... ........ .......+|
Saving 65536 paths...done.
Autobalance parameters: maxcond=19
Verified: 0 bad out of 134213
Runtime: 6.422
Extend MD5 differential paths backward
Copyright (C) 2009 Marc Stevens
http://homepages.cwi.nl/~stevens/

delta_m[11] = [!22!]
Loading workdir6/paths30_0of1...done: 65536 (work:65536).
Estimating maxcond for upper bound 400000 (=100000 * 4)...
t=29: 0%   10   20   30   40   50   60   70   80   90   100%
      |----|----|----|----|----|----|----|----|----|----|
e     ***************************************************
Found maxcond = 23
t=29: 0%   10   20   30   40   50   60   70   80   90   100%
      |----|----|----|----|----|----|----|----|----|----|
      ***************************************************
Q26:	|........ .-...... ..-..... ........|
Q27:	|........ .+...... ........ .....1..|
Q28:	|........ .+...... ........ .....+..|
Q29:	|........ .1...... ........ ........| ok p=1
Q30:	|........ .-...... ........ .....^..| ok p=1
Q31:	|........ .-...... ........ ........| ok p=0.999023
Q32:	|........ ........ ........ ........| ok p=1
Q33:	|........ .!...... ........ ........| ok p=1
Q34:	|........ ........ ........ ........| ok p=1
Q35:	|........ ........ ........ ........| ok p=1
Q36:	|........ ........ ........ ........| ok p=1
Q37:	|........ ........ ........ ........| ok p=1
Q38:	|........ ........ ........ ........| ok p=1
Q39:	|........ ........ ........ ........| ok p=1
Q40:	|........ ........ ........ ........| ok p=1
Q41:	|........ ........ ........ ........| ok p=1
Q42:	|........ ........ ........ ........| ok p=1
Q43:	|........ ........ ........ ........| ok p=1
Q44:	|........ ........ ........ ........| ok p=1
Q45:	|........ ........ ........ ........| ok p=1
Q46:	|........ ........ ........ ........| ok p=1
Q47:	|........ ........ ........ ........| ok p=1
Q48:	|........ ........ ........ ........| ok p=1
Q49:	|........ ........ ........ ........| ok p=1
Q50:	|........ ........ ........ ........| ok p=1
Q51:	|........ ........ ........ ........| ok p=1
Q52:	|........ ........ ........ ........| ok p=1
Q53:	|........ ........ ........ ........| ok p=1
Q54:	|........ ........ ........ ........| ok p=1
Q55:	|........ ........ ........ ........| ok p=1
Q56:	|........ ........ ........ ........| ok p=1
Q57:	|........ ........ ........ ........| ok p=1
Q58:	|........ ........ ........ ........| ok p=1
Q59:	|........ ........ ........ ........| ok p=1
Q60:	|........ ........ ........ .......0| ok p=1
Q61:	|........ ........ ........ ......11| ok p=1
Q62:	|........ ........ ........ ......0+| ok p=1
Q63:	|........ ........ ........ ......+-| ok p=0.999023
Q64:	|........ .+...... ........ .......+|
Saving 100000 paths...done.
Autobalance parameters: maxcond=21
Verified: 0 bad out of 158754
Estimating maxcond for upper bound 400000 (=100000 * 4)...
t=28: 0%   10   20   30   40   50   60   70   80   90   100%
      |----|----|----|----|----|----|----|----|----|----|
e     ***************************************************
Found maxcond = 25
t=28: 0%   10   20   30   40   50   60   70   80   90   100%
      |----|----|----|----|----|----|----|----|----|----|
      ***************************************************
Q25:	|..-..... .-....-. ........ ........|
Q26:	|........ .-...... ..-..... .....-..|
Q27:	|........ .+...... ........ .....0..|
Q28:	|........ .+...... ..^..... .....+..| ok p=0.854492
Q29:	|........ .1...... ........ ........| ok p=0.998047
Q30:	|........ .-...... ........ .....^..| ok p=1
Q31:	|........ .-...... ........ ........| ok p=1
Q32:	|........ ........ ........ ........| ok p=1
Q33:	|........ .!...... ........ ........| ok p=1
Q34:	|........ ........ ........ ........| ok p=1
Q35:	|........ ........ ........ ........| ok p=1
Q36:	|........ ........ ........ ........| ok p=1
Q37:	|........ ........ ........ ........| ok p=1
Q38:	|........ ........ ........ ........| ok p=1
Q39:	|........ ........ ........ ........| ok p=1
Q40:	|........ ........ ........ ........| ok p=1
Q41:	|........ ........ ........ ........| ok p=1
Q42:	|........ ........ ........ ........| ok p=1
Q43:	|........ ........ ........ ........| ok p=1
Q44:	|........ ........ ........ ........| ok p=1
Q45:	|........ ........ ........ ........| ok p=1
Q46:	|........ ........ ........ ........| ok p=1
Q47:	|........ ........ ........ ........| ok p=1
Q48:	|........ ........ ........ ........| ok p=1
Q49:	|........ ........ ........ ........| ok p=1
Q50:	|........ ........ ........ ........| ok p=1
Q51:	|........ ........ ........ ........| ok p=1
Q52:	|........ ........ ........ ........| ok p=1
Q53:	|........ ........ ........ ........| ok p=1
Q54:	|........ ........ ........ ........| ok p=1
Q55:	|........ ........ ........ ........| ok p=1
Q56:	|........ ........ ........ ........| ok p=1
Q57:	|........ ........ ........ ........| ok p=1
Q58:	|........ ........ ........ ........| ok p=1
Q59:	|........ ........ ........ ........| ok p=1
Q60:	|........ ........ ........ .......0| ok p=1
Q61:	|........ ........ ........ ......11| ok p=1
Q62:	|........ ........ ........ ......0+| ok p=1
Q63:	|........ ........ ........ ......+-| ok p=0.999023
Q64:	|........ .+...... ........ .......+|
Saving 100000 paths...done.
Autobalance parameters: maxcond=23
Verified: 0 bad out of 166831
Estimating maxcond for upper bound 400000 (=100000 * 4)...
t=27: 0%   10   20   30   40   50   60   70   80   90   100%
      |----|----|----|----|----|----|----|----|----|----|
e     ***************************************************
Found maxcond = 28
t=27: 0%   10   20   30   40   50   60   70   80   90   100%
      |----|----|----|----|----|----|----|----|----|----|
      ***************************************************
Q24:	|........ ........ .+...... .....+..|
Q25:	|..-..... ......-. ..1..... ........|
Q26:	|........ .0...... ..-..... .....0..|
Q27:	|..^..... .1....^. ........ .....1..| ok p=0.998047
Q28:	|........ .+...... ..^..... .....+..| ok p=0.862305
Q29:	|........ .0...... ........ ........| ok p=1
Q30:	|........ .-...... ........ .....^..| ok p=1
Q31:	|........ .-...... ........ ........| ok p=0.998047
Q32:	|........ ........ ........ ........| ok p=1
Q33:	|........ .!...... ........ ........| ok p=1
Q34:	|........ ........ ........ ........| ok p=1
Q35:	|........ ........ ........ ........| ok p=1
Q36:	|........ ........ ........ ........| ok p=1
Q37:	|........ ........ ........ ........| ok p=1
Q38:	|........ ........ ........ ........| ok p=1
Q39:	|........ ........ ........ ........| ok p=1
Q40:	|........ ........ ........ ........| ok p=1
Q41:	|........ ........ ........ ........| ok p=1
Q42:	|........ ........ ........ ........| ok p=1
Q43:	|........ ........ ........ ........| ok p=1
Q44:	|........ ........ ........ ........| ok p=1
Q45:	|........ ........ ........ ........| ok p=1
Q46:	|........ ........ ........ ........| ok p=1
Q47:	|........ ........ ........ ........| ok p=1
Q48:	|........ ........ ........ ........| ok p=1
Q49:	|........ ........ ........ ........| ok p=1
Q50:	|........ ........ ........ ........| ok p=1
Q51:	|........ ........ ........ ........| ok p=1
Q52:	|........ ........ ........ ........| ok p=1
Q53:	|........ ........ ........ ........| ok p=1
Q54:	|........ ........ ........ ........| ok p=1
Q55:	|........ ........ ........ ........| ok p=1
Q56:	|........ ........ ........ ........| ok p=1
Q57:	|........ ........ ........ ........| ok p=1
Q58:	|........ ........ ........ ........| ok p=1
Q59:	|........ ........ ........ ........| ok p=1
Q60:	|........ ........ ........ .......0| ok p=1
Q61:	|........ ........ ........ ......11| ok p=1
Q62:	|........ ........ ........ ......0+| ok p=1
Q63:	|........ ........ ........ ......+-| ok p=1
Q64:	|........ .+...... ........ .......+|
Saving 100000 paths...done.
Autobalance parameters: maxcond=26
Verified: 0 bad out of 173000
Estimating maxcond for upper bound 400000 (=100000 * 4)...
t=26: 0%   10   20   30   40   50   60   70   80   90   100%
      |----|----|----|----|----|----|----|----|----|----|
e     ***************************************************
Found maxcond = 30
t=26: 0%   10   20   30   40   50   60   70   80   90   100%
      |----|----|----|----|----|----|----|----|----|----|
      ***************************************************
Q23:	|+....... ..+..... ........ .....+..|
Q24:	|..1..... ......1. ..0..... .....+..|
Q25:	|..-..... ......-. ..1..... .....-..|
Q26:	|........ .0...... ..-..... .....-..| ok p=0.496094
Q27:	|..^..... .1....^. ........ .....+..| ok p=1
Q28:	|........ .+...... ..^..... .....+..| ok p=0.890625
Q29:	|........ .0...... ........ .....1..| ok p=0.999023
Q30:	|........ .-...... ........ .....0..| ok p=1
Q31:	|........ .-...... ........ ........| ok p=1
Q32:	|........ ........ ........ ........| ok p=1
Q33:	|........ .!...... ........ ........| ok p=1
Q34:	|........ ........ ........ ........| ok p=1
Q35:	|........ ........ ........ ........| ok p=1
Q36:	|........ ........ ........ ........| ok p=1
Q37:	|........ ........ ........ ........| ok p=1
Q38:	|........ ........ ........ ........| ok p=1
Q39:	|........ ........ ........ ........| ok p=1
Q40:	|........ ........ ........ ........| ok p=1
Q41:	|........ ........ ........ ........| ok p=1
Q42:	|........ ........ ........ ........| ok p=1
Q43:	|........ ........ ........ ........| ok p=1
Q44:	|........ ........ ........ ........| ok p=1
Q45:	|........ ........ ........ ........| ok p=1
Q46:	|........ ........ ........ ........| ok p=1
Q47:	|........ ........ ........ ........| ok p=1
Q48:	|........ ........ ........ ........| ok p=1
Q49:	|........ ........ ........ ........| ok p=1
Q50:	|........ ........ ........ ........| ok p=1
Q51:	|........ ........ ........ ........| ok p=1
Q52:	|........ ........ ........ ........| ok p=1
Q53:	|........ ........ ........ ........| ok p=1
Q54:	|........ ........ ........ ........| ok p=1
Q55:	|........ ........ ........ ........| ok p=1
Q56:	|........ ........ ........ ........| ok p=1
Q57:	|........ ........ ........ ........| ok p=1
Q58:	|........ ........ ........ ........| ok p=1
Q59:	|........ ........ ........ ........| ok p=1
Q60:	|........ ........ ........ .......0| ok p=1
Q61:	|........ ........ ........ ......11| ok p=1
Q62:	|........ ........ ........ ......0+| ok p=1
Q63:	|........ ........ ........ ......+-| ok p=0.998047
Q64:	|........ .+...... ........ .......+|
Saving 100000 paths...done.
Autobalance parameters: maxcond=29
Verified: 0 bad out of 138652
Estimating maxcond for upper bound 400000 (=100000 * 4)...
t=25: 0%   10   20   30   40   50   60   70   80   90   100%
      |----|----|----|----|----|----|----|----|----|----|
e     ***************************************************
Found maxcond = 36
t=25: 0%   10   20   30   40   50   60   70   80   90   100%
      |----|----|----|----|----|----|----|----|----|----|
      ***************************************************
Q22:	|......+. ...+.... .......+ ...-.-..|
Q23:	|+.0..... ......0. .1...... .....0..|
Q24:	|..1..... ......1. .+0..... .....+..|
Q25:	|^.-..... ......-. ..1..... .....-..| ok p=0.887695
Q26:	|........ .0...... .^-..... .....1..| ok p=0.510742
Q27:	|..^..... .1....^. ........ .....1..| ok p=0.998047
Q28:	|........ .+...... ..^..... .....+..| ok p=0.861328
Q29:	|........ .0...... ........ ........| ok p=1
Q30:	|........ .-...... ........ .....^..| ok p=1
Q31:	|........ .-...... ........ ........| ok p=1
Q32:	|........ ........ ........ ........| ok p=1
Q33:	|........ .!...... ........ ........| ok p=1
Q34:	|........ ........ ........ ........| ok p=1
Q35:	|........ ........ ........ ........| ok p=1
Q36:	|........ ........ ........ ........| ok p=1
Q37:	|........ ........ ........ ........| ok p=1
Q38:	|........ ........ ........ ........| ok p=1
Q39:	|........ ........ ........ ........| ok p=1
Q40:	|........ ........ ........ ........| ok p=1
Q41:	|........ ........ ........ ........| ok p=1
Q42:	|........ ........ ........ ........| ok p=1
Q43:	|........ ........ ........ ........| ok p=1
Q44:	|........ ........ ........ ........| ok p=1
Q45:	|........ ........ ........ ........| ok p=1
Q46:	|........ ........ ........ ........| ok p=1
Q47:	|........ ........ ........ ........| ok p=1
Q48:	|........ ........ ........ ........| ok p=1
Q49:	|........ ........ ........ ........| ok p=1
Q50:	|........ ........ ........ ........| ok p=1
Q51:	|........ ........ ........ ........| ok p=1
Q52:	|........ ........ ........ ........| ok p=1
Q53:	|........ ........ ........ ........| ok p=1
Q54:	|........ ........ ........ ........| ok p=1
Q55:	|........ ........ ........ ........| ok p=1
Q56:	|........ ........ ........ ........| ok p=1
Q57:	|........ ........ ........ ........| ok p=1
Q58:	|........ ........ ........ ........| ok p=1
Q59:	|........ ........ ........ ........| ok p=1
Q60:	|........ ........ ........ .......0| ok p=1
Q61:	|........ ........ ........ ......11| ok p=1
Q62:	|........ ........ ........ ......0+| ok p=1
Q63:	|........ ........ ........ ......+-| ok p=1
Q64:	|........ .+...... ........ .......+|
Saving 100000 paths...done.
Autobalance parameters: maxcond=34
Verified: 0 bad out of 184326
Estimating maxcond for upper bound 400000 (=100000 * 4)...
t=24: 0%   10   20   30   40   50   60   70   80   90   100%
      |----|----|----|----|----|----|----|----|----|----|
e     ***************************************************
Found maxcond = 44
t=24: 0%   10   20   30   40   50   60   70   80   90   100%
      |----|----|----|----|----|----|----|----|----|----|
      ***************************************************
Q21:	|.-.....- ........ ...-.... .....-..|
Q22:	|1....... ..1+.... .......+ ...-....|
Q23:	|-.0..... ..+...0. ........ .....+..|
Q24:	|..1..... ...^..1. ..0....^ ...^.+..| ok p=0.544922
Q25:	|^.-..... ..^...-. ..1..... .....-..| ok p=0.866211
Q26:	|........ .0...... ..-..... .....-..| ok p=0.506836
Q27:	|..^..... .1....^. ........ .....+..| ok p=1
Q28:	|........ .+...... ..^..... .....+..| ok p=0.905273
Q29:	|........ .0...... ........ .....1..| ok p=1
Q30:	|........ .-...... ........ .....0..| ok p=1
Q31:	|........ .-...... ........ ........| ok p=0.998047
Q32:	|........ ........ ........ ........| ok p=1
Q33:	|........ .!...... ........ ........| ok p=1
Q34:	|........ ........ ........ ........| ok p=1
Q35:	|........ ........ ........ ........| ok p=1
Q36:	|........ ........ ........ ........| ok p=1
Q37:	|........ ........ ........ ........| ok p=1
Q38:	|........ ........ ........ ........| ok p=1
Q39:	|........ ........ ........ ........| ok p=1
Q40:	|........ ........ ........ ........| ok p=1
Q41:	|........ ........ ........ ........| ok p=1
Q42:	|........ ........ ........ ........| ok p=1
Q43:	|........ ........ ........ ........| ok p=1
Q44:	|........ ........ ........ ........| ok p=1
Q45:	|........ ........ ........ ........| ok p=1
Q46:	|........ ........ ........ ........| ok p=1
Q47:	|........ ........ ........ ........| ok p=1
Q48:	|........ ........ ........ ........| ok p=1
Q49:	|........ ........ ........ ........| ok p=1
Q50:	|........ ........ ........ ........| ok p=1
Q51:	|........ ........ ........ ........| ok p=1
Q52:	|........ ........ ........ ........| ok p=1
Q53:	|........ ........ ........ ........| ok p=1
Q54:	|........ ........ ........ ........| ok p=1
Q55:	|........ ........ ........ ........| ok p=1
Q56:	|........ ........ ........ ........| ok p=1
Q57:	|........ ........ ........ ........| ok p=1
Q58:	|........ ........ ........ ........| ok p=1
Q59:	|........ ........ ........ ........| ok p=1
Q60:	|........ ........ ........ .......0| ok p=1
Q61:	|........ ........ ........ ......11| ok p=1
Q62:	|........ ........ ........ ......0+| ok p=1
Q63:	|........ ........ ........ ......+-| ok p=0.998047
Q64:	|........ .+...... ........ .......+|
Saving 100000 paths...done.
Autobalance parameters: maxcond=42
Verified: 0 bad out of 183396
Estimating maxcond for upper bound 400000 (=100000 * 4)...
t=23: 0%   10   20   30   40   50   60   70   80   90   100%
      |----|----|----|----|----|----|----|----|----|----|
e     ***************************************************
Found maxcond = 52
t=23: 0%   10   20   30   40   50   60   70   80   90   100%
      |----|----|----|----|----|----|----|----|----|----|
      ***************************************************
Q20:	|+.-..... ........ .....+.. ........|
Q21:	|+.....1. ...1.... ...-...1 ...1....|
Q22:	|0.+...+. ...+.... .......+ ...-....|
Q23:	|+.+..... ......0. ...^.... ........| ok p=0.751953
Q24:	|..-...^. ...^..1. ..0....^ ...^.0..| ok p=1
Q25:	|^.-..... ......-. ..1..... ........| ok p=0.868164
Q26:	|..1..... .0...... ..-..... ....0+..| ok p=0.509766
Q27:	|..0..... .1....^. ........ ....1+..| ok p=0.998047
Q28:	|........ .+...... ..^..... ....+-..| ok p=0.90918
Q29:	|........ .0...... ........ .....0..| ok p=0.996094
Q30:	|........ .-...... ........ ....^1..| ok p=1
Q31:	|........ .-...... ........ ........| ok p=0.999023
Q32:	|........ ........ ........ ........| ok p=1
Q33:	|........ .!...... ........ ........| ok p=1
Q34:	|........ ........ ........ ........| ok p=1
Q35:	|........ ........ ........ ........| ok p=1
Q36:	|........ ........ ........ ........| ok p=1
Q37:	|........ ........ ........ ........| ok p=1
Q38:	|........ ........ ........ ........| ok p=1
Q39:	|........ ........ ........ ........| ok p=1
Q40:	|........ ........ ........ ........| ok p=1
Q41:	|........ ........ ........ ........| ok p=1
Q42:	|........ ........ ........ ........| ok p=1
Q43:	|........ ........ ........ ........| ok p=1
Q44:	|........ ........ ........ ........| ok p=1
Q45:	|........ ........ ........ ........| ok p=1
Q46:	|........ ........ ........ ........| ok p=1
Q47:	|........ ........ ........ ........| ok p=1
Q48:	|........ ........ ........ ........| ok p=1
Q49:	|........ ........ ........ ........| ok p=1
Q50:	|........ ........ ........ ........| ok p=1
Q51:	|........ ........ ........ ........| ok p=1
Q52:	|........ ........ ........ ........| ok p=1
Q53:	|........ ........ ........ ........| ok p=1
Q54:	|........ ........ ........ ........| ok p=1
Q55:	|........ ........ ........ ........| ok p=1
Q56:	|........ ........ ........ ........| ok p=1
Q57:	|........ ........ ........ ........| ok p=1
Q58:	|........ ........ ........ ........| ok p=1
Q59:	|........ ........ ........ ........| ok p=1
Q60:	|........ ........ ........ .......0| ok p=1
Q61:	|........ ........ ........ ......11| ok p=1
Q62:	|........ ........ ........ ......0+| ok p=1
Q63:	|........ ........ ........ ......+-| ok p=1
Q64:	|........ .+...... ........ .......+|
Saving 100000 paths...done.
Autobalance parameters: maxcond=51
Verified: 0 bad out of 113171
Estimating maxcond for upper bound 400000 (=100000 * 4)...
t=22: 0%   10   20   30   40   50   60   70   80   90   100%
      |----|----|----|----|----|----|----|----|----|----|
e     ***************************************************
Found maxcond = 59
t=22: 0%   10   20   30   40   50   60   70   80   90   100%
      |----|----|----|----|----|----|----|----|----|----|
      ***************************************************
Q19:	|..-..-.. .+....-. ....-... .-......|
Q20:	|......-. ...0.... ...1.+.0 ...0....|
Q21:	|.0+...0. ...1.... ...-...1 ...1....|
Q22:	|.1+...+. ...+.... .....^.+ ...-....| ok p=0.490234
Q23:	|.--..... ......0. ...^.... ........| ok p=0.743164
Q24:	|..-...^. ...^..1. ..0....^ ...^.0..| ok p=1
Q25:	|.^-..... ......-. ..1..... ........| ok p=0.868164
Q26:	|..1..... .0...... ..-..... ....0+..| ok p=0.473633
Q27:	|..0..... .1....^. ........ ....1+..| ok p=0.999023
Q28:	|........ .+...... ..^..... ....+-..| ok p=0.90918
Q29:	|........ .0...... ........ .....0..| ok p=1
Q30:	|........ .-...... ........ ....^1..| ok p=1
Q31:	|........ .-...... ........ ........| ok p=0.999023
Q32:	|........ ........ ........ ........| ok p=1
Q33:	|........ .!...... ........ ........| ok p=1
Q34:	|........ ........ ........ ........| ok p=1
Q35:	|........ ........ ........ ........| ok p=1
Q36:	|........ ........ ........ ........| ok p=1
Q37:	|........ ........ ........ ........| ok p=1
Q38:	|........ ........ ........ ........| ok p=1
Q39:	|........ ........ ........ ........| ok p=1
Q40:	|........ ........ ........ ........| ok p=1
Q41:	|........ ........ ........ ........| ok p=1
Q42:	|........ ........ ........ ........| ok p=1
Q43:	|........ ........ ........ ........| ok p=1
Q44:	|........ ........ ........ ........| ok p=1
Q45:	|........ ........ ........ ........| ok p=1
Q46:	|........ ........ ........ ........| ok p=1
Q47:	|........ ........ ........ ........| ok p=1
Q48:	|........ ........ ........ ........| ok p=1
Q49:	|........ ........ ........ ........| ok p=1
Q50:	|........ ........ ........ ........| ok p=1
Q51:	|........ ........ ........ ........| ok p=1
Q52:	|........ ........ ........ ........| ok p=1
Q53:	|........ ........ ........ ........| ok p=1
Q54:	|........ ........ ........ ........| ok p=1
Q55:	|........ ........ ........ ........| ok p=1
Q56:	|........ ........ ........ ........| ok p=1
Q57:	|........ ........ ........ ........| ok p=1
Q58:	|........ ........ ........ ........| ok p=1
Q59:	|........ ........ ........ ........| ok p=1
Q60:	|........ ........ ........ .......0| ok p=1
Q61:	|........ ........ ........ ......11| ok p=1
Q62:	|........ ........ ........ ......0+| ok p=1
Q63:	|........ ........ ........ ......+-| ok p=0.998047
Q64:	|........ .+...... ........ .......+|
Saving 100000 paths...done.
Autobalance parameters: maxcond=58
Verified: 0 bad out of 142616
Estimating maxcond for upper bound 400000 (=100000 * 4)...
t=21: 0%   10   20   30   40   50   60   70   80   90   100%
      |----|----|----|----|----|----|----|----|----|----|
e     ***************************************************
Found maxcond = 70
t=21: 0%   10   20   30   40   50   60   70   80   90   100%
      |----|----|----|----|----|----|----|----|----|----|
      ***************************************************
Q18:	|+...-..+ ......+. -.+.-... ....+...|
Q19:	|......-- .+....-. ....+... .-......|
Q20:	|......-0 ...0.... ...-+..0 ...0....|
Q21:	|0.....0- .^.1..^. ...-0..1 .^.1....| ok p=0.548828
Q22:	|1.....+. ...+.... ...1^..+ ...-....| ok p=0.642578
Q23:	|-.0....^ ......0. ...0.... ........| ok p=0.506836
Q24:	|..1...^. ...^..1. ..0....^ ...^.0..| ok p=0.745117
Q25:	|^.-..... ......-. ..1..... ........| ok p=0.867188
Q26:	|........ .0...... ..-..... ....0+..| ok p=0.5
Q27:	|..^..... .1....^. ........ ....1+..| ok p=0.998047
Q28:	|........ .+...... ..^..... ....+-..| ok p=0.912109
Q29:	|........ .0...... ........ .....0..| ok p=0.998047
Q30:	|........ .-...... ........ ....^1..| ok p=1
Q31:	|........ .-...... ........ ........| ok p=0.998047
Q32:	|........ ........ ........ ........| ok p=1
Q33:	|........ .!...... ........ ........| ok p=1
Q34:	|........ ........ ........ ........| ok p=1
Q35:	|........ ........ ........ ........| ok p=1
Q36:	|........ ........ ........ ........| ok p=1
Q37:	|........ ........ ........ ........| ok p=1
Q38:	|........ ........ ........ ........| ok p=1
Q39:	|........ ........ ........ ........| ok p=1
Q40:	|........ ........ ........ ........| ok p=1
Q41:	|........ ........ ........ ........| ok p=1
Q42:	|........ ........ ........ ........| ok p=1
Q43:	|........ ........ ........ ........| ok p=1
Q44:	|........ ........ ........ ........| ok p=1
Q45:	|........ ........ ........ ........| ok p=1
Q46:	|........ ........ ........ ........| ok p=1
Q47:	|........ ........ ........ ........| ok p=1
Q48:	|........ ........ ........ ........| ok p=1
Q49:	|........ ........ ........ ........| ok p=1
Q50:	|........ ........ ........ ........| ok p=1
Q51:	|........ ........ ........ ........| ok p=1
Q52:	|........ ........ ........ ........| ok p=1
Q53:	|........ ........ ........ ........| ok p=1
Q54:	|........ ........ ........ ........| ok p=1
Q55:	|........ ........ ........ ........| ok p=1
Q56:	|........ ........ ........ ........| ok p=1
Q57:	|........ ........ ........ ........| ok p=1
Q58:	|........ ........ ........ ........| ok p=1
Q59:	|........ ........ ........ ........| ok p=1
Q60:	|........ ........ ........ .......0| ok p=1
Q61:	|........ ........ ........ ......11| ok p=1
Q62:	|........ ........ ........ ......0+| ok p=1
Q63:	|........ ........ ........ ......+-| ok p=1
Q64:	|........ .+...... ........ .......+|
Saving 100000 paths...done.
Autobalance parameters: maxcond=69
Verified: 0 bad out of 117149
Runtime: 23.5542
Extend MD5 differential paths backward
Copyright (C) 2009 Marc Stevens
http://homepages.cwi.nl/~stevens/

delta_m[11] = [!22!]
Loading workdir6/paths21_0of1...done: 100000 (work:100000).
Estimating maxcond for upper bound 65536 (=16384 * 4)...
t=20: 0%   10   20   30   40   50   60   70   80   90   100%
      |----|----|----|----|----|----|----|----|----|----|
e     ***************************************************
Found maxcond = 83
t=20: 0%   10   20   30   40   50   60   70   80   90   100%
      |----|----|----|----|----|----|----|----|----|----|
      ***************************************************
Q17:	|.....+.- ....+... ....-... .+.+....|
Q18:	|....-..+ .1....+. -....... .1..+...|
Q19:	|......-- .+....-. ...0+..- .-......|
Q20:	|....^.-0 ...0..1. ^..0+..- ...0^...| ok p=0.990234
Q21:	|0.....0- .^.1..^. ...-1..+ .^.1....| ok p=0.936523
Q22:	|1.....+. ...+.... ....^..+ ...-....| ok p=0.597656
Q23:	|-.0....^ ......0. ...^...1 ........| ok p=0.479492
Q24:	|..1...^. ...^..1. ..0....0 ...^.0..| ok p=0.756836
Q25:	|^.-..... ......-. ..1..... ........| ok p=0.868164
Q26:	|........ .0...... ..-..... ....0+..| ok p=0.501953
Q27:	|..^..... .1....^. ........ ....1+..| ok p=1
Q28:	|........ .+...... ..^..... ....+-..| ok p=0.898438
Q29:	|........ .0...... ........ .....0..| ok p=1
Q30:	|........ .-...... ........ ....^1..| ok p=1
Q31:	|........ .-...... ........ ........| ok p=1
Q32:	|........ ........ ........ ........| ok p=1
Q33:	|........ .!...... ........ ........| ok p=1
Q34:	|........ ........ ........ ........| ok p=1
Q35:	|........ ........ ........ ........| ok p=1
Q36:	|........ ........ ........ ........| ok p=1
Q37:	|........ ........ ........ ........| ok p=1
Q38:	|........ ........ ........ ........| ok p=1
Q39:	|........ ........ ........ ........| ok p=1
Q40:	|........ ........ ........ ........| ok p=1
Q41:	|........ ........ ........ ........| ok p=1
Q42:	|........ ........ ........ ........| ok p=1
Q43:	|........ ........ ........ ........| ok p=1
Q44:	|........ ........ ........ ........| ok p=1
Q45:	|........ ........ ........ ........| ok p=1
Q46:	|........ ........ ........ ........| ok p=1
Q47:	|........ ........ ........ ........| ok p=1
Q48:	|........ ........ ........ ........| ok p=1
Q49:	|........ ........ ........ ........| ok p=1
Q50:	|........ ........ ........ ........| ok p=1
Q51:	|........ ........ ........ ........| ok p=1
Q52:	|........ ........ ........ ........| ok p=1
Q53:	|........ ........ ........ ........| ok p=1
Q54:	|........ ........ ........ ........| ok p=1
Q55:	|........ ........ ........ ........| ok p=1
Q56:	|........ ........ ........ ........| ok p=1
Q57:	|........ ........ ........ ........| ok p=1
Q58:	|........ ........ ........ ........| ok p=1
Q59:	|........ ........ ........ ........| ok p=1
Q60:	|........ ........ ........ .......0| ok p=1
Q61:	|........ ........ ........ ......11| ok p=1
Q62:	|........ ........ ........ ......0+| ok p=1
Q63:	|........ ........ ........ ......+-| ok p=0.999023
Q64:	|........ .+...... ........ .......+|
Saving 16384 paths...done.
Autobalance parameters: maxcond=81
Verified: 0 bad out of 31331
Runtime: 5.45925
Extend MD5 differential paths backward
Copyright (C) 2009 Marc Stevens
http://homepages.cwi.nl/~stevens/

delta_m[11] = [!22!]
Loading workdir6/paths20_0of1...done: 16384 (work:16384).
Estimating maxcond for upper bound 2000000 (=500000 * 4)...
t=19: 0%   10   20   30   40   50   60   70   80   90   100%
      |----|----|----|----|----|----|----|----|----|----|
e     ***************************************************
Found maxcond = 95
t=19: 0%   10   20   30   40   50   60   70   80   90   100%
      |----|----|----|----|----|----|----|----|----|----|
      ***************************************************
Q16:	|..+..+.- ......+. ....-... .+...-..|
Q17:	|1....... .-..-.0. 1....... .0..1...|
Q18:	|+....-.. .0....+. -...+... .0..+...|
Q19:	|.....-.0 .+..^.-. ...0+... .-......| ok p=0.855469
Q20:	|^....001 ...0..1. ^..0-..0 ...0^...| ok p=1
Q21:	|0....11- .^.1..^. ...-1..1 .^.1....| ok p=0.574219
Q22:	|1.....+. ...+.... ....^..+ ...-....| ok p=0.588867
Q23:	|-.0....^ ......0. ...^.... ........| ok p=0.5
Q24:	|..1...^. ...^..1. ..0....^ ...^.0..| ok p=0.75293
Q25:	|^.-..... ......-. ..1..... ........| ok p=0.878906
Q26:	|........ .0...... ..-..... ....0+..| ok p=0.472656
Q27:	|..^..... .1....^. ........ ....1+..| ok p=0.998047
Q28:	|........ .+...... ..^..... ....+-..| ok p=0.900391
Q29:	|........ .0...... ........ .....0..| ok p=1
Q30:	|........ .-...... ........ ....^1..| ok p=1
Q31:	|........ .-...... ........ ........| ok p=1
Q32:	|........ ........ ........ ........| ok p=1
Q33:	|........ .!...... ........ ........| ok p=1
Q34:	|........ ........ ........ ........| ok p=1
Q35:	|........ ........ ........ ........| ok p=1
Q36:	|........ ........ ........ ........| ok p=1
Q37:	|........ ........ ........ ........| ok p=1
Q38:	|........ ........ ........ ........| ok p=1
Q39:	|........ ........ ........ ........| ok p=1
Q40:	|........ ........ ........ ........| ok p=1
Q41:	|........ ........ ........ ........| ok p=1
Q42:	|........ ........ ........ ........| ok p=1
Q43:	|........ ........ ........ ........| ok p=1
Q44:	|........ ........ ........ ........| ok p=1
Q45:	|........ ........ ........ ........| ok p=1
Q46:	|........ ........ ........ ........| ok p=1
Q47:	|........ ........ ........ ........| ok p=1
Q48:	|........ ........ ........ ........| ok p=1
Q49:	|........ ........ ........ ........| ok p=1
Q50:	|........ ........ ........ ........| ok p=1
Q51:	|........ ........ ........ ........| ok p=1
Q52:	|........ ........ ........ ........| ok p=1
Q53:	|........ ........ ........ ........| ok p=1
Q54:	|........ ........ ........ ........| ok p=1
Q55:	|........ ........ ........ ........| ok p=1
Q56:	|........ ........ ........ ........| ok p=1
Q57:	|........ ........ ........ ........| ok p=1
Q58:	|........ ........ ........ ........| ok p=1
Q59:	|........ ........ ........ ........| ok p=1
Q60:	|........ ........ ........ .......0| ok p=1
Q61:	|........ ........ ........ ......11| ok p=1
Q62:	|........ ........ ........ ......0+| ok p=1
Q63:	|........ ........ ........ ......+-| ok p=1
Q64:	|........ .+...... ........ .......+|
Saving 500000 paths...done.
Autobalance parameters: maxcond=93
Verified: 0 bad out of 880802
Estimating maxcond for upper bound 2000000 (=500000 * 4)...
t=18: 0%   10   20   30   40   50   60   70   80   90   100%
      |----|----|----|----|----|----|----|----|----|----|
e     ***************************************************
Found maxcond = 104
t=18: 0%   10   20   30   40   50   60   70   80   90   100%
      |----|----|----|----|----|----|----|----|----|----|
      ***************************************************
Q15:	|.....-.. +.+...-. ...+...+ ....-.+.|
Q16:	|....0..0 ....1.+. +...0... ....0+..|
Q17:	|....1.+. .0..+.0. 0....... .0..0...|
Q18:	|0...-.+- .1....+. -...+... .0..+^..| ok p=0.981445
Q19:	|......-- .+..^... ...0+... .-......| ok p=0.489258
Q20:	|-...^.-0 ...0..^. ^..0-..0 ...0^...| ok p=0.973633
Q21:	|-.....0- .^.1.... ...-1..1 .^.1....| ok p=0.555664
Q22:	|+.....+. ...+.... ....^..+ ...-....| ok p=0.959961
Q23:	|+.0....^ ......0. ...^.... ........| ok p=0.755859
Q24:	|1.1...^. ...^..1. ..0....^ ...^.0..| ok p=1
Q25:	|0.-..... ......-. ..1..... ........| ok p=0.84668
Q26:	|........ .0...... ..-..... ....0+..| ok p=0.492188
Q27:	|..^..... .1....^. ........ ....1+..| ok p=1
Q28:	|........ .+...... ..^..... ....+-..| ok p=0.90332
Q29:	|........ .0...... ........ .....0..| ok p=0.998047
Q30:	|........ .-...... ........ ....^1..| ok p=1
Q31:	|........ .-...... ........ ........| ok p=0.99707
Q32:	|........ ........ ........ ........| ok p=1
Q33:	|........ .!...... ........ ........| ok p=1
Q34:	|........ ........ ........ ........| ok p=1
Q35:	|........ ........ ........ ........| ok p=1
Q36:	|........ ........ ........ ........| ok p=1
Q37:	|........ ........ ........ ........| ok p=1
Q38:	|........ ........ ........ ........| ok p=1
Q39:	|........ ........ ........ ........| ok p=1
Q40:	|........ ........ ........ ........| ok p=1
Q41:	|........ ........ ........ ........| ok p=1
Q42:	|........ ........ ........ ........| ok p=1
Q43:	|........ ........ ........ ........| ok p=1
Q44:	|........ ........ ........ ........| ok p=1
Q45:	|........ ........ ........ ........| ok p=1
Q46:	|........ ........ ........ ........| ok p=1
Q47:	|........ ........ ........ ........| ok p=1
Q48:	|........ ........ ........ ........| ok p=1
Q49:	|........ ........ ........ ........| ok p=1
Q50:	|........ ........ ........ ........| ok p=1
Q51:	|........ ........ ........ ........| ok p=1
Q52:	|........ ........ ........ ........| ok p=1
Q53:	|........ ........ ........ ........| ok p=1
Q54:	|........ ........ ........ ........| ok p=1
Q55:	|........ ........ ........ ........| ok p=1
Q56:	|........ ........ ........ ........| ok p=1
Q57:	|........ ........ ........ ........| ok p=1
Q58:	|........ ........ ........ ........| ok p=1
Q59:	|........ ........ ........ ........| ok p=1
Q60:	|........ ........ ........ .......0| ok p=1
Q61:	|........ ........ ........ ......11| ok p=1
Q62:	|........ ........ ........ ......0+| ok p=1
Q63:	|........ ........ ........ ......+-| ok p=0.999023
Q64:	|........ .+...... ........ .......+|
Saving 500000 paths...done.
Autobalance parameters: maxcond=103
Verified: 0 bad out of 590421
Estimating maxcond for upper bound 2000000 (=500000 * 4)...
t=17: 0%   10   20   30   40   50   60   70   80   90   100%
      |----|----|----|----|----|----|----|----|----|----|
e     ***************************************************
Found maxcond = 118
t=17: 0%   10   20   30   40   50   60   70   80   90   100%
      |----|----|----|----|----|----|----|----|----|----|
      ***************************************************
Q14:	|......+. .+..-.+. -....-.+ .-...+..|
Q15:	|........ .--.0.-. ....+..+ .....--.|
Q16:	|.....0+1 .-..1.+. 0...1... ....0+..|
Q17:	|.....1+. .1^.+.0. 1...1..^ .0..01^.| ok p=0.946289
Q18:	|0....--- .1....+. -...+... .0..+^..| ok p=0.96875
Q19:	|......-- .+..^... ...0+... .-......| ok p=0.479492
Q20:	|-....^-0 ...0..^. ^..0-..0 ...0^...| ok p=0.980469
Q21:	|-.....0- .^.1.... ...-1..1 .^.1....| ok p=0.5625
Q22:	|+.....+. ...+.... ....^..+ ...-....| ok p=0.955078
Q23:	|+.0....^ ......0. ...^.... ........| ok p=0.773438
Q24:	|1.1...^. ...^..1. ..0....^ ...^.0..| ok p=1
Q25:	|0.-..... ......-. ..1..... ........| ok p=0.873047
Q26:	|........ .0...... ..-..... ....0+..| ok p=0.506836
Q27:	|..^..... .1....^. ........ ....1+..| ok p=1
Q28:	|........ .+...... ..^..... ....+-..| ok p=0.895508
Q29:	|........ .0...... ........ .....0..| ok p=0.999023
Q30:	|........ .-...... ........ ....^1..| ok p=1
Q31:	|........ .-...... ........ ........| ok p=1
Q32:	|........ ........ ........ ........| ok p=1
Q33:	|........ .!...... ........ ........| ok p=1
Q34:	|........ ........ ........ ........| ok p=1
Q35:	|........ ........ ........ ........| ok p=1
Q36:	|........ ........ ........ ........| ok p=1
Q37:	|........ ........ ........ ........| ok p=1
Q38:	|........ ........ ........ ........| ok p=1
Q39:	|........ ........ ........ ........| ok p=1
Q40:	|........ ........ ........ ........| ok p=1
Q41:	|........ ........ ........ ........| ok p=1
Q42:	|........ ........ ........ ........| ok p=1
Q43:	|........ ........ ........ ........| ok p=1
Q44:	|........ ........ ........ ........| ok p=1
Q45:	|........ ........ ........ ........| ok p=1
Q46:	|........ ........ ........ ........| ok p=1
Q47:	|........ ........ ........ ........| ok p=1
Q48:	|........ ........ ........ ........| ok p=1
Q49:	|........ ........ ........ ........| ok p=1
Q50:	|........ ........ ........ ........| ok p=1
Q51:	|........ ........ ........ ........| ok p=1
Q52:	|........ ........ ........ ........| ok p=1
Q53:	|........ ........ ........ ........| ok p=1
Q54:	|........ ........ ........ ........| ok p=1
Q55:	|........ ........ ........ ........| ok p=1
Q56:	|........ ........ ........ ........| ok p=1
Q57:	|........ ........ ........ ........| ok p=1
Q58:	|........ ........ ........ ........| ok p=1
Q59:	|........ ........ ........ ........| ok p=1
Q60:	|........ ........ ........ .......0| ok p=1
Q61:	|........ ........ ........ ......11| ok p=1
Q62:	|........ ........ ........ ......0+| ok p=1
Q63:	|........ ........ ........ ......+-| ok p=0.999023
Q64:	|........ .+...... ........ .......+|
Saving 500000 paths...done.
Autobalance parameters: maxcond=117
Verified: 0 bad out of 584248
Estimating maxcond for upper bound 2000000 (=500000 * 4)...
t=16: 0%   10   20   30   40   50   60   70   80   90   100%
      |----|----|----|----|----|----|----|----|----|----|
e     ***************************************************
Found maxcond = 133
t=16: 0%   10   20   30   40   50   60   70   80   90   100%
      |----|----|----|----|----|----|----|----|----|----|
      ***************************************************
Q13:	|..-..... .+..+.+. .+.-.... .....-..|
Q14:	|......+. .+1.-.+. -..1..-1 .-...11.|
Q15:	|......1. .--.0.-. 0..+...+ .....--.|
Q16:	|.....0+1 .-..1.+. 0...0.^1 .^..0+..| ok p=0.647461
Q17:	|.....1+. .1^.+.0. 1..^...0 .0..00^.| ok p=0.941406
Q18:	|0....--- .1....+. -...+... .0..+^..| ok p=0.967773
Q19:	|......-- .+..^... ...0+... .-......| ok p=0.488281
Q20:	|-....^-0 ...0..^. ^..0-..0 ...0^...| ok p=0.979492
Q21:	|-.....0- .^.1.... ...-1..1 .^.1....| ok p=0.59082
Q22:	|+.....+. ...+.... ....^..+ ...-....| ok p=0.953125
Q23:	|+.0....^ ......0. ...^.... ........| ok p=0.757812
Q24:	|1.1...^. ...^..1. ..0....^ ...^.0..| ok p=1
Q25:	|0.-..... ......-. ..1..... ........| ok p=0.87207
Q26:	|........ .0...... ..-..... ....0+..| ok p=0.47168
Q27:	|..^..... .1....^. ........ ....1+..| ok p=1
Q28:	|........ .+...... ..^..... ....+-..| ok p=0.902344
Q29:	|........ .0...... ........ .....0..| ok p=0.999023
Q30:	|........ .-...... ........ ....^1..| ok p=1
Q31:	|........ .-...... ........ ........| ok p=0.99707
Q32:	|........ ........ ........ ........| ok p=1
Q33:	|........ .!...... ........ ........| ok p=1
Q34:	|........ ........ ........ ........| ok p=1
Q35:	|........ ........ ........ ........| ok p=1
Q36:	|........ ........ ........ ........| ok p=1
Q37:	|........ ........ ........ ........| ok p=1
Q38:	|........ ........ ........ ........| ok p=1
Q39:	|........ ........ ........ ........| ok p=1
Q40:	|........ ........ ........ ........| ok p=1
Q41:	|........ ........ ........ ........| ok p=1
Q42:	|........ ........ ........ ........| ok p=1
Q43:	|........ ........ ........ ........| ok p=1
Q44:	|........ ........ ........ ........| ok p=1
Q45:	|........ ........ ........ ........| ok p=1
Q46:	|........ ........ ........ ........| ok p=1
Q47:	|........ ........ ........ ........| ok p=1
Q48:	|........ ........ ........ ........| ok p=1
Q49:	|........ ........ ........ ........| ok p=1
Q50:	|........ ........ ........ ........| ok p=1
Q51:	|........ ........ ........ ........| ok p=1
Q52:	|........ ........ ........ ........| ok p=1
Q53:	|........ ........ ........ ........| ok p=1
Q54:	|........ ........ ........ ........| ok p=1
Q55:	|........ ........ ........ ........| ok p=1
Q56:	|........ ........ ........ ........| ok p=1
Q57:	|........ ........ ........ ........| ok p=1
Q58:	|........ ........ ........ ........| ok p=1
Q59:	|........ ........ ........ ........| ok p=1
Q60:	|........ ........ ........ .......0| ok p=1
Q61:	|........ ........ ........ ......11| ok p=1
Q62:	|........ ........ ........ ......0+| ok p=1
Q63:	|........ ........ ........ ......+-| ok p=0.999023
Q64:	|........ .+...... ........ .......+|
Saving 500000 paths...done.
Autobalance parameters: maxcond=132
Verified: 0 bad out of 722084
Runtime: 73.0425
