Connect MD5 differential paths
Copyright (C) 2009 Marc Stevens
http://homepages.cwi.nl/~stevens/

delta_m[11] = [!22!]
Loading workdir6/paths16_0of1.bin.gz...done: 500000.
Loading workdir6/paths11_0of1.bin.gz...done: 500000.
t=12: 0%   10   20   30   40   50   60   70   80   90   100%
      |----|----|----|----|----|----|----|----|----|----|
      *Q-3:	|10011010 01000001 00110000 01001111|
Q-2:	|010+++10 00100010 01001100 00001-++|
Q-1:	|0+-00-11 10000000 01111000 0101000-|
Q0:	|01+0-+00 -+1-01-+ +0100010 0111001-| ok p=0.364258
Q1:	|.1-.0-.. ++0-..1- +...1.-. ..+.+.++| ok p=0.630859
Q2:	|.-1.1+.. +0+-..1+ +...0.0. ..-.+.-0| ok p=1
Q3:	|.-0..+.^ +++1...+ +.!0-.0. ..1.+.0-| ok p=1
Q4:	|!+.....- 0++0.... +..1+... ..0.+.01| ok p=1
Q5:	|!1^..1.1 0.-....1 -..+0... .!-.-..+| ok p=1
Q6:	|.0+....0 +1-..... +..-0.!. ..+.0^.1| ok p=1
Q7:	|!+0....+ -....... +..1-1.. ..-.0+.-| ok p=1
Q8:	|.+1....0 +.0.!... ...0+1.. ..0.10.+| ok p=1
Q9:	|.0+^...1 +...0... 0...1+11 .!+.01.+| ok p=1
Q10:	|01++0.10 .00110.. 11.0-+10 10+0+10-| ok p=1
Q11:	|10+11.11 1010-01. +01111-0 11+1+000| ok p=1
Q12:	|--0--^++ 1---+-0^ ++0-0-+- --+-0---| ok p=1
Q13:	|-++1-+++ --+0++-- +0+1++0- -+.+-0-0| ok p=1
Q14:	|0000.0+. 1+01-0+0 -1010-0+ .-110001| ok p=1
Q15:	|100.1000 1--.01-1 1.1+11.+ 11.11--.| ok p=0.506836
Q16:	|.....0+1 .-..1.+. +...01.1 .0..0+..| ok p=0.597656
Q17:	|.....1+. .1^.+.0. 0..^...1 .0..00^.| ok p=0.951172
Q18:	|0....--- .1....+. -...+... .0..+0..| ok p=0.975586
Q19:	|......-- .+..^... ...0+... .-......| ok p=0.46875
Q20:	|-....^-0 ...0..^. ^..0-..0 ...0^...| ok p=0.981445
Q21:	|-.....0- .^.1.... ...-1..1 .^.1....| ok p=0.580078
Q22:	|+.....+. ...+.... ....1..+ ...-....| ok p=0.946289
Q23:	|+.0....^ ......0. ...^.... ........| ok p=0.753906
Q24:	|1.1...^. ...^..1. ..0....^ ...^.0..| ok p=1
Q25:	|0.-..... ......-. ..1..... ........| ok p=0.868164
Q26:	|........ .0...... ..-..... ....0+..| ok p=0.488281
Q27:	|..^..... .1....^. ........ ....1+..| ok p=0.999023
Q28:	|........ .+...... ..^..... ....+-..| ok p=0.897461
Q29:	|........ .0...... ........ .....0..| ok p=1
Q30:	|........ .-...... ........ ....^1..| ok p=1
Q31:	|........ .-...... ........ ........| ok p=1
Q32:	|........ ........ ........ ........| ok p=1
Q33:	|........ .!...... ........ ........| ok p=1
Q34:	|........ ........ ........ ........| ok p=1
Q35:	|........ ........ ........ ........| ok p=1
Q36:	|........ ........ ........ ........| ok p=1
Q37:	|........ ........ ........ ........| ok p=1
Q38:	|........ ........ ........ ........| ok p=1
Q39:	|........ ........ ........ ........| ok p=1
Q40:	|........ ........ ........ ........| ok p=1
Q41:	|........ ........ ........ ........| ok p=1
Q42:	|........ ........ ........ ........| ok p=1
Q43:	|........ ........ ........ ........| ok p=1
Q44:	|........ ........ ........ ........| ok p=1
Q45:	|........ ........ ........ ........| ok p=1
Q46:	|........ ........ ........ ........| ok p=1
Q47:	|........ ........ ........ ........| ok p=1
Q48:	|........ ........ ........ ........| ok p=1
Q49:	|........ ........ ........ ........| ok p=1
Q50:	|........ ........ ........ ........| ok p=1
Q51:	|........ ........ ........ ........| ok p=1
Q52:	|........ ........ ........ ........| ok p=1
Q53:	|........ ........ ........ ........| ok p=1
Q54:	|........ ........ ........ ........| ok p=1
Q55:	|........ ........ ........ ........| ok p=1
Q56:	|........ ........ ........ ........| ok p=1
Q57:	|........ ........ ........ ........| ok p=1
Q58:	|........ ........ ........ ........| ok p=1
Q59:	|........ ........ ........ ........| ok p=1
Q60:	|........ ........ ........ .......0| ok p=1
Q61:	|........ ........ ........ ......11| ok p=1
Q62:	|........ ........ ........ ......0+| ok p=1
Q63:	|........ ........ ........ ......+-| ok p=1
Q64:	|........ .+...... ........ .......+|
Best path: totcompl=-25 tottunnel=36, totcond=559, p=0.00528314
Q-3:	|10011010 01000001 00110000 01001111|
Q-2:	|010+++10 00100010 01001100 00001-++|
Q-1:	|0+-00-11 10000000 01111000 0101000-|
Q0:	|01+0-+00 -+1-01-+ +0100010 0111001-| ok p=0.373047
Q1:	|.1-.0-.. ++0-..1- +...1.-. ..+.+.++| ok p=0.625
Q2:	|.-1.1+.. +0+-..1+ +...0.0. ..-.+.-0| ok p=1
Q3:	|.-0..+.^ +++....+ +!.0-.0. ..1.+.0-| ok p=1
Q4:	|!+.....- 0++0!... +..1+... ..0.+.01| ok p=1
Q5:	|!1^..1.1 0.-....1 -..+0... .!-.-..+| ok p=1
Q6:	|.0+....0 +1-..... +..-0.!. ..+.0^.1| ok p=1
Q7:	|!+0....+ -....... +..1-1.. ..-.0+.-| ok p=1
Q8:	|.+1....0 +.0!.... ...0+1.. ..0.10.+| ok p=1
Q9:	|.0+^...1 +...0... 0...1+11 .!+.01.+| ok p=1
Q10:	|01++0.10 .00110.. 11.0-+10 10+0+10-| ok p=1
Q11:	|10+11.11 1010-01. +01111-0 11+1+000| ok p=1
Q12:	|--0--^++ 1---+-0^ ++0-0-+- --+-1---| ok p=1
Q13:	|-++1-+++ --+0++-- +0+1++0- -+.1+0-0| ok p=1
Q14:	|0000.0+. 1+01-0+0 -1010-0+ .-000001| ok p=1
Q15:	|100.1000 1--.01-1 1.1+11.+ 11..1--.| ok p=0.520508
Q16:	|.....0+1 .-..1.+. +...01.1 .0..0+..| ok p=0.637695
Q17:	|.....1+. .1^.+.0. 0..^...1 .0..00^.| ok p=0.930664
Q18:	|0....--- .1....+. -...+... .0..+0..| ok p=0.980469
Q19:	|......-- .+..^... ...0+... .-......| ok p=0.455078
Q20:	|-....^-0 ...0..^. ^..0-..0 ...0^...| ok p=0.979492
Q21:	|-.....0- .^.1.... ...-1..1 .^.1....| ok p=0.582031
Q22:	|+.....+. ...+.... ....1..+ ...-....| ok p=0.963867
Q23:	|+.0....^ ......0. ...^.... ........| ok p=0.743164
Q24:	|1.1...^. ...^..1. ..0....^ ...^.0..| ok p=1
Q25:	|0.-..... ......-. ..1..... ........| ok p=0.869141
Q26:	|........ .0...... ..-..... ....0+..| ok p=0.506836
Q27:	|..^..... .1....^. ........ ....1+..| ok p=1
Q28:	|........ .+...... ..^..... ....+-..| ok p=0.879883
Q29:	|........ .0...... ........ .....0..| ok p=1
Q30:	|........ .-...... ........ ....^1..| ok p=1
Q31:	|........ .-...... ........ ........| ok p=0.998047
Q32:	|........ ........ ........ ........| ok p=1
Q33:	|........ .!...... ........ ........| ok p=1
Q34:	|........ ........ ........ ........| ok p=1
Q35:	|........ ........ ........ ........| ok p=1
Q36:	|........ ........ ........ ........| ok p=1
Q37:	|........ ........ ........ ........| ok p=1
Q38:	|........ ........ ........ ........| ok p=1
Q39:	|........ ........ ........ ........| ok p=1
Q40:	|........ ........ ........ ........| ok p=1
Q41:	|........ ........ ........ ........| ok p=1
Q42:	|........ ........ ........ ........| ok p=1
Q43:	|........ ........ ........ ........| ok p=1
Q44:	|........ ........ ........ ........| ok p=1
Q45:	|........ ........ ........ ........| ok p=1
Q46:	|........ ........ ........ ........| ok p=1
Q47:	|........ ........ ........ ........| ok p=1
Q48:	|........ ........ ........ ........| ok p=1
Q49:	|........ ........ ........ ........| ok p=1
Q50:	|........ ........ ........ ........| ok p=1
Q51:	|........ ........ ........ ........| ok p=1
Q52:	|........ ........ ........ ........| ok p=1
Q53:	|........ ........ ........ ........| ok p=1
Q54:	|........ ........ ........ ........| ok p=1
Q55:	|........ ........ ........ ........| ok p=1
Q56:	|........ ........ ........ ........| ok p=1
Q57:	|........ ........ ........ ........| ok p=1
Q58:	|........ ........ ........ ........| ok p=1
Q59:	|........ ........ ........ ........| ok p=1
Q60:	|........ ........ ........ .......0| ok p=1
Q61:	|........ ........ ........ ......11| ok p=1
Q62:	|........ ........ ........ ......0+| ok p=1
Q63:	|........ ........ ........ ......+-| ok p=0.999023
Q64:	|........ .+...... ........ .......+|
Best path: totcompl=-25 tottunnel=36, totcond=558, p=0.00495702
Best paths: 2
Best paths: 4
Q-3:	|10011010 01000001 00110000 01001111|
Q-2:	|010+++10 00100010 01001100 00001-++|
Q-1:	|0+-00-11 10000000 01111000 0101000-|
Q0:	|01+0-+00 -+1-01-+ +0100010 0111001-| ok p=0.356445
Q1:	|.1-.0-.. ++0-..1- +...1.-. ..+.+.++| ok p=0.59375
Q2:	|.-1.1+.. +0+-..1+ +...0.0. ..-.+.-0| ok p=1
Q3:	|.-0..+.^ +++1...+ +.!0-.0. ..1.+.0-| ok p=1
Q4:	|!+0....- 0++0.... +..0+... ..0.+.01| ok p=1
Q5:	|!10..1.1 0.-....1 -..+0... .!-.-..+| ok p=1
Q6:	|.0+....- +1-..... +..-0!.. ..+.0^.1| ok p=1
Q7:	|.+-....1 -....... +..1-1.. ..-.0+.-| ok p=1
Q8:	|.1+....1 -.0.!... ...0+1.. ..0000.+| ok p=1
Q9:	|!10^...1 -....... 0...1+1. ..+0.1.+| ok p=1
Q10:	|.00+0..- 1.01^0.0 1.111+01 .1+-111-| ok p=1
Q11:	|11110.1- 1.11+111 +00101+1 ^00+1100| ok p=1
Q12:	|0----^0- +1+-1+0+ -1-+1+1- --10---+| ok p=1
Q13:	|-++-+++. +10--+-0 -+--+0++ 01+----1| ok p=1
Q14:	|011000+1 .+0.-.+1 -00010-0 1-01.+-1| ok p=1
Q15:	|1111010. 1--001-. 101+0.1+ .1010--.| ok p=0.492188
Q16:	|.....0+1 .-..1.+. +...0.11 .1..0+1.| ok p=0.515625
Q17:	|.....1+. .1^.+.0. 0..^...0 .0..010.| ok p=0.960938
Q18:	|0....--- .1....+. -...+... .0..+1..| ok p=0.973633
Q19:	|......-- .+..^... ...0+... .-......| ok p=0.470703
Q20:	|-....^-0 ...0..^. ^..0-..0 ...0^...| ok p=0.976562
Q21:	|-.....0- .^.1.... ...-1..1 .^.1....| ok p=0.5625
Q22:	|+.....+. ...+.... ....1..+ ...-....| ok p=0.951172
Q23:	|+.0....^ ......0. ...^.... ........| ok p=0.74707
Q24:	|1.1...^. ...^..1. ..0....^ ...^.0..| ok p=1
Q25:	|0.-..... ......-. ..1..... ........| ok p=0.873047
Q26:	|........ .0...... ..-..... ....0+..| ok p=0.506836
Q27:	|..^..... .1....^. ........ ....1+..| ok p=0.999023
Q28:	|........ .+...... ..^..... ....+-..| ok p=0.917969
Q29:	|........ .0...... ........ .....0..| ok p=0.99707
Q30:	|........ .-...... ........ ....^1..| ok p=1
Q31:	|........ .-...... ........ ........| ok p=0.998047
Q32:	|........ ........ ........ ........| ok p=1
Q33:	|........ .!...... ........ ........| ok p=1
Q34:	|........ ........ ........ ........| ok p=1
Q35:	|........ ........ ........ ........| ok p=1
Q36:	|........ ........ ........ ........| ok p=1
Q37:	|........ ........ ........ ........| ok p=1
Q38:	|........ ........ ........ ........| ok p=1
Q39:	|........ ........ ........ ........| ok p=1
Q40:	|........ ........ ........ ........| ok p=1
Q41:	|........ ........ ........ ........| ok p=1
Q42:	|........ ........ ........ ........| ok p=1
Q43:	|........ ........ ........ ........| ok p=1
Q44:	|........ ........ ........ ........| ok p=1
Q45:	|........ ........ ........ ........| ok p=1
Q46:	|........ ........ ........ ........| ok p=1
Q47:	|........ ........ ........ ........| ok p=1
Q48:	|........ ........ ........ ........| ok p=1
Q49:	|........ ........ ........ ........| ok p=1
Q50:	|........ ........ ........ ........| ok p=1
Q51:	|........ ........ ........ ........| ok p=1
Q52:	|........ ........ ........ ........| ok p=1
Q53:	|........ ........ ........ ........| ok p=1
Q54:	|........ ........ ........ ........| ok p=1
Q55:	|........ ........ ........ ........| ok p=1
Q56:	|........ ........ ........ ........| ok p=1
Q57:	|........ ........ ........ ........| ok p=1
Q58:	|........ ........ ........ ........| ok p=1
Q59:	|........ ........ ........ ........| ok p=1
Q60:	|........ ........ ........ .......0| ok p=1
Q61:	|........ ........ ........ ......11| ok p=1
Q62:	|........ ........ ........ ......0+| ok p=1
Q63:	|........ ........ ........ ......+-| ok p=1
Q64:	|........ .+...... ........ .......+|
Best path: totcompl=-24 tottunnel=37, totcond=557, p=0.004158
Q-3:	|10011010 01000001 00110000 01001111|
Q-2:	|010+++10 00100010 01001100 00001-++|
Q-1:	|0+-00-11 10000000 01111000 0101000-|
Q0:	|01+0-+00 -+1-01-+ +0100010 0111001-| ok p=0.364258
Q1:	|.1-.0-.. ++0-..1- +...1.-. ..+.+.++| ok p=0.624023
Q2:	|.-1.1+.. +0+-..1+ +...0.0. ..-.+.-0| ok p=1
Q3:	|.-0..+.^ +++1...+ +.!0-.0. ..1.+.0-| ok p=1
Q4:	|!+0....- 0++0.... +..0+... ..0.+.01| ok p=1
Q5:	|!10..1.1 0.-....1 -..+0... .!-.-..+| ok p=1
Q6:	|.0+....- +1-..... +..-0!.. ..+.0^.1| ok p=1
Q7:	|.+-....1 -....... +..1-1.. ..-.0+.-| ok p=1
Q8:	|.1+....1 -.0.!... ...0+1.. ..00.0.+| ok p=1
Q9:	|!10^...1 -....... 0...1+1. .!+0.1.+| ok p=1
Q10:	|.00+0..- 1.01^0.0 1.111+01 .1+-111-| ok p=1
Q11:	|01110.1- 1.11+111 +00101+1 ^00+1100| ok p=1
Q12:	|1----^0- +1+-1+0+ -1-+1+1- --10---+| ok p=1
Q13:	|-++-+++. +10--+-0 -+--+0++ 01+----1| ok p=1
Q14:	|011000+1 .+0.-.+1 -00010-0 1-01.+-1| ok p=1
Q15:	|1111010. 1--001-. 101+0.1+ .1010--.| ok p=0.491211
Q16:	|.....0+1 .-..1.+. +...0.11 .1..0+1.| ok p=0.513672
Q17:	|.....1+. .1^.+.0. 0..^...0 .0..010.| ok p=0.958008
Q18:	|0....--- .1....+. -...+... .0..+1..| ok p=0.973633
Q19:	|......-- .+..^... ...0+... .-......| ok p=0.487305
Q20:	|-....^-0 ...0..^. ^..0-..0 ...0^...| ok p=0.983398
Q21:	|-.....0- .^.1.... ...-1..1 .^.1....| ok p=0.561523
Q22:	|+.....+. ...+.... ....1..+ ...-....| ok p=0.952148
Q23:	|+.0....^ ......0. ...^.... ........| ok p=0.75
Q24:	|1.1...^. ...^..1. ..0....^ ...^.0..| ok p=1
Q25:	|0.-..... ......-. ..1..... ........| ok p=0.863281
Q26:	|........ .0...... ..-..... ....0+..| ok p=0.507812
Q27:	|..^..... .1....^. ........ ....1+..| ok p=0.999023
Q28:	|........ .+...... ..^..... ....+-..| ok p=0.897461
Q29:	|........ .0...... ........ .....0..| ok p=1
Q30:	|........ .-...... ........ ....^1..| ok p=1
Q31:	|........ .-...... ........ ........| ok p=0.996094
Q32:	|........ ........ ........ ........| ok p=1
Q33:	|........ .!...... ........ ........| ok p=1
Q34:	|........ ........ ........ ........| ok p=1
Q35:	|........ ........ ........ ........| ok p=1
Q36:	|........ ........ ........ ........| ok p=1
Q37:	|........ ........ ........ ........| ok p=1
Q38:	|........ ........ ........ ........| ok p=1
Q39:	|........ ........ ........ ........| ok p=1
Q40:	|........ ........ ........ ........| ok p=1
Q41:	|........ ........ ........ ........| ok p=1
Q42:	|........ ........ ........ ........| ok p=1
Q43:	|........ ........ ........ ........| ok p=1
Q44:	|........ ........ ........ ........| ok p=1
Q45:	|........ ........ ........ ........| ok p=1
Q46:	|........ ........ ........ ........| ok p=1
Q47:	|........ ........ ........ ........| ok p=1
Q48:	|........ ........ ........ ........| ok p=1
Q49:	|........ ........ ........ ........| ok p=1
Q50:	|........ ........ ........ ........| ok p=1
Q51:	|........ ........ ........ ........| ok p=1
Q52:	|........ ........ ........ ........| ok p=1
Q53:	|........ ........ ........ ........| ok p=1
Q54:	|........ ........ ........ ........| ok p=1
Q55:	|........ ........ ........ ........| ok p=1
Q56:	|........ ........ ........ ........| ok p=1
Q57:	|........ ........ ........ ........| ok p=1
Q58:	|........ ........ ........ ........| ok p=1
Q59:	|........ ........ ........ ........| ok p=1
Q60:	|........ ........ ........ .......0| ok p=1
Q61:	|........ ........ ........ ......11| ok p=1
Q62:	|........ ........ ........ ......0+| ok p=1
Q63:	|........ ........ ........ ......+-| ok p=0.998047
Q64:	|........ .+...... ........ .......+|
Best path: totcompl=-23 tottunnel=38, totcond=557, p=0.0036712
Best paths: 2
Q-3:	|10011010 01000001 00110000 01001111|
Q-2:	|010+++10 00100010 01001100 00001-++|
Q-1:	|0+-00-11 10000000 01111000 0101000-|
Q0:	|01+0-+00 -+1-01-+ +0100010 0111001-| ok p=0.352539
Q1:	|.1-.0-.. ++0-..1- +...1.-. ..+.+.++| ok p=0.629883
Q2:	|.-1.1+.. +0+-..1+ +...0.0. ..-.+.-0| ok p=1
Q3:	|.-0..+.^ +++1...+ +.!0-.0. ..1.+.0-| ok p=1
Q4:	|!+0....- 0++0.... +..0+... ..0.+.01| ok p=1
Q5:	|!10..1.1 0.-....1 -..+0... .!-.-..+| ok p=1
Q6:	|.0+....- +1-..... +..-0.!. ..+.0^.1| ok p=1
Q7:	|.+-....1 -....... +..1-1.. ..-.0+.-| ok p=1
Q8:	|.1+....1 -.0!.... ...0+1.. ..00.0.+| ok p=1
Q9:	|!10^...1 -....... 0...1+1. ..+0^1.+| ok p=1
Q10:	|.00+0..- 1.01^0.0 1.111+01 .1+-111-| ok p=1
Q11:	|01110.1- 1.11+111 +00101+1 ^00+1100| ok p=1
Q12:	|1----^0- +1+-1+0+ -1-+1+1- --10---+| ok p=1
Q13:	|+++-+++. +10--+-0 -+--+0++ 01+----1| ok p=1
Q14:	|011.00+1 .+0.-.+1 -0.010-0 1-01.+-1| ok p=1
Q15:	|1111010. 1--001-0 101+0.1+ .1010--.| ok p=0.483398
Q16:	|.....0+1 .-..1.+. +...0.11 .1..0+1.| ok p=0.484375
Q17:	|.....1+. .1^.+.0. 0..^...0 .0..010.| ok p=0.961914
Q18:	|0....--- .1....+. -...+... .0..+1..| ok p=0.970703
Q19:	|......-- .+..^... ...0+... .-......| ok p=0.480469
Q20:	|-....^-0 ...0..^. ^..0-..0 ...0^...| ok p=0.978516
Q21:	|-.....0- .^.1.... ...-1..1 .^.1....| ok p=0.567383
Q22:	|+.....+. ...+.... ....1..+ ...-....| ok p=0.949219
Q23:	|+.0....^ ......0. ...^.... ........| ok p=0.768555
Q24:	|1.1...^. ...^..1. ..0....^ ...^.0..| ok p=1
Q25:	|0.-..... ......-. ..1..... ........| ok p=0.869141
Q26:	|........ .0...... ..-..... ....0+..| ok p=0.489258
Q27:	|..^..... .1....^. ........ ....1+..| ok p=0.998047
Q28:	|........ .+...... ..^..... ....+-..| ok p=0.904297
Q29:	|........ .0...... ........ .....0..| ok p=1
Q30:	|........ .-...... ........ ....^1..| ok p=1
Q31:	|........ .-...... ........ ........| ok p=0.999023
Q32:	|........ ........ ........ ........| ok p=1
Q33:	|........ .!...... ........ ........| ok p=1
Q34:	|........ ........ ........ ........| ok p=1
Q35:	|........ ........ ........ ........| ok p=1
Q36:	|........ ........ ........ ........| ok p=1
Q37:	|........ ........ ........ ........| ok p=1
Q38:	|........ ........ ........ ........| ok p=1
Q39:	|........ ........ ........ ........| ok p=1
Q40:	|........ ........ ........ ........| ok p=1
Q41:	|........ ........ ........ ........| ok p=1
Q42:	|........ ........ ........ ........| ok p=1
Q43:	|........ ........ ........ ........| ok p=1
Q44:	|........ ........ ........ ........| ok p=1
Q45:	|........ ........ ........ ........| ok p=1
Q46:	|........ ........ ........ ........| ok p=1
Q47:	|........ ........ ........ ........| ok p=1
Q48:	|........ ........ ........ ........| ok p=1
Q49:	|........ ........ ........ ........| ok p=1
Q50:	|........ ........ ........ ........| ok p=1
Q51:	|........ ........ ........ ........| ok p=1
Q52:	|........ ........ ........ ........| ok p=1
Q53:	|........ ........ ........ ........| ok p=1
Q54:	|........ ........ ........ ........| ok p=1
Q55:	|........ ........ ........ ........| ok p=1
Q56:	|........ ........ ........ ........| ok p=1
Q57:	|........ ........ ........ ........| ok p=1
Q58:	|........ ........ ........ ........| ok p=1
Q59:	|........ ........ ........ ........| ok p=1
Q60:	|........ ........ ........ .......0| ok p=1
Q61:	|........ ........ ........ ......11| ok p=1
Q62:	|........ ........ ........ ......0+| ok p=1
Q63:	|........ ........ ........ ......+-| ok p=0.999023
Q64:	|........ .+...... ........ .......+|
Best path: totcompl=-23 tottunnel=38, totcond=556, p=0.00432386
Best paths: 2
Q-3:	|10011010 01000001 00110000 01001111|
Q-2:	|010+++10 00100010 01001100 00001-++|
Q-1:	|0+-00-11 10000000 01111000 0101000-|
Q0:	|01+0-+00 -+1-01-+ +0100010 0111001-| ok p=0.394531
Q1:	|.1-.0-.. ++0-..1- +...1.-. ..+.+.++| ok p=0.604492
Q2:	|.-1.1+.. +0+-..1+ +...0.0. ..-.+.-0| ok p=1
Q3:	|.-0..+.^ +++1...+ +!.0-.0. ..1.+.0-| ok p=1
Q4:	|!+0....- 0++0.... +..0+... ..0.+.01| ok p=1
Q5:	|!10..1.1 0.-....1 -..+0... .!-.-..+| ok p=1
Q6:	|.0+....- +1-..... +..-0!.. ..+.0^.1| ok p=1
Q7:	|.+-....1 -....... +..1-1.. ..-.0+.-| ok p=1
Q8:	|.1+....1 -.0.!... ...0+1.. ..00.0.+| ok p=1
Q9:	|!10^...1 -....... 0...1+1. .!+0.1.+| ok p=1
Q10:	|.00+0..- 1.01^0.0 1.111+01 .1+-111-| ok p=1
Q11:	|11110.1- 1.11+111 +00101+1 ^00+1100| ok p=1
Q12:	|0----^0- +1+-1+0+ -1-+1+1- --10---+| ok p=1
Q13:	|+++-+++. +10--+-0 -+--+0++ 01+----1| ok p=1
Q14:	|101.00+1 .+0.-.+1 -0.010-0 1-01.+-1| ok p=1
Q15:	|1111010. 1--001-0 101+0.1+ .1010--.| ok p=0.494141
Q16:	|.....0+1 .-..1.+. +...0.11 .1..0+1.| ok p=0.504883
Q17:	|.....1+. .1^.+.0. 0..^...0 .0..010.| ok p=0.954102
Q18:	|0....--- .1....+. -...+... .0..+1..| ok p=0.959961
Q19:	|......-- .+..^... ...0+... .-......| ok p=0.503906
Q20:	|-....^-0 ...0..^. ^..0-..0 ...0^...| ok p=0.981445
Q21:	|-.....0- .^.1.... ...-1..1 .^.1....| ok p=0.553711
Q22:	|+.....+. ...+.... ....1..+ ...-....| ok p=0.948242
Q23:	|+.0....^ ......0. ...^.... ........| ok p=0.740234
Q24:	|1.1...^. ...^..1. ..0....^ ...^.0..| ok p=1
Q25:	|0.-..... ......-. ..1..... ........| ok p=0.858398
Q26:	|........ .0...... ..-..... ....0+..| ok p=0.499023
Q27:	|..^..... .1....^. ........ ....1+..| ok p=1
Q28:	|........ .+...... ..^..... ....+-..| ok p=0.886719
Q29:	|........ .0...... ........ .....0..| ok p=0.999023
Q30:	|........ .-...... ........ ....^1..| ok p=1
Q31:	|........ .-...... ........ ........| ok p=0.999023
Q32:	|........ ........ ........ ........| ok p=1
Q33:	|........ .!...... ........ ........| ok p=1
Q34:	|........ ........ ........ ........| ok p=1
Q35:	|........ ........ ........ ........| ok p=1
Q36:	|........ ........ ........ ........| ok p=1
Q37:	|........ ........ ........ ........| ok p=1
Q38:	|........ ........ ........ ........| ok p=1
Q39:	|........ ........ ........ ........| ok p=1
Q40:	|........ ........ ........ ........| ok p=1
Q41:	|........ ........ ........ ........| ok p=1
Q42:	|........ ........ ........ ........| ok p=1
Q43:	|........ ........ ........ ........| ok p=1
Q44:	|........ ........ ........ ........| ok p=1
Q45:	|........ ........ ........ ........| ok p=1
Q46:	|........ ........ ........ ........| ok p=1
Q47:	|........ ........ ........ ........| ok p=1
Q48:	|........ ........ ........ ........| ok p=1
Q49:	|........ ........ ........ ........| ok p=1
Q50:	|........ ........ ........ ........| ok p=1
Q51:	|........ ........ ........ ........| ok p=1
Q52:	|........ ........ ........ ........| ok p=1
Q53:	|........ ........ ........ ........| ok p=1
Q54:	|........ ........ ........ ........| ok p=1
Q55:	|........ ........ ........ ........| ok p=1
Q56:	|........ ........ ........ ........| ok p=1
Q57:	|........ ........ ........ ........| ok p=1
Q58:	|........ ........ ........ ........| ok p=1
Q59:	|........ ........ ........ ........| ok p=1
Q60:	|........ ........ ........ .......0| ok p=1
Q61:	|........ ........ ........ ......11| ok p=1
Q62:	|........ ........ ........ ......0+| ok p=1
Q63:	|........ ........ ........ ......+-| ok p=0.999023
Q64:	|........ .+...... ........ .......+|
Best path: totcompl=-22 tottunnel=39, totcond=556, p=0.00397972
Q-3:	|10011010 01000001 00110000 01001111|
Q-2:	|010+++10 00100010 01001100 00001-++|
Q-1:	|0+-00-11 10000000 01111000 0101000-|
Q0:	|01+0-+00 -+1-01-+ +0100010 0111001-| ok p=0.371094
Q1:	|.1-.0-.. ++0-..1- +...1.-. ..+.+.++| ok p=0.616211
Q2:	|.-1.1+.. +0+-..1+ +...0.0. ..-.+.-0| ok p=1
Q3:	|.-0..+.^ +++....+ +!.0-.0. ..1.+.0-| ok p=1
Q4:	|!+0....- 0++0!... +..0+... ..0.+.01| ok p=1
Q5:	|!10..1.1 0.-....1 -..+0... .!-.-..+| ok p=1
Q6:	|.0+....- +1-..... +..-0!.. ..+.0^.1| ok p=1
Q7:	|.+-....1 -....... +..1-1.. ..-.0+.-| ok p=1
Q8:	|11+....1 -.0!.... ...0+1.. ..00.0.+| ok p=1
Q9:	|010^...1 -....... 0...1+1. .!+0.1.+| ok p=1
Q10:	|1.0+0..- 1.01^0.0 1.111+01 .1+-111-| ok p=1
Q11:	|00110.1- 1.11+111 +00101+1 ^00+1100| ok p=1
Q12:	|-1+--^0- +1+-1+0+ -1-+1+1- --10---+| ok p=1
Q13:	|0.--+++. +10--+-0 -+--+0++ 01+----1| ok p=1
Q14:	|0!1.00+1 .+0.-.+1 -00010-0 1-01.+-1| ok p=1
Q15:	|..11010. 1--001-. 101+0.1+ .1010--.| ok p=0.512695
Q16:	|.....0+1 .-..1.+. +...0.11 .1..0+1.| ok p=0.481445
Q17:	|.....1+. .1^.+.0. 0..^...0 .0..010.| ok p=0.972656
Q18:	|0....--- .1....+. -...+... .0..+1..| ok p=0.97168
Q19:	|......-- .+..^... ...0+... .-......| ok p=0.469727
Q20:	|-....^-0 ...0..^. ^..0-..0 ...0^...| ok p=0.981445
Q21:	|-.....0- .^.1.... ...-1..1 .^.1....| ok p=0.573242
Q22:	|+.....+. ...+.... ....1..+ ...-....| ok p=0.953125
Q23:	|+.0....^ ......0. ...^.... ........| ok p=0.741211
Q24:	|1.1...^. ...^..1. ..0....^ ...^.0..| ok p=1
Q25:	|0.-..... ......-. ..1..... ........| ok p=0.847656
Q26:	|........ .0...... ..-..... ....0+..| ok p=0.517578
Q27:	|..^..... .1....^. ........ ....1+..| ok p=0.999023
Q28:	|........ .+...... ..^..... ....+-..| ok p=0.913086
Q29:	|........ .0...... ........ .....0..| ok p=0.999023
Q30:	|........ .-...... ........ ....^1..| ok p=1
Q31:	|........ .-...... ........ ........| ok p=1
Q32:	|........ ........ ........ ........| ok p=1
Q33:	|........ .!...... ........ ........| ok p=1
Q34:	|........ ........ ........ ........| ok p=1
Q35:	|........ ........ ........ ........| ok p=1
Q36:	|........ ........ ........ ........| ok p=1
Q37:	|........ ........ ........ ........| ok p=1
Q38:	|........ ........ ........ ........| ok p=1
Q39:	|........ ........ ........ ........| ok p=1
Q40:	|........ ........ ........ ........| ok p=1
Q41:	|........ ........ ........ ........| ok p=1
Q42:	|........ ........ ........ ........| ok p=1
Q43:	|........ ........ ........ ........| ok p=1
Q44:	|........ ........ ........ ........| ok p=1
Q45:	|........ ........ ........ ........| ok p=1
Q46:	|........ ........ ........ ........| ok p=1
Q47:	|........ ........ ........ ........| ok p=1
Q48:	|........ ........ ........ ........| ok p=1
Q49:	|........ ........ ........ ........| ok p=1
Q50:	|........ ........ ........ ........| ok p=1
Q51:	|........ ........ ........ ........| ok p=1
Q52:	|........ ........ ........ ........| ok p=1
Q53:	|........ ........ ........ ........| ok p=1
Q54:	|........ ........ ........ ........| ok p=1
Q55:	|........ ........ ........ ........| ok p=1
Q56:	|........ ........ ........ ........| ok p=1
Q57:	|........ ........ ........ ........| ok p=1
Q58:	|........ ........ ........ ........| ok p=1
Q59:	|........ ........ ........ ........| ok p=1
Q60:	|........ ........ ........ .......0| ok p=1
Q61:	|........ ........ ........ ......11| ok p=1
Q62:	|........ ........ ........ ......0+| ok p=1
Q63:	|........ ........ ........ ......+-| ok p=0.999023
Q64:	|........ .+...... ........ .......+|
Best path: totcompl=-22 tottunnel=39, totcond=554, p=0.00402836
Q-3:	|10011010 01000001 00110000 01001111|
Q-2:	|010+++10 00100010 01001100 00001-++|
Q-1:	|0+-00-11 10000000 01111000 0101000-|
Q0:	|01+0-+00 -+1-01-+ +0100010 0111001-| ok p=0.374023
Q1:	|.1-.0-.. ++0-..1- +...1.-. ..+.+.++| ok p=0.613281
Q2:	|.-1.1+.. +0+-..1+ +...0.0. ..-.+.-0| ok p=1
Q3:	|.-0..+.^ +++....+ +.!0-.0. ..1.+.0-| ok p=1
Q4:	|!+0....- 0++0.!.. +..0+... ..0.+.01| ok p=1
Q5:	|!10..1.1 0.-....1 -..+0... .!-.-..+| ok p=1
Q6:	|.0+....- +1-..... +..-0!.. ..+.0^.1| ok p=1
Q7:	|.+-....1 -....... +!.0-... ..-.1+.-| ok p=1
Q8:	|.0+.0..+ +.0!.... ...0+... ..0.+0.+| ok p=1
Q9:	|.10.0..+ +.1.0... 10..+.0. ..0.+1.+| ok p=1
Q10:	|1011+0.. +0100..0 111.+01. ..0.010-| ok p=1
Q11:	|0000+110 +1-1-^00 0+10+1+0 ..1.0111| ok p=1
Q12:	|-+---+10 1+++--1- +--10--1 .0+^--+-| ok p=1
Q13:	|0--1+--- --+--1++ ---+-+++ .10-1+10| ok p=1
Q14:	|11.001+0 01+1-0+1 -..101-- .-101110| ok p=1
Q15:	|.11.1111 0--10.-1 +00+000+ .0.0-+-.| ok p=0.508789
Q16:	|.....0+1 .-1.1.+. 1...0.00 .0..++..| ok p=0.891602
Q17:	|.....1+. .10.+.0. 1..^...0 .0..11^.| ok p=0.931641
Q18:	|0....--- .1....+. -...+... .0..+1..| ok p=0.969727
Q19:	|......-- .+..^... ...0+... .-......| ok p=0.454102
Q20:	|-....^-0 ...0..^. ^..0-..0 ...0^...| ok p=0.973633
Q21:	|-.....0- .^.1.... ...-1..1 .^.1....| ok p=0.567383
Q22:	|+.....+. ...+.... ....1..+ ...-....| ok p=0.946289
Q23:	|+.0....^ ......0. ...^.... ........| ok p=0.772461
Q24:	|1.1...^. ...^..1. ..0....^ ...^.0..| ok p=1
Q25:	|0.-..... ......-. ..1..... ........| ok p=0.862305
Q26:	|........ .0...... ..-..... ....0+..| ok p=0.486328
Q27:	|..^..... .1....^. ........ ....1+..| ok p=0.998047
Q28:	|........ .+...... ..^..... ....+-..| ok p=0.897461
Q29:	|........ .0...... ........ .....0..| ok p=1
Q30:	|........ .-...... ........ ....^1..| ok p=1
Q31:	|........ .-...... ........ ........| ok p=0.996094
Q32:	|........ ........ ........ ........| ok p=1
Q33:	|........ .!...... ........ ........| ok p=1
Q34:	|........ ........ ........ ........| ok p=1
Q35:	|........ ........ ........ ........| ok p=1
Q36:	|........ ........ ........ ........| ok p=1
Q37:	|........ ........ ........ ........| ok p=1
Q38:	|........ ........ ........ ........| ok p=1
Q39:	|........ ........ ........ ........| ok p=1
Q40:	|........ ........ ........ ........| ok p=1
Q41:	|........ ........ ........ ........| ok p=1
Q42:	|........ ........ ........ ........| ok p=1
Q43:	|........ ........ ........ ........| ok p=1
Q44:	|........ ........ ........ ........| ok p=1
Q45:	|........ ........ ........ ........| ok p=1
Q46:	|........ ........ ........ ........| ok p=1
Q47:	|........ ........ ........ ........| ok p=1
Q48:	|........ ........ ........ ........| ok p=1
Q49:	|........ ........ ........ ........| ok p=1
Q50:	|........ ........ ........ ........| ok p=1
Q51:	|........ ........ ........ ........| ok p=1
Q52:	|........ ........ ........ ........| ok p=1
Q53:	|........ ........ ........ ........| ok p=1
Q54:	|........ ........ ........ ........| ok p=1
Q55:	|........ ........ ........ ........| ok p=1
Q56:	|........ ........ ........ ........| ok p=1
Q57:	|........ ........ ........ ........| ok p=1
Q58:	|........ ........ ........ ........| ok p=1
Q59:	|........ ........ ........ ........| ok p=1
Q60:	|........ ........ ........ .......0| ok p=1
Q61:	|........ ........ ........ ......11| ok p=1
Q62:	|........ ........ ........ ......0+| ok p=1
Q63:	|........ ........ ........ ......+-| ok p=0.999023
Q64:	|........ .+...... ........ .......+|
Best path: totcompl=-22 tottunnel=39, totcond=552, p=0.00743812
Q-3:	|10011010 01000001 00110000 01001111|
Q-2:	|010+++10 00100010 01001100 00001-++|
Q-1:	|0+-00-11 10000000 01111000 0101000-|
Q0:	|01+0-+00 -+1-01-+ +0100010 0111001-| ok p=0.387695
Q1:	|.1-.0-.. ++0-..1- +...1.-. ..+.+.++| ok p=0.625977
Q2:	|.-1.1+.. +0+-..1+ +...0.0. ..-.+.-0| ok p=1
Q3:	|.-0..+.^ +++....+ +.!0-.0. ..1.+.0-| ok p=1
Q4:	|!+0....- 0++0.!.. +..0+... ..0.+.01| ok p=1
Q5:	|!10..1.1 0.-....1 -..+0... .!-.-..+| ok p=1
Q6:	|.0+....- +1-..... +..-0.!. ..+.0^.1| ok p=1
Q7:	|.+-....1 -......! +..0-... ..-.1+.-| ok p=1
Q8:	|.0+.0..+ +.0!.... ...0+... ..0.+0.+| ok p=1
Q9:	|.10.0..+ +.1.0... 10..+.0. ..0.+1.+| ok p=1
Q10:	|1011+0.. +0100..0 111.+01. ..0.0.1-| ok p=1
Q11:	|0000+110 +1-1-^00 0+10+1+0 ..1.0.01| ok p=1
Q12:	|-+---+10 1+++--1- +--10--1 .0+^-^--| ok p=1
Q13:	|0--1+--- --+--1++ ---+-+++ .10-1+10| ok p=1
Q14:	|11.001+0 01+1-0+1 -..101-- .-101110| ok p=1
Q15:	|.11.1111 0--10.-1 +00+000+ .0.0-+-.| ok p=0.504883
Q16:	|.....0+1 .-1.1.+. 1...0.00 .0..++..| ok p=0.873047
Q17:	|.....1+. .10.+.0. 1..^...0 .0..11^.| ok p=0.930664
Q18:	|0....--- .1....+. -...+... .0..+1..| ok p=0.959961
Q19:	|......-- .+..^... ...0+... .-......| ok p=0.495117
Q20:	|-....^-0 ...0..^. ^..0-..0 ...0^...| ok p=0.988281
Q21:	|-.....0- .^.1.... ...-1..1 .^.1....| ok p=0.554688
Q22:	|+.....+. ...+.... ....1..+ ...-....| ok p=0.942383
Q23:	|+.0....^ ......0. ...^.... ........| ok p=0.744141
Q24:	|1.1...^. ...^..1. ..0....^ ...^.0..| ok p=1
Q25:	|0.-..... ......-. ..1..... ........| ok p=0.848633
Q26:	|........ .0...... ..-..... ....0+..| ok p=0.472656
Q27:	|..^..... .1....^. ........ ....1+..| ok p=0.999023
Q28:	|........ .+...... ..^..... ....+-..| ok p=0.894531
Q29:	|........ .0...... ........ .....0..| ok p=1
Q30:	|........ .-...... ........ ....^1..| ok p=1
Q31:	|........ .-...... ........ ........| ok p=0.999023
Q32:	|........ ........ ........ ........| ok p=1
Q33:	|........ .!...... ........ ........| ok p=1
Q34:	|........ ........ ........ ........| ok p=1
Q35:	|........ ........ ........ ........| ok p=1
Q36:	|........ ........ ........ ........| ok p=1
Q37:	|........ ........ ........ ........| ok p=1
Q38:	|........ ........ ........ ........| ok p=1
Q39:	|........ ........ ........ ........| ok p=1
Q40:	|........ ........ ........ ........| ok p=1
Q41:	|........ ........ ........ ........| ok p=1
Q42:	|........ ........ ........ ........| ok p=1
Q43:	|........ ........ ........ ........| ok p=1
Q44:	|........ ........ ........ ........| ok p=1
Q45:	|........ ........ ........ ........| ok p=1
Q46:	|........ ........ ........ ........| ok p=1
Q47:	|........ ........ ........ ........| ok p=1
Q48:	|........ ........ ........ ........| ok p=1
Q49:	|........ ........ ........ ........| ok p=1
Q50:	|........ ........ ........ ........| ok p=1
Q51:	|........ ........ ........ ........| ok p=1
Q52:	|........ ........ ........ ........| ok p=1
Q53:	|........ ........ ........ ........| ok p=1
Q54:	|........ ........ ........ ........| ok p=1
Q55:	|........ ........ ........ ........| ok p=1
Q56:	|........ ........ ........ ........| ok p=1
Q57:	|........ ........ ........ ........| ok p=1
Q58:	|........ ........ ........ ........| ok p=1
Q59:	|........ ........ ........ ........| ok p=1
Q60:	|........ ........ ........ .......0| ok p=1
Q61:	|........ ........ ........ ......11| ok p=1
Q62:	|........ ........ ........ ......0+| ok p=1
Q63:	|........ ........ ........ ......+-| ok p=0.999023
Q64:	|........ .+...... ........ .......+|
Best path: totcompl=-22 tottunnel=39, totcond=550, p=0.00654274
Best paths: 2
Q-3:	|10011010 01000001 00110000 01001111|
Q-2:	|010+++10 00100010 01001100 00001-++|
Q-1:	|0+-00-11 10000000 01111000 0101000-|
Q0:	|01+0-+00 -+1-01-+ +0100010 0111001-| ok p=0.40625
Q1:	|.1-.0-.. ++0-..1- +...1.-. ..+.+.++| ok p=0.630859
Q2:	|.-1.1+.. +0+-..1+ +...0.0. ..-.+.-0| ok p=1
Q3:	|.-0..+.^ +++1...+ +.!0-.0. ..1.+.0-| ok p=1
Q4:	|!+0....- 0++0.... +..0+... ..0.+.01| ok p=1
Q5:	|!10..1.1 0.-....1 -..+0... .!-.-..+| ok p=1
Q6:	|.0+....- +1-..... +..-0!.. ..+.0^.1| ok p=1
Q7:	|.+-....1 -.1....! +..0-... ..-.1+.-| ok p=1
Q8:	|.0+.0..+ +.0..... ...0+... ..0.+0.+| ok p=1
Q9:	|.10.0..+ +.1.0... 10..+.0. ..0.+1.+| ok p=1
Q10:	|1011+0.. +0100..0 111.+01. ..0.0.1-| ok p=1
Q11:	|0000+110 +1-1-^00 0+10+1+0 ..1.0.01| ok p=1
Q12:	|-+---+10 1+++--1- +--10--1 .0+^-^--| ok p=1
Q13:	|0-1----- --+--1++ ---+-+++ .10-1+10| ok p=1
Q14:	|110..1+0 01+1-0+1 -..101-- .-101110| ok p=1
Q15:	|.1.11111 0--10.-1 +00+000+ .0.0-+-.| ok p=0.491211
Q16:	|.....0+1 .-1.1.+. 1...0.00 .0..++..| ok p=0.881836
Q17:	|.....1+. .10.+.0. 1..^...0 .0..11^.| ok p=0.928711
Q18:	|0....--- .1....+. -...+... .0..+1..| ok p=0.96875
Q19:	|......-- .+..^... ...0+... .-......| ok p=0.450195
Q20:	|-....^-0 ...0..^. ^..0-..0 ...0^...| ok p=0.979492
Q21:	|-.....0- .^.1.... ...-1..1 .^.1....| ok p=0.546875
Q22:	|+.....+. ...+.... ....1..+ ...-....| ok p=0.956055
Q23:	|+.0....^ ......0. ...^.... ........| ok p=0.74707
Q24:	|1.1...^. ...^..1. ..0....^ ...^.0..| ok p=1
Q25:	|0.-..... ......-. ..1..... ........| ok p=0.852539
Q26:	|........ .0...... ..-..... ....0+..| ok p=0.494141
Q27:	|..^..... .1....^. ........ ....1+..| ok p=0.999023
Q28:	|........ .+...... ..^..... ....+-..| ok p=0.911133
Q29:	|........ .0...... ........ .....0..| ok p=0.998047
Q30:	|........ .-...... ........ ....^1..| ok p=1
Q31:	|........ .-...... ........ ........| ok p=1
Q32:	|........ ........ ........ ........| ok p=1
Q33:	|........ .!...... ........ ........| ok p=1
Q34:	|........ ........ ........ ........| ok p=1
Q35:	|........ ........ ........ ........| ok p=1
Q36:	|........ ........ ........ ........| ok p=1
Q37:	|........ ........ ........ ........| ok p=1
Q38:	|........ ........ ........ ........| ok p=1
Q39:	|........ ........ ........ ........| ok p=1
Q40:	|........ ........ ........ ........| ok p=1
Q41:	|........ ........ ........ ........| ok p=1
Q42:	|........ ........ ........ ........| ok p=1
Q43:	|........ ........ ........ ........| ok p=1
Q44:	|........ ........ ........ ........| ok p=1
Q45:	|........ ........ ........ ........| ok p=1
Q46:	|........ ........ ........ ........| ok p=1
Q47:	|........ ........ ........ ........| ok p=1
Q48:	|........ ........ ........ ........| ok p=1
Q49:	|........ ........ ........ ........| ok p=1
Q50:	|........ ........ ........ ........| ok p=1
Q51:	|........ ........ ........ ........| ok p=1
Q52:	|........ ........ ........ ........| ok p=1
Q53:	|........ ........ ........ ........| ok p=1
Q54:	|........ ........ ........ ........| ok p=1
Q55:	|........ ........ ........ ........| ok p=1
Q56:	|........ ........ ........ ........| ok p=1
Q57:	|........ ........ ........ ........| ok p=1
Q58:	|........ ........ ........ ........| ok p=1
Q59:	|........ ........ ........ ........| ok p=1
Q60:	|........ ........ ........ .......0| ok p=1
Q61:	|........ ........ ........ ......11| ok p=1
Q62:	|........ ........ ........ ......0+| ok p=1
Q63:	|........ ........ ........ ......+-| ok p=0.998047
Q64:	|........ .+...... ........ .......+|
Best path: totcompl=-20 tottunnel=41, totcond=549, p=0.00688261
Best paths: 2
Q-3:	|10011010 01000001 00110000 01001111|
Q-2:	|010+++10 00100010 01001100 00001-++|
Q-1:	|0+-00-11 10000000 01111000 0101000-|
Q0:	|01+0-+00 -+1-01-+ +0100010 0111001-| ok p=0.370117
Q1:	|.1-.0-.. ++0-..1- +...1.-. ..+.+.++| ok p=0.630859
Q2:	|.-1.1+.. +0+-..1+ +...0.0. ..-.+.-0| ok p=1
Q3:	|.-0..+.^ +++....+ +.!0-.0. ..1.+.0-| ok p=1
Q4:	|!+0....- 0++0.!.. +..0+... ..0.+.01| ok p=1
Q5:	|!10..1.1 0.-....1 -..+0... .!-.-..+| ok p=1
Q6:	|.0+....- +1-..... +..-0.!. ..+.0^.1| ok p=1
Q7:	|.+-....1 -....... +!.0-... ..-.1+.-| ok p=1
Q8:	|.0+.0..+ +.0!.... ...0+... ..0.+0.+| ok p=1
Q9:	|.10.0..+ +.1.0... 10..+.0. ..0.+1.+| ok p=1
Q10:	|0011+0.. +0100..0 111.+01. ..0.0.1-| ok p=1
Q11:	|1000+110 +1-1-^00 0+10+1+0 ..1.0.01| ok p=1
Q12:	|++---+10 1+++--1- +--10--1 .0+^-^--| ok p=1
Q13:	|0-1----- --+--1++ ---+-+++ .10-1+10| ok p=1
Q14:	|110..1+0 01+1-0+1 -..101-- .-101110| ok p=1
Q15:	|.1.11111 0--10.-1 +00+000+ .0.0-+-.| ok p=0.501953
Q16:	|.....0+1 .-1.1.+. 1...0.00 .0..++..| ok p=0.883789
Q17:	|.....1+. .10.+.0. 1..^...0 .0..11^.| ok p=0.914062
Q18:	|0....--- .1....+. -...+... .0..+1..| ok p=0.967773
Q19:	|......-- .+..^... ...0+... .-......| ok p=0.481445
Q20:	|-....^-0 ...0..^. ^..0-..0 ...0^...| ok p=0.979492
Q21:	|-.....0- .^.1.... ...-1..1 .^.1....| ok p=0.574219
Q22:	|+.....+. ...+.... ....1..+ ...-....| ok p=0.947266
Q23:	|+.0....^ ......0. ...^.... ........| ok p=0.720703
Q24:	|1.1...^. ...^..1. ..0....^ ...^.0..| ok p=1
Q25:	|0.-..... ......-. ..1..... ........| ok p=0.851562
Q26:	|........ .0...... ..-..... ....0+..| ok p=0.505859
Q27:	|..^..... .1....^. ........ ....1+..| ok p=0.999023
Q28:	|........ .+...... ..^..... ....+-..| ok p=0.910156
Q29:	|........ .0...... ........ .....0..| ok p=0.999023
Q30:	|........ .-...... ........ ....^1..| ok p=1
Q31:	|........ .-...... ........ ........| ok p=1
Q32:	|........ ........ ........ ........| ok p=1
Q33:	|........ .!...... ........ ........| ok p=1
Q34:	|........ ........ ........ ........| ok p=1
Q35:	|........ ........ ........ ........| ok p=1
Q36:	|........ ........ ........ ........| ok p=1
Q37:	|........ ........ ........ ........| ok p=1
Q38:	|........ ........ ........ ........| ok p=1
Q39:	|........ ........ ........ ........| ok p=1
Q40:	|........ ........ ........ ........| ok p=1
Q41:	|........ ........ ........ ........| ok p=1
Q42:	|........ ........ ........ ........| ok p=1
Q43:	|........ ........ ........ ........| ok p=1
Q44:	|........ ........ ........ ........| ok p=1
Q45:	|........ ........ ........ ........| ok p=1
Q46:	|........ ........ ........ ........| ok p=1
Q47:	|........ ........ ........ ........| ok p=1
Q48:	|........ ........ ........ ........| ok p=1
Q49:	|........ ........ ........ ........| ok p=1
Q50:	|........ ........ ........ ........| ok p=1
Q51:	|........ ........ ........ ........| ok p=1
Q52:	|........ ........ ........ ........| ok p=1
Q53:	|........ ........ ........ ........| ok p=1
Q54:	|........ ........ ........ ........| ok p=1
Q55:	|........ ........ ........ ........| ok p=1
Q56:	|........ ........ ........ ........| ok p=1
Q57:	|........ ........ ........ ........| ok p=1
Q58:	|........ ........ ........ ........| ok p=1
Q59:	|........ ........ ........ ........| ok p=1
Q60:	|........ ........ ........ .......0| ok p=1
Q61:	|........ ........ ........ ......11| ok p=1
Q62:	|........ ........ ........ ......0+| ok p=1
Q63:	|........ ........ ........ ......+-| ok p=0.999023
Q64:	|........ .+...... ........ .......+|
Best path: totcompl=-19 tottunnel=42, totcond=549, p=0.00647037
Best paths: 2
Best paths: 4
****Q-3:	|10011010 01000001 00110000 01001111|
Q-2:	|010+++10 00100010 01001100 00001-++|
Q-1:	|0+-00-11 10000000 01111000 0101000-|
Q0:	|01+0-+00 -+1-01-+ +0100010 0111001-| ok p=0.364258
Q1:	|.1-.0-.. ++0-..1- +...1.-. ..+.+.++| ok p=0.626953
Q2:	|.-1.1+.. +0+-..1+ +...0.0. ..-.+.-0| ok p=1
Q3:	|.-0..+.^ +++....+ +.!0-.0. ..1.+.0-| ok p=1
Q4:	|!+0....- 0++0!... +..0+... ..0.+.01| ok p=1
Q5:	|!10..1.1 0.-....1 -..+0... .!-.-..+| ok p=1
Q6:	|.0+....- +1-..... +..-0.!. ..+.0^.1| ok p=1
Q7:	|.+-....1 -.1..... +..1-... ..-.1+.-| ok p=1
Q8:	|!+-.1..+ +.0..... ...0+^.. ..0.00.+| ok p=1
Q9:	|!1..0..+ +...1... 1...0+1. .!+.01.+| ok p=1
Q10:	|.001+00. 00101.01 0.0.+11. ..+.-.0-| ok p=1
Q11:	|.0001111 0111+^10 +.1^0--0 ..+.-010| ok p=1
Q12:	|^1+---+. ++--+--+ 1^+--0+1 .1..-1+0| ok p=1
Q13:	|-+1++++. --+0+1+- ---0+-++ .01..+-.| ok p=1
Q14:	|0111000. 0100-0+1 -11001-- .-..0+0.| ok p=1
Q15:	|01.10+-. +0+.0.-1 000.+11+ .0...--.| ok p=0.511719
Q16:	|.....+-0 ....1.+. 0...1.10 .0..0+..| ok p=0.873047
Q17:	|.....1+. ^0^.+.0. 1...1..0 .0..01^.| ok p=0.935547
Q18:	|0....--- .1....+. -...+... .0..+1..| ok p=0.97168
Q19:	|......-- .+..^... ...0+... .-......| ok p=0.443359
Q20:	|-....^-0 ...0..^. ^..0-..0 ...0^...| ok p=0.985352
Q21:	|-.....0- .^.1.... ...-1..1 .^.1....| ok p=0.569336
Q22:	|+.....+. ...+.... ....1..+ ...-....| ok p=0.948242
Q23:	|+.0....^ ......0. ...^.... ........| ok p=0.736328
Q24:	|1.1...^. ...^..1. ..0....^ ...^.0..| ok p=1
Q25:	|0.-..... ......-. ..1..... ........| ok p=0.856445
Q26:	|........ .0...... ..-..... ....0+..| ok p=0.496094
Q27:	|..^..... .1....^. ........ ....1+..| ok p=0.99707
Q28:	|........ .+...... ..^..... ....+-..| ok p=0.908203
Q29:	|........ .0...... ........ .....0..| ok p=1
Q30:	|........ .-...... ........ ....^1..| ok p=1
Q31:	|........ .-...... ........ ........| ok p=1
Q32:	|........ ........ ........ ........| ok p=1
Q33:	|........ .!...... ........ ........| ok p=1
Q34:	|........ ........ ........ ........| ok p=1
Q35:	|........ ........ ........ ........| ok p=1
Q36:	|........ ........ ........ ........| ok p=1
Q37:	|........ ........ ........ ........| ok p=1
Q38:	|........ ........ ........ ........| ok p=1
Q39:	|........ ........ ........ ........| ok p=1
Q40:	|........ ........ ........ ........| ok p=1
Q41:	|........ ........ ........ ........| ok p=1
Q42:	|........ ........ ........ ........| ok p=1
Q43:	|........ ........ ........ ........| ok p=1
Q44:	|........ ........ ........ ........| ok p=1
Q45:	|........ ........ ........ ........| ok p=1
Q46:	|........ ........ ........ ........| ok p=1
Q47:	|........ ........ ........ ........| ok p=1
Q48:	|........ ........ ........ ........| ok p=1
Q49:	|........ ........ ........ ........| ok p=1
Q50:	|........ ........ ........ ........| ok p=1
Q51:	|........ ........ ........ ........| ok p=1
Q52:	|........ ........ ........ ........| ok p=1
Q53:	|........ ........ ........ ........| ok p=1
Q54:	|........ ........ ........ ........| ok p=1
Q55:	|........ ........ ........ ........| ok p=1
Q56:	|........ ........ ........ ........| ok p=1
Q57:	|........ ........ ........ ........| ok p=1
Q58:	|........ ........ ........ ........| ok p=1
Q59:	|........ ........ ........ ........| ok p=1
Q60:	|........ ........ ........ .......0| ok p=1
Q61:	|........ ........ ........ ......11| ok p=1
Q62:	|........ ........ ........ ......0+| ok p=1
Q63:	|........ ........ ........ ......+-| ok p=1
Q64:	|........ .+...... ........ .......+|
Best path: totcompl=-19 tottunnel=42, totcond=537, p=0.00799218
Best paths: 2
Q-3:	|10011010 01000001 00110000 01001111|
Q-2:	|010+++10 00100010 01001100 00001-++|
Q-1:	|0+-00-11 10000000 01111000 0101000-|
Q0:	|01+0-+00 -+1-01-+ +0100010 0111001-| ok p=0.369141
Q1:	|.1-.0-.. ++0-..1- +...1.-. ..+.+.++| ok p=0.618164
Q2:	|.-1.1+.. +0+-..1+ +...0.0. ..-.+.-0| ok p=1
Q3:	|.-0..+.^ +++1...+ +.!0-.0. ..1.+.0-| ok p=1
Q4:	|!+0....- 0++0.... +..0+... ..0.+.01| ok p=1
Q5:	|!10..1.1 0.-....1 -..+0... .!-.-..+| ok p=1
Q6:	|.0+....- +1-..... +..-0.!. ..+.0^.1| ok p=1
Q7:	|.+-....1 -....... +..1-... ..-.1+.-| ok p=1
Q8:	|.+-!1..+ +.0!.... ...0+^.. ..0.00.+| ok p=1
Q9:	|!.1.0..+ +....... 1...0+1. .!+.01.+| ok p=1
Q10:	|.000+00. 0001^.11 0.0.+11. ..+.-.0-| ok p=1
Q11:	|11111111 0110+.00 +.1^0--0 ..+.-010| ok p=1
Q12:	|0+----+. ++--0.++ 1^+--0+1 .1..-1+0| ok p=1
Q13:	|-++-+++. --+0+.+- ---0+-++ .01..+-.| ok p=1
Q14:	|001.000. 0100-.+0 -11001-- .-..0+0.| ok p=1
Q15:	|01110+-. +0+.0.-1 000.+00+ .0...--.| ok p=0.492188
Q16:	|.....+-0 ....1.+. 0...1.00 .0..0+..| ok p=0.880859
Q17:	|.....1+. ^0^.+.0. 1...1..0 .0..01^.| ok p=0.954102
Q18:	|0....--- .1....+. -...+... .0..+1..| ok p=0.97168
Q19:	|......-- .+..^... ...0+... .-......| ok p=0.481445
Q20:	|-....^-0 ...0..^. ^..0-..0 ...0^...| ok p=0.980469
Q21:	|-.....0- .^.1.... ...-1..1 .^.1....| ok p=0.558594
Q22:	|+.....+. ...+.... ....1..+ ...-....| ok p=0.960938
Q23:	|+.0....^ ......0. ...^.... ........| ok p=0.740234
Q24:	|1.1...^. ...^..1. ..0....^ ...^.0..| ok p=1
Q25:	|0.-..... ......-. ..1..... ........| ok p=0.864258
Q26:	|........ .0...... ..-..... ....0+..| ok p=0.505859
Q27:	|..^..... .1....^. ........ ....1+..| ok p=0.999023
Q28:	|........ .+...... ..^..... ....+-..| ok p=0.902344
Q29:	|........ .0...... ........ .....0..| ok p=1
Q30:	|........ .-...... ........ ....^1..| ok p=1
Q31:	|........ .-...... ........ ........| ok p=1
Q32:	|........ ........ ........ ........| ok p=1
Q33:	|........ .!...... ........ ........| ok p=1
Q34:	|........ ........ ........ ........| ok p=1
Q35:	|........ ........ ........ ........| ok p=1
Q36:	|........ ........ ........ ........| ok p=1
Q37:	|........ ........ ........ ........| ok p=1
Q38:	|........ ........ ........ ........| ok p=1
Q39:	|........ ........ ........ ........| ok p=1
Q40:	|........ ........ ........ ........| ok p=1
Q41:	|........ ........ ........ ........| ok p=1
Q42:	|........ ........ ........ ........| ok p=1
Q43:	|........ ........ ........ ........| ok p=1
Q44:	|........ ........ ........ ........| ok p=1
Q45:	|........ ........ ........ ........| ok p=1
Q46:	|........ ........ ........ ........| ok p=1
Q47:	|........ ........ ........ ........| ok p=1
Q48:	|........ ........ ........ ........| ok p=1
Q49:	|........ ........ ........ ........| ok p=1
Q50:	|........ ........ ........ ........| ok p=1
Q51:	|........ ........ ........ ........| ok p=1
Q52:	|........ ........ ........ ........| ok p=1
Q53:	|........ ........ ........ ........| ok p=1
Q54:	|........ ........ ........ ........| ok p=1
Q55:	|........ ........ ........ ........| ok p=1
Q56:	|........ ........ ........ ........| ok p=1
Q57:	|........ ........ ........ ........| ok p=1
Q58:	|........ ........ ........ ........| ok p=1
Q59:	|........ ........ ........ ........| ok p=1
Q60:	|........ ........ ........ .......0| ok p=1
Q61:	|........ ........ ........ ......11| ok p=1
Q62:	|........ ........ ........ ......0+| ok p=1
Q63:	|........ ........ ........ ......+-| ok p=0.999023
Q64:	|........ .+...... ........ .......+|
Best path: totcompl=-18 tottunnel=43, totcond=533, p=0.00611924
Best paths: 2
**Q-3:	|10011010 01000001 00110000 01001111|
Q-2:	|010+++10 00100010 01001100 00001-++|
Q-1:	|0+-00-11 10000000 01111000 0101000-|
Q0:	|01+0-+00 -+1-01-+ +0100010 0111001-| ok p=0.341797
Q1:	|.1-.0-.. ++0-..1- +...1.-. ..+.+.++| ok p=0.632812
Q2:	|.-1.1+.. +0+-..1+ +...0.0. ..-.+.-0| ok p=1
Q3:	|.-0..+.^ +++....+ +!.0-.0. ..1.+.0-| ok p=1
Q4:	|!+0....- 0++0!... +..0+... ..0.+.01| ok p=1
Q5:	|!10..1.1 0.-....1 -..+0... .!-.-..+| ok p=1
Q6:	|.0+....- +1-..... +..-0!.. ..+.0^.1| ok p=1
Q7:	|.+-....1 -.1..... +..1-... ..-.1+.-| ok p=1
Q8:	|.+-!1..+ +.0..... ...0+^.. ..0.00.+| ok p=1
Q9:	|!1..0..+ +....... 1...0+1. ..+^01.+| ok p=1
Q10:	|.000+00. 0001^.11 0.0.+11. ..+.-.0-| ok p=1
Q11:	|01111111 0110+.00 +.1^0--0 ..+.-010| ok p=1
Q12:	|1+----+. ++--0.++ 1^+--0+1 .1..-1+0| ok p=1
Q13:	|+++-+++. --+0+.+- ---0+-++ .01..+-.| ok p=1
Q14:	|0.1.000. 0100-.+0 -11001-- .-..0+0.| ok p=1
Q15:	|01110+-. +0+.0.-1 000.+00+ .0...--.| ok p=0.49707
Q16:	|.....+-0 ....1.+. 0...1.00 .0..0+..| ok p=0.863281
Q17:	|.....1+. ^0^.+.0. 1...1..0 .0..01^.| ok p=0.955078
Q18:	|0....--- .1....+. -...+... .0..+1..| ok p=0.97168
Q19:	|......-- .+..^... ...0+... .-......| ok p=0.491211
Q20:	|-....^-0 ...0..^. ^..0-..0 ...0^...| ok p=0.979492
Q21:	|-.....0- .^.1.... ...-1..1 .^.1....| ok p=0.571289
Q22:	|+.....+. ...+.... ....1..+ ...-....| ok p=0.948242
Q23:	|+.0....^ ......0. ...^.... ........| ok p=0.72168
Q24:	|1.1...^. ...^..1. ..0....^ ...^.0..| ok p=1
Q25:	|0.-..... ......-. ..1..... ........| ok p=0.878906
Q26:	|........ .0...... ..-..... ....0+..| ok p=0.485352
Q27:	|..^..... .1....^. ........ ....1+..| ok p=1
Q28:	|........ .+...... ..^..... ....+-..| ok p=0.897461
Q29:	|........ .0...... ........ .....0..| ok p=0.999023
Q30:	|........ .-...... ........ ....^1..| ok p=1
Q31:	|........ .-...... ........ ........| ok p=0.999023
Q32:	|........ ........ ........ ........| ok p=1
Q33:	|........ .!...... ........ ........| ok p=1
Q34:	|........ ........ ........ ........| ok p=1
Q35:	|........ ........ ........ ........| ok p=1
Q36:	|........ ........ ........ ........| ok p=1
Q37:	|........ ........ ........ ........| ok p=1
Q38:	|........ ........ ........ ........| ok p=1
Q39:	|........ ........ ........ ........| ok p=1
Q40:	|........ ........ ........ ........| ok p=1
Q41:	|........ ........ ........ ........| ok p=1
Q42:	|........ ........ ........ ........| ok p=1
Q43:	|........ ........ ........ ........| ok p=1
Q44:	|........ ........ ........ ........| ok p=1
Q45:	|........ ........ ........ ........| ok p=1
Q46:	|........ ........ ........ ........| ok p=1
Q47:	|........ ........ ........ ........| ok p=1
Q48:	|........ ........ ........ ........| ok p=1
Q49:	|........ ........ ........ ........| ok p=1
Q50:	|........ ........ ........ ........| ok p=1
Q51:	|........ ........ ........ ........| ok p=1
Q52:	|........ ........ ........ ........| ok p=1
Q53:	|........ ........ ........ ........| ok p=1
Q54:	|........ ........ ........ ........| ok p=1
Q55:	|........ ........ ........ ........| ok p=1
Q56:	|........ ........ ........ ........| ok p=1
Q57:	|........ ........ ........ ........| ok p=1
Q58:	|........ ........ ........ ........| ok p=1
Q59:	|........ ........ ........ ........| ok p=1
Q60:	|........ ........ ........ .......0| ok p=1
Q61:	|........ ........ ........ ......11| ok p=1
Q62:	|........ ........ ........ ......0+| ok p=1
Q63:	|........ ........ ........ ......+-| ok p=0.999023
Q64:	|........ .+...... ........ .......+|
Best path: totcompl=-18 tottunnel=43, totcond=532, p=0.00638961
Q-3:	|10011010 01000001 00110000 01001111|
Q-2:	|010+++10 00100010 01001100 00001-++|
Q-1:	|0+-00-11 10000000 01111000 0101000-|
Q0:	|01+0-+00 -+1-01-+ +0100010 0111001-| ok p=0.383789
Q1:	|.1-.0-.. ++0-..1- +...1.-. ..+.+.++| ok p=0.595703
Q2:	|.-1.1+.. +0+-..1+ +...0.0. ..-.+.-0| ok p=1
Q3:	|.-0..+.^ +++....+ +!.0-.0. ..1.+.0-| ok p=1
Q4:	|!+0....- 0++0.!.. +..0+... ..0.+.01| ok p=1
Q5:	|!10..1.1 0.-....1 -..+0... .!-.-..+| ok p=1
Q6:	|.0+....- +1-..... +..-0!.. ..+.0^.1| ok p=1
Q7:	|.+-....1 -....... +..1-... ..-.1+.-| ok p=1
Q8:	|!+-.1..+ +.0.!... ...0+^.. ..0.00.+| ok p=1
Q9:	|!...0..+ +....... 1...0+1. .!+.01.+| ok p=1
Q10:	|!000+00. 0001^.11 0.0.+11. ..+.-.0-| ok p=1
Q11:	|01111111 0110+.00 +.1^0--0 ..+.-010| ok p=1
Q12:	|1+----+. ++--0.++ 1^+--0+1 .1..-1+0| ok p=1
Q13:	|+++-+++. --+0+.+- ---0+-++ .01..+-.| ok p=1
Q14:	|0.1.000. 0100-.+0 -11001-- .-..0+0.| ok p=1
Q15:	|01110+-. +0+.0.-1 000.+11+ .0...--.| ok p=0.494141
Q16:	|.....+-0 ....1.+. 0...1.10 .0..0+..| ok p=0.868164
Q17:	|.....1+. ^0^.+.0. 1...1..0 .0..01^.| ok p=0.935547
Q18:	|0....--- .1....+. -...+... .0..+1..| ok p=0.985352
Q19:	|......-- .+..^... ...0+... .-......| ok p=0.469727
Q20:	|-....^-0 ...0..^. ^..0-..0 ...0^...| ok p=0.983398
Q21:	|-.....0- .^.1.... ...-1..1 .^.1....| ok p=0.548828
Q22:	|+.....+. ...+.... ....1..+ ...-....| ok p=0.958008
Q23:	|+.0....^ ......0. ...^.... ........| ok p=0.75293
Q24:	|1.1...^. ...^..1. ..0....^ ...^.0..| ok p=1
Q25:	|0.-..... ......-. ..1..... ........| ok p=0.876953
Q26:	|........ .0...... ..-..... ....0+..| ok p=0.514648
Q27:	|..^..... .1....^. ........ ....1+..| ok p=0.999023
Q28:	|........ .+...... ..^..... ....+-..| ok p=0.912109
Q29:	|........ .0...... ........ .....0..| ok p=1
Q30:	|........ .-...... ........ ....^1..| ok p=1
Q31:	|........ .-...... ........ ........| ok p=0.998047
Q32:	|........ ........ ........ ........| ok p=1
Q33:	|........ .!...... ........ ........| ok p=1
Q34:	|........ ........ ........ ........| ok p=1
Q35:	|........ ........ ........ ........| ok p=1
Q36:	|........ ........ ........ ........| ok p=1
Q37:	|........ ........ ........ ........| ok p=1
Q38:	|........ ........ ........ ........| ok p=1
Q39:	|........ ........ ........ ........| ok p=1
Q40:	|........ ........ ........ ........| ok p=1
Q41:	|........ ........ ........ ........| ok p=1
Q42:	|........ ........ ........ ........| ok p=1
Q43:	|........ ........ ........ ........| ok p=1
Q44:	|........ ........ ........ ........| ok p=1
Q45:	|........ ........ ........ ........| ok p=1
Q46:	|........ ........ ........ ........| ok p=1
Q47:	|........ ........ ........ ........| ok p=1
Q48:	|........ ........ ........ ........| ok p=1
Q49:	|........ ........ ........ ........| ok p=1
Q50:	|........ ........ ........ ........| ok p=1
Q51:	|........ ........ ........ ........| ok p=1
Q52:	|........ ........ ........ ........| ok p=1
Q53:	|........ ........ ........ ........| ok p=1
Q54:	|........ ........ ........ ........| ok p=1
Q55:	|........ ........ ........ ........| ok p=1
Q56:	|........ ........ ........ ........| ok p=1
Q57:	|........ ........ ........ ........| ok p=1
Q58:	|........ ........ ........ ........| ok p=1
Q59:	|........ ........ ........ ........| ok p=1
Q60:	|........ ........ ........ .......0| ok p=1
Q61:	|........ ........ ........ ......11| ok p=1
Q62:	|........ ........ ........ ......0+| ok p=1
Q63:	|........ ........ ........ ......+-| ok p=0.998047
Q64:	|........ .+...... ........ .......+|
Best path: totcompl=-17 tottunnel=44, totcond=532, p=0.00633504
******