Extend MD5 differential paths forward
Copyright (C) 2009 Marc Stevens
http://homepages.cwi.nl/~stevens/

delta_m[11] = [!22!]
Loading workdir6/lowerpath.bin.gz...done: 1.
Estimating maxcond for upper bound 8000000 (=2000000 * 4)...
t=1:  0%   10   20   30   40   50   60   70   80   90   100%
      |----|----|----|----|----|----|----|----|----|----|
e     ***************************************************
Found maxcond = 2176
t=1:  0%   10   20   30   40   50   60   70   80   90   100%
      |----|----|----|----|----|----|----|----|----|----|
      ***************************************************
Q-3:	|10011010 01000001 00110000 01001111|
Q-2:	|010+++10 00100010 01001100 00001-++|
Q-1:	|0+-00-11 10000000 01111000 0101000-|
Q0:	|01+0-+00 -+1-01-+ +0100010 0111001-| ok p=0.362305
Q1:	|.1-.0-.. ++.-..00 -.....-. ..+.+.++| ok p=0.890625
Q2:	|..-..-.. +..+..+. -....... ..-.+.-.|
Saving 4768 paths...done.
Autobalance parameters: maxcond=2176
Verified: 0 bad out of 4768
Estimating maxcond for upper bound 8000000 (=2000000 * 4)...
t=2:  0%   10   20   30   40   50   60   70   80   90   100%
      |----|----|----|----|----|----|----|----|----|----|
e     ***************************************************
Found maxcond = 163
t=2:  0%   10   20   30   40   50   60   70   80   90   100%
      |----|----|----|----|----|----|----|----|----|----|
      ***************************************************
Q-3:	|10011010 01000001 00110000 01001111|
Q-2:	|010+++10 00100010 01001100 00001-++|
Q-1:	|0+-00-11 10000000 01111000 0101000-|
Q0:	|01+0-+00 -+1-01-+ +0100010 0111001-| ok p=0.396484
Q1:	|.1-.0-.. ++.-..0- +.....-. ..+.+.++| ok p=0.880859
Q2:	|..-.1+.. +..+..1+ +.....0. ..-.+.-1| ok p=0.885742
Q3:	|..-..+.+ ..-.+.-. .-..-... .+..+..-|
Saving 2000000 paths...done.
Autobalance parameters: maxcond=162
Verified: 57632 bad out of 2426557
Estimating maxcond for upper bound 8000000 (=2000000 * 4)...
t=3:  0%   10   20   30   40   50   60   70   80   90   100%
      |----|----|----|----|----|----|----|----|----|----|
e     ***************************************************
Found maxcond = 176
t=3:  0%   10   20   30   40   50   60   70   80   90   100%
      |----|----|----|----|----|----|----|----|----|----|
      ***************************************************
Q-3:	|10011010 01000001 00110000 01001111|
Q-2:	|010+++10 00100010 01001100 00001-++|
Q-1:	|0+-00-11 10000000 01111000 0101000-|
Q0:	|01+0-+00 -+1-01-+ +0100010 0111001-| ok p=0.505859
Q1:	|.1-.0-.. ++.-..10 -...V.-. .+.--.++| ok p=0.798828
Q2:	|.-0.1-.. +..+..01 -.....0. .0.--.-0| ok p=0.78125
Q3:	|.-1..-.. +1.1.... ....-.1. .+....+1| ok p=0.867188
Q4:	|.-..-.-. .+..+.-. ....+... ......+.|
Saving 2000000 paths...done.
Autobalance parameters: maxcond=175
Verified: 18480 bad out of 2171518
Estimating maxcond for upper bound 8000000 (=2000000 * 4)...
t=4:  0%   10   20   30   40   50   60   70   80   90   100%
      |----|----|----|----|----|----|----|----|----|----|
e     ***************************************************
Found maxcond = 189
t=4:  0%   10   20   30   40   50   60   70   80   90   100%
      |----|----|----|----|----|----|----|----|----|----|
      ***************************************************
Q-3:	|10011010 01000001 00110000 01001111|
Q-2:	|010+++10 00100010 01001100 00001-++|
Q-1:	|0+-00-11 10000000 01111000 0101000-|
Q0:	|01+0-+00 -+1-01-+ +0100010 0111001-| ok p=0.754883
Q1:	|.-+.0-.. ++0-..10 -...V.-. ..+0+.++| ok p=0.604492
Q2:	|.-..1-.. +.+-..+0 -...0.0. ..0--.-0| ok p=0.786133
Q3:	|.-0..-.. +1++..+. ....-.0. ..01+.11| ok p=0.509766
Q4:	|.+...... ...-.... 1...+... ..---.1.| ok p=0.334961
Q5:	|..-.+..+ .-.-...- ...+.+.+ ...+.+.+|
Saving 2000000 paths...done.
Autobalance parameters: maxcond=188
Verified: 4216 bad out of 2607198
Estimating maxcond for upper bound 8000000 (=2000000 * 4)...
t=5:  0%   10   20   30   40   50   60   70   80   90   100%
      |----|----|----|----|----|----|----|----|----|----|
e     ***************************************************
Found maxcond = 205
t=5:  0%   10   20   30   40   50   60   70   80   90   100%
      |----|----|----|----|----|----|----|----|----|----|
      ***************************************************
Q-3:	|10011010 01000001 00110000 01001111|
Q-2:	|010+++10 00100010 01001100 00001-++|
Q-1:	|0+-00-11 10000000 01111000 0101000-|
Q0:	|01+0-+00 -+1-01-+ +0100010 0111001-| ok p=0.379883
Q1:	|.1-.0-.V ++0-..1- +...V.-. ..+.+.++| ok p=0.464844
Q2:	|.-1.1+.. +.+-..1+ +.....0. ..-.+.-0| ok p=0.933594
Q3:	|.-0V.+.+ 01-....+ +...-.1. ..1.+.0-| ok p=0.851562
Q4:	|.-.....0 -.-0...+ -...0... ..0.+.0-| ok p=0.321289
Q5:	|.+.+.1.1 0.-..... -...+... ..-.-...| ok p=0.426758
Q6:	|+...-... -.-..... .+.+.... ..+....-|
Saving 2000000 paths...done.
Autobalance parameters: maxcond=203
Verified: 29850 bad out of 3601051
Estimating maxcond for upper bound 8000000 (=2000000 * 4)...
t=6:  0%   10   20   30   40   50   60   70   80   90   100%
      |----|----|----|----|----|----|----|----|----|----|
e     ***************************************************
Found maxcond = 218
t=6:  0%   10   20   30   40   50   60   70   80   90   100%
      |----|----|----|----|----|----|----|----|----|----|
      ***************************************************
Q-3:	|10011010 01000001 00110000 01001111|
Q-2:	|010+++10 00100010 01001100 00001-++|
Q-1:	|0+-00-11 10000000 01111000 0101000-|
Q0:	|01+0-+00 -+1-01-+ +0100010 0111001-| ok p=0.354492
Q1:	|.1-.0-.V ++0-..1- +...1.-. ..+.+.++| ok p=0.601562
Q2:	|.-1.1+.. +.+-..1+ +...0.0. ..-.+.-0| ok p=0.953125
Q3:	|.-0V.+.+ 11-....+ +...-.0. ..1.+.0-| ok p=0.506836
Q4:	|.+.....1 -.-0.... +..V0... ..0.+.01| ok p=0.52832
Q5:	|.1.+.1.1 1.-....0 -...+... ..-.-..+| ok p=0.879883
Q6:	|.+.0.... -.-..... +..--... ..+.-..0| ok p=0.820312
Q7:	|.+.-.... -..-..-. +..-.... +.+..-.-|
Saving 2000000 paths...done.
Autobalance parameters: maxcond=216
Verified: 63904 bad out of 3552288
Estimating maxcond for upper bound 8000000 (=2000000 * 4)...
t=7:  0%   10   20   30   40   50   60   70   80   90   100%
      |----|----|----|----|----|----|----|----|----|----|
e     ***************************************************
Found maxcond = 230
t=7:  0%   10   20   30   40   50   60   70   80   90   100%
      |----|----|----|----|----|----|----|----|----|----|
      ***************************************************
Q-3:	|10011010 01000001 00110000 01001111|
Q-2:	|010+++10 00100010 01001100 00001-++|
Q-1:	|0+-00-11 10000000 01111000 0101000-|
Q0:	|01+0-+00 -+1-01-+ +0100010 0111001-| ok p=0.378906
Q1:	|.1-.0-.V ++0-..1- +...1.-. ..+.+.++| ok p=0.598633
Q2:	|.-1.1+.. +.+-..1+ +...0.0. ..-.+.-0| ok p=0.944336
Q3:	|.-0V.+.+ 11-....+ +..V-.0. ..1.+.0-| ok p=0.466797
Q4:	|.+.....1 -.-0.... +..10... ..0.+.01| ok p=0.498047
Q5:	|.1.+.1.1 0.-....0 -..+-... V.-.-.V+| ok p=0.824219
Q6:	|.+.0.... 0.-..... +..--... ..+.0..1| ok p=0.926758
Q7:	|.+.1.... ........ +..-.... +.+.1.++| ok p=0.737305
Q8:	|.+....+. .+.+.... .+.....+ .-.....+|
Saving 2000000 paths...done.
Autobalance parameters: maxcond=229
Verified: 5162 bad out of 2689190
Estimating maxcond for upper bound 8000000 (=2000000 * 4)...
t=8:  0%   10   20   30   40   50   60   70   80   90   100%
      |----|----|----|----|----|----|----|----|----|----|
e     ***************************************************
Found maxcond = 242
t=8:  0%   10   20   30   40   50   60   70   80   90   100%
      |----|----|----|----|----|----|----|----|----|----|
      ***************************************************
Q-3:	|10011010 01000001 00110000 01001111|
Q-2:	|010+++10 00100010 01001100 00001-++|
Q-1:	|0+-00-11 10000000 01111000 0101000-|
Q0:	|01+0-+00 -+1-01-+ +0100010 0111001-| ok p=0.366211
Q1:	|.1-.0-.. ++0-..1- +...1.-. ..+.+.++| ok p=0.641602
Q2:	|.-1.1+.. +0+-..1+ +...0.0. ..-.+.-0| ok p=0.93457
Q3:	|.-0..+.. +++....+ +..V-.0. ..1.+.0-| ok p=0.475586
Q4:	|.+.1.... -1-0.... +..1+... ..0.+.01| ok p=0.539062
Q5:	|.0.0.1.. 10-....0 -..+1... ..-.-.0+| ok p=0.484375
Q6:	|.+.-.... 0++..... +..--... ..+.1.-1| ok p=0.699219
Q7:	|.+.0.... .++..... 0..+1... ..+.0.1+| ok p=0.496094
Q8:	|.+.1.... .+...... 1..1-... ..+...1+| ok p=0.660156
Q9:	|+.-..... ...+.-.. ...-.+.+ .-.....+|
Saving 2000000 paths...done.
Autobalance parameters: maxcond=240
Verified: 5400 bad out of 3586300
Estimating maxcond for upper bound 8000000 (=2000000 * 4)...
t=9:  0%   10   20   30   40   50   60   70   80   90   100%
      |----|----|----|----|----|----|----|----|----|----|
e     ***************************************************
Found maxcond = 253
t=9:  0%   10   20   30   40   50   60   70   80   90   100%
      |----|----|----|----|----|----|----|----|----|----|
      ***************************************************
Q-3:	|10011010 01000001 00110000 01001111|
Q-2:	|010+++10 00100010 01001100 00001-++|
Q-1:	|0+-00-11 10000000 01111000 0101000-|
Q0:	|01+0-+00 -+1-01-+ +0100010 0111001-| ok p=0.401367
Q1:	|.1-.0-.. ++0-..1- +...1.-. ..+.+.++| ok p=0.624023
Q2:	|.-1.1+.V +0+-..1+ +...0.0. ..-.+.-0| ok p=0.943359
Q3:	|.-0..+.. +++....+ +..0-.0. ..1.+.0-| ok p=0.487305
Q4:	|.+V....- .++0.... +..1+... ..0.+.01| ok p=0.464844
Q5:	|.0...1.1 0-+....1 -..+0... ..-.-V.+| ok p=0.511719
Q6:	|.1+....0 1++..... +..--... ..+.01.1| ok p=0.81543
Q7:	|.+0..... +10..... 0..-0... ..+.+-.-| ok p=0.508789
Q8:	|.+1..... +1-..... 1...1... ..+.+-.+| ok p=0.998047
Q9:	|.+...... ..+..... ...1.... ..+..+.+| ok p=0.583008
Q10:	|.+..+.-. +.+..+.. .+..+.-. .+.-.+.-|
Saving 2000000 paths...done.
Autobalance parameters: maxcond=252
Verified: 8246 bad out of 2427443
Estimating maxcond for upper bound 8000000 (=2000000 * 4)...
t=10: 0%   10   20   30   40   50   60   70   80   90   100%
      |----|----|----|----|----|----|----|----|----|----|
e     ***************************************************
Found maxcond = 264
t=10: 0%   10   20   30   40   50   60   70   80   90   100%
      |----|----|----|----|----|----|----|----|----|----|
      ***************************************************
Q-3:	|10011010 01000001 00110000 01001111|
Q-2:	|010+++10 00100010 01001100 00001-++|
Q-1:	|0+-00-11 10000000 01111000 0101000-|
Q0:	|01+0-+00 -+1-01-+ +0100010 0111001-| ok p=0.376953
Q1:	|.1-.0-.. ++0-..1- +...1.-. ..+.+.++| ok p=0.607422
Q2:	|.-1.1+.V +0+-..1+ +...0.0. ..-.+.-0| ok p=0.948242
Q3:	|.-0..+.. +++....+ +..V-.0. ..1.+.0-| ok p=0.470703
Q4:	|.+V....- 0++0.... +..0+... ..0.+.01| ok p=0.495117
Q5:	|.10..1.1 0.-....1 -..+0... ..-.-V.+| ok p=0.977539
Q6:	|.0+....- +1-..... +..-0... ..+.0..1| ok p=0.944336
Q7:	|.+-....1 -....... +..0-... ..-.1+.-| ok p=0.995117
Q8:	|.0+V...+ +.0..... ...0+... ..0.+0.+| ok p=1
Q9:	|.10....+ +....... 0...+... ..0.+1.+| ok p=0.995117
Q10:	|..1+.... +....... ....+... .......-| ok p=0.870117
Q11:	|...+.... +.-.-... .+..+.+. ........|
Saving 2000000 paths...done.
Autobalance parameters: maxcond=263
Verified: 118556 bad out of 2366994
Runtime: 321.819
Extend MD5 differential paths forward
Copyright (C) 2009 Marc Stevens
http://homepages.cwi.nl/~stevens/

delta_m[11] = [!22!]
Loading workdir6/paths10_0of1...done: 2000000 (work:2000000).
Estimating maxcond for upper bound 2000000 (=500000 * 4)...
t=11: 0%   10   20   30   40   50   60   70   80   90   100%
      |----|----|----|----|----|----|----|----|----|----|
e     ***************************************************
Found maxcond = 275
t=11: 0%   10   20   30   40   50   60   70   80   90   100%
      |----|----|----|----|----|----|----|----|----|----|
      ***************************************************
Q-3:	|10011010 01000001 00110000 01001111|
Q-2:	|010+++10 00100010 01001100 00001-++|
Q-1:	|0+-00-11 10000000 01111000 0101000-|
Q0:	|01+0-+00 -+1-01-+ +0100010 0111001-| ok p=0.37793
Q1:	|.1-.0-.. ++0-..1- +...1.-. ..+.+.++| ok p=0.620117
Q2:	|.-1.1+.V +0+-..1+ +...0.0. ..-.+.-0| ok p=0.9375
Q3:	|.-0..+.. +++....+ +..V-.0. ..1.+.0-| ok p=0.473633
Q4:	|.+V....- 0++0.... +..0+... ..0.+.01| ok p=0.489258
Q5:	|.10..1.1 0.-....1 -..+0... ..-.-V.+| ok p=0.970703
Q6:	|.0+....- +1-..... +..-0... ..+.0..1| ok p=1
Q7:	|.+-....1 -....... +..1-V.. ..-.0+.-| ok p=0.990234
Q8:	|.+-V...1 -.0..... ...0+... ..0V.0.+| ok p=0.760742
Q9:	|...1...0 -...V... 0...1+.. ..+0.1.+| ok p=0.939453
Q10:	|.10+...- ........ ....+0.. ..+-...-| ok p=1
Q11:	|...+...- 1...+... ....+1.. ...+...0| ok p=0.852539
Q12:	|..+.-... -..+.... .-..-... ...+..+.|
Saving 500000 paths...done.
Autobalance parameters: maxcond=273
Verified: 19726 bad out of 921136
Runtime: 31.365
