MD5 differential path toolbox
Copyright (C) 2009 Marc Stevens
http://homepages.cwi.nl/~stevens/

IHV1   = {2587963471,1219895923,662730833,1109543948}
IHV1   = 4f30419a7322b648517880270c4c2242

IHV2   = {2587963471,1684382322,1132492880,1579305995}
IHV2   = 4f30419a72a26564507880430b4c225e

dIHV   = {0,464486399,469762047,469762047}
NC0: delta c = delta d = [!0!]
NC0: delta b           = [!0,22!]
NC1: delta c = delta d = [!26!]
NC1: delta b           = [!15,26!]
NC2: delta c = delta d = [!-29!]
NC2: delta b           = [!20,-29!]
NC0: prob=-5.86708
NC1: prob=-5.88248
NC2: prob=-7.51144
delta m_11 = [!22!]
Q-3:	|10011010 01000001 00110000 01001111|
Q-2:	|010+++10 00100010 01001100 00001-++|
Q-1:	|0+-00-11 10000000 01111000 0101000-|
Q0:	|01+0-+00 -+1-01-+ +0100010 0111001-| ok p=0.75
Q1:	|..-..-.+ .-.-.... -.....-. .+.-.-.-|
Saved lower diff. path to 'workdir6/lowerpath.bin.gz'.

Q32:	|........ ........ ........ ........|
Q33:	|........ ........ ........ ........|
Q34:	|........ ........ ........ ........|
Q35:	|........ ........ ........ ........| ok p=1
Q36:	|........ ........ ........ ........| ok p=1
Q37:	|........ ........ ........ ........| ok p=1
Q38:	|........ ........ ........ ........| ok p=1
Q39:	|........ ........ ........ ........| ok p=1
Q40:	|........ ........ ........ ........| ok p=1
Q41:	|........ ........ ........ ........| ok p=1
Q42:	|........ ........ ........ ........| ok p=1
Q43:	|........ ........ ........ ........| ok p=1
Q44:	|........ ........ ........ ........| ok p=1
Q45:	|........ ........ ........ ........| ok p=1
Q46:	|........ ........ ........ ........| ok p=1
Q47:	|........ ........ ........ ........| ok p=1
Q48:	|........ ........ ........ ........| ok p=1
Q49:	|........ ........ ........ ........| ok p=1
Q50:	|........ ........ ........ ........| ok p=1
Q51:	|........ ........ ........ ........| ok p=1
Q52:	|........ ........ ........ ........| ok p=1
Q53:	|........ ........ ........ ........| ok p=1
Q54:	|........ ........ ........ ........| ok p=1
Q55:	|........ ........ ........ ........| ok p=1
Q56:	|........ ........ ........ ........| ok p=1
Q57:	|........ ........ ........ ........| ok p=1
Q58:	|........ ........ ........ ........| ok p=1
Q59:	|........ ........ ........ ........| ok p=1
Q60:	|........ ........ ........ .......0| ok p=1
Q61:	|........ ........ ........ ......11| ok p=1
Q62:	|........ ........ ........ ......0+| ok p=1
Q63:	|........ ........ ........ ......+-| ok p=1
Q64:	|........ .+...... ........ .......+|
Saved upper diff. path to 'workdir6/upperpath.bin.gz'.
Saved 'md5diffpathforward.cfg'.
Saved 'md5diffpathbackward.cfg'.
Saved 'md5diffpathconnect.cfg'.
Saved 'md5diffpathhelper.cfg'.
