Extend MD5 differential paths backward
Copyright (C) 2009 Marc Stevens
http://homepages.cwi.nl/~stevens/

delta_m[11] = [!-19!]
Loading workdir8/upperpath.bin.gz...done: 1.
Estimating maxcond for upper bound 262144 (=65536 * 4)...
t=34: 0%   10   20   30   40   50   60   70   80   90   100%
      |----|----|----|----|----|----|----|----|----|----|
e     ***************************************************
Found maxcond = 2176
t=34: 0%   10   20   30   40   50   60   70   80   90   100%
      |----|----|----|----|----|----|----|----|----|----|
      ***************************************************
Q31:	|........ ....+... ........ ........|
Q32:	|........ ........ ........ ........|
Q33:	|........ ........ ........ ........|
Q34:	|........ ........ ........ ........| ok p=1
Q35:	|........ ........ ........ ........| ok p=1
Q36:	|........ ........ ........ ........| ok p=1
Q37:	|........ ........ ........ ........| ok p=1
Q38:	|........ ........ ........ ........| ok p=1
Q39:	|........ ........ ........ ........| ok p=1
Q40:	|........ ........ ........ ........| ok p=1
Q41:	|........ ........ ........ ........| ok p=1
Q42:	|........ ........ ........ ........| ok p=1
Q43:	|........ ........ ........ ........| ok p=1
Q44:	|........ ........ ........ ........| ok p=1
Q45:	|........ ........ ........ ........| ok p=1
Q46:	|........ ........ ........ ........| ok p=1
Q47:	|........ ........ ........ ........| ok p=1
Q48:	|........ ........ ........ ........| ok p=1
Q49:	|........ ........ ........ ........| ok p=1
Q50:	|........ ........ ........ ........| ok p=1
Q51:	|........ ........ ........ ........| ok p=1
Q52:	|........ ........ ........ ........| ok p=1
Q53:	|........ ........ ........ ........| ok p=1
Q54:	|........ ........ ........ ........| ok p=1
Q55:	|........ ........ ........ ........| ok p=1
Q56:	|........ ........ ........ ........| ok p=1
Q57:	|........ ........ ........ ........| ok p=1
Q58:	|........ ........ ........ ........| ok p=1
Q59:	|........ ........ ........ ........| ok p=1
Q60:	|..0..... ........ ........ ........| ok p=1
Q61:	|101..... ........ ........ ........| ok p=1
Q62:	|0.-..... ........ ........ ........| ok p=1
Q63:	|-++..... ........ ........ ........| ok p=0.504883
Q64:	|..-..... ...+.... ........ ........|
Saving 1 paths...done.
Autobalance parameters: maxcond=2176
Verified: 0 bad out of 1
Estimating maxcond for upper bound 262144 (=65536 * 4)...
t=33: 0%   10   20   30   40   50   60   70   80   90   100%
      |----|----|----|----|----|----|----|----|----|----|
e     ***************************************************
Found maxcond = 2176
t=33: 0%   10   20   30   40   50   60   70   80   90   100%
      |----|----|----|----|----|----|----|----|----|----|
      ***************************************************
Q30:	|........ ....-... ........ ........|
Q31:	|........ ....+... ........ ........|
Q32:	|........ ........ ........ ........|
Q33:	|........ ....^... ........ ........| ok p=1
Q34:	|........ ........ ........ ........| ok p=1
Q35:	|........ ........ ........ ........| ok p=1
Q36:	|........ ........ ........ ........| ok p=1
Q37:	|........ ........ ........ ........| ok p=1
Q38:	|........ ........ ........ ........| ok p=1
Q39:	|........ ........ ........ ........| ok p=1
Q40:	|........ ........ ........ ........| ok p=1
Q41:	|........ ........ ........ ........| ok p=1
Q42:	|........ ........ ........ ........| ok p=1
Q43:	|........ ........ ........ ........| ok p=1
Q44:	|........ ........ ........ ........| ok p=1
Q45:	|........ ........ ........ ........| ok p=1
Q46:	|........ ........ ........ ........| ok p=1
Q47:	|........ ........ ........ ........| ok p=1
Q48:	|........ ........ ........ ........| ok p=1
Q49:	|........ ........ ........ ........| ok p=1
Q50:	|........ ........ ........ ........| ok p=1
Q51:	|........ ........ ........ ........| ok p=1
Q52:	|........ ........ ........ ........| ok p=1
Q53:	|........ ........ ........ ........| ok p=1
Q54:	|........ ........ ........ ........| ok p=1
Q55:	|........ ........ ........ ........| ok p=1
Q56:	|........ ........ ........ ........| ok p=1
Q57:	|........ ........ ........ ........| ok p=1
Q58:	|........ ........ ........ ........| ok p=1
Q59:	|........ ........ ........ ........| ok p=1
Q60:	|..0..... ........ ........ ........| ok p=1
Q61:	|101..... ........ ........ ........| ok p=1
Q62:	|0.-..... ........ ........ ........| ok p=1
Q63:	|-++..... ........ ........ ........| ok p=0.526367
Q64:	|..-..... ...+.... ........ ........|
Saving 24574 paths...done.
Autobalance parameters: maxcond=2176
Verified: 0 bad out of 24574
Estimating maxcond for upper bound 262144 (=65536 * 4)...
t=32: 0%   10   20   30   40   50   60   70   80   90   100%
      |----|----|----|----|----|----|----|----|----|----|
e     **************************************************Found maxcond = 25
t=32: 0%   10   20   30   40   50   60   70   80   90   100%
      |----|----|----|----|----|----|----|----|----|----|
      **************************************************Q29:	|........ ........ ........ ........|
Q30:	|........ ....-... ........ ........|
Q31:	|........ ....+... ........ ........|
Q32:	|........ ........ ........ ........| ok p=1
Q33:	|........ ....^... ........ ........| ok p=1
Q34:	|........ ........ ........ ........| ok p=1
Q35:	|........ ........ ........ ........| ok p=1
Q36:	|........ ........ ........ ........| ok p=1
Q37:	|........ ........ ........ ........| ok p=1
Q38:	|........ ........ ........ ........| ok p=1
Q39:	|........ ........ ........ ........| ok p=1
Q40:	|........ ........ ........ ........| ok p=1
Q41:	|........ ........ ........ ........| ok p=1
Q42:	|........ ........ ........ ........| ok p=1
Q43:	|........ ........ ........ ........| ok p=1
Q44:	|........ ........ ........ ........| ok p=1
Q45:	|........ ........ ........ ........| ok p=1
Q46:	|........ ........ ........ ........| ok p=1
Q47:	|........ ........ ........ ........| ok p=1
Q48:	|........ ........ ........ ........| ok p=1
Q49:	|........ ........ ........ ........| ok p=1
Q50:	|........ ........ ........ ........| ok p=1
Q51:	|........ ........ ........ ........| ok p=1
Q52:	|........ ........ ........ ........| ok p=1
Q53:	|........ ........ ........ ........| ok p=1
Q54:	|........ ........ ........ ........| ok p=1
Q55:	|........ ........ ........ ........| ok p=1
Q56:	|........ ........ ........ ........| ok p=1
Q57:	|........ ........ ........ ........| ok p=1
Q58:	|........ ........ ........ ........| ok p=1
Q59:	|........ ........ ........ ........| ok p=1
Q60:	|..0..... ........ ........ ........| ok p=1
Q61:	|101..... ........ ........ ........| ok p=1
Q62:	|0.-..... ........ ........ ........| ok p=1
Q63:	|-++..... ........ ........ ........| ok p=0.515625
Q64:	|..-..... ...+.... ........ ........|
Saving 65536 paths...done.
Autobalance parameters: maxcond=22
Verified: 0 bad out of 120851
Estimating maxcond for upper bound 262144 (=65536 * 4)...
t=31: 0%   10   20   30   40   50   60   70   80   90   100%
      |----|----|----|----|----|----|----|----|----|----|
e     ***************************************************
Found maxcond = 21
t=31: 0%   10   20   30   40   50   60   70   80   90   100%
      |----|----|----|----|----|----|----|----|----|----|
      ***************************************************
Q28:	|+....... ....-... ........ .......-|
Q29:	|........ ........ ........ ........|
Q30:	|........ ....+... ........ ........|
Q31:	|........ ....+... ........ ........| ok p=0.499023
Q32:	|........ ........ ........ ........| ok p=1
Q33:	|........ ....!... ........ ........| ok p=1
Q34:	|........ ........ ........ ........| ok p=1
Q35:	|........ ........ ........ ........| ok p=1
Q36:	|........ ........ ........ ........| ok p=1
Q37:	|........ ........ ........ ........| ok p=1
Q38:	|........ ........ ........ ........| ok p=1
Q39:	|........ ........ ........ ........| ok p=1
Q40:	|........ ........ ........ ........| ok p=1
Q41:	|........ ........ ........ ........| ok p=1
Q42:	|........ ........ ........ ........| ok p=1
Q43:	|........ ........ ........ ........| ok p=1
Q44:	|........ ........ ........ ........| ok p=1
Q45:	|........ ........ ........ ........| ok p=1
Q46:	|........ ........ ........ ........| ok p=1
Q47:	|........ ........ ........ ........| ok p=1
Q48:	|........ ........ ........ ........| ok p=1
Q49:	|........ ........ ........ ........| ok p=1
Q50:	|........ ........ ........ ........| ok p=1
Q51:	|........ ........ ........ ........| ok p=1
Q52:	|........ ........ ........ ........| ok p=1
Q53:	|........ ........ ........ ........| ok p=1
Q54:	|........ ........ ........ ........| ok p=1
Q55:	|........ ........ ........ ........| ok p=1
Q56:	|........ ........ ........ ........| ok p=1
Q57:	|........ ........ ........ ........| ok p=1
Q58:	|........ ........ ........ ........| ok p=1
Q59:	|........ ........ ........ ........| ok p=1
Q60:	|..0..... ........ ........ ........| ok p=1
Q61:	|101..... ........ ........ ........| ok p=1
Q62:	|0.-..... ........ ........ ........| ok p=1
Q63:	|-++..... ........ ........ ........| ok p=0.499023
Q64:	|..-..... ...+.... ........ ........|
Saving 65536 paths...done.
Autobalance parameters: maxcond=19
Verified: 0 bad out of 121488
Estimating maxcond for upper bound 262144 (=65536 * 4)...
t=30: 0%   10   20   30   40   50   60   70   80   90   100%
      |----|----|----|----|----|----|----|----|----|----|
e     ***************************************************
Found maxcond = 20
t=30: 0%   10   20   30   40   50   60   70   80   90   100%
      |----|----|----|----|----|----|----|----|----|----|
      ***************************************************
Q27:	|........ ........ ........ .+......|
Q28:	|+....... ....+... ........ ........|
Q29:	|........ ....0... ........ ........|
Q30:	|^....... ....-... ........ ........| ok p=1
Q31:	|........ ....+... ........ ........| ok p=0.535156
Q32:	|........ ........ ........ ........| ok p=1
Q33:	|........ ....^... ........ ........| ok p=1
Q34:	|........ ........ ........ ........| ok p=1
Q35:	|........ ........ ........ ........| ok p=1
Q36:	|........ ........ ........ ........| ok p=1
Q37:	|........ ........ ........ ........| ok p=1
Q38:	|........ ........ ........ ........| ok p=1
Q39:	|........ ........ ........ ........| ok p=1
Q40:	|........ ........ ........ ........| ok p=1
Q41:	|........ ........ ........ ........| ok p=1
Q42:	|........ ........ ........ ........| ok p=1
Q43:	|........ ........ ........ ........| ok p=1
Q44:	|........ ........ ........ ........| ok p=1
Q45:	|........ ........ ........ ........| ok p=1
Q46:	|........ ........ ........ ........| ok p=1
Q47:	|........ ........ ........ ........| ok p=1
Q48:	|........ ........ ........ ........| ok p=1
Q49:	|........ ........ ........ ........| ok p=1
Q50:	|........ ........ ........ ........| ok p=1
Q51:	|........ ........ ........ ........| ok p=1
Q52:	|........ ........ ........ ........| ok p=1
Q53:	|........ ........ ........ ........| ok p=1
Q54:	|........ ........ ........ ........| ok p=1
Q55:	|........ ........ ........ ........| ok p=1
Q56:	|........ ........ ........ ........| ok p=1
Q57:	|........ ........ ........ ........| ok p=1
Q58:	|........ ........ ........ ........| ok p=1
Q59:	|........ ........ ........ ........| ok p=1
Q60:	|..0..... ........ ........ ........| ok p=1
Q61:	|101..... ........ ........ ........| ok p=1
Q62:	|0.-..... ........ ........ ........| ok p=1
Q63:	|-++..... ........ ........ ........| ok p=0.506836
Q64:	|..-..... ...+.... ........ ........|
Saving 65536 paths...done.
Autobalance parameters: maxcond=18
Verified: 0 bad out of 103415
Runtime: 11.9301
Extend MD5 differential paths backward
Copyright (C) 2009 Marc Stevens
http://homepages.cwi.nl/~stevens/

delta_m[11] = [!-19!]
Loading workdir8/paths30_0of1...done: 65536 (work:65536).
Estimating maxcond for upper bound 400000 (=100000 * 4)...
t=29: 0%   10   20   30   40   50   60   70   80   90   100%
      |----|----|----|----|----|----|----|----|----|----|
e     ***************************************************
Found maxcond = 22
t=29: 0%   10   20   30   40   50   60   70   80   90   100%
      |----|----|----|----|----|----|----|----|----|----|
      ***************************************************
Q26:	|........ ....+... .....+.. ........|
Q27:	|1....... ....-... ........ ........|
Q28:	|-....... ....-... ........ ........|
Q29:	|........ ....1... ........ ........| ok p=0.999023
Q30:	|^....... ....+... ........ ........| ok p=1
Q31:	|........ ....+... ........ ........| ok p=0.496094
Q32:	|........ ........ ........ ........| ok p=1
Q33:	|........ ....!... ........ ........| ok p=1
Q34:	|........ ........ ........ ........| ok p=1
Q35:	|........ ........ ........ ........| ok p=1
Q36:	|........ ........ ........ ........| ok p=1
Q37:	|........ ........ ........ ........| ok p=1
Q38:	|........ ........ ........ ........| ok p=1
Q39:	|........ ........ ........ ........| ok p=1
Q40:	|........ ........ ........ ........| ok p=1
Q41:	|........ ........ ........ ........| ok p=1
Q42:	|........ ........ ........ ........| ok p=1
Q43:	|........ ........ ........ ........| ok p=1
Q44:	|........ ........ ........ ........| ok p=1
Q45:	|........ ........ ........ ........| ok p=1
Q46:	|........ ........ ........ ........| ok p=1
Q47:	|........ ........ ........ ........| ok p=1
Q48:	|........ ........ ........ ........| ok p=1
Q49:	|........ ........ ........ ........| ok p=1
Q50:	|........ ........ ........ ........| ok p=1
Q51:	|........ ........ ........ ........| ok p=1
Q52:	|........ ........ ........ ........| ok p=1
Q53:	|........ ........ ........ ........| ok p=1
Q54:	|........ ........ ........ ........| ok p=1
Q55:	|........ ........ ........ ........| ok p=1
Q56:	|........ ........ ........ ........| ok p=1
Q57:	|........ ........ ........ ........| ok p=1
Q58:	|........ ........ ........ ........| ok p=1
Q59:	|........ ........ ........ ........| ok p=1
Q60:	|..0..... ........ ........ ........| ok p=1
Q61:	|101..... ........ ........ ........| ok p=1
Q62:	|0.-..... ........ ........ ........| ok p=1
Q63:	|-++..... ........ ........ ........| ok p=0.520508
Q64:	|..-..... ...+.... ........ ........|
Saving 100000 paths...done.
Autobalance parameters: maxcond=20
Verified: 0 bad out of 168524
Estimating maxcond for upper bound 400000 (=100000 * 4)...
t=28: 0%   10   20   30   40   50   60   70   80   90   100%
      |----|----|----|----|----|----|----|----|----|----|
e     ***************************************************
Found maxcond = 23
t=28: 0%   10   20   30   40   50   60   70   80   90   100%
      |----|----|----|----|----|----|----|----|----|----|
      ***************************************************
Q25:	|+....-.. ........ .+...... ........|
Q26:	|+....... ....+... .....+.. ........|
Q27:	|0....... ....0... ........ ........|
Q28:	|+....... ....-... .....^.. ........| ok p=0.53418
Q29:	|........ ....0... ........ ........| ok p=1
Q30:	|^....... ....+... ........ ........| ok p=1
Q31:	|........ ....+... ........ ........| ok p=0.482422
Q32:	|........ ........ ........ ........| ok p=1
Q33:	|........ ....!... ........ ........| ok p=1
Q34:	|........ ........ ........ ........| ok p=1
Q35:	|........ ........ ........ ........| ok p=1
Q36:	|........ ........ ........ ........| ok p=1
Q37:	|........ ........ ........ ........| ok p=1
Q38:	|........ ........ ........ ........| ok p=1
Q39:	|........ ........ ........ ........| ok p=1
Q40:	|........ ........ ........ ........| ok p=1
Q41:	|........ ........ ........ ........| ok p=1
Q42:	|........ ........ ........ ........| ok p=1
Q43:	|........ ........ ........ ........| ok p=1
Q44:	|........ ........ ........ ........| ok p=1
Q45:	|........ ........ ........ ........| ok p=1
Q46:	|........ ........ ........ ........| ok p=1
Q47:	|........ ........ ........ ........| ok p=1
Q48:	|........ ........ ........ ........| ok p=1
Q49:	|........ ........ ........ ........| ok p=1
Q50:	|........ ........ ........ ........| ok p=1
Q51:	|........ ........ ........ ........| ok p=1
Q52:	|........ ........ ........ ........| ok p=1
Q53:	|........ ........ ........ ........| ok p=1
Q54:	|........ ........ ........ ........| ok p=1
Q55:	|........ ........ ........ ........| ok p=1
Q56:	|........ ........ ........ ........| ok p=1
Q57:	|........ ........ ........ ........| ok p=1
Q58:	|........ ........ ........ ........| ok p=1
Q59:	|........ ........ ........ ........| ok p=1
Q60:	|..0..... ........ ........ ........| ok p=1
Q61:	|101..... ........ ........ ........| ok p=1
Q62:	|0.-..... ........ ........ ........| ok p=1
Q63:	|-++..... ........ ........ ........| ok p=0.519531
Q64:	|..-..... ...+.... ........ ........|
Saving 100000 paths...done.
Autobalance parameters: maxcond=21
Verified: 0 bad out of 193825
Estimating maxcond for upper bound 400000 (=100000 * 4)...
t=27: 0%   10   20   30   40   50   60   70   80   90   100%
      |----|----|----|----|----|----|----|----|----|----|
e     ***************************************************
Found maxcond = 24
t=27: 0%   10   20   30   40   50   60   70   80   90   100%
      |----|----|----|----|----|----|----|----|----|----|
      ***************************************************
Q24:	|+....... ........ ....-... .......-|
Q25:	|.....-.. ........ .+...1.. ........|
Q26:	|0....... ....0... .....+.. ........|
Q27:	|1....^.. ....1... .^...... ........| ok p=0.24707
Q28:	|+....... ....-... .....^.. ........| ok p=0.478516
Q29:	|........ ....0... ........ ........| ok p=1
Q30:	|^....... ....+... ........ ........| ok p=1
Q31:	|........ ....+... ........ ........| ok p=0.482422
Q32:	|........ ........ ........ ........| ok p=1
Q33:	|........ ....!... ........ ........| ok p=1
Q34:	|........ ........ ........ ........| ok p=1
Q35:	|........ ........ ........ ........| ok p=1
Q36:	|........ ........ ........ ........| ok p=1
Q37:	|........ ........ ........ ........| ok p=1
Q38:	|........ ........ ........ ........| ok p=1
Q39:	|........ ........ ........ ........| ok p=1
Q40:	|........ ........ ........ ........| ok p=1
Q41:	|........ ........ ........ ........| ok p=1
Q42:	|........ ........ ........ ........| ok p=1
Q43:	|........ ........ ........ ........| ok p=1
Q44:	|........ ........ ........ ........| ok p=1
Q45:	|........ ........ ........ ........| ok p=1
Q46:	|........ ........ ........ ........| ok p=1
Q47:	|........ ........ ........ ........| ok p=1
Q48:	|........ ........ ........ ........| ok p=1
Q49:	|........ ........ ........ ........| ok p=1
Q50:	|........ ........ ........ ........| ok p=1
Q51:	|........ ........ ........ ........| ok p=1
Q52:	|........ ........ ........ ........| ok p=1
Q53:	|........ ........ ........ ........| ok p=1
Q54:	|........ ........ ........ ........| ok p=1
Q55:	|........ ........ ........ ........| ok p=1
Q56:	|........ ........ ........ ........| ok p=1
Q57:	|........ ........ ........ ........| ok p=1
Q58:	|........ ........ ........ ........| ok p=1
Q59:	|........ ........ ........ ........| ok p=1
Q60:	|..0..... ........ ........ ........| ok p=1
Q61:	|101..... ........ ........ ........| ok p=1
Q62:	|0.-..... ........ ........ ........| ok p=1
Q63:	|-++..... ........ ........ ........| ok p=0.494141
Q64:	|..-..... ...+.... ........ ........|
Saving 100000 paths...done.
Autobalance parameters: maxcond=23
Verified: 0 bad out of 155717
Estimating maxcond for upper bound 400000 (=100000 * 4)...
t=26: 0%   10   20   30   40   50   60   70   80   90   100%
      |----|----|----|----|----|----|----|----|----|----|
e     ***************************************************
Found maxcond = 27
t=26: 0%   10   20   30   40   50   60   70   80   90   100%
      |----|----|----|----|----|----|----|----|----|----|
      ***************************************************
Q23:	|...-.... ....-... .....-.. .-......|
Q24:	|.....1.. ........ .1...+.. ........|
Q25:	|.....+.. ....+... .+...0.. ........|
Q26:	|0....... ....+... .....+.. ........| ok p=0.942383
Q27:	|1....^.. ....-... .^...... ........| ok p=0.511719
Q28:	|-....... ....-... .....^.. ........| ok p=0.501953
Q29:	|........ ....1... ........ ........| ok p=1
Q30:	|^....... ....+... ........ ........| ok p=1
Q31:	|........ ....+... ........ ........| ok p=0.485352
Q32:	|........ ........ ........ ........| ok p=1
Q33:	|........ ....!... ........ ........| ok p=1
Q34:	|........ ........ ........ ........| ok p=1
Q35:	|........ ........ ........ ........| ok p=1
Q36:	|........ ........ ........ ........| ok p=1
Q37:	|........ ........ ........ ........| ok p=1
Q38:	|........ ........ ........ ........| ok p=1
Q39:	|........ ........ ........ ........| ok p=1
Q40:	|........ ........ ........ ........| ok p=1
Q41:	|........ ........ ........ ........| ok p=1
Q42:	|........ ........ ........ ........| ok p=1
Q43:	|........ ........ ........ ........| ok p=1
Q44:	|........ ........ ........ ........| ok p=1
Q45:	|........ ........ ........ ........| ok p=1
Q46:	|........ ........ ........ ........| ok p=1
Q47:	|........ ........ ........ ........| ok p=1
Q48:	|........ ........ ........ ........| ok p=1
Q49:	|........ ........ ........ ........| ok p=1
Q50:	|........ ........ ........ ........| ok p=1
Q51:	|........ ........ ........ ........| ok p=1
Q52:	|........ ........ ........ ........| ok p=1
Q53:	|........ ........ ........ ........| ok p=1
Q54:	|........ ........ ........ ........| ok p=1
Q55:	|........ ........ ........ ........| ok p=1
Q56:	|........ ........ ........ ........| ok p=1
Q57:	|........ ........ ........ ........| ok p=1
Q58:	|........ ........ ........ ........| ok p=1
Q59:	|........ ........ ........ ........| ok p=1
Q60:	|..0..... ........ ........ ........| ok p=1
Q61:	|101..... ........ ........ ........| ok p=1
Q62:	|0.-..... ........ ........ ........| ok p=1
Q63:	|-++..... ........ ........ ........| ok p=0.53125
Q64:	|..-..... ...+.... ........ ........|
Saving 100000 paths...done.
Autobalance parameters: maxcond=26
Verified: 0 bad out of 150651
Estimating maxcond for upper bound 400000 (=100000 * 4)...
t=25: 0%   10   20   30   40   50   60   70   80   90   100%
      |----|----|----|----|----|----|----|----|----|----|
e     ***************************************************
Found maxcond = 32
t=25: 0%   10   20   30   40   50   60   70   80   90   100%
      |----|----|----|----|----|----|----|----|----|----|
      ***************************************************
Q22:	|........ .-....-. ........ ..-...+.|
Q23:	|...-.0.. ........ .-...... ........|
Q24:	|0....1.. ........ .0...0.. ........|
Q25:	|...^.+.. ........ .+...1.. ........| ok p=0.487305
Q26:	|-....... ....0... .....+.. ........| ok p=0.93457
Q27:	|-....^.. ....1... .^...... ........| ok p=0.506836
Q28:	|+....... ....-... .....^.. ........| ok p=0.500977
Q29:	|0....... ....0... ........ ........| ok p=1
Q30:	|1....... ....+... ........ ........| ok p=1
Q31:	|........ ....+... ........ ........| ok p=0.494141
Q32:	|........ ........ ........ ........| ok p=1
Q33:	|........ ....!... ........ ........| ok p=1
Q34:	|........ ........ ........ ........| ok p=1
Q35:	|........ ........ ........ ........| ok p=1
Q36:	|........ ........ ........ ........| ok p=1
Q37:	|........ ........ ........ ........| ok p=1
Q38:	|........ ........ ........ ........| ok p=1
Q39:	|........ ........ ........ ........| ok p=1
Q40:	|........ ........ ........ ........| ok p=1
Q41:	|........ ........ ........ ........| ok p=1
Q42:	|........ ........ ........ ........| ok p=1
Q43:	|........ ........ ........ ........| ok p=1
Q44:	|........ ........ ........ ........| ok p=1
Q45:	|........ ........ ........ ........| ok p=1
Q46:	|........ ........ ........ ........| ok p=1
Q47:	|........ ........ ........ ........| ok p=1
Q48:	|........ ........ ........ ........| ok p=1
Q49:	|........ ........ ........ ........| ok p=1
Q50:	|........ ........ ........ ........| ok p=1
Q51:	|........ ........ ........ ........| ok p=1
Q52:	|........ ........ ........ ........| ok p=1
Q53:	|........ ........ ........ ........| ok p=1
Q54:	|........ ........ ........ ........| ok p=1
Q55:	|........ ........ ........ ........| ok p=1
Q56:	|........ ........ ........ ........| ok p=1
Q57:	|........ ........ ........ ........| ok p=1
Q58:	|........ ........ ........ ........| ok p=1
Q59:	|........ ........ ........ ........| ok p=1
Q60:	|..0..... ........ ........ ........| ok p=1
Q61:	|101..... ........ ........ ........| ok p=1
Q62:	|0.-..... ........ ........ ........| ok p=1
Q63:	|-++..... ........ ........ ........| ok p=0.495117
Q64:	|..-..... ...+.... ........ ........|
Saving 100000 paths...done.
Autobalance parameters: maxcond=30
Verified: 0 bad out of 173294
Estimating maxcond for upper bound 400000 (=100000 * 4)...
t=24: 0%   10   20   30   40   50   60   70   80   90   100%
      |----|----|----|----|----|----|----|----|----|----|
e     ***************************************************
Found maxcond = 40
t=24: 0%   10   20   30   40   50   60   70   80   90   100%
      |----|----|----|----|----|----|----|----|----|----|
      ***************************************************
Q21:	|........ ..-..... ....+.-. .+......|
Q22:	|...1.... .-....+. ........ ..-.....|
Q23:	|...-.0.. ........ .0...-.. ........|
Q24:	|0....1.. .^....^. .1...-.. ..^.....| ok p=0.974609
Q25:	|...^.-.. ........ .+...+.. ........| ok p=0.511719
Q26:	|+....... ....0... .....+.. ........| ok p=0.9375
Q27:	|+....^.. ....1... .^...1.. ........| ok p=0.486328
Q28:	|-....... ....-... .....0.. ........| ok p=0.50293
Q29:	|0....... ....0... ........ ........| ok p=1
Q30:	|1....... ....+... ........ ........| ok p=1
Q31:	|........ ....+... ........ ........| ok p=0.463867
Q32:	|........ ........ ........ ........| ok p=1
Q33:	|........ ....!... ........ ........| ok p=1
Q34:	|........ ........ ........ ........| ok p=1
Q35:	|........ ........ ........ ........| ok p=1
Q36:	|........ ........ ........ ........| ok p=1
Q37:	|........ ........ ........ ........| ok p=1
Q38:	|........ ........ ........ ........| ok p=1
Q39:	|........ ........ ........ ........| ok p=1
Q40:	|........ ........ ........ ........| ok p=1
Q41:	|........ ........ ........ ........| ok p=1
Q42:	|........ ........ ........ ........| ok p=1
Q43:	|........ ........ ........ ........| ok p=1
Q44:	|........ ........ ........ ........| ok p=1
Q45:	|........ ........ ........ ........| ok p=1
Q46:	|........ ........ ........ ........| ok p=1
Q47:	|........ ........ ........ ........| ok p=1
Q48:	|........ ........ ........ ........| ok p=1
Q49:	|........ ........ ........ ........| ok p=1
Q50:	|........ ........ ........ ........| ok p=1
Q51:	|........ ........ ........ ........| ok p=1
Q52:	|........ ........ ........ ........| ok p=1
Q53:	|........ ........ ........ ........| ok p=1
Q54:	|........ ........ ........ ........| ok p=1
Q55:	|........ ........ ........ ........| ok p=1
Q56:	|........ ........ ........ ........| ok p=1
Q57:	|........ ........ ........ ........| ok p=1
Q58:	|........ ........ ........ ........| ok p=1
Q59:	|........ ........ ........ ........| ok p=1
Q60:	|..0..... ........ ........ ........| ok p=1
Q61:	|101..... ........ ........ ........| ok p=1
Q62:	|0.-..... ........ ........ ........| ok p=1
Q63:	|-++..... ........ ........ ........| ok p=0.489258
Q64:	|..-..... ...+.... ........ ........|
Saving 100000 paths...done.
Autobalance parameters: maxcond=38
Verified: 0 bad out of 181322
Estimating maxcond for upper bound 400000 (=100000 * 4)...
t=23: 0%   10   20   30   40   50   60   70   80   90   100%
      |----|----|----|----|----|----|----|----|----|----|
e     ***************************************************
Found maxcond = 47
t=23: 0%   10   20   30   40   50   60   70   80   90   100%
      |----|----|----|----|----|----|----|----|----|----|
      ***************************************************
Q20:	|....+... ........ .+.....+ ........|
Q21:	|...0.... .1+...1. ........ ..1...1.|
Q22:	|...1.... .+....-. .-...... ..-...+.|
Q23:	|...-.0.. ..^..... .-...... ........| ok p=0.865234
Q24:	|0....1.. .^....^. .+...0.. ..^...^.| ok p=0.977539
Q25:	|...^.+.. ........ .+...1.. ........| ok p=0.524414
Q26:	|-....... ....0... .1...+.. ........| ok p=0.921875
Q27:	|-....^.. ....1... .0...... ........| ok p=0.493164
Q28:	|+....... ....-... .....^.. ........| ok p=0.50293
Q29:	|0....... ....0... ........ ........| ok p=1
Q30:	|1....... ....+... ........ ........| ok p=1
Q31:	|........ ....+... ........ ........| ok p=0.499023
Q32:	|........ ........ ........ ........| ok p=1
Q33:	|........ ....!... ........ ........| ok p=1
Q34:	|........ ........ ........ ........| ok p=1
Q35:	|........ ........ ........ ........| ok p=1
Q36:	|........ ........ ........ ........| ok p=1
Q37:	|........ ........ ........ ........| ok p=1
Q38:	|........ ........ ........ ........| ok p=1
Q39:	|........ ........ ........ ........| ok p=1
Q40:	|........ ........ ........ ........| ok p=1
Q41:	|........ ........ ........ ........| ok p=1
Q42:	|........ ........ ........ ........| ok p=1
Q43:	|........ ........ ........ ........| ok p=1
Q44:	|........ ........ ........ ........| ok p=1
Q45:	|........ ........ ........ ........| ok p=1
Q46:	|........ ........ ........ ........| ok p=1
Q47:	|........ ........ ........ ........| ok p=1
Q48:	|........ ........ ........ ........| ok p=1
Q49:	|........ ........ ........ ........| ok p=1
Q50:	|........ ........ ........ ........| ok p=1
Q51:	|........ ........ ........ ........| ok p=1
Q52:	|........ ........ ........ ........| ok p=1
Q53:	|........ ........ ........ ........| ok p=1
Q54:	|........ ........ ........ ........| ok p=1
Q55:	|........ ........ ........ ........| ok p=1
Q56:	|........ ........ ........ ........| ok p=1
Q57:	|........ ........ ........ ........| ok p=1
Q58:	|........ ........ ........ ........| ok p=1
Q59:	|........ ........ ........ ........| ok p=1
Q60:	|..0..... ........ ........ ........| ok p=1
Q61:	|101..... ........ ........ ........| ok p=1
Q62:	|0.-..... ........ ........ ........| ok p=1
Q63:	|-++..... ........ ........ ........| ok p=0.500977
Q64:	|..-..... ...+.... ........ ........|
Saving 100000 paths...done.
Autobalance parameters: maxcond=46
Verified: 0 bad out of 116663
Estimating maxcond for upper bound 400000 (=100000 * 4)...
t=22: 0%   10   20   30   40   50   60   70   80   90   100%
      |----|----|----|----|----|----|----|----|----|----|
e     ***************************************************
Found maxcond = 55
t=22: 0%   10   20   30   40   50   60   70   80   90   100%
      |----|----|----|----|----|----|----|----|----|----|
      ***************************************************
Q19:	|.....-.. +...-... .-.....- ....-...|
Q20:	|........ .-....-. ......1. +.+...0.|
Q21:	|....0+.. .0....0. ......+. ..0...1.|
Q22:	|....1+.. .+....+. ........ ^.-...+.| ok p=0.941406
Q23:	|....--.. ........ .0....^. ........| ok p=0.97168
Q24:	|0....-.. .^....^. .1...0.. ..^...^.| ok p=1
Q25:	|....^-.. ........ .+...1.. ........| ok p=0.488281
Q26:	|+....1.. ....0... .....+.. ........| ok p=0.950195
Q27:	|+....0.. ....1... .^...... ........| ok p=0.464844
Q28:	|-....... ....-... .....^.. ........| ok p=0.481445
Q29:	|0....... ....0... ........ ........| ok p=1
Q30:	|1....... ....+... ........ ........| ok p=1
Q31:	|........ ....+... ........ ........| ok p=0.524414
Q32:	|........ ........ ........ ........| ok p=1
Q33:	|........ ....!... ........ ........| ok p=1
Q34:	|........ ........ ........ ........| ok p=1
Q35:	|........ ........ ........ ........| ok p=1
Q36:	|........ ........ ........ ........| ok p=1
Q37:	|........ ........ ........ ........| ok p=1
Q38:	|........ ........ ........ ........| ok p=1
Q39:	|........ ........ ........ ........| ok p=1
Q40:	|........ ........ ........ ........| ok p=1
Q41:	|........ ........ ........ ........| ok p=1
Q42:	|........ ........ ........ ........| ok p=1
Q43:	|........ ........ ........ ........| ok p=1
Q44:	|........ ........ ........ ........| ok p=1
Q45:	|........ ........ ........ ........| ok p=1
Q46:	|........ ........ ........ ........| ok p=1
Q47:	|........ ........ ........ ........| ok p=1
Q48:	|........ ........ ........ ........| ok p=1
Q49:	|........ ........ ........ ........| ok p=1
Q50:	|........ ........ ........ ........| ok p=1
Q51:	|........ ........ ........ ........| ok p=1
Q52:	|........ ........ ........ ........| ok p=1
Q53:	|........ ........ ........ ........| ok p=1
Q54:	|........ ........ ........ ........| ok p=1
Q55:	|........ ........ ........ ........| ok p=1
Q56:	|........ ........ ........ ........| ok p=1
Q57:	|........ ........ ........ ........| ok p=1
Q58:	|........ ........ ........ ........| ok p=1
Q59:	|........ ........ ........ ........| ok p=1
Q60:	|..0..... ........ ........ ........| ok p=1
Q61:	|101..... ........ ........ ........| ok p=1
Q62:	|0.-..... ........ ........ ........| ok p=1
Q63:	|-++..... ........ ........ ........| ok p=0.480469
Q64:	|..-..... ...+.... ........ ........|
Saving 100000 paths...done.
Autobalance parameters: maxcond=54
Verified: 0 bad out of 169152
Estimating maxcond for upper bound 400000 (=100000 * 4)...
t=21: 0%   10   20   30   40   50   60   70   80   90   100%
      |----|----|----|----|----|----|----|----|----|----|
e     ***************************************************
Found maxcond = 66
t=21: 0%   10   20   30   40   50   60   70   80   90   100%
      |----|----|----|----|----|----|----|----|----|----|
      ***************************************************
Q18:	|...-...+ ..-..... ...+.-.+ .......-|
Q19:	|........ ..+.-... .-.....- ....+...|
Q20:	|........ .10...0. ......+- ..0...0.|
Q21:	|...0.... .1+.^.1. .^....+0 ..1.^.1.| ok p=0.892578
Q22:	|...1.... .+....-. ......0^ ..-...+.| ok p=0.929688
Q23:	|...-.0.. ..^..... .0....^. ........| ok p=0.939453
Q24:	|0....1.. .^....^. .1...0.. ..^...^.| ok p=0.964844
Q25:	|...^.+.. ........ .+...1.. ........| ok p=0.500977
Q26:	|+....... ....0... .....+.. ........| ok p=0.941406
Q27:	|+....^.. ....1... .^...... ........| ok p=0.522461
Q28:	|-....... ....-... .....^.. ........| ok p=0.480469
Q29:	|0....... ....0... ........ ........| ok p=1
Q30:	|1....... ....+... ........ ........| ok p=1
Q31:	|........ ....+... ........ ........| ok p=0.505859
Q32:	|........ ........ ........ ........| ok p=1
Q33:	|........ ....!... ........ ........| ok p=1
Q34:	|........ ........ ........ ........| ok p=1
Q35:	|........ ........ ........ ........| ok p=1
Q36:	|........ ........ ........ ........| ok p=1
Q37:	|........ ........ ........ ........| ok p=1
Q38:	|........ ........ ........ ........| ok p=1
Q39:	|........ ........ ........ ........| ok p=1
Q40:	|........ ........ ........ ........| ok p=1
Q41:	|........ ........ ........ ........| ok p=1
Q42:	|........ ........ ........ ........| ok p=1
Q43:	|........ ........ ........ ........| ok p=1
Q44:	|........ ........ ........ ........| ok p=1
Q45:	|........ ........ ........ ........| ok p=1
Q46:	|........ ........ ........ ........| ok p=1
Q47:	|........ ........ ........ ........| ok p=1
Q48:	|........ ........ ........ ........| ok p=1
Q49:	|........ ........ ........ ........| ok p=1
Q50:	|........ ........ ........ ........| ok p=1
Q51:	|........ ........ ........ ........| ok p=1
Q52:	|........ ........ ........ ........| ok p=1
Q53:	|........ ........ ........ ........| ok p=1
Q54:	|........ ........ ........ ........| ok p=1
Q55:	|........ ........ ........ ........| ok p=1
Q56:	|........ ........ ........ ........| ok p=1
Q57:	|........ ........ ........ ........| ok p=1
Q58:	|........ ........ ........ ........| ok p=1
Q59:	|........ ........ ........ ........| ok p=1
Q60:	|..0..... ........ ........ ........| ok p=1
Q61:	|101..... ........ ........ ........| ok p=1
Q62:	|0.-..... ........ ........ ........| ok p=1
Q63:	|-++..... ........ ........ ........| ok p=0.481445
Q64:	|..-..... ...+.... ........ ........|
Saving 100000 paths...done.
Autobalance parameters: maxcond=65
Verified: 0 bad out of 109868
Runtime: 35.3073
Extend MD5 differential paths backward
Copyright (C) 2009 Marc Stevens
http://homepages.cwi.nl/~stevens/

delta_m[11] = [!-19!]
Loading workdir8/paths21_0of1...done: 100000 (work:100000).
Estimating maxcond for upper bound 65536 (=16384 * 4)...
t=20: 0%   10   20   30   40   50   60   70   80   90   100%
      |----|----|----|----|----|----|----|----|----|----|
e     ***************************************************
Found maxcond = 78
t=20: 0%   10   20   30   40   50   60   70   80   90   100%
      |----|----|----|----|----|----|----|----|----|----|
      ***************************************************
Q17:	|........ ..-....+ .......- ....+...|
Q18:	|...-...+ ..-.1... .1.+...- ....1..-|
Q19:	|........ ..+.-... .-....01 ....+...|
Q20:	|...^...^ .10...0. ...^..1+ ..0...0^| ok p=0.998047
Q21:	|...0.... .1+.^.1. .^....+1 ..1.^.1.| ok p=1
Q22:	|...1.... .+....-. .......0 ..-...+.| ok p=0.952148
Q23:	|...-.0.. ..^..... .0....^. ........| ok p=0.942383
Q24:	|0....1.. .^....^. .1...0.. ..^...^.| ok p=0.980469
Q25:	|...^.+.. ........ .+...1.. ........| ok p=0.515625
Q26:	|-....... ....0... .....+.. ........| ok p=0.945312
Q27:	|-....^.. ....1... .^...... ........| ok p=0.473633
Q28:	|+....... ....-... .....^.. ........| ok p=0.475586
Q29:	|0....... ....0... ........ ........| ok p=1
Q30:	|1....... ....+... ........ ........| ok p=1
Q31:	|........ ....+... ........ ........| ok p=0.500977
Q32:	|........ ........ ........ ........| ok p=1
Q33:	|........ ....!... ........ ........| ok p=1
Q34:	|........ ........ ........ ........| ok p=1
Q35:	|........ ........ ........ ........| ok p=1
Q36:	|........ ........ ........ ........| ok p=1
Q37:	|........ ........ ........ ........| ok p=1
Q38:	|........ ........ ........ ........| ok p=1
Q39:	|........ ........ ........ ........| ok p=1
Q40:	|........ ........ ........ ........| ok p=1
Q41:	|........ ........ ........ ........| ok p=1
Q42:	|........ ........ ........ ........| ok p=1
Q43:	|........ ........ ........ ........| ok p=1
Q44:	|........ ........ ........ ........| ok p=1
Q45:	|........ ........ ........ ........| ok p=1
Q46:	|........ ........ ........ ........| ok p=1
Q47:	|........ ........ ........ ........| ok p=1
Q48:	|........ ........ ........ ........| ok p=1
Q49:	|........ ........ ........ ........| ok p=1
Q50:	|........ ........ ........ ........| ok p=1
Q51:	|........ ........ ........ ........| ok p=1
Q52:	|........ ........ ........ ........| ok p=1
Q53:	|........ ........ ........ ........| ok p=1
Q54:	|........ ........ ........ ........| ok p=1
Q55:	|........ ........ ........ ........| ok p=1
Q56:	|........ ........ ........ ........| ok p=1
Q57:	|........ ........ ........ ........| ok p=1
Q58:	|........ ........ ........ ........| ok p=1
Q59:	|........ ........ ........ ........| ok p=1
Q60:	|..0..... ........ ........ ........| ok p=1
Q61:	|101..... ........ ........ ........| ok p=1
Q62:	|0.-..... ........ ........ ........| ok p=1
Q63:	|-++..... ........ ........ ........| ok p=0.513672
Q64:	|..-..... ...+.... ........ ........|
Saving 16384 paths...done.
Autobalance parameters: maxcond=77
Verified: 0 bad out of 17895
Runtime: 9.8541
Extend MD5 differential paths backward
Copyright (C) 2009 Marc Stevens
http://homepages.cwi.nl/~stevens/

delta_m[11] = [!-19!]
Loading workdir8/paths20_0of1...done: 16384 (work:16384).
Estimating maxcond for upper bound 2000000 (=500000 * 4)...
t=19: 0%   10   20   30   40   50   60   70   80   90   100%
      |----|----|----|----|----|----|----|----|----|----|
e     ***************************************************
Found maxcond = 89
t=19: 0%   10   20   30   40   50   60   70   80   90   100%
      |----|----|----|----|----|----|----|----|----|----|
      ***************************************************
Q16:	|+....+.. ..+..... -......+ ........|
Q17:	|...1...1 ..-.+... .0.1.... ....0..1|
Q18:	|...-...+ ..-.0... .1.+...- ....0..-|
Q19:	|........ ..+.-... .-....0- ....+...| ok p=0.5
Q20:	|...^...^ .1+...0. ...^..1+ ..0...0^| ok p=1
Q21:	|...0.... .1+.^.1. .^....+1 ..1.^.1.| ok p=0.887695
Q22:	|...1.... .+1...-. .......^ ..-...+.| ok p=0.958984
Q23:	|...-.0.. ..0..... .0....^. ........| ok p=0.943359
Q24:	|0....1.. .^....^. .1...0.. ..^...^.| ok p=0.966797
Q25:	|...^.+.. ........ .+...1.. ........| ok p=0.511719
Q26:	|+....... ....0... .....+.. ........| ok p=0.933594
Q27:	|+....^.. ....1... .^...... ........| ok p=0.521484
Q28:	|-....... ....-... .....^.. ........| ok p=0.512695
Q29:	|0....... ....0... ........ ........| ok p=1
Q30:	|1....... ....+... ........ ........| ok p=1
Q31:	|........ ....+... ........ ........| ok p=0.475586
Q32:	|........ ........ ........ ........| ok p=1
Q33:	|........ ....!... ........ ........| ok p=1
Q34:	|........ ........ ........ ........| ok p=1
Q35:	|........ ........ ........ ........| ok p=1
Q36:	|........ ........ ........ ........| ok p=1
Q37:	|........ ........ ........ ........| ok p=1
Q38:	|........ ........ ........ ........| ok p=1
Q39:	|........ ........ ........ ........| ok p=1
Q40:	|........ ........ ........ ........| ok p=1
Q41:	|........ ........ ........ ........| ok p=1
Q42:	|........ ........ ........ ........| ok p=1
Q43:	|........ ........ ........ ........| ok p=1
Q44:	|........ ........ ........ ........| ok p=1
Q45:	|........ ........ ........ ........| ok p=1
Q46:	|........ ........ ........ ........| ok p=1
Q47:	|........ ........ ........ ........| ok p=1
Q48:	|........ ........ ........ ........| ok p=1
Q49:	|........ ........ ........ ........| ok p=1
Q50:	|........ ........ ........ ........| ok p=1
Q51:	|........ ........ ........ ........| ok p=1
Q52:	|........ ........ ........ ........| ok p=1
Q53:	|........ ........ ........ ........| ok p=1
Q54:	|........ ........ ........ ........| ok p=1
Q55:	|........ ........ ........ ........| ok p=1
Q56:	|........ ........ ........ ........| ok p=1
Q57:	|........ ........ ........ ........| ok p=1
Q58:	|........ ........ ........ ........| ok p=1
Q59:	|........ ........ ........ ........| ok p=1
Q60:	|..0..... ........ ........ ........| ok p=1
Q61:	|101..... ........ ........ ........| ok p=1
Q62:	|0.-..... ........ ........ ........| ok p=1
Q63:	|-++..... ........ ........ ........| ok p=0.480469
Q64:	|..-..... ...+.... ........ ........|
Saving 500000 paths...done.
Autobalance parameters: maxcond=88
Verified: 0 bad out of 808773
Estimating maxcond for upper bound 2000000 (=500000 * 4)...
t=18: 0%   10   20   30   40   50   60   70   80   90   100%
      |----|----|----|----|----|----|----|----|----|----|
e     ***************************************************
Found maxcond = 101
t=18: 0%   10   20   30   40   50   60   70   80   90   100%
      |----|----|----|----|----|----|----|----|----|----|
      ***************************************************
Q15:	|.-.....- .+.+.-.. .+...-.+ ..-....-|
Q16:	|+..+..++ ..+..... .-.-...+ .......+|
Q17:	|...0...0 ..-.0... .1.0...0 ....0..0|
Q18:	|^..-..^+ ..-.1... .1.+...- ....0..-| ok p=0.753906
Q19:	|........ ..+.-... .-....0- ....+...| ok p=0.472656
Q20:	|...^...^ .1+...0. ...^..1+ ..0...0^| ok p=1
Q21:	|...0.... .1+.^.1. .^....+1 ..1.^.1.| ok p=0.875977
Q22:	|...1.... .+1...-. .......^ ..-...+.| ok p=0.947266
Q23:	|...-.0.. ..0..... .0....^. ........| ok p=0.93457
Q24:	|0....1.. .^....^. .1...0.. ..^...^.| ok p=0.963867
Q25:	|...^.+.. ........ .+...1.. ........| ok p=0.512695
Q26:	|+....... ....0... .....+.. ........| ok p=0.939453
Q27:	|+....^.. ....1... .^...... ........| ok p=0.505859
Q28:	|-....... ....-... .....^.. ........| ok p=0.499023
Q29:	|0....... ....0... ........ ........| ok p=1
Q30:	|1....... ....+... ........ ........| ok p=1
Q31:	|........ ....+... ........ ........| ok p=0.482422
Q32:	|........ ........ ........ ........| ok p=1
Q33:	|........ ....!... ........ ........| ok p=1
Q34:	|........ ........ ........ ........| ok p=1
Q35:	|........ ........ ........ ........| ok p=1
Q36:	|........ ........ ........ ........| ok p=1
Q37:	|........ ........ ........ ........| ok p=1
Q38:	|........ ........ ........ ........| ok p=1
Q39:	|........ ........ ........ ........| ok p=1
Q40:	|........ ........ ........ ........| ok p=1
Q41:	|........ ........ ........ ........| ok p=1
Q42:	|........ ........ ........ ........| ok p=1
Q43:	|........ ........ ........ ........| ok p=1
Q44:	|........ ........ ........ ........| ok p=1
Q45:	|........ ........ ........ ........| ok p=1
Q46:	|........ ........ ........ ........| ok p=1
Q47:	|........ ........ ........ ........| ok p=1
Q48:	|........ ........ ........ ........| ok p=1
Q49:	|........ ........ ........ ........| ok p=1
Q50:	|........ ........ ........ ........| ok p=1
Q51:	|........ ........ ........ ........| ok p=1
Q52:	|........ ........ ........ ........| ok p=1
Q53:	|........ ........ ........ ........| ok p=1
Q54:	|........ ........ ........ ........| ok p=1
Q55:	|........ ........ ........ ........| ok p=1
Q56:	|........ ........ ........ ........| ok p=1
Q57:	|........ ........ ........ ........| ok p=1
Q58:	|........ ........ ........ ........| ok p=1
Q59:	|........ ........ ........ ........| ok p=1
Q60:	|..0..... ........ ........ ........| ok p=1
Q61:	|101..... ........ ........ ........| ok p=1
Q62:	|0.-..... ........ ........ ........| ok p=1
Q63:	|-++..... ........ ........ ........| ok p=0.505859
Q64:	|..-..... ...+.... ........ ........|
Saving 500000 paths...done.
Autobalance parameters: maxcond=99
Verified: 0 bad out of 932269
Estimating maxcond for upper bound 2000000 (=500000 * 4)...
t=17: 0%   10   20   30   40   50   60   70   80   90   100%
      |----|----|----|----|----|----|----|----|----|----|
e     ***************************************************
Found maxcond = 116
t=17: 0%   10   20   30   40   50   60   70   80   90   100%
      |----|----|----|----|----|----|----|----|----|----|
      ***************************************************
Q14:	|.....-.. -...-..- .+...... +...-...|
Q15:	|1+...1.. 1..-.-.0 .+...... ..-.0...|
Q16:	|-..0.+.. -..+...+ .-.0.... ....1..1|
Q17:	|.^.1.... 0..10^.- .1.1.... ..^.+..1| ok p=0.860352
Q18:	|^..-.^.. +..^1..1 .1.-...0 ....1..-| ok p=0.701172
Q19:	|........ +.0.-..^ .-....00 ....-...| ok p=0.496094
Q20:	|...^.... 001...0. ...^..0+ ..0...0^| ok p=1
Q21:	|...0.... 11-.^.1. .^....+1 ..1.^.1.| ok p=1
Q22:	|...1.... .-....+. .......0 ..-...+.| ok p=0.964844
Q23:	|...-.0.. ..^..... .0....^. ........| ok p=0.9375
Q24:	|0....1.. .^....^. .1...0.. ..^...^.| ok p=0.96875
Q25:	|...^.-.. ........ .+...1.. ........| ok p=0.553711
Q26:	|+....... ....0... .....+.. ........| ok p=0.952148
Q27:	|+....^.. ....1... .^...... ........| ok p=0.521484
Q28:	|-....... ....-... .....^.. ........| ok p=0.520508
Q29:	|0....... ....0... ........ ........| ok p=1
Q30:	|1....... ....+... ........ ........| ok p=1
Q31:	|........ ....+... ........ ........| ok p=0.490234
Q32:	|........ ........ ........ ........| ok p=1
Q33:	|........ ....!... ........ ........| ok p=1
Q34:	|........ ........ ........ ........| ok p=1
Q35:	|........ ........ ........ ........| ok p=1
Q36:	|........ ........ ........ ........| ok p=1
Q37:	|........ ........ ........ ........| ok p=1
Q38:	|........ ........ ........ ........| ok p=1
Q39:	|........ ........ ........ ........| ok p=1
Q40:	|........ ........ ........ ........| ok p=1
Q41:	|........ ........ ........ ........| ok p=1
Q42:	|........ ........ ........ ........| ok p=1
Q43:	|........ ........ ........ ........| ok p=1
Q44:	|........ ........ ........ ........| ok p=1
Q45:	|........ ........ ........ ........| ok p=1
Q46:	|........ ........ ........ ........| ok p=1
Q47:	|........ ........ ........ ........| ok p=1
Q48:	|........ ........ ........ ........| ok p=1
Q49:	|........ ........ ........ ........| ok p=1
Q50:	|........ ........ ........ ........| ok p=1
Q51:	|........ ........ ........ ........| ok p=1
Q52:	|........ ........ ........ ........| ok p=1
Q53:	|........ ........ ........ ........| ok p=1
Q54:	|........ ........ ........ ........| ok p=1
Q55:	|........ ........ ........ ........| ok p=1
Q56:	|........ ........ ........ ........| ok p=1
Q57:	|........ ........ ........ ........| ok p=1
Q58:	|........ ........ ........ ........| ok p=1
Q59:	|........ ........ ........ ........| ok p=1
Q60:	|..0..... ........ ........ ........| ok p=1
Q61:	|101..... ........ ........ ........| ok p=1
Q62:	|0.-..... ........ ........ ........| ok p=1
Q63:	|-++..... ........ ........ ........| ok p=0.485352
Q64:	|..-..... ...+.... ........ ........|
Saving 500000 paths...done.
Autobalance parameters: maxcond=115
Verified: 0 bad out of 652460
Estimating maxcond for upper bound 2000000 (=500000 * 4)...
t=16: 0%   10   20   30   40   50   60   70   80   90   100%
      |----|----|----|----|----|----|----|----|----|----|
e     ***************************************************
Found maxcond = 128
t=16: 0%   10   20   30   40   50   60   70   80   90   100%
      |----|----|----|----|----|----|----|----|----|----|
      ***************************************************
Q13:	|.+..-... .+.+.+.. -...-.+. ....+...|
Q14:	|01...-.. ...1.-.. .+...... +.1.-...|
Q15:	|1+...1.. -..-.-.0 .+...... ..-.0...|
Q16:	|-..0.+.. -..+.0.1 .-.0.... ^...1..1| ok p=0.333008
Q17:	|.^.1.... 1..101.- .1.1.... ..^.+..1| ok p=0.867188
Q18:	|^..-.^.. +..^1..1 .1.-...0 ....1..-| ok p=0.692383
Q19:	|........ +.0.-..0 .-....00 ....-...| ok p=0.490234
Q20:	|...^.... 001...0. ...^..1+ ..0...0^| ok p=1
Q21:	|...0.... 11-.^.1. .^....+0 ..1.^.1.| ok p=1
Q22:	|...1.... .-....+. .......1 ..-...+.| ok p=0.955078
Q23:	|...-.0.. ..^..... .0....^. ........| ok p=0.938477
Q24:	|0....1.. .^....^. .1...0.. ..^...^.| ok p=0.975586
Q25:	|...^.-.. ........ .+...1.. ........| ok p=0.517578
Q26:	|+....... ....0... .....+.. ........| ok p=0.932617
Q27:	|+....^.. ....1... .^...... ........| ok p=0.507812
Q28:	|-....... ....-... .....^.. ........| ok p=0.501953
Q29:	|0....... ....0... ........ ........| ok p=1
Q30:	|1....... ....+... ........ ........| ok p=1
Q31:	|........ ....+... ........ ........| ok p=0.485352
Q32:	|........ ........ ........ ........| ok p=1
Q33:	|........ ....!... ........ ........| ok p=1
Q34:	|........ ........ ........ ........| ok p=1
Q35:	|........ ........ ........ ........| ok p=1
Q36:	|........ ........ ........ ........| ok p=1
Q37:	|........ ........ ........ ........| ok p=1
Q38:	|........ ........ ........ ........| ok p=1
Q39:	|........ ........ ........ ........| ok p=1
Q40:	|........ ........ ........ ........| ok p=1
Q41:	|........ ........ ........ ........| ok p=1
Q42:	|........ ........ ........ ........| ok p=1
Q43:	|........ ........ ........ ........| ok p=1
Q44:	|........ ........ ........ ........| ok p=1
Q45:	|........ ........ ........ ........| ok p=1
Q46:	|........ ........ ........ ........| ok p=1
Q47:	|........ ........ ........ ........| ok p=1
Q48:	|........ ........ ........ ........| ok p=1
Q49:	|........ ........ ........ ........| ok p=1
Q50:	|........ ........ ........ ........| ok p=1
Q51:	|........ ........ ........ ........| ok p=1
Q52:	|........ ........ ........ ........| ok p=1
Q53:	|........ ........ ........ ........| ok p=1
Q54:	|........ ........ ........ ........| ok p=1
Q55:	|........ ........ ........ ........| ok p=1
Q56:	|........ ........ ........ ........| ok p=1
Q57:	|........ ........ ........ ........| ok p=1
Q58:	|........ ........ ........ ........| ok p=1
Q59:	|........ ........ ........ ........| ok p=1
Q60:	|..0..... ........ ........ ........| ok p=1
Q61:	|101..... ........ ........ ........| ok p=1
Q62:	|0.-..... ........ ........ ........| ok p=1
Q63:	|-++..... ........ ........ ........| ok p=0.484375
Q64:	|..-..... ...+.... ........ ........|
Saving 500000 paths...done.
Autobalance parameters: maxcond=127
Verified: 1108 bad out of 828705
Runtime: 121.322
