Connect MD5 differential paths
Copyright (C) 2009 Marc Stevens
http://homepages.cwi.nl/~stevens/

delta_m[11] = [!-19!]
Loading workdir8/paths16_0of1.bin.gz...done: 500000.
Loading workdir8/paths11_0of1.bin.gz...done: 500000.
t=12: 0%   10   20   30   40   50   60   70   80   90   100%
      |----|----|----|----|----|----|----|----|----|----|
      *Q-3:	|01001001 00101111 10010110 11100110|
Q-2:	|00+10011 10111101 01010000 10111110|
Q-1:	|---11001 11110111 01100000 01010010|
Q0:	|+--01110 01-+1010 11101111 00000001| ok p=0.969727
Q1:	|0.+..... ..-+.... 10...1.. .0-.....| ok p=0.713867
Q2:	|10+.0... ...-.... 00...+.. .-+.....| ok p=1
Q3:	|..+.0... ..1-.... -+0..+.. .-0.....| ok p=1
Q4:	|!...+... ..0...^. 0-0...1. .0-.....| ok p=1
Q5:	|!.1.-... ^..0..+. 1--..01. .10...^.| ok p=1
Q6:	|!...-... +.....1. -.+.!.+. .11...-.| ok p=1
Q7:	|!....... 1.....10 00-...+. .-+...1.| ok p=1
Q8:	|!...0... -.!....0 0.1...+. .-0.^.1.| ok p=1
Q9:	|1!..0... 0^.1...+ ..0...+. ^-0!-...| ok p=1
Q10:	|010.-.0. 0+001.1- ..-.10+! --..10..| ok p=1
Q11:	|101.1011 -10-0^0- 1.-.000. 0+0.01^^| ok p=1
Q12:	|-++^11-0 -0-0+++- 0^-^---^ 1+1^-+--| ok p=1
Q13:	|++0-++-- --+011++ -+.-1++- --++-011| ok p=1
Q14:	|-1100-.1 111-1+.0 01010000 1+00-011| ok p=1
Q15:	|0+100111 -10-.-11 +0.0.110 01-10...| ok p=0.447266
Q16:	|-..0.+.. -..+.1.. ++.0.... .01.1..1| ok p=0.341797
Q17:	|.^.1.... 1..100.. --.1.... ..0.+..1| ok p=0.87207
Q18:	|^..-.^.. +..11... 10.-...0 ....1..-| ok p=0.689453
Q19:	|........ +.0.-... 1-....00 ....-...| ok p=0.455078
Q20:	|...^.... 001...0. ...^..0+ ..0...0^| ok p=1
Q21:	|...0.... 11-.^.1. .^....+1 ..1.^.1.| ok p=1
Q22:	|...1.... .-....+. .......0 ..-...+.| ok p=0.962891
Q23:	|...-.0.. ..^..... .0....^. ........| ok p=0.930664
Q24:	|0....1.. .^....^. .1...0.. ..^...^.| ok p=0.974609
Q25:	|...^.-.. ........ .+...1.. ........| ok p=0.519531
Q26:	|+....... ....0... .....+.. ........| ok p=0.931641
Q27:	|+....^.. ....1... .^...... ........| ok p=0.464844
Q28:	|-....... ....-... .....^.. ........| ok p=0.516602
Q29:	|0....... ....0... ........ ........| ok p=1
Q30:	|1....... ....+... ........ ........| ok p=1
Q31:	|........ ....+... ........ ........| ok p=0.500977
Q32:	|........ ........ ........ ........| ok p=1
Q33:	|........ ....!... ........ ........| ok p=1
Q34:	|........ ........ ........ ........| ok p=1
Q35:	|........ ........ ........ ........| ok p=1
Q36:	|........ ........ ........ ........| ok p=1
Q37:	|........ ........ ........ ........| ok p=1
Q38:	|........ ........ ........ ........| ok p=1
Q39:	|........ ........ ........ ........| ok p=1
Q40:	|........ ........ ........ ........| ok p=1
Q41:	|........ ........ ........ ........| ok p=1
Q42:	|........ ........ ........ ........| ok p=1
Q43:	|........ ........ ........ ........| ok p=1
Q44:	|........ ........ ........ ........| ok p=1
Q45:	|........ ........ ........ ........| ok p=1
Q46:	|........ ........ ........ ........| ok p=1
Q47:	|........ ........ ........ ........| ok p=1
Q48:	|........ ........ ........ ........| ok p=1
Q49:	|........ ........ ........ ........| ok p=1
Q50:	|........ ........ ........ ........| ok p=1
Q51:	|........ ........ ........ ........| ok p=1
Q52:	|........ ........ ........ ........| ok p=1
Q53:	|........ ........ ........ ........| ok p=1
Q54:	|........ ........ ........ ........| ok p=1
Q55:	|........ ........ ........ ........| ok p=1
Q56:	|........ ........ ........ ........| ok p=1
Q57:	|........ ........ ........ ........| ok p=1
Q58:	|........ ........ ........ ........| ok p=1
Q59:	|........ ........ ........ ........| ok p=1
Q60:	|..0..... ........ ........ ........| ok p=1
Q61:	|101..... ........ ........ ........| ok p=1
Q62:	|0.-..... ........ ........ ........| ok p=1
Q63:	|-++..... ........ ........ ........| ok p=0.492188
Q64:	|..-..... ...+.... ........ ........|
Best path: totcompl=-21 tottunnel=39, totcond=514, p=0.000709652
Best paths: 2
Q-3:	|01001001 00101111 10010110 11100110|
Q-2:	|00+10011 10111101 01010000 10111110|
Q-1:	|---11001 11110111 01100000 01010010|
Q0:	|+--01110 01-+1010 11101111 00000001| ok p=0.966797
Q1:	|0.+..... ..-+.... 10...1.. .0-.....| ok p=0.720703
Q2:	|10+.0... ...-.... 00...+.. .-+.....| ok p=1
Q3:	|..+.0... ..1-.... -+0..+.. .-0.....| ok p=1
Q4:	|.!..+... ..0...^. 0-0...1. .0-.....| ok p=1
Q5:	|!.1.-... ^..0..+. 1--..01. .10...^.| ok p=1
Q6:	|.!..-... +.....1. -.+.!.+. .11...-.| ok p=1
Q7:	|.!...... 1.....10 00-...+. .-+...1.| ok p=1
Q8:	|.!..0... -..!...0 0.1...+. .-0.^.1.| ok p=1
Q9:	|.!1.0... 0^.1...+ ..0..1+. ^-0!-...| ok p=1
Q10:	|010.-.0. 0+001.1- ..-.10+. --..10..| ok p=1
Q11:	|101.1011 -10-0^0- 1.-.000. 0+0.01^^| ok p=1
Q12:	|-++.11-0 -0-0+++- 0^-^---^ 1+1^-+--| ok p=1
Q13:	|++0.-+-- --+011++ -+.-1++- --++-011| ok p=1
Q14:	|-1100-.1 111-1+.0 01010000 1+00-011| ok p=1
Q15:	|0+1.0111 -10-.-11 +0.0.110 01-10...| ok p=0.462891
Q16:	|-..0.+.. -..+.1.. ++.0.... .01.1..1| ok p=0.334961
Q17:	|.^.1.... 1..100.. --.1.... ..0.+..1| ok p=0.869141
Q18:	|^..-.^.. +..11... 10.-...0 ....1..-| ok p=0.677734
Q19:	|........ +.0.-... 1-....00 ....-...| ok p=0.476562
Q20:	|...^.... 001...0. ...^..0+ ..0...0^| ok p=1
Q21:	|...0.... 11-.^.1. .^....+1 ..1.^.1.| ok p=1
Q22:	|...1.... .-....+. .......0 ..-...+.| ok p=0.945312
Q23:	|...-.0.. ..^..... .0....^. ........| ok p=0.952148
Q24:	|0....1.. .^....^. .1...0.. ..^...^.| ok p=0.966797
Q25:	|...^.-.. ........ .+...1.. ........| ok p=0.486328
Q26:	|+....... ....0... .....+.. ........| ok p=0.950195
Q27:	|+....^.. ....1... .^...... ........| ok p=0.517578
Q28:	|-....... ....-... .....^.. ........| ok p=0.483398
Q29:	|0....... ....0... ........ ........| ok p=1
Q30:	|1....... ....+... ........ ........| ok p=1
Q31:	|........ ....+... ........ ........| ok p=0.500977
Q32:	|........ ........ ........ ........| ok p=1
Q33:	|........ ....!... ........ ........| ok p=1
Q34:	|........ ........ ........ ........| ok p=1
Q35:	|........ ........ ........ ........| ok p=1
Q36:	|........ ........ ........ ........| ok p=1
Q37:	|........ ........ ........ ........| ok p=1
Q38:	|........ ........ ........ ........| ok p=1
Q39:	|........ ........ ........ ........| ok p=1
Q40:	|........ ........ ........ ........| ok p=1
Q41:	|........ ........ ........ ........| ok p=1
Q42:	|........ ........ ........ ........| ok p=1
Q43:	|........ ........ ........ ........| ok p=1
Q44:	|........ ........ ........ ........| ok p=1
Q45:	|........ ........ ........ ........| ok p=1
Q46:	|........ ........ ........ ........| ok p=1
Q47:	|........ ........ ........ ........| ok p=1
Q48:	|........ ........ ........ ........| ok p=1
Q49:	|........ ........ ........ ........| ok p=1
Q50:	|........ ........ ........ ........| ok p=1
Q51:	|........ ........ ........ ........| ok p=1
Q52:	|........ ........ ........ ........| ok p=1
Q53:	|........ ........ ........ ........| ok p=1
Q54:	|........ ........ ........ ........| ok p=1
Q55:	|........ ........ ........ ........| ok p=1
Q56:	|........ ........ ........ ........| ok p=1
Q57:	|........ ........ ........ ........| ok p=1
Q58:	|........ ........ ........ ........| ok p=1
Q59:	|........ ........ ........ ........| ok p=1
Q60:	|..0..... ........ ........ ........| ok p=1
Q61:	|101..... ........ ........ ........| ok p=1
Q62:	|0.-..... ........ ........ ........| ok p=1
Q63:	|-++..... ........ ........ ........| ok p=0.494141
Q64:	|..-..... ...+.... ........ ........|
Best path: totcompl=-20 tottunnel=40, totcond=511, p=0.000755152
Best paths: 2
Q-3:	|01001001 00101111 10010110 11100110|
Q-2:	|00+10011 10111101 01010000 10111110|
Q-1:	|---11001 11110111 01100000 01010010|
Q0:	|+--01110 01-+1010 11101111 00000001| ok p=0.961914
Q1:	|0.+..... ..-+.... 10...1.. .0-.....| ok p=0.726562
Q2:	|10+.0... ...-.... 00...+.. .-+.....| ok p=1
Q3:	|..+.0... ..1-.... -+0..+.. .-0.....| ok p=1
Q4:	|.!..+... ..0...^. 0-0...1. .0-.....| ok p=1
Q5:	|.!1.-... ^..0..+. 1--..01. .10...^.| ok p=1
Q6:	|!...-... +.....1. -.+.!.+. .11...-.| ok p=1
Q7:	|.!...... 1.....10 00-...+. .-+...1.| ok p=1
Q8:	|!...0... -..!...0 0.1...+. .-0.^.1.| ok p=1
Q9:	|.!1.0... 0^.1...+ ..0..1+. ^-0!-...| ok p=1
Q10:	|010.-.0. 0+001.1- ..-.10+. --..10..| ok p=1
Q11:	|101.1011 -10-0^0- 1.-.000. 0+0.01^^| ok p=1
Q12:	|-++.11-0 -0-0+++- 0^-^---^ 1+1^-+--| ok p=1
Q13:	|++0.-+-- --+011++ -+.-1++- --++-011| ok p=1
Q14:	|-1100-.1 100-1+.0 01010000 1+00-011| ok p=1
Q15:	|0+1.0111 -10-.-11 +0.0.110 01-10...| ok p=0.490234
Q16:	|-..0.+.. -..+.1.. ++.0.... .01.1..1| ok p=0.351562
Q17:	|.^.1.... 1..100.. --.1.... ..0.+..1| ok p=0.865234
Q18:	|^..-.^.. +..11... 10.-...0 ....1..-| ok p=0.705078
Q19:	|........ +.0.-... 1-....00 ....-...| ok p=0.462891
Q20:	|...^.... 001...0. ...^..0+ ..0...0^| ok p=1
Q21:	|...0.... 11-.^.1. .^....+1 ..1.^.1.| ok p=1
Q22:	|...1.... .-....+. .......0 ..-...+.| ok p=0.957031
Q23:	|...-.0.. ..^..... .0....^. ........| ok p=0.94043
Q24:	|0....1.. .^....^. .1...0.. ..^...^.| ok p=0.973633
Q25:	|...^.-.. ........ .+...1.. ........| ok p=0.516602
Q26:	|+....... ....0... .....+.. ........| ok p=0.9375
Q27:	|+....^.. ....1... .^...... ........| ok p=0.496094
Q28:	|-....... ....-... .....^.. ........| ok p=0.491211
Q29:	|0....... ....0... ........ ........| ok p=1
Q30:	|1....... ....+... ........ ........| ok p=1
Q31:	|........ ....+... ........ ........| ok p=0.511719
Q32:	|........ ........ ........ ........| ok p=1
Q33:	|........ ....!... ........ ........| ok p=1
Q34:	|........ ........ ........ ........| ok p=1
Q35:	|........ ........ ........ ........| ok p=1
Q36:	|........ ........ ........ ........| ok p=1
Q37:	|........ ........ ........ ........| ok p=1
Q38:	|........ ........ ........ ........| ok p=1
Q39:	|........ ........ ........ ........| ok p=1
Q40:	|........ ........ ........ ........| ok p=1
Q41:	|........ ........ ........ ........| ok p=1
Q42:	|........ ........ ........ ........| ok p=1
Q43:	|........ ........ ........ ........| ok p=1
Q44:	|........ ........ ........ ........| ok p=1
Q45:	|........ ........ ........ ........| ok p=1
Q46:	|........ ........ ........ ........| ok p=1
Q47:	|........ ........ ........ ........| ok p=1
Q48:	|........ ........ ........ ........| ok p=1
Q49:	|........ ........ ........ ........| ok p=1
Q50:	|........ ........ ........ ........| ok p=1
Q51:	|........ ........ ........ ........| ok p=1
Q52:	|........ ........ ........ ........| ok p=1
Q53:	|........ ........ ........ ........| ok p=1
Q54:	|........ ........ ........ ........| ok p=1
Q55:	|........ ........ ........ ........| ok p=1
Q56:	|........ ........ ........ ........| ok p=1
Q57:	|........ ........ ........ ........| ok p=1
Q58:	|........ ........ ........ ........| ok p=1
Q59:	|........ ........ ........ ........| ok p=1
Q60:	|..0..... ........ ........ ........| ok p=1
Q61:	|101..... ........ ........ ........| ok p=1
Q62:	|0.-..... ........ ........ ........| ok p=1
Q63:	|-++..... ........ ........ ........| ok p=0.492188
Q64:	|..-..... ...+.... ........ ........|
Best path: totcompl=-19 tottunnel=41, totcond=511, p=0.000843148
Best paths: 2
Q-3:	|01001001 00101111 10010110 11100110|
Q-2:	|00+10011 10111101 01010000 10111110|
Q-1:	|---11001 11110111 01100000 01010010|
Q0:	|+--01110 01-+1010 11101111 00000001| ok p=0.970703
Q1:	|0.+..... ..-+.... 10...1.. .0-.....| ok p=0.711914
Q2:	|10+.0... ...-.... 00...+.. .-+.....| ok p=1
Q3:	|..+.0... ..1-.... -+0..+.. .-0.....| ok p=1
Q4:	|.!..+... ..0...^. 0-0...1. .0-.....| ok p=1
Q5:	|!.1.-... ^..0..+. 1--..01. .10...^.| ok p=1
Q6:	|!...-... +.....1. -.+.!.+. .11...-.| ok p=1
Q7:	|!....... 1.....10 00-...+. .-+...1.| ok p=1
Q8:	|!1..0... -.!....0 0.1...+. .-0.^.1.| ok p=1
Q9:	|.0..0... 0^.1...+ ..0.0.+. ^-0!-...| ok p=1
Q10:	|010.-.0. 0+001.1- ..-.10+. --..10..| ok p=1
Q11:	|101.1011 -10-0^0- 1.-.000. 0+0.01^^| ok p=1
Q12:	|+++.11-0 -0-0+++- 0^-^---^ 1+1^-+--| ok p=1
Q13:	|-+0.-+-- --+011++ -+.-1++- --++-011| ok p=1
Q14:	|-1100-.1 100-1+.0 01010000 1+00-011| ok p=1
Q15:	|0+1.0111 -10-.-11 +0.0.110 01-10...| ok p=0.455078
Q16:	|-..0.+.. -..+.1.. ++.0.... .01.1..1| ok p=0.352539
Q17:	|.^.1.... 1..100.. --.1.... ..0.+..1| ok p=0.876953
Q18:	|^..-.^.. +..11... 10.-...0 ....1..-| ok p=0.712891
Q19:	|........ +.0.-... 1-....00 ....-...| ok p=0.469727
Q20:	|...^.... 001...0. ...^..0+ ..0...0^| ok p=1
Q21:	|...0.... 11-.^.1. .^....+1 ..1.^.1.| ok p=1
Q22:	|...1.... .-....+. .......0 ..-...+.| ok p=0.949219
Q23:	|...-.0.. ..^..... .0....^. ........| ok p=0.9375
Q24:	|0....1.. .^....^. .1...0.. ..^...^.| ok p=0.96582
Q25:	|...^.-.. ........ .+...1.. ........| ok p=0.492188
Q26:	|+....... ....0... .....+.. ........| ok p=0.943359
Q27:	|+....^.. ....1... .^...... ........| ok p=0.515625
Q28:	|-....... ....-... .....^.. ........| ok p=0.503906
Q29:	|0....... ....0... ........ ........| ok p=1
Q30:	|1....... ....+... ........ ........| ok p=1
Q31:	|........ ....+... ........ ........| ok p=0.486328
Q32:	|........ ........ ........ ........| ok p=1
Q33:	|........ ....!... ........ ........| ok p=1
Q34:	|........ ........ ........ ........| ok p=1
Q35:	|........ ........ ........ ........| ok p=1
Q36:	|........ ........ ........ ........| ok p=1
Q37:	|........ ........ ........ ........| ok p=1
Q38:	|........ ........ ........ ........| ok p=1
Q39:	|........ ........ ........ ........| ok p=1
Q40:	|........ ........ ........ ........| ok p=1
Q41:	|........ ........ ........ ........| ok p=1
Q42:	|........ ........ ........ ........| ok p=1
Q43:	|........ ........ ........ ........| ok p=1
Q44:	|........ ........ ........ ........| ok p=1
Q45:	|........ ........ ........ ........| ok p=1
Q46:	|........ ........ ........ ........| ok p=1
Q47:	|........ ........ ........ ........| ok p=1
Q48:	|........ ........ ........ ........| ok p=1
Q49:	|........ ........ ........ ........| ok p=1
Q50:	|........ ........ ........ ........| ok p=1
Q51:	|........ ........ ........ ........| ok p=1
Q52:	|........ ........ ........ ........| ok p=1
Q53:	|........ ........ ........ ........| ok p=1
Q54:	|........ ........ ........ ........| ok p=1
Q55:	|........ ........ ........ ........| ok p=1
Q56:	|........ ........ ........ ........| ok p=1
Q57:	|........ ........ ........ ........| ok p=1
Q58:	|........ ........ ........ ........| ok p=1
Q59:	|........ ........ ........ ........| ok p=1
Q60:	|..0..... ........ ........ ........| ok p=1
Q61:	|101..... ........ ........ ........| ok p=1
Q62:	|0.-..... ........ ........ ........| ok p=1
Q63:	|-++..... ........ ........ ........| ok p=0.498047
Q64:	|..-..... ...+.... ........ ........|
Best path: totcompl=-18 tottunnel=42, totcond=511, p=0.000838943
Best paths: 2
Q-3:	|01001001 00101111 10010110 11100110|
Q-2:	|00+10011 10111101 01010000 10111110|
Q-1:	|---11001 11110111 01100000 01010010|
Q0:	|+--01110 01-+1010 11101111 00000001| ok p=0.970703
Q1:	|1.+..... ..-+.... .1...1.. 00-.....| ok p=0.706055
Q2:	|11+.1... ...-.... .1...+.. 1-+.....| ok p=1
Q3:	|..+.1... ..1-..0! .+...+.. -+1.....| ok p=1
Q4:	|.!..+... .10...0. .+....0. 1-0.....| ok p=1
Q5:	|.!1.-^.. .0.1..+. .1...11. 11-....^| ok p=1
Q6:	|.!..-+.. .+....-. 00..!.+. .++....-| ok p=1
Q7:	|.!..+1.. .-....-! 0+....+. .-0....0| ok p=1
Q8:	|!.0.11.. .-!...0. --....+. .-0....1| ok p=1
Q9:	|..110..0 .-....1. +-.^..+1 .-......| ok p=1
Q10:	|.1-00110 ......+. +-1-..+0 ....10.0| ok p=1
Q11:	|!1-0+10- .0...0+. .1101.1+ .1^001^1| ok p=1
Q12:	|!---0+++ ^0^1^1+^ 01-10.-+ ^1-1+---| ok p=1
Q13:	|^+++++-- --+1+--+ 0+-++.+- --0+1100| ok p=1
Q14:	|-0111-11 010-1+00 +0.00^11 0+1+1011| ok p=1
Q15:	|0+111100 -11-1-01 +-011.01 11-11...| ok p=0.521484
Q16:	|-..0.+.. -..+.1.. +-.0.... .0.01..1| ok p=0.337891
Q17:	|.^.1.... 1..100.. --.1.... ..^.+..1| ok p=0.868164
Q18:	|^..-.^.. +..11... 10.-...0 ....1..-| ok p=0.707031
Q19:	|........ +.0.-... 0-....00 ....-...| ok p=0.46582
Q20:	|...^.... 001...0. ...^..0+ ..0...0^| ok p=1
Q21:	|...0.... 11-.^.1. .^....+1 ..1.^.1.| ok p=1
Q22:	|...1.... .-....+. .......0 ..-...+.| ok p=0.952148
Q23:	|...-.0.. ..^..... .0....^. ........| ok p=0.945312
Q24:	|0....1.. .^....^. .1...0.. ..^...^.| ok p=0.973633
Q25:	|...^.-.. ........ .+...1.. ........| ok p=0.49707
Q26:	|-....... ....0... .....+.. ........| ok p=0.917969
Q27:	|-....^.. ....1... .^...... ........| ok p=0.537109
Q28:	|+....... ....-... .....^.. ........| ok p=0.514648
Q29:	|0....... ....0... ........ ........| ok p=1
Q30:	|1....... ....+... ........ ........| ok p=1
Q31:	|........ ....+... ........ ........| ok p=0.486328
Q32:	|........ ........ ........ ........| ok p=1
Q33:	|........ ....!... ........ ........| ok p=1
Q34:	|........ ........ ........ ........| ok p=1
Q35:	|........ ........ ........ ........| ok p=1
Q36:	|........ ........ ........ ........| ok p=1
Q37:	|........ ........ ........ ........| ok p=1
Q38:	|........ ........ ........ ........| ok p=1
Q39:	|........ ........ ........ ........| ok p=1
Q40:	|........ ........ ........ ........| ok p=1
Q41:	|........ ........ ........ ........| ok p=1
Q42:	|........ ........ ........ ........| ok p=1
Q43:	|........ ........ ........ ........| ok p=1
Q44:	|........ ........ ........ ........| ok p=1
Q45:	|........ ........ ........ ........| ok p=1
Q46:	|........ ........ ........ ........| ok p=1
Q47:	|........ ........ ........ ........| ok p=1
Q48:	|........ ........ ........ ........| ok p=1
Q49:	|........ ........ ........ ........| ok p=1
Q50:	|........ ........ ........ ........| ok p=1
Q51:	|........ ........ ........ ........| ok p=1
Q52:	|........ ........ ........ ........| ok p=1
Q53:	|........ ........ ........ ........| ok p=1
Q54:	|........ ........ ........ ........| ok p=1
Q55:	|........ ........ ........ ........| ok p=1
Q56:	|........ ........ ........ ........| ok p=1
Q57:	|........ ........ ........ ........| ok p=1
Q58:	|........ ........ ........ ........| ok p=1
Q59:	|........ ........ ........ ........| ok p=1
Q60:	|..0..... ........ ........ ........| ok p=1
Q61:	|101..... ........ ........ ........| ok p=1
Q62:	|0.-..... ........ ........ ........| ok p=1
Q63:	|-++..... ........ ........ ........| ok p=0.537109
Q64:	|..-..... ...+.... ........ ........|
Best path: totcompl=-16 tottunnel=44, totcond=511, p=0.000885495
**Q-3:	|01001001 00101111 10010110 11100110|
Q-2:	|00+10011 10111101 01010000 10111110|
Q-1:	|---11001 11110111 01100000 01010010|
Q0:	|+--01110 01-+1010 11101111 00000001| ok p=0.976562
Q1:	|1.+..... ..-+.... .1...1.. 00-.....| ok p=0.704102
Q2:	|11+.1... ...-.... .1...+.. 1-+.....| ok p=1
Q3:	|..+.1... ..1-..0! .+...+.. -+1.....| ok p=1
Q4:	|.!..+... .10...0. .+....0. 1-0.....| ok p=1
Q5:	|.!1.-^.. .0.1..+. .1...11. 11-....^| ok p=1
Q6:	|.!..-+.. .+....-. 00..!.+. .++....-| ok p=1
Q7:	|!...+1.. .-....-! 0+....+. .-0....0| ok p=1
Q8:	|.!0.11.. .-!...0. --....+. .-0....1| ok p=1
Q9:	|.01.0..0 .-....1. +-.^..+1 .-......| ok p=1
Q10:	|.1-.0.00 ......+. +-1-..+0 .1..10.0| ok p=1
Q11:	|.1-.+11- .00011+. 01101.1+ .1^001^1| ok p=1
Q12:	|!--^-1-+ ^11100+^ -++10.-+ ^-+1+---| ok p=1
Q13:	|^+++++-- --++---+ 00+++0+- --0+1100| ok p=1
Q14:	|-0111-.1 010-1+10 +0.00.11 0+1+1011| ok p=1
Q15:	|0+111100 -11-1-01 +-011.01 11-11...| ok p=0.513672
Q16:	|-..0.+.. -..+.1.. +-.0.... .0.01..1| ok p=0.322266
Q17:	|.^.1.... 1..100.. --.1.... ..^.+..1| ok p=0.855469
Q18:	|^..-.^.. +..11... 10.-...0 ....1..-| ok p=0.691406
Q19:	|........ +.0.-... 0-....00 ....-...| ok p=0.506836
Q20:	|...^.... 001...0. ...^..0+ ..0...0^| ok p=1
Q21:	|...0.... 11-.^.1. .^....+1 ..1.^.1.| ok p=1
Q22:	|...1.... .-....+. .......0 ..-...+.| ok p=0.952148
Q23:	|...-.0.. ..^..... .0....^. ........| ok p=0.936523
Q24:	|0....1.. .^....^. .1...0.. ..^...^.| ok p=0.978516
Q25:	|...^.-.. ........ .+...1.. ........| ok p=0.535156
Q26:	|-....... ....0... .....+.. ........| ok p=0.932617
Q27:	|-....^.. ....1... .^...... ........| ok p=0.518555
Q28:	|+....... ....-... .....^.. ........| ok p=0.484375
Q29:	|0....... ....0... ........ ........| ok p=1
Q30:	|1....... ....+... ........ ........| ok p=1
Q31:	|........ ....+... ........ ........| ok p=0.491211
Q32:	|........ ........ ........ ........| ok p=1
Q33:	|........ ....!... ........ ........| ok p=1
Q34:	|........ ........ ........ ........| ok p=1
Q35:	|........ ........ ........ ........| ok p=1
Q36:	|........ ........ ........ ........| ok p=1
Q37:	|........ ........ ........ ........| ok p=1
Q38:	|........ ........ ........ ........| ok p=1
Q39:	|........ ........ ........ ........| ok p=1
Q40:	|........ ........ ........ ........| ok p=1
Q41:	|........ ........ ........ ........| ok p=1
Q42:	|........ ........ ........ ........| ok p=1
Q43:	|........ ........ ........ ........| ok p=1
Q44:	|........ ........ ........ ........| ok p=1
Q45:	|........ ........ ........ ........| ok p=1
Q46:	|........ ........ ........ ........| ok p=1
Q47:	|........ ........ ........ ........| ok p=1
Q48:	|........ ........ ........ ........| ok p=1
Q49:	|........ ........ ........ ........| ok p=1
Q50:	|........ ........ ........ ........| ok p=1
Q51:	|........ ........ ........ ........| ok p=1
Q52:	|........ ........ ........ ........| ok p=1
Q53:	|........ ........ ........ ........| ok p=1
Q54:	|........ ........ ........ ........| ok p=1
Q55:	|........ ........ ........ ........| ok p=1
Q56:	|........ ........ ........ ........| ok p=1
Q57:	|........ ........ ........ ........| ok p=1
Q58:	|........ ........ ........ ........| ok p=1
Q59:	|........ ........ ........ ........| ok p=1
Q60:	|..0..... ........ ........ ........| ok p=1
Q61:	|101..... ........ ........ ........| ok p=1
Q62:	|0.-..... ........ ........ ........| ok p=1
Q63:	|-++..... ........ ........ ........| ok p=0.516602
Q64:	|..-..... ...+.... ........ ........|
Best path: totcompl=-15 tottunnel=45, totcond=511, p=0.000681572
Q-3:	|01001001 00101111 10010110 11100110|
Q-2:	|00+10011 10111101 01010000 10111110|
Q-1:	|---11001 11110111 01100000 01010010|
Q0:	|+--01110 01-+1010 11101111 00000001| ok p=0.982422
Q1:	|1.+..... ..-+.... .1...1.. 00-.....| ok p=0.708008
Q2:	|11+.1... ...-.... .1...+.. 1-+.....| ok p=1
Q3:	|..+.1... ..1-..0! .+...+.. -+1.....| ok p=1
Q4:	|.!..+... .10...0. .+....0. 1-0.....| ok p=1
Q5:	|.!1.-^.. .0.1..+. .1...11. 11-....^| ok p=1
Q6:	|!...-+.. .+....-. 00..!.+. .++....-| ok p=1
Q7:	|.!..+1.. .-....-! 0+....+. .-0....0| ok p=1
Q8:	|.!0.11.. .-!...0. --....+. .-0....1| ok p=1
Q9:	|.01.0..0 .-....1. +-.^..+1 .-......| ok p=1
Q10:	|.1-.0.00 ......+. +-1-..+0 ....10.0| ok p=1
Q11:	|.1-.+11- .01011+. 01101.1+ .1^001^1| ok p=1
Q12:	|!--^-1-+ ^00100+^ -++10.-+ ^1-1+---| ok p=1
Q13:	|^+++++-- --++---+ 00+++0+- --0+1100| ok p=1
Q14:	|-0111-.1 010-1+10 +0.00.11 0+1+1011| ok p=1
Q15:	|0+111100 -11-1-01 +-011.01 11-11...| ok p=0.516602
Q16:	|-..0.+.. -..+.1.. +-.0.... .0.01..1| ok p=0.324219
Q17:	|.^.1.... 1..100.. --.1.... ..^.+..1| ok p=0.885742
Q18:	|^..-.^.. +..11... 10.-...0 ....1..-| ok p=0.708984
Q19:	|........ +.0.-... 0-....00 ....-...| ok p=0.463867
Q20:	|...^.... 001...0. ...^..0+ ..0...0^| ok p=1
Q21:	|...0.... 11-.^.1. .^....+1 ..1.^.1.| ok p=1
Q22:	|...1.... .-....+. .......0 ..-...+.| ok p=0.958984
Q23:	|...-.0.. ..^..... .0....^. ........| ok p=0.928711
Q24:	|0....1.. .^....^. .1...0.. ..^...^.| ok p=0.970703
Q25:	|...^.-.. ........ .+...1.. ........| ok p=0.473633
Q26:	|-....... ....0... .....+.. ........| ok p=0.941406
Q27:	|-....^.. ....1... .^...... ........| ok p=0.512695
Q28:	|+....... ....-... .....^.. ........| ok p=0.525391
Q29:	|0....... ....0... ........ ........| ok p=1
Q30:	|1....... ....+... ........ ........| ok p=1
Q31:	|........ ....+... ........ ........| ok p=0.514648
Q32:	|........ ........ ........ ........| ok p=1
Q33:	|........ ....!... ........ ........| ok p=1
Q34:	|........ ........ ........ ........| ok p=1
Q35:	|........ ........ ........ ........| ok p=1
Q36:	|........ ........ ........ ........| ok p=1
Q37:	|........ ........ ........ ........| ok p=1
Q38:	|........ ........ ........ ........| ok p=1
Q39:	|........ ........ ........ ........| ok p=1
Q40:	|........ ........ ........ ........| ok p=1
Q41:	|........ ........ ........ ........| ok p=1
Q42:	|........ ........ ........ ........| ok p=1
Q43:	|........ ........ ........ ........| ok p=1
Q44:	|........ ........ ........ ........| ok p=1
Q45:	|........ ........ ........ ........| ok p=1
Q46:	|........ ........ ........ ........| ok p=1
Q47:	|........ ........ ........ ........| ok p=1
Q48:	|........ ........ ........ ........| ok p=1
Q49:	|........ ........ ........ ........| ok p=1
Q50:	|........ ........ ........ ........| ok p=1
Q51:	|........ ........ ........ ........| ok p=1
Q52:	|........ ........ ........ ........| ok p=1
Q53:	|........ ........ ........ ........| ok p=1
Q54:	|........ ........ ........ ........| ok p=1
Q55:	|........ ........ ........ ........| ok p=1
Q56:	|........ ........ ........ ........| ok p=1
Q57:	|........ ........ ........ ........| ok p=1
Q58:	|........ ........ ........ ........| ok p=1
Q59:	|........ ........ ........ ........| ok p=1
Q60:	|..0..... ........ ........ ........| ok p=1
Q61:	|101..... ........ ........ ........| ok p=1
Q62:	|0.-..... ........ ........ ........| ok p=1
Q63:	|-++..... ........ ........ ........| ok p=0.547852
Q64:	|..-..... ...+.... ........ ........|
Best path: totcompl=-15 tottunnel=45, totcond=510, p=0.000935108
Best paths: 2
Q-3:	|01001001 00101111 10010110 11100110|
Q-2:	|00+10011 10111101 01010000 10111110|
Q-1:	|---11001 11110111 01100000 01010010|
Q0:	|+--01110 01-+1010 11101111 00000001| ok p=0.967773
Q1:	|1.+..... ..-+.... .1...1.. 00-.....| ok p=0.681641
Q2:	|11+.1... ...-.... .1...+.. 1-+.....| ok p=1
Q3:	|..+.1... ..1-..0. !+...+.. -+1.....| ok p=1
Q4:	|!...+... .10...0. .+....0. 1-0.....| ok p=1
Q5:	|.!1.-^.. .0.1..+. .1...11. 11-....^| ok p=1
Q6:	|.!..-+.. .+....-. 00..!.+. .++....-| ok p=1
Q7:	|.!..+1.. .-....-! 0+....+. .-0....0| ok p=1
Q8:	|.!0.11.. .-.!..0. --....+. .-0....1| ok p=1
Q9:	|..1.0..0 .-....1. +-.^..+1 .-......| ok p=1
Q10:	|!1-.0.00 ......+. +-1-..+0 .1..10.0| ok p=1
Q11:	|.1-.+11- .0...0+. .1101.1+ .1^001^1| ok p=1
Q12:	|!--^-1-+ ^0^1^1+^ 01-10.-+ ^-+1+---| ok p=1
Q13:	|^+++++-- --+1+--+ 0+-++.+- --0+1100| ok p=1
Q14:	|-0111-.1 010-1+00 +0.00^11 0+1+1011| ok p=1
Q15:	|0+111100 -11-1-01 +-011.01 11-11...| ok p=0.508789
Q16:	|-..0.+.. -..+.1.. +-.0.... .0.01..1| ok p=0.363281
Q17:	|.^.1.... 1..100.. --.1.... ..^.+..1| ok p=0.866211
Q18:	|^..-.^.. +..11... 10.-...0 ....1..-| ok p=0.682617
Q19:	|........ +.0.-... 0-....00 ....-...| ok p=0.466797
Q20:	|...^.... 001...0. ...^..0+ ..0...0^| ok p=1
Q21:	|...0.... 11-.^.1. .^....+1 ..1.^.1.| ok p=1
Q22:	|...1.... .-....+. .......0 ..-...+.| ok p=0.947266
Q23:	|...-.0.. ..^..... .0....^. ........| ok p=0.928711
Q24:	|0....1.. .^....^. .1...0.. ..^...^.| ok p=0.958984
Q25:	|...^.-.. ........ .+...1.. ........| ok p=0.514648
Q26:	|-....... ....0... .....+.. ........| ok p=0.93457
Q27:	|-....^.. ....1... .^...... ........| ok p=0.496094
Q28:	|+....... ....-... .....^.. ........| ok p=0.469727
Q29:	|0....... ....0... ........ ........| ok p=1
Q30:	|1....... ....+... ........ ........| ok p=1
Q31:	|........ ....+... ........ ........| ok p=0.50293
Q32:	|........ ........ ........ ........| ok p=1
Q33:	|........ ....!... ........ ........| ok p=1
Q34:	|........ ........ ........ ........| ok p=1
Q35:	|........ ........ ........ ........| ok p=1
Q36:	|........ ........ ........ ........| ok p=1
Q37:	|........ ........ ........ ........| ok p=1
Q38:	|........ ........ ........ ........| ok p=1
Q39:	|........ ........ ........ ........| ok p=1
Q40:	|........ ........ ........ ........| ok p=1
Q41:	|........ ........ ........ ........| ok p=1
Q42:	|........ ........ ........ ........| ok p=1
Q43:	|........ ........ ........ ........| ok p=1
Q44:	|........ ........ ........ ........| ok p=1
Q45:	|........ ........ ........ ........| ok p=1
Q46:	|........ ........ ........ ........| ok p=1
Q47:	|........ ........ ........ ........| ok p=1
Q48:	|........ ........ ........ ........| ok p=1
Q49:	|........ ........ ........ ........| ok p=1
Q50:	|........ ........ ........ ........| ok p=1
Q51:	|........ ........ ........ ........| ok p=1
Q52:	|........ ........ ........ ........| ok p=1
Q53:	|........ ........ ........ ........| ok p=1
Q54:	|........ ........ ........ ........| ok p=1
Q55:	|........ ........ ........ ........| ok p=1
Q56:	|........ ........ ........ ........| ok p=1
Q57:	|........ ........ ........ ........| ok p=1
Q58:	|........ ........ ........ ........| ok p=1
Q59:	|........ ........ ........ ........| ok p=1
Q60:	|..0..... ........ ........ ........| ok p=1
Q61:	|101..... ........ ........ ........| ok p=1
Q62:	|0.-..... ........ ........ ........| ok p=1
Q63:	|-++..... ........ ........ ........| ok p=0.5
Q64:	|..-..... ...+.... ........ ........|
Best path: totcompl=-15 tottunnel=45, totcond=507, p=0.000874005
Best paths: 2
********Best paths: 4
**Best paths: 8
******