Extend MD5 differential paths forward
Copyright (C) 2009 Marc Stevens
http://homepages.cwi.nl/~stevens/

delta_m[11] = [!-19!]
Loading workdir8/lowerpath.bin.gz...done: 1.
Estimating maxcond for upper bound 8000000 (=2000000 * 4)...
t=1:  0%   10   20   30   40   50   60   70   80   90   100%
      |----|----|----|----|----|----|----|----|----|----|
e     ***************************************************
Found maxcond = 2176
t=1:  0%   10   20   30   40   50   60   70   80   90   100%
      |----|----|----|----|----|----|----|----|----|----|
      ***************************************************
Q-3:	|01001001 00101111 10010110 11100110|
Q-2:	|00+10011 10111101 01010000 10111110|
Q-1:	|---11001 11110111 01100000 01010010|
Q0:	|+--01110 01-+1010 11101111 00000001| ok p=0.977539
Q1:	|1.+..... ..0-.... ........ ..-.....| ok p=0.748047
Q2:	|..+..... ...-.... .....+.. ..-....+|
Saving 14 paths...done.
Autobalance parameters: maxcond=2176
Verified: 0 bad out of 14
Estimating maxcond for upper bound 8000000 (=2000000 * 4)...
t=2:  0%   10   20   30   40   50   60   70   80   90   100%
      |----|----|----|----|----|----|----|----|----|----|
e     ***************************************************
Found maxcond = 2176
t=2:  0%   10   20   30   40   50   60   70   80   90   100%
      |----|----|----|----|----|----|----|----|----|----|
      ***************************************************
Q-3:	|01001001 00101111 10010110 11100110|
Q-2:	|00+10011 10111101 01010000 10111110|
Q-1:	|---11001 11110111 01100000 01010010|
Q0:	|+--01110 01-+1010 11101111 00000001| ok p=0.984375
Q1:	|1.+..... ..-+.... .....1.. ..-.....| ok p=0.731445
Q2:	|11+..... ...-.... .....+.. ..-.....| ok p=0.874023
Q3:	|..+..... .-.-.... .+...+.. .-......|
Saving 20144 paths...done.
Autobalance parameters: maxcond=2176
Verified: 0 bad out of 20144
Estimating maxcond for upper bound 8000000 (=2000000 * 4)...
t=3:  0%   10   20   30   40   50   60   70   80   90   100%
      |----|----|----|----|----|----|----|----|----|----|
e     **************************************************Found maxcond = 162
t=3:  0%   10   20   30   40   50   60   70   80   90   100%
      |----|----|----|----|----|----|----|----|----|----|
      **************************************************Q-3:	|01001001 00101111 10010110 11100110|
Q-2:	|00+10011 10111101 01010000 10111110|
Q-1:	|---11001 11110111 01100000 01010010|
Q0:	|+--01110 01-+1010 11101111 00000001| ok p=0.975586
Q1:	|1.+..... ..-+.... .V...1.. .0-.....| ok p=0.745117
Q2:	|10+..... ...-.... .....+.. .-+.....| ok p=0.866211
Q3:	|..+..... ..1-.... .-...+.. .-1.....| ok p=0.724609
Q4:	|..+.-... ........ .-...... .-......|
Saving 2000000 paths...done.
Autobalance parameters: maxcond=160
Verified: 3172 bad out of 3044326
Estimating maxcond for upper bound 8000000 (=2000000 * 4)...
t=4:  0%   10   20   30   40   50   60   70   80   90   100%
      |----|----|----|----|----|----|----|----|----|----|
e     ***************************************************
Found maxcond = 168
t=4:  0%   10   20   30   40   50   60   70   80   90   100%
      |----|----|----|----|----|----|----|----|----|----|
      ***************************************************
Q-3:	|01001001 00101111 10010110 11100110|
Q-2:	|00+10011 10111101 01010000 10111110|
Q-1:	|---11001 11110111 01100000 01010010|
Q0:	|+--01110 01-+1010 11101111 00000001| ok p=0.978516
Q1:	|0.+..... ..-+.... .V...1.. .0-.....| ok p=0.720703
Q2:	|11+.V... ...-.... .1...+.. .-+.....| ok p=0.887695
Q3:	|..+..... ..1-.... .+...+.. .-0.....| ok p=0.6875
Q4:	|....+... ........ .+...... .-1.....| ok p=0.6875
Q5:	|....-... ......+. ...+.... ..-.....|
Saving 2000000 paths...done.
Autobalance parameters: maxcond=166
Verified: 62336 bad out of 3786128
Estimating maxcond for upper bound 8000000 (=2000000 * 4)...
t=5:  0%   10   20   30   40   50   60   70   80   90   100%
      |----|----|----|----|----|----|----|----|----|----|
e     ***************************************************
Found maxcond = 175
t=5:  0%   10   20   30   40   50   60   70   80   90   100%
      |----|----|----|----|----|----|----|----|----|----|
      ***************************************************
Q-3:	|01001001 00101111 10010110 11100110|
Q-2:	|00+10011 10111101 01010000 10111110|
Q-1:	|---11001 11110111 01100000 01010010|
Q0:	|+--01110 01-+1010 11101111 00000001| ok p=0.963867
Q1:	|1.+..... ..-+.... .V...1.. .0-.....| ok p=0.69043
Q2:	|11+.V... ...-.... .1...+.. .-+.....| ok p=0.868164
Q3:	|..+.0... ..1-..V. .+V..+.. .-0.....| ok p=0.678711
Q4:	|....+... ........ .+...... .-0.....| ok p=0.69043
Q5:	|..1.-... ...1..+. ..+..1.. ..-.....| ok p=0.871094
Q6:	|.....-.. .+...-.. ..+...+. ..-....-|
Saving 2000000 paths...done.
Autobalance parameters: maxcond=173
Verified: 8768 bad out of 3610317
Estimating maxcond for upper bound 8000000 (=2000000 * 4)...
t=6:  0%   10   20   30   40   50   60   70   80   90   100%
      |----|----|----|----|----|----|----|----|----|----|
e     ***************************************************
Found maxcond = 186
t=6:  0%   10   20   30   40   50   60   70   80   90   100%
      |----|----|----|----|----|----|----|----|----|----|
      ***************************************************
Q-3:	|01001001 00101111 10010110 11100110|
Q-2:	|00+10011 10111101 01010000 10111110|
Q-1:	|---11001 11110111 01100000 01010010|
Q0:	|+--01110 01-+1010 11101111 00000001| ok p=0.964844
Q1:	|1.+..... ..-+.... .V...1.. .0-.....| ok p=0.723633
Q2:	|11+.V... ...-.... .1..V+.. .-+.....| ok p=0.844727
Q3:	|..+.0... ..0-..V. .+..1+.. .-0.....| ok p=0.675781
Q4:	|....+V.. ......0. .+..-0.. .-1...V.| ok p=0.475586
Q5:	|..0.-... ...0..+. ....+0.. .-+.....| ok p=0.481445
Q6:	|....0-.. ......-. .1..++.. ..-...-.| ok p=0.447266
Q7:	|+....+.- .+....-. +.-..-.. .-.....-|
Saving 2000000 paths...done.
Autobalance parameters: maxcond=185
Verified: 0 bad out of 2529566
Estimating maxcond for upper bound 8000000 (=2000000 * 4)...
t=7:  0%   10   20   30   40   50   60   70   80   90   100%
      |----|----|----|----|----|----|----|----|----|----|
e     ***************************************************
Found maxcond = 198
t=7:  0%   10   20   30   40   50   60   70   80   90   100%
      |----|----|----|----|----|----|----|----|----|----|
      ***************************************************
Q-3:	|01001001 00101111 10010110 11100110|
Q-2:	|00+10011 10111101 01010000 10111110|
Q-1:	|---11001 11110111 01100000 01010010|
Q0:	|+--01110 01-+1010 11101111 00000001| ok p=0.972656
Q1:	|0.+..... ..-+.... 0V...1.. .0-.....| ok p=0.732422
Q2:	|11+.V... ...-.... 10...+.. .-+.....| ok p=0.753906
Q3:	|..+.0... ..1-..V. +-V..+.. .-0.....| ok p=0.661133
Q4:	|....+... V....... 0+1..0.. ..-....V| ok p=0.683594
Q5:	|..0.-... ...1..+. 1+-..0.. .10.....| ok p=0.749023
Q6:	|....-... +.....0. .+-..+.. ..1....-| ok p=0.719727
Q7:	|........ 0.....1. .++..+.. ..-....0| ok p=0.935547
Q8:	|...-.... ........ +.-..+.. ....-..+|
Saving 2000000 paths...done.
Autobalance parameters: maxcond=197
Verified: 3568 bad out of 3133779
Estimating maxcond for upper bound 8000000 (=2000000 * 4)...
t=8:  0%   10   20   30   40   50   60   70   80   90   100%
      |----|----|----|----|----|----|----|----|----|----|
e     ***************************************************
Found maxcond = 207
t=8:  0%   10   20   30   40   50   60   70   80   90   100%
      |----|----|----|----|----|----|----|----|----|----|
      ***************************************************
Q-3:	|01001001 00101111 10010110 11100110|
Q-2:	|00+10011 10111101 01010000 10111110|
Q-1:	|---11001 11110111 01100000 01010010|
Q0:	|+--01110 01-+1010 11101111 00000001| ok p=0.967773
Q1:	|0.+..... ..-+.... 0V...1.. .0-.....| ok p=0.733398
Q2:	|11+.V... ...-.... 10...+.. .-+.....| ok p=0.764648
Q3:	|..+.0... ..1-..V. +-V..+.. .-0.....| ok p=0.671875
Q4:	|....+... V....... 0+0..0.. ..-....V| ok p=0.709961
Q5:	|..0.-... ...1..+. 1+-..0.. .10.....| ok p=0.75293
Q6:	|...V-... +.....0. .1+..+.. ..1....-| ok p=0.837891
Q7:	|........ 0.....1. .++..+.. ..-....0| ok p=0.930664
Q8:	|...-1... 1....... .++..+.. ..0....+| ok p=0.962891
Q9:	|...-...+ ..+...+. +.-..+.. -....-.+|
Saving 2000000 paths...done.
Autobalance parameters: maxcond=206
Verified: 2492 bad out of 2781490
Estimating maxcond for upper bound 8000000 (=2000000 * 4)...
t=9:  0%   10   20   30   40   50   60   70   80   90   100%
      |----|----|----|----|----|----|----|----|----|----|
e     ***************************************************
Found maxcond = 217
t=9:  0%   10   20   30   40   50   60   70   80   90   100%
      |----|----|----|----|----|----|----|----|----|----|
      ***************************************************
Q-3:	|01001001 00101111 10010110 11100110|
Q-2:	|00+10011 10111101 01010000 10111110|
Q-1:	|---11001 11110111 01100000 01010010|
Q0:	|+--01110 01-+1010 11101111 00000001| ok p=0.969727
Q1:	|0.+..... ..-+.... 0V...1.. .0-.....| ok p=0.708008
Q2:	|11+.V... ...-.... 10...+.. .-+.....| ok p=0.75
Q3:	|..+.0... ..1-..V. +-V..+.. .-0.....| ok p=0.666016
Q4:	|....+... .V....0. 0+0..0.. ..-....V| ok p=0.716797
Q5:	|..0.-... .0.1..+. 1+-..1.. .11.....| ok p=0.769531
Q6:	|....-... .+....-. .1+..+.. ..1....-| ok p=0.831055
Q7:	|....+... .-V...-. .++..+.. ..-....0| ok p=0.972656
Q8:	|....1... .-....-. .++..+.. ..0....1| ok p=1
Q9:	|....1... ..-..... .++..+.. ..1.....| ok p=0.710938
Q10:	|.-..+... +.-..... .+.+.+.. -.......|
Saving 2000000 paths...done.
Autobalance parameters: maxcond=216
Verified: 360 bad out of 2834193
Estimating maxcond for upper bound 8000000 (=2000000 * 4)...
t=10: 0%   10   20   30   40   50   60   70   80   90   100%
      |----|----|----|----|----|----|----|----|----|----|
e     ***************************************************
Found maxcond = 227
t=10: 0%   10   20   30   40   50   60   70   80   90   100%
      |----|----|----|----|----|----|----|----|----|----|
      ***************************************************
Q-3:	|01001001 00101111 10010110 11100110|
Q-2:	|00+10011 10111101 01010000 10111110|
Q-1:	|---11001 11110111 01100000 01010010|
Q0:	|+--01110 01-+1010 11101111 00000001| ok p=0.959961
Q1:	|0.+..... ..-+.... 1V...1.. .0-.....| ok p=0.720703
Q2:	|10+.V... ...-.... 00...+.. .-+.....| ok p=1
Q3:	|..+.0... ..1-..V. -+V..+.. .-0.....| ok p=0.700195
Q4:	|....+... V....... 0-0.V0.. ..-...V.| ok p=0.696289
Q5:	|..0.-... ...0..+. 1--..0.. .10.....| ok p=0.744141
Q6:	|....-... +.....1. -.+.+-.. .11...-.| ok p=0.962891
Q7:	|........ 1.....0. 00-.1+.. .-+...1.| ok p=0.99707
Q8:	|....1... -....... 0.1.1+.. .+0...+.| ok p=0.995117
Q9:	|....1... 1....... ..-..+.. .+1...-.| ok p=0.90625
Q10:	|....-... +....... ..-..+.. .-....-.| ok p=0.829102
Q11:	|.-..+..+ .-...... ..-..+.. .-....-.|
Saving 2000000 paths...done.
Autobalance parameters: maxcond=226
Verified: 576 bad out of 2529541
Runtime: 257.25
Extend MD5 differential paths forward
Copyright (C) 2009 Marc Stevens
http://homepages.cwi.nl/~stevens/

delta_m[11] = [!-19!]
Loading workdir8/paths10_0of1...done: 2000000 (work:2000000).
Estimating maxcond for upper bound 2000000 (=500000 * 4)...
t=11: 0%   10   20   30   40   50   60   70   80   90   100%
      |----|----|----|----|----|----|----|----|----|----|
e     ***************************************************
Found maxcond = 236
t=11: 0%   10   20   30   40   50   60   70   80   90   100%
      |----|----|----|----|----|----|----|----|----|----|
      ***************************************************
Q-3:	|01001001 00101111 10010110 11100110|
Q-2:	|00+10011 10111101 01010000 10111110|
Q-1:	|---11001 11110111 01100000 01010010|
Q0:	|+--01110 01-+1010 11101111 00000001| ok p=0.978516
Q1:	|1.+..... ..-+.... 1V...1.. .0-.....| ok p=0.729492
Q2:	|10+.V... ...-.... 00...+.. .-+.....| ok p=1
Q3:	|..+.0... ..1-..V. -+V..+.. .-0.....| ok p=0.669922
Q4:	|....+... VV...... 0-0..0.. ..-...V.| ok p=0.686523
Q5:	|..0.-... 1..0..+. 1--..1.. .10.....| ok p=0.768555
Q6:	|....-... +-....1. -.+..+.. ..0...-.| ok p=0.695312
Q7:	|....+... -0....0. 10-..+.. ..-...0.| ok p=0.976562
Q8:	|....1... -1....0. 0.1..+.. ..+..V1.| ok p=1
Q9:	|....0... 0.....+. ..0..+V. ..+.....| ok p=0.955078
Q10:	|....-... +.....+. ..-..+.. ..+..-..| ok p=0.883789
Q11:	|....+... +.....+. ..0...+. ..+..0..| ok p=0.963867
Q12:	|..+.-... +.....+. ........ +.+...+.|
Saving 500000 paths...done.
Autobalance parameters: maxcond=235
Verified: 84 bad out of 710949
Runtime: 56.1932
