MD5 differential path toolbox
Copyright (C) 2009 Marc Stevens
http://homepages.cwi.nl/~stevens/

IHV1   = {1227855590,1852501761,4193738834,331174078}
IHV1   = e6962f4901ef6a6e5260f7f9be50bd13

IHV2   = {1227855590,2388324097,435642450,868044990}
IHV2   = e6962f4901ef5a8e5260f719be50bd33

dIHV   = {0,535822336,536870912,536870912}
NC0: delta c = delta d = [!-29!]
NC0: delta b           = [!20,-29!]
NC0: prob=-7.51735
delta m_11 = [!-19!]
Q-3:	|01001001 00101111 10010110 11100110|
Q-2:	|00+10011 10111101 01010000 10111110|
Q-1:	|---11001 11110111 01100000 01010010|
Q0:	|+--01110 01-+1010 11101111 00000001| ok p=0.985352
Q1:	|..+..... ...-.... ........ ..-.....|
Saved lower diff. path to 'workdir8/lowerpath.bin.gz'.

Q32:	|........ ........ ........ ........|
Q33:	|........ ........ ........ ........|
Q34:	|........ ........ ........ ........|
Q35:	|........ ........ ........ ........| ok p=1
Q36:	|........ ........ ........ ........| ok p=1
Q37:	|........ ........ ........ ........| ok p=1
Q38:	|........ ........ ........ ........| ok p=1
Q39:	|........ ........ ........ ........| ok p=1
Q40:	|........ ........ ........ ........| ok p=1
Q41:	|........ ........ ........ ........| ok p=1
Q42:	|........ ........ ........ ........| ok p=1
Q43:	|........ ........ ........ ........| ok p=1
Q44:	|........ ........ ........ ........| ok p=1
Q45:	|........ ........ ........ ........| ok p=1
Q46:	|........ ........ ........ ........| ok p=1
Q47:	|........ ........ ........ ........| ok p=1
Q48:	|........ ........ ........ ........| ok p=1
Q49:	|........ ........ ........ ........| ok p=1
Q50:	|........ ........ ........ ........| ok p=1
Q51:	|........ ........ ........ ........| ok p=1
Q52:	|........ ........ ........ ........| ok p=1
Q53:	|........ ........ ........ ........| ok p=1
Q54:	|........ ........ ........ ........| ok p=1
Q55:	|........ ........ ........ ........| ok p=1
Q56:	|........ ........ ........ ........| ok p=1
Q57:	|........ ........ ........ ........| ok p=1
Q58:	|........ ........ ........ ........| ok p=1
Q59:	|........ ........ ........ ........| ok p=1
Q60:	|..0..... ........ ........ ........| ok p=1
Q61:	|101..... ........ ........ ........| ok p=1
Q62:	|0.-..... ........ ........ ........| ok p=1
Q63:	|-++..... ........ ........ ........| ok p=0.506836
Q64:	|..-..... ...+.... ........ ........|
Saved upper diff. path to 'workdir8/upperpath.bin.gz'.
Saved 'md5diffpathforward.cfg'.
Saved 'md5diffpathbackward.cfg'.
Saved 'md5diffpathconnect.cfg'.
Saved 'md5diffpathhelper.cfg'.
