Extend MD5 differential paths backward
Copyright (C) 2009 Marc Stevens
http://homepages.cwi.nl/~stevens/

delta_m[11] = [!-8!]
Loading workdir1/upperpath.bin.gz...done: 1.
Estimating maxcond for upper bound 262144 (=65536 * 4)...
t=34: 0%   10   20   30   40   50   60   70   80   90   100%
      |----|----|----|----|----|----|----|----|----|----|
e     ***************************************************
Found maxcond = 2176
t=34: 0%   10   20   30   40   50   60   70   80   90   100%
      |----|----|----|----|----|----|----|----|----|----|
      ***************************************************
Q31:	|........ ........ .......+ ........|
Q32:	|........ ........ ........ ........|
Q33:	|........ ........ ........ ........|
Q34:	|........ ........ ........ ........| ok p=1
Q35:	|........ ........ ........ ........| ok p=1
Q36:	|........ ........ ........ ........| ok p=1
Q37:	|........ ........ ........ ........| ok p=1
Q38:	|........ ........ ........ ........| ok p=1
Q39:	|........ ........ ........ ........| ok p=1
Q40:	|........ ........ ........ ........| ok p=1
Q41:	|........ ........ ........ ........| ok p=1
Q42:	|........ ........ ........ ........| ok p=1
Q43:	|........ ........ ........ ........| ok p=1
Q44:	|........ ........ ........ ........| ok p=1
Q45:	|........ ........ ........ ........| ok p=1
Q46:	|........ ........ ........ ........| ok p=1
Q47:	|........ ........ ........ ........| ok p=1
Q48:	|........ ........ ........ ........| ok p=1
Q49:	|........ ........ ........ ........| ok p=1
Q50:	|........ ........ ........ ........| ok p=1
Q51:	|........ ........ ........ ........| ok p=1
Q52:	|........ ........ ........ ........| ok p=1
Q53:	|........ ........ ........ ........| ok p=1
Q54:	|........ ........ ........ ........| ok p=1
Q55:	|........ ........ ........ ........| ok p=1
Q56:	|........ ........ ........ ........| ok p=1
Q57:	|........ ........ ........ ........| ok p=1
Q58:	|........ ........ ........ ........| ok p=1
Q59:	|........ ........ ........ ........| ok p=1
Q60:	|........ .....0.. ........ ........| ok p=1
Q61:	|........ .....0.. ........ ........| ok p=1
Q62:	|........ .....-.. ........ ........| ok p=1
Q63:	|........ .....-.. ........ ........| ok p=1
Q64:	|........ .....-.. ........ +.......|
Saving 1 paths...done.
Autobalance parameters: maxcond=2176
Verified: 0 bad out of 1
Estimating maxcond for upper bound 262144 (=65536 * 4)...
t=33: 0%   10   20   30   40   50   60   70   80   90   100%
      |----|----|----|----|----|----|----|----|----|----|
e     ***************************************************
Found maxcond = 35
t=33: 0%   10   20   30   40   50   60   70   80   90   100%
      |----|----|----|----|----|----|----|----|----|----|
      ***************************************************
Q30:	|........ ........ .......- ........|
Q31:	|........ ........ .......+ ........|
Q32:	|........ ........ ........ ........|
Q33:	|........ ........ .......^ ........| ok p=1
Q34:	|........ ........ ........ ........| ok p=1
Q35:	|........ ........ ........ ........| ok p=1
Q36:	|........ ........ ........ ........| ok p=1
Q37:	|........ ........ ........ ........| ok p=1
Q38:	|........ ........ ........ ........| ok p=1
Q39:	|........ ........ ........ ........| ok p=1
Q40:	|........ ........ ........ ........| ok p=1
Q41:	|........ ........ ........ ........| ok p=1
Q42:	|........ ........ ........ ........| ok p=1
Q43:	|........ ........ ........ ........| ok p=1
Q44:	|........ ........ ........ ........| ok p=1
Q45:	|........ ........ ........ ........| ok p=1
Q46:	|........ ........ ........ ........| ok p=1
Q47:	|........ ........ ........ ........| ok p=1
Q48:	|........ ........ ........ ........| ok p=1
Q49:	|........ ........ ........ ........| ok p=1
Q50:	|........ ........ ........ ........| ok p=1
Q51:	|........ ........ ........ ........| ok p=1
Q52:	|........ ........ ........ ........| ok p=1
Q53:	|........ ........ ........ ........| ok p=1
Q54:	|........ ........ ........ ........| ok p=1
Q55:	|........ ........ ........ ........| ok p=1
Q56:	|........ ........ ........ ........| ok p=1
Q57:	|........ ........ ........ ........| ok p=1
Q58:	|........ ........ ........ ........| ok p=1
Q59:	|........ ........ ........ ........| ok p=1
Q60:	|........ .....0.. ........ ........| ok p=1
Q61:	|........ .....0.. ........ ........| ok p=1
Q62:	|........ .....-.. ........ ........| ok p=1
Q63:	|........ .....-.. ........ ........| ok p=1
Q64:	|........ .....-.. ........ +.......|
Saving 65536 paths...done.
Autobalance parameters: maxcond=31
Verified: 0 bad out of 65537
Estimating maxcond for upper bound 262144 (=65536 * 4)...
t=32: 0%   10   20   30   40   50   60   70   80   90   100%
      |----|----|----|----|----|----|----|----|----|----|
e     ***************************************************
Found maxcond = 25
t=32: 0%   10   20   30   40   50   60   70   80   90   100%
      |----|----|----|----|----|----|----|----|----|----|
      ***************************************************
Q29:	|........ ........ ........ ........|
Q30:	|........ ........ .......+ ........|
Q31:	|........ ........ .......+ ........|
Q32:	|........ ........ ........ ........| ok p=1
Q33:	|........ ........ .......! ........| ok p=1
Q34:	|........ ........ ........ ........| ok p=1
Q35:	|........ ........ ........ ........| ok p=1
Q36:	|........ ........ ........ ........| ok p=1
Q37:	|........ ........ ........ ........| ok p=1
Q38:	|........ ........ ........ ........| ok p=1
Q39:	|........ ........ ........ ........| ok p=1
Q40:	|........ ........ ........ ........| ok p=1
Q41:	|........ ........ ........ ........| ok p=1
Q42:	|........ ........ ........ ........| ok p=1
Q43:	|........ ........ ........ ........| ok p=1
Q44:	|........ ........ ........ ........| ok p=1
Q45:	|........ ........ ........ ........| ok p=1
Q46:	|........ ........ ........ ........| ok p=1
Q47:	|........ ........ ........ ........| ok p=1
Q48:	|........ ........ ........ ........| ok p=1
Q49:	|........ ........ ........ ........| ok p=1
Q50:	|........ ........ ........ ........| ok p=1
Q51:	|........ ........ ........ ........| ok p=1
Q52:	|........ ........ ........ ........| ok p=1
Q53:	|........ ........ ........ ........| ok p=1
Q54:	|........ ........ ........ ........| ok p=1
Q55:	|........ ........ ........ ........| ok p=1
Q56:	|........ ........ ........ ........| ok p=1
Q57:	|........ ........ ........ ........| ok p=1
Q58:	|........ ........ ........ ........| ok p=1
Q59:	|........ ........ ........ ........| ok p=1
Q60:	|........ .....0.. ........ ........| ok p=1
Q61:	|........ .....0.. ........ ........| ok p=1
Q62:	|........ .....-.. ........ ........| ok p=1
Q63:	|........ .....-.. ........ ........| ok p=1
Q64:	|........ .....-.. ........ +.......|
Saving 65536 paths...done.
Autobalance parameters: maxcond=22
Verified: 0 bad out of 122081
Estimating maxcond for upper bound 262144 (=65536 * 4)...
t=31: 0%   10   20   30   40   50   60   70   80   90   100%
      |----|----|----|----|----|----|----|----|----|----|
e     ***************************************************
Found maxcond = 22
t=31: 0%   10   20   30   40   50   60   70   80   90   100%
      |----|----|----|----|----|----|----|----|----|----|
      ***************************************************
Q28:	|........ ...-.... .......- ........|
Q29:	|........ ........ ........ ........|
Q30:	|........ ........ .......+ ........|
Q31:	|........ ........ .......+ ........| ok p=1
Q32:	|........ ........ ........ ........| ok p=1
Q33:	|........ ........ .......! ........| ok p=1
Q34:	|........ ........ ........ ........| ok p=1
Q35:	|........ ........ ........ ........| ok p=1
Q36:	|........ ........ ........ ........| ok p=1
Q37:	|........ ........ ........ ........| ok p=1
Q38:	|........ ........ ........ ........| ok p=1
Q39:	|........ ........ ........ ........| ok p=1
Q40:	|........ ........ ........ ........| ok p=1
Q41:	|........ ........ ........ ........| ok p=1
Q42:	|........ ........ ........ ........| ok p=1
Q43:	|........ ........ ........ ........| ok p=1
Q44:	|........ ........ ........ ........| ok p=1
Q45:	|........ ........ ........ ........| ok p=1
Q46:	|........ ........ ........ ........| ok p=1
Q47:	|........ ........ ........ ........| ok p=1
Q48:	|........ ........ ........ ........| ok p=1
Q49:	|........ ........ ........ ........| ok p=1
Q50:	|........ ........ ........ ........| ok p=1
Q51:	|........ ........ ........ ........| ok p=1
Q52:	|........ ........ ........ ........| ok p=1
Q53:	|........ ........ ........ ........| ok p=1
Q54:	|........ ........ ........ ........| ok p=1
Q55:	|........ ........ ........ ........| ok p=1
Q56:	|........ ........ ........ ........| ok p=1
Q57:	|........ ........ ........ ........| ok p=1
Q58:	|........ ........ ........ ........| ok p=1
Q59:	|........ ........ ........ ........| ok p=1
Q60:	|........ .....0.. ........ ........| ok p=1
Q61:	|........ .....0.. ........ ........| ok p=1
Q62:	|........ .....-.. ........ ........| ok p=1
Q63:	|........ .....-.. ........ ........| ok p=1
Q64:	|........ .....-.. ........ +.......|
Saving 65536 paths...done.
Autobalance parameters: maxcond=20
Verified: 0 bad out of 115470
Estimating maxcond for upper bound 262144 (=65536 * 4)...
t=30: 0%   10   20   30   40   50   60   70   80   90   100%
      |----|----|----|----|----|----|----|----|----|----|
e     ***************************************************
Found maxcond = 22
t=30: 0%   10   20   30   40   50   60   70   80   90   100%
      |----|----|----|----|----|----|----|----|----|----|
      ***************************************************
Q27:	|....+... ........ ........ ........|
Q28:	|........ ...-.... .......- ........|
Q29:	|........ ........ .......1 ........|
Q30:	|........ ...^.... .......- ........| ok p=0.974609
Q31:	|........ ........ .......+ ........| ok p=1
Q32:	|........ ........ ........ ........| ok p=1
Q33:	|........ ........ .......^ ........| ok p=1
Q34:	|........ ........ ........ ........| ok p=1
Q35:	|........ ........ ........ ........| ok p=1
Q36:	|........ ........ ........ ........| ok p=1
Q37:	|........ ........ ........ ........| ok p=1
Q38:	|........ ........ ........ ........| ok p=1
Q39:	|........ ........ ........ ........| ok p=1
Q40:	|........ ........ ........ ........| ok p=1
Q41:	|........ ........ ........ ........| ok p=1
Q42:	|........ ........ ........ ........| ok p=1
Q43:	|........ ........ ........ ........| ok p=1
Q44:	|........ ........ ........ ........| ok p=1
Q45:	|........ ........ ........ ........| ok p=1
Q46:	|........ ........ ........ ........| ok p=1
Q47:	|........ ........ ........ ........| ok p=1
Q48:	|........ ........ ........ ........| ok p=1
Q49:	|........ ........ ........ ........| ok p=1
Q50:	|........ ........ ........ ........| ok p=1
Q51:	|........ ........ ........ ........| ok p=1
Q52:	|........ ........ ........ ........| ok p=1
Q53:	|........ ........ ........ ........| ok p=1
Q54:	|........ ........ ........ ........| ok p=1
Q55:	|........ ........ ........ ........| ok p=1
Q56:	|........ ........ ........ ........| ok p=1
Q57:	|........ ........ ........ ........| ok p=1
Q58:	|........ ........ ........ ........| ok p=1
Q59:	|........ ........ ........ ........| ok p=1
Q60:	|........ .....0.. ........ ........| ok p=1
Q61:	|........ .....0.. ........ ........| ok p=1
Q62:	|........ .....-.. ........ ........| ok p=1
Q63:	|........ .....-.. ........ ........| ok p=0.999023
Q64:	|........ .....-.. ........ +.......|
Saving 65536 paths...done.
Autobalance parameters: maxcond=19
Verified: 0 bad out of 134969
Runtime: 7.48605
Extend MD5 differential paths backward
Copyright (C) 2009 Marc Stevens
http://homepages.cwi.nl/~stevens/

delta_m[11] = [!-8!]
Loading workdir1/paths30_0of1...done: 65536 (work:65536).
Estimating maxcond for upper bound 400000 (=100000 * 4)...
t=29: 0%   10   20   30   40   50   60   70   80   90   100%
      |----|----|----|----|----|----|----|----|----|----|
e     ***************************************************
Found maxcond = 22
t=29: 0%   10   20   30   40   50   60   70   80   90   100%
      |----|----|----|----|----|----|----|----|----|----|
      ***************************************************
Q26:	|+....... ........ .......+ ........|
Q27:	|........ ...1.... .......- ........|
Q28:	|........ ...-.... .......- ........|
Q29:	|........ ........ .......1 ........| ok p=0.520508
Q30:	|........ ...^.... .......+ ........| ok p=1
Q31:	|........ ........ .......+ ........| ok p=1
Q32:	|........ ........ ........ ........| ok p=1
Q33:	|........ ........ .......! ........| ok p=1
Q34:	|........ ........ ........ ........| ok p=1
Q35:	|........ ........ ........ ........| ok p=1
Q36:	|........ ........ ........ ........| ok p=1
Q37:	|........ ........ ........ ........| ok p=1
Q38:	|........ ........ ........ ........| ok p=1
Q39:	|........ ........ ........ ........| ok p=1
Q40:	|........ ........ ........ ........| ok p=1
Q41:	|........ ........ ........ ........| ok p=1
Q42:	|........ ........ ........ ........| ok p=1
Q43:	|........ ........ ........ ........| ok p=1
Q44:	|........ ........ ........ ........| ok p=1
Q45:	|........ ........ ........ ........| ok p=1
Q46:	|........ ........ ........ ........| ok p=1
Q47:	|........ ........ ........ ........| ok p=1
Q48:	|........ ........ ........ ........| ok p=1
Q49:	|........ ........ ........ ........| ok p=1
Q50:	|........ ........ ........ ........| ok p=1
Q51:	|........ ........ ........ ........| ok p=1
Q52:	|........ ........ ........ ........| ok p=1
Q53:	|........ ........ ........ ........| ok p=1
Q54:	|........ ........ ........ ........| ok p=1
Q55:	|........ ........ ........ ........| ok p=1
Q56:	|........ ........ ........ ........| ok p=1
Q57:	|........ ........ ........ ........| ok p=1
Q58:	|........ ........ ........ ........| ok p=1
Q59:	|........ ........ ........ ........| ok p=1
Q60:	|........ .....0.. ........ ........| ok p=1
Q61:	|........ .....0.. ........ ........| ok p=1
Q62:	|........ .....-.. ........ ........| ok p=1
Q63:	|........ .....-.. ........ ........| ok p=1
Q64:	|........ .....-.. ........ +.......|
Saving 100000 paths...done.
Autobalance parameters: maxcond=20
Verified: 0 bad out of 158223
Estimating maxcond for upper bound 400000 (=100000 * 4)...
t=28: 0%   10   20   30   40   50   60   70   80   90   100%
      |----|----|----|----|----|----|----|----|----|----|
e     ***************************************************
Found maxcond = 24
t=28: 0%   10   20   30   40   50   60   70   80   90   100%
      |----|----|----|----|----|----|----|----|----|----|
      ***************************************************
Q25:	|........ ........ +....... ....+...|
Q26:	|+....... ...+.... .......+ ........|
Q27:	|........ ...0.... .......0 ........|
Q28:	|^....... ...-.... .......- ........| ok p=0.999023
Q29:	|........ ........ .......0 ........| ok p=0.533203
Q30:	|........ ...^.... .......+ ........| ok p=1
Q31:	|........ ........ .......+ ........| ok p=1
Q32:	|........ ........ ........ ........| ok p=1
Q33:	|........ ........ .......! ........| ok p=1
Q34:	|........ ........ ........ ........| ok p=1
Q35:	|........ ........ ........ ........| ok p=1
Q36:	|........ ........ ........ ........| ok p=1
Q37:	|........ ........ ........ ........| ok p=1
Q38:	|........ ........ ........ ........| ok p=1
Q39:	|........ ........ ........ ........| ok p=1
Q40:	|........ ........ ........ ........| ok p=1
Q41:	|........ ........ ........ ........| ok p=1
Q42:	|........ ........ ........ ........| ok p=1
Q43:	|........ ........ ........ ........| ok p=1
Q44:	|........ ........ ........ ........| ok p=1
Q45:	|........ ........ ........ ........| ok p=1
Q46:	|........ ........ ........ ........| ok p=1
Q47:	|........ ........ ........ ........| ok p=1
Q48:	|........ ........ ........ ........| ok p=1
Q49:	|........ ........ ........ ........| ok p=1
Q50:	|........ ........ ........ ........| ok p=1
Q51:	|........ ........ ........ ........| ok p=1
Q52:	|........ ........ ........ ........| ok p=1
Q53:	|........ ........ ........ ........| ok p=1
Q54:	|........ ........ ........ ........| ok p=1
Q55:	|........ ........ ........ ........| ok p=1
Q56:	|........ ........ ........ ........| ok p=1
Q57:	|........ ........ ........ ........| ok p=1
Q58:	|........ ........ ........ ........| ok p=1
Q59:	|........ ........ ........ ........| ok p=1
Q60:	|........ .....0.. ........ ........| ok p=1
Q61:	|........ .....0.. ........ ........| ok p=1
Q62:	|........ .....-.. ........ ........| ok p=1
Q63:	|........ .....-.. ........ ........| ok p=1
Q64:	|........ .....-.. ........ +.......|
Saving 100000 paths...done.
Autobalance parameters: maxcond=22
Verified: 0 bad out of 182146
Estimating maxcond for upper bound 400000 (=100000 * 4)...
t=27: 0%   10   20   30   40   50   60   70   80   90   100%
      |----|----|----|----|----|----|----|----|----|----|
e     ***************************************************
Found maxcond = 27
t=27: 0%   10   20   30   40   50   60   70   80   90   100%
      |----|----|----|----|----|----|----|----|----|----|
      ***************************************************
Q24:	|........ ...-.... ........ .......-|
Q25:	|1....... ........ +....... ....+...|
Q26:	|-....... ...0.... .......0 ........|
Q27:	|........ ...1.... ^......1 ....^...| ok p=0.999023
Q28:	|^....... ...-.... .......- ........| ok p=1
Q29:	|........ ........ .......0 ........| ok p=0.489258
Q30:	|........ ...^.... .......+ ........| ok p=1
Q31:	|........ ........ .......+ ........| ok p=1
Q32:	|........ ........ ........ ........| ok p=1
Q33:	|........ ........ .......! ........| ok p=1
Q34:	|........ ........ ........ ........| ok p=1
Q35:	|........ ........ ........ ........| ok p=1
Q36:	|........ ........ ........ ........| ok p=1
Q37:	|........ ........ ........ ........| ok p=1
Q38:	|........ ........ ........ ........| ok p=1
Q39:	|........ ........ ........ ........| ok p=1
Q40:	|........ ........ ........ ........| ok p=1
Q41:	|........ ........ ........ ........| ok p=1
Q42:	|........ ........ ........ ........| ok p=1
Q43:	|........ ........ ........ ........| ok p=1
Q44:	|........ ........ ........ ........| ok p=1
Q45:	|........ ........ ........ ........| ok p=1
Q46:	|........ ........ ........ ........| ok p=1
Q47:	|........ ........ ........ ........| ok p=1
Q48:	|........ ........ ........ ........| ok p=1
Q49:	|........ ........ ........ ........| ok p=1
Q50:	|........ ........ ........ ........| ok p=1
Q51:	|........ ........ ........ ........| ok p=1
Q52:	|........ ........ ........ ........| ok p=1
Q53:	|........ ........ ........ ........| ok p=1
Q54:	|........ ........ ........ ........| ok p=1
Q55:	|........ ........ ........ ........| ok p=1
Q56:	|........ ........ ........ ........| ok p=1
Q57:	|........ ........ ........ ........| ok p=1
Q58:	|........ ........ ........ ........| ok p=1
Q59:	|........ ........ ........ ........| ok p=1
Q60:	|........ .....0.. ........ ........| ok p=1
Q61:	|........ .....0.. ........ ........| ok p=1
Q62:	|........ .....-.. ........ ........| ok p=1
Q63:	|........ .....-.. ........ ........| ok p=1
Q64:	|........ .....-.. ........ +.......|
Saving 100000 paths...done.
Autobalance parameters: maxcond=25
Verified: 0 bad out of 181145
Estimating maxcond for upper bound 400000 (=100000 * 4)...
t=26: 0%   10   20   30   40   50   60   70   80   90   100%
      |----|----|----|----|----|----|----|----|----|----|
e     ***************************************************
Found maxcond = 29
t=26: 0%   10   20   30   40   50   60   70   80   90   100%
      |----|----|----|----|----|----|----|----|----|----|
      ***************************************************
Q23:	|+....... ...-..-. ........ -.......|
Q24:	|........ ...-.... 1....... ....1...|
Q25:	|-....... ...+.... +....... ....+...|
Q26:	|-....... ...+.... .......0 ........| ok p=0.494141
Q27:	|0....... ...-.... ^......1 ....^...| ok p=1
Q28:	|1....... ...-.... .......- ........| ok p=0.999023
Q29:	|........ ...1.... .......0 ........| ok p=0.507812
Q30:	|........ ...0.... .......+ ........| ok p=1
Q31:	|........ ........ .......+ ........| ok p=1
Q32:	|........ ........ ........ ........| ok p=1
Q33:	|........ ........ .......! ........| ok p=1
Q34:	|........ ........ ........ ........| ok p=1
Q35:	|........ ........ ........ ........| ok p=1
Q36:	|........ ........ ........ ........| ok p=1
Q37:	|........ ........ ........ ........| ok p=1
Q38:	|........ ........ ........ ........| ok p=1
Q39:	|........ ........ ........ ........| ok p=1
Q40:	|........ ........ ........ ........| ok p=1
Q41:	|........ ........ ........ ........| ok p=1
Q42:	|........ ........ ........ ........| ok p=1
Q43:	|........ ........ ........ ........| ok p=1
Q44:	|........ ........ ........ ........| ok p=1
Q45:	|........ ........ ........ ........| ok p=1
Q46:	|........ ........ ........ ........| ok p=1
Q47:	|........ ........ ........ ........| ok p=1
Q48:	|........ ........ ........ ........| ok p=1
Q49:	|........ ........ ........ ........| ok p=1
Q50:	|........ ........ ........ ........| ok p=1
Q51:	|........ ........ ........ ........| ok p=1
Q52:	|........ ........ ........ ........| ok p=1
Q53:	|........ ........ ........ ........| ok p=1
Q54:	|........ ........ ........ ........| ok p=1
Q55:	|........ ........ ........ ........| ok p=1
Q56:	|........ ........ ........ ........| ok p=1
Q57:	|........ ........ ........ ........| ok p=1
Q58:	|........ ........ ........ ........| ok p=1
Q59:	|........ ........ ........ ........| ok p=1
Q60:	|........ .....0.. ........ ........| ok p=1
Q61:	|........ .....0.. ........ ........| ok p=1
Q62:	|........ .....-.. ........ ........| ok p=1
Q63:	|........ .....-.. ........ ........| ok p=1
Q64:	|........ .....-.. ........ +.......|
Saving 100000 paths...done.
Autobalance parameters: maxcond=28
Verified: 0 bad out of 128807
Estimating maxcond for upper bound 400000 (=100000 * 4)...
t=25: 0%   10   20   30   40   50   60   70   80   90   100%
      |----|----|----|----|----|----|----|----|----|----|
e     ***************************************************
Found maxcond = 34
t=25: 0%   10   20   30   40   50   60   70   80   90   100%
      |----|----|----|----|----|----|----|----|----|----|
      ***************************************************
Q22:	|.....-.. .-.+.... -....... .-......|
Q23:	|........ ...-...+ +....... ....-..1|
Q24:	|0....... ...-.... 0....... ....0..-|
Q25:	|1....... ...1...^ +....... ....+...| ok p=0.506836
Q26:	|-....... ...0.... .......0 .......^| ok p=0.499023
Q27:	|........ ...1.... ^......1 ....^...| ok p=0.99707
Q28:	|^....... ...-.... .......- ........| ok p=1
Q29:	|........ ........ .......0 ........| ok p=0.476562
Q30:	|........ ...^.... .......+ ........| ok p=1
Q31:	|........ ........ .......+ ........| ok p=1
Q32:	|........ ........ ........ ........| ok p=1
Q33:	|........ ........ .......! ........| ok p=1
Q34:	|........ ........ ........ ........| ok p=1
Q35:	|........ ........ ........ ........| ok p=1
Q36:	|........ ........ ........ ........| ok p=1
Q37:	|........ ........ ........ ........| ok p=1
Q38:	|........ ........ ........ ........| ok p=1
Q39:	|........ ........ ........ ........| ok p=1
Q40:	|........ ........ ........ ........| ok p=1
Q41:	|........ ........ ........ ........| ok p=1
Q42:	|........ ........ ........ ........| ok p=1
Q43:	|........ ........ ........ ........| ok p=1
Q44:	|........ ........ ........ ........| ok p=1
Q45:	|........ ........ ........ ........| ok p=1
Q46:	|........ ........ ........ ........| ok p=1
Q47:	|........ ........ ........ ........| ok p=1
Q48:	|........ ........ ........ ........| ok p=1
Q49:	|........ ........ ........ ........| ok p=1
Q50:	|........ ........ ........ ........| ok p=1
Q51:	|........ ........ ........ ........| ok p=1
Q52:	|........ ........ ........ ........| ok p=1
Q53:	|........ ........ ........ ........| ok p=1
Q54:	|........ ........ ........ ........| ok p=1
Q55:	|........ ........ ........ ........| ok p=1
Q56:	|........ ........ ........ ........| ok p=1
Q57:	|........ ........ ........ ........| ok p=1
Q58:	|........ ........ ........ ........| ok p=1
Q59:	|........ ........ ........ ........| ok p=1
Q60:	|........ .....0.. ........ ........| ok p=1
Q61:	|........ .....0.. ........ ........| ok p=1
Q62:	|........ .....-.. ........ ........| ok p=1
Q63:	|........ .....-.. ........ ........| ok p=1
Q64:	|........ .....-.. ........ +.......|
Saving 100000 paths...done.
Autobalance parameters: maxcond=33
Verified: 0 bad out of 130099
Estimating maxcond for upper bound 400000 (=100000 * 4)...
t=24: 0%   10   20   30   40   50   60   70   80   90   100%
      |----|----|----|----|----|----|----|----|----|----|
e     ***************************************************
Found maxcond = 42
t=24: 0%   10   20   30   40   50   60   70   80   90   100%
      |----|----|----|----|----|----|----|----|----|----|
      ***************************************************
Q21:	|.-...... ...+...+ .....+.. ........|
Q22:	|.....-.. ......1. ........ 1-......|
Q23:	|-....... ...-..+. 0....... -...0...|
Q24:	|-....^.. ...-.... 1....... .^..1...| ok p=0.713867
Q25:	|+....... ...+..^. +....... ^...+...| ok p=0.987305
Q26:	|+....... ...+.... .......0 ........| ok p=0.5
Q27:	|1....... ...-.... ^......1 ....^...| ok p=1
Q28:	|0....... ...-.... .......- ........| ok p=0.999023
Q29:	|........ ...1.... .......0 ........| ok p=0.491211
Q30:	|........ ...0.... .......+ ........| ok p=1
Q31:	|........ ........ .......+ ........| ok p=1
Q32:	|........ ........ ........ ........| ok p=1
Q33:	|........ ........ .......! ........| ok p=1
Q34:	|........ ........ ........ ........| ok p=1
Q35:	|........ ........ ........ ........| ok p=1
Q36:	|........ ........ ........ ........| ok p=1
Q37:	|........ ........ ........ ........| ok p=1
Q38:	|........ ........ ........ ........| ok p=1
Q39:	|........ ........ ........ ........| ok p=1
Q40:	|........ ........ ........ ........| ok p=1
Q41:	|........ ........ ........ ........| ok p=1
Q42:	|........ ........ ........ ........| ok p=1
Q43:	|........ ........ ........ ........| ok p=1
Q44:	|........ ........ ........ ........| ok p=1
Q45:	|........ ........ ........ ........| ok p=1
Q46:	|........ ........ ........ ........| ok p=1
Q47:	|........ ........ ........ ........| ok p=1
Q48:	|........ ........ ........ ........| ok p=1
Q49:	|........ ........ ........ ........| ok p=1
Q50:	|........ ........ ........ ........| ok p=1
Q51:	|........ ........ ........ ........| ok p=1
Q52:	|........ ........ ........ ........| ok p=1
Q53:	|........ ........ ........ ........| ok p=1
Q54:	|........ ........ ........ ........| ok p=1
Q55:	|........ ........ ........ ........| ok p=1
Q56:	|........ ........ ........ ........| ok p=1
Q57:	|........ ........ ........ ........| ok p=1
Q58:	|........ ........ ........ ........| ok p=1
Q59:	|........ ........ ........ ........| ok p=1
Q60:	|........ .....0.. ........ ........| ok p=1
Q61:	|........ .....0.. ........ ........| ok p=1
Q62:	|........ .....-.. ........ ........| ok p=1
Q63:	|........ .....-.. ........ ........| ok p=1
Q64:	|........ .....-.. ........ +.......|
Saving 100000 paths...done.
Autobalance parameters: maxcond=41
Verified: 0 bad out of 118123
Estimating maxcond for upper bound 400000 (=100000 * 4)...
t=23: 0%   10   20   30   40   50   60   70   80   90   100%
      |----|----|----|----|----|----|----|----|----|----|
e     ***************************************************
Found maxcond = 51
t=23: 0%   10   20   30   40   50   60   70   80   90   100%
      |----|----|----|----|----|----|----|----|----|----|
      ***************************************************
Q20:	|+.-..... ........ ........ ........|
Q21:	|.-...1.. ......0. ....1+.. .1......|
Q22:	|+....-.. ......1. ....-... .-......|
Q23:	|+^...... ......+. 0....^.. ....0...| ok p=0.871094
Q24:	|+....^.. ...0.... 1...^... .^..1...| ok p=0.72168
Q25:	|+....... ......^. +....... ....+...| ok p=0.982422
Q26:	|+....... ..0-.... .......0 ........| ok p=0.498047
Q27:	|1....... ..1-.... ^......1 ....^...| ok p=1
Q28:	|0....... ..-+.... .......- ........| ok p=0.999023
Q29:	|........ ...0.... .......0 ........| ok p=0.535156
Q30:	|........ ..^1.... .......+ ........| ok p=1
Q31:	|........ ........ .......+ ........| ok p=1
Q32:	|........ ........ ........ ........| ok p=1
Q33:	|........ ........ .......! ........| ok p=1
Q34:	|........ ........ ........ ........| ok p=1
Q35:	|........ ........ ........ ........| ok p=1
Q36:	|........ ........ ........ ........| ok p=1
Q37:	|........ ........ ........ ........| ok p=1
Q38:	|........ ........ ........ ........| ok p=1
Q39:	|........ ........ ........ ........| ok p=1
Q40:	|........ ........ ........ ........| ok p=1
Q41:	|........ ........ ........ ........| ok p=1
Q42:	|........ ........ ........ ........| ok p=1
Q43:	|........ ........ ........ ........| ok p=1
Q44:	|........ ........ ........ ........| ok p=1
Q45:	|........ ........ ........ ........| ok p=1
Q46:	|........ ........ ........ ........| ok p=1
Q47:	|........ ........ ........ ........| ok p=1
Q48:	|........ ........ ........ ........| ok p=1
Q49:	|........ ........ ........ ........| ok p=1
Q50:	|........ ........ ........ ........| ok p=1
Q51:	|........ ........ ........ ........| ok p=1
Q52:	|........ ........ ........ ........| ok p=1
Q53:	|........ ........ ........ ........| ok p=1
Q54:	|........ ........ ........ ........| ok p=1
Q55:	|........ ........ ........ ........| ok p=1
Q56:	|........ ........ ........ ........| ok p=1
Q57:	|........ ........ ........ ........| ok p=1
Q58:	|........ ........ ........ ........| ok p=1
Q59:	|........ ........ ........ ........| ok p=1
Q60:	|........ .....0.. ........ ........| ok p=1
Q61:	|........ .....0.. ........ ........| ok p=1
Q62:	|........ .....-.. ........ ........| ok p=1
Q63:	|........ .....-.. ........ ........| ok p=1
Q64:	|........ .....-.. ........ +.......|
Saving 100000 paths...done.
Autobalance parameters: maxcond=50
Verified: 0 bad out of 105950
Estimating maxcond for upper bound 400000 (=100000 * 4)...
t=22: 0%   10   20   30   40   50   60   70   80   90   100%
      |----|----|----|----|----|----|----|----|----|----|
e     ***************************************************
Found maxcond = 58
t=22: 0%   10   20   30   40   50   60   70   80   90   100%
      |----|----|----|----|----|----|----|----|----|----|
      ***************************************************
Q19:	|..+....+ ......-. ...+.... ....+...|
Q20:	|.1-..+.. ........ ....+1.. .0......|
Q21:	|0-...0.. ......0. ....0+.. .1......|
Q22:	|..^..-.. ......1. ....-... .-......| ok p=0.447266
Q23:	|-^...... ......+. 0....^.. ....0...| ok p=0.871094
Q24:	|-....^.. ...0.... 1...^... .^..1...| ok p=0.699219
Q25:	|+....... ......^. +....... ....+...| ok p=0.980469
Q26:	|+....... ..0-.... .......0 ........| ok p=0.496094
Q27:	|1....... ..1-.... ^......1 ....^...| ok p=1
Q28:	|0....... ..-+.... .......- ........| ok p=0.999023
Q29:	|........ ...0.... .......0 ........| ok p=0.527344
Q30:	|........ ..^1.... .......+ ........| ok p=1
Q31:	|........ ........ .......+ ........| ok p=1
Q32:	|........ ........ ........ ........| ok p=1
Q33:	|........ ........ .......! ........| ok p=1
Q34:	|........ ........ ........ ........| ok p=1
Q35:	|........ ........ ........ ........| ok p=1
Q36:	|........ ........ ........ ........| ok p=1
Q37:	|........ ........ ........ ........| ok p=1
Q38:	|........ ........ ........ ........| ok p=1
Q39:	|........ ........ ........ ........| ok p=1
Q40:	|........ ........ ........ ........| ok p=1
Q41:	|........ ........ ........ ........| ok p=1
Q42:	|........ ........ ........ ........| ok p=1
Q43:	|........ ........ ........ ........| ok p=1
Q44:	|........ ........ ........ ........| ok p=1
Q45:	|........ ........ ........ ........| ok p=1
Q46:	|........ ........ ........ ........| ok p=1
Q47:	|........ ........ ........ ........| ok p=1
Q48:	|........ ........ ........ ........| ok p=1
Q49:	|........ ........ ........ ........| ok p=1
Q50:	|........ ........ ........ ........| ok p=1
Q51:	|........ ........ ........ ........| ok p=1
Q52:	|........ ........ ........ ........| ok p=1
Q53:	|........ ........ ........ ........| ok p=1
Q54:	|........ ........ ........ ........| ok p=1
Q55:	|........ ........ ........ ........| ok p=1
Q56:	|........ ........ ........ ........| ok p=1
Q57:	|........ ........ ........ ........| ok p=1
Q58:	|........ ........ ........ ........| ok p=1
Q59:	|........ ........ ........ ........| ok p=1
Q60:	|........ .....0.. ........ ........| ok p=1
Q61:	|........ .....0.. ........ ........| ok p=1
Q62:	|........ .....-.. ........ ........| ok p=1
Q63:	|........ .....-.. ........ ........| ok p=1
Q64:	|........ .....-.. ........ +.......|
Saving 100000 paths...done.
Autobalance parameters: maxcond=57
Verified: 1678 bad out of 122693
Estimating maxcond for upper bound 400000 (=100000 * 4)...
t=21: 0%   10   20   30   40   50   60   70   80   90   100%
      |----|----|----|----|----|----|----|----|----|----|
e     ***************************************************
Found maxcond = 69
t=21: 0%   10   20   30   40   50   60   70   80   90   100%
      |----|----|----|----|----|----|----|----|----|----|
      ***************************************************
Q18:	|..+..... ..-...-. .....-.. ....-.+.|
Q19:	|..+....+ ........ ....++.. ....-...|
Q20:	|0-+..0.. ........ ....+0.. .0......|
Q21:	|.-0..1.^ ......0. ....0+.. .1..^...| ok p=0.59375
Q22:	|+0^..-.. ......1. ....-... .-......| ok p=0.859375
Q23:	|+1...... ......-. 0....^.. ....0...| ok p=0.892578
Q24:	|+....^.. ...0.... 1...^... .^..1...| ok p=0.728516
Q25:	|+....... ......^. +....... ....+...| ok p=0.987305
Q26:	|+....... ..0-.... .......0 ........| ok p=0.505859
Q27:	|1....... ..1-.... ^......1 ....^...| ok p=1
Q28:	|0....... ..-+.... .......- ........| ok p=1
Q29:	|........ ...0.... .......0 ........| ok p=0.515625
Q30:	|........ ..^1.... .......+ ........| ok p=1
Q31:	|........ ........ .......+ ........| ok p=0.999023
Q32:	|........ ........ ........ ........| ok p=1
Q33:	|........ ........ .......! ........| ok p=1
Q34:	|........ ........ ........ ........| ok p=1
Q35:	|........ ........ ........ ........| ok p=1
Q36:	|........ ........ ........ ........| ok p=1
Q37:	|........ ........ ........ ........| ok p=1
Q38:	|........ ........ ........ ........| ok p=1
Q39:	|........ ........ ........ ........| ok p=1
Q40:	|........ ........ ........ ........| ok p=1
Q41:	|........ ........ ........ ........| ok p=1
Q42:	|........ ........ ........ ........| ok p=1
Q43:	|........ ........ ........ ........| ok p=1
Q44:	|........ ........ ........ ........| ok p=1
Q45:	|........ ........ ........ ........| ok p=1
Q46:	|........ ........ ........ ........| ok p=1
Q47:	|........ ........ ........ ........| ok p=1
Q48:	|........ ........ ........ ........| ok p=1
Q49:	|........ ........ ........ ........| ok p=1
Q50:	|........ ........ ........ ........| ok p=1
Q51:	|........ ........ ........ ........| ok p=1
Q52:	|........ ........ ........ ........| ok p=1
Q53:	|........ ........ ........ ........| ok p=1
Q54:	|........ ........ ........ ........| ok p=1
Q55:	|........ ........ ........ ........| ok p=1
Q56:	|........ ........ ........ ........| ok p=1
Q57:	|........ ........ ........ ........| ok p=1
Q58:	|........ ........ ........ ........| ok p=1
Q59:	|........ ........ ........ ........| ok p=1
Q60:	|........ .....0.. ........ ........| ok p=1
Q61:	|........ .....0.. ........ ........| ok p=1
Q62:	|........ .....-.. ........ ........| ok p=1
Q63:	|........ .....-.. ........ ........| ok p=1
Q64:	|........ .....-.. ........ +.......|
Saving 100000 paths...done.
Autobalance parameters: maxcond=68
Verified: 0 bad out of 118556
Runtime: 20.3445
Extend MD5 differential paths backward
Copyright (C) 2009 Marc Stevens
http://homepages.cwi.nl/~stevens/

delta_m[11] = [!-8!]
Loading workdir1/paths21_0of1...done: 100000 (work:100000).
Estimating maxcond for upper bound 65536 (=16384 * 4)...
t=20: 0%   10   20   30   40   50   60   70   80   90   100%
      |----|----|----|----|----|----|----|----|----|----|
e     ***************************************************
Found maxcond = 78
t=20: 0%   10   20   30   40   50   60   70   80   90   100%
      |----|----|----|----|----|----|----|----|----|----|
      ***************************************************
Q17:	|..-..-.+ ........ ...-.+.. ..-.....|
Q18:	|.......1 ..+...-. .....-.. ....1.+.|
Q19:	|.1+....+ ......-. ....++.. ....-...|
Q20:	|.1+..0.. ..^...0. ....+0.. .0..0.^.| ok p=0.490234
Q21:	|0-1..1.^ ......0. ....0+.. .1..1...| ok p=0.694336
Q22:	|..^..-.. ......1. ....-... .-......| ok p=0.407227
Q23:	|+^...... ......-. 0....^.. ....0...| ok p=0.884766
Q24:	|+....^.. ...0.... 1...^... .^..1...| ok p=0.713867
Q25:	|-....... ......^. +....... ....+...| ok p=0.983398
Q26:	|-....... ..0-.... .......0 ........| ok p=0.487305
Q27:	|1....... ..1-.... ^......1 ....^...| ok p=1
Q28:	|0....... ..-+.... .......- ........| ok p=1
Q29:	|........ ...0.... .......0 ........| ok p=0.504883
Q30:	|........ ..^1.... .......+ ........| ok p=1
Q31:	|........ ........ .......+ ........| ok p=1
Q32:	|........ ........ ........ ........| ok p=1
Q33:	|........ ........ .......! ........| ok p=1
Q34:	|........ ........ ........ ........| ok p=1
Q35:	|........ ........ ........ ........| ok p=1
Q36:	|........ ........ ........ ........| ok p=1
Q37:	|........ ........ ........ ........| ok p=1
Q38:	|........ ........ ........ ........| ok p=1
Q39:	|........ ........ ........ ........| ok p=1
Q40:	|........ ........ ........ ........| ok p=1
Q41:	|........ ........ ........ ........| ok p=1
Q42:	|........ ........ ........ ........| ok p=1
Q43:	|........ ........ ........ ........| ok p=1
Q44:	|........ ........ ........ ........| ok p=1
Q45:	|........ ........ ........ ........| ok p=1
Q46:	|........ ........ ........ ........| ok p=1
Q47:	|........ ........ ........ ........| ok p=1
Q48:	|........ ........ ........ ........| ok p=1
Q49:	|........ ........ ........ ........| ok p=1
Q50:	|........ ........ ........ ........| ok p=1
Q51:	|........ ........ ........ ........| ok p=1
Q52:	|........ ........ ........ ........| ok p=1
Q53:	|........ ........ ........ ........| ok p=1
Q54:	|........ ........ ........ ........| ok p=1
Q55:	|........ ........ ........ ........| ok p=1
Q56:	|........ ........ ........ ........| ok p=1
Q57:	|........ ........ ........ ........| ok p=1
Q58:	|........ ........ ........ ........| ok p=1
Q59:	|........ ........ ........ ........| ok p=1
Q60:	|........ .....0.. ........ ........| ok p=1
Q61:	|........ .....0.. ........ ........| ok p=1
Q62:	|........ .....-.. ........ ........| ok p=1
Q63:	|........ .....-.. ........ ........| ok p=1
Q64:	|........ .....-.. ........ +.......|
Saving 16384 paths...done.
Autobalance parameters: maxcond=77
Verified: 0 bad out of 18860
Runtime: 3.72353
Extend MD5 differential paths backward
Copyright (C) 2009 Marc Stevens
http://homepages.cwi.nl/~stevens/

delta_m[11] = [!-8!]
Loading workdir1/paths20_0of1...done: 16384 (work:16384).
Estimating maxcond for upper bound 2000000 (=500000 * 4)...
t=19: 0%   10   20   30   40   50   60   70   80   90   100%
      |----|----|----|----|----|----|----|----|----|----|
e     ***************************************************
Found maxcond = 90
t=19: 0%   10   20   30   40   50   60   70   80   90   100%
      |----|----|----|----|----|----|----|----|----|----|
      ***************************************************
Q16:	|......-. +.....+. -...-... ...-....|
Q17:	|.......- ..1..... ....0-.. ....0.1.|
Q18:	|..+....1 ..+...-. .....1.. ....1.+.|
Q19:	|.1+....+ ......-. ....++.. ....+...| ok p=0.417969
Q20:	|.1-..0.. ..^...0. ....+-.. .0..1.^.| ok p=0.708008
Q21:	|0-1..1.^ ......0. ....0+.. .1..0...| ok p=0.674805
Q22:	|..^..-.. ......1. ....-0.. .-......| ok p=0.467773
Q23:	|-^...... ......+. 0....1.. ....0...| ok p=0.871094
Q24:	|-....^.. ...0.... 1...^... .^..1...| ok p=0.727539
Q25:	|+....... ......^. +....... ....+...| ok p=0.984375
Q26:	|+....... ..0-.... .......0 ........| ok p=0.515625
Q27:	|1....... ..1-.... ^......1 ....^...| ok p=1
Q28:	|0....... ..-+.... .......- ........| ok p=1
Q29:	|........ ...0.... .......0 ........| ok p=0.484375
Q30:	|........ ..^1.... .......+ ........| ok p=1
Q31:	|........ ........ .......+ ........| ok p=0.999023
Q32:	|........ ........ ........ ........| ok p=1
Q33:	|........ ........ .......! ........| ok p=1
Q34:	|........ ........ ........ ........| ok p=1
Q35:	|........ ........ ........ ........| ok p=1
Q36:	|........ ........ ........ ........| ok p=1
Q37:	|........ ........ ........ ........| ok p=1
Q38:	|........ ........ ........ ........| ok p=1
Q39:	|........ ........ ........ ........| ok p=1
Q40:	|........ ........ ........ ........| ok p=1
Q41:	|........ ........ ........ ........| ok p=1
Q42:	|........ ........ ........ ........| ok p=1
Q43:	|........ ........ ........ ........| ok p=1
Q44:	|........ ........ ........ ........| ok p=1
Q45:	|........ ........ ........ ........| ok p=1
Q46:	|........ ........ ........ ........| ok p=1
Q47:	|........ ........ ........ ........| ok p=1
Q48:	|........ ........ ........ ........| ok p=1
Q49:	|........ ........ ........ ........| ok p=1
Q50:	|........ ........ ........ ........| ok p=1
Q51:	|........ ........ ........ ........| ok p=1
Q52:	|........ ........ ........ ........| ok p=1
Q53:	|........ ........ ........ ........| ok p=1
Q54:	|........ ........ ........ ........| ok p=1
Q55:	|........ ........ ........ ........| ok p=1
Q56:	|........ ........ ........ ........| ok p=1
Q57:	|........ ........ ........ ........| ok p=1
Q58:	|........ ........ ........ ........| ok p=1
Q59:	|........ ........ ........ ........| ok p=1
Q60:	|........ .....0.. ........ ........| ok p=1
Q61:	|........ .....0.. ........ ........| ok p=1
Q62:	|........ .....-.. ........ ........| ok p=1
Q63:	|........ .....-.. ........ ........| ok p=1
Q64:	|........ .....-.. ........ +.......|
Saving 500000 paths...done.
Autobalance parameters: maxcond=89
Verified: 0 bad out of 824778
Estimating maxcond for upper bound 2000000 (=500000 * 4)...
t=18: 0%   10   20   30   40   50   60   70   80   90   100%
      |----|----|----|----|----|----|----|----|----|----|
e     ***************************************************
Found maxcond = 101
t=18: 0%   10   20   30   40   50   60   70   80   90   100%
      |----|----|----|----|----|----|----|----|----|----|
      ***************************************************
Q15:	|.+.-...+ .+..-.+. +..+.-.. +.+.-...|
Q16:	|..-....- -.-..... -...--.. ....-.-.|
Q17:	|..-....- ..0...-. ....--.. ....0.0.|
Q18:	|..0....1 ^.+...-. ^...10.. ....-.+.| ok p=0.652344
Q19:	|.0+....+ ......+. ....++.. ....+...| ok p=0.874023
Q20:	|.1-..0.. ..^...0. ....+-.. .0..1.^.| ok p=1
Q21:	|0-0..1.^ ......0. ....0+.. .1..^...| ok p=0.69043
Q22:	|..^..-.. ......1. ....-0.. .-......| ok p=0.395508
Q23:	|+^...... ......+. 0....1.. ....0...| ok p=0.892578
Q24:	|+....^.. ...0.... 1...^... .^..1...| ok p=0.716797
Q25:	|-....... ......^. +....... ....+...| ok p=0.982422
Q26:	|-....... ..0-.... .......0 ........| ok p=0.522461
Q27:	|1....... ..1-.... ^......1 ....^...| ok p=1
Q28:	|0....... ..-+.... .......- ........| ok p=1
Q29:	|........ ...0.... .......0 ........| ok p=0.498047
Q30:	|........ ..^1.... .......+ ........| ok p=1
Q31:	|........ ........ .......+ ........| ok p=0.999023
Q32:	|........ ........ ........ ........| ok p=1
Q33:	|........ ........ .......! ........| ok p=1
Q34:	|........ ........ ........ ........| ok p=1
Q35:	|........ ........ ........ ........| ok p=1
Q36:	|........ ........ ........ ........| ok p=1
Q37:	|........ ........ ........ ........| ok p=1
Q38:	|........ ........ ........ ........| ok p=1
Q39:	|........ ........ ........ ........| ok p=1
Q40:	|........ ........ ........ ........| ok p=1
Q41:	|........ ........ ........ ........| ok p=1
Q42:	|........ ........ ........ ........| ok p=1
Q43:	|........ ........ ........ ........| ok p=1
Q44:	|........ ........ ........ ........| ok p=1
Q45:	|........ ........ ........ ........| ok p=1
Q46:	|........ ........ ........ ........| ok p=1
Q47:	|........ ........ ........ ........| ok p=1
Q48:	|........ ........ ........ ........| ok p=1
Q49:	|........ ........ ........ ........| ok p=1
Q50:	|........ ........ ........ ........| ok p=1
Q51:	|........ ........ ........ ........| ok p=1
Q52:	|........ ........ ........ ........| ok p=1
Q53:	|........ ........ ........ ........| ok p=1
Q54:	|........ ........ ........ ........| ok p=1
Q55:	|........ ........ ........ ........| ok p=1
Q56:	|........ ........ ........ ........| ok p=1
Q57:	|........ ........ ........ ........| ok p=1
Q58:	|........ ........ ........ ........| ok p=1
Q59:	|........ ........ ........ ........| ok p=1
Q60:	|........ .....0.. ........ ........| ok p=1
Q61:	|........ .....0.. ........ ........| ok p=1
Q62:	|........ .....-.. ........ ........| ok p=1
Q63:	|........ .....-.. ........ ........| ok p=0.999023
Q64:	|........ .....-.. ........ +.......|
Saving 500000 paths...done.
Autobalance parameters: maxcond=100
Verified: 0 bad out of 836441
Estimating maxcond for upper bound 2000000 (=500000 * 4)...
t=17: 0%   10   20   30   40   50   60   70   80   90   100%
      |----|----|----|----|----|----|----|----|----|----|
e     ***************************************************
Found maxcond = 114
t=17: 0%   10   20   30   40   50   60   70   80   90   100%
      |----|----|----|----|----|----|----|----|----|----|
      ***************************************************
Q14:	|...+...+ ...+..-. ...+...- ..+..-..|
Q15:	|..+..... .1..-.-. 1....0.. +...-...|
Q16:	|..-..... .-1...+. -....0.. ..-.+.0.|
Q17:	|..1....0 ..1.^.+. ....1+.. ^.-.1.1.| ok p=0.792969
Q18:	|.0+....0 .^+...1. ^....-.. ..0.1.+.| ok p=0.75293
Q19:	|..+....+ ......-. ....++.. ..^.+...| ok p=0.460938
Q20:	|.--..0.. ..^...-. ....+0.. .0..1.^.| ok p=0.826172
Q21:	|1-1..1.^ ......1. ....0+.. .1..0...| ok p=0.706055
Q22:	|.0^..-.. ......1. ....-... .-......| ok p=0.441406
Q23:	|+1...... ......+. 0....^.. ....0...| ok p=0.874023
Q24:	|+....^.. ...0.... 1...^... .^..1...| ok p=0.727539
Q25:	|-....... ......^. +....... ....+...| ok p=0.980469
Q26:	|-....... ..0-.... .......0 ........| ok p=0.5
Q27:	|1....... ..1-.... ^......1 ....^...| ok p=1
Q28:	|0....... ..-+.... .......- ........| ok p=0.999023
Q29:	|........ ...0.... .......0 ........| ok p=0.523438
Q30:	|........ ..^1.... .......+ ........| ok p=1
Q31:	|........ ........ .......+ ........| ok p=1
Q32:	|........ ........ ........ ........| ok p=1
Q33:	|........ ........ .......! ........| ok p=1
Q34:	|........ ........ ........ ........| ok p=1
Q35:	|........ ........ ........ ........| ok p=1
Q36:	|........ ........ ........ ........| ok p=1
Q37:	|........ ........ ........ ........| ok p=1
Q38:	|........ ........ ........ ........| ok p=1
Q39:	|........ ........ ........ ........| ok p=1
Q40:	|........ ........ ........ ........| ok p=1
Q41:	|........ ........ ........ ........| ok p=1
Q42:	|........ ........ ........ ........| ok p=1
Q43:	|........ ........ ........ ........| ok p=1
Q44:	|........ ........ ........ ........| ok p=1
Q45:	|........ ........ ........ ........| ok p=1
Q46:	|........ ........ ........ ........| ok p=1
Q47:	|........ ........ ........ ........| ok p=1
Q48:	|........ ........ ........ ........| ok p=1
Q49:	|........ ........ ........ ........| ok p=1
Q50:	|........ ........ ........ ........| ok p=1
Q51:	|........ ........ ........ ........| ok p=1
Q52:	|........ ........ ........ ........| ok p=1
Q53:	|........ ........ ........ ........| ok p=1
Q54:	|........ ........ ........ ........| ok p=1
Q55:	|........ ........ ........ ........| ok p=1
Q56:	|........ ........ ........ ........| ok p=1
Q57:	|........ ........ ........ ........| ok p=1
Q58:	|........ ........ ........ ........| ok p=1
Q59:	|........ ........ ........ ........| ok p=1
Q60:	|........ .....0.. ........ ........| ok p=1
Q61:	|........ .....0.. ........ ........| ok p=1
Q62:	|........ .....-.. ........ ........| ok p=1
Q63:	|........ .....-.. ........ ........| ok p=0.999023
Q64:	|........ .....-.. ........ +.......|
Saving 500000 paths...done.
Autobalance parameters: maxcond=113
Verified: 0 bad out of 832898
Estimating maxcond for upper bound 2000000 (=500000 * 4)...
t=16: 0%   10   20   30   40   50   60   70   80   90   100%
      |----|----|----|----|----|----|----|----|----|----|
e     ***************************************************
Found maxcond = 129
t=16: 0%   10   20   30   40   50   60   70   80   90   100%
      |----|----|----|----|----|----|----|----|----|----|
      ***************************************************
Q13:	|.+...... ...-.... -....-.. ....-..+|
Q14:	|.10+...0 ....+..+ ...+.1.. 1...0...|
Q15:	|.+...1.1 ....-... +....+.. +.0.+...|
Q16:	|..-^.1.- ..0.1..^ +..^.... ..1.-.0.| ok p=0.855469
Q17:	|.^-..-.+ ..1.0.0. 1..0.^.. ^.+.1.1.| ok p=0.792969
Q18:	|..0....1 ..+...1. ^..1.... ....-.+.| ok p=0.745117
Q19:	|.1+..^.+ ......+. ...+.0.. ..^.-...| ok p=0.875
Q20:	|.1+..0.. ..^...1. ....01.. .0..0.^.| ok p=0.507812
Q21:	|0-1..1.^ ......0. ...^1+.. .1..^...| ok p=0.686523
Q22:	|..^..-.. ......1. ....-... .-......| ok p=0.412109
Q23:	|+^...... ......-. 0....^.. ....0...| ok p=0.873047
Q24:	|+....^.. ...0.... 1...^... .^..1...| ok p=0.713867
Q25:	|-....... ......^. +....... ....+...| ok p=0.986328
Q26:	|-....... ..0-.... .......0 ........| ok p=0.485352
Q27:	|1....... ..1-.... ^......1 ....^...| ok p=1
Q28:	|0....... ..-+.... .......- ........| ok p=0.999023
Q29:	|........ ...0.... .......0 ........| ok p=0.514648
Q30:	|........ ..^1.... .......+ ........| ok p=1
Q31:	|........ ........ .......+ ........| ok p=0.999023
Q32:	|........ ........ ........ ........| ok p=1
Q33:	|........ ........ .......! ........| ok p=1
Q34:	|........ ........ ........ ........| ok p=1
Q35:	|........ ........ ........ ........| ok p=1
Q36:	|........ ........ ........ ........| ok p=1
Q37:	|........ ........ ........ ........| ok p=1
Q38:	|........ ........ ........ ........| ok p=1
Q39:	|........ ........ ........ ........| ok p=1
Q40:	|........ ........ ........ ........| ok p=1
Q41:	|........ ........ ........ ........| ok p=1
Q42:	|........ ........ ........ ........| ok p=1
Q43:	|........ ........ ........ ........| ok p=1
Q44:	|........ ........ ........ ........| ok p=1
Q45:	|........ ........ ........ ........| ok p=1
Q46:	|........ ........ ........ ........| ok p=1
Q47:	|........ ........ ........ ........| ok p=1
Q48:	|........ ........ ........ ........| ok p=1
Q49:	|........ ........ ........ ........| ok p=1
Q50:	|........ ........ ........ ........| ok p=1
Q51:	|........ ........ ........ ........| ok p=1
Q52:	|........ ........ ........ ........| ok p=1
Q53:	|........ ........ ........ ........| ok p=1
Q54:	|........ ........ ........ ........| ok p=1
Q55:	|........ ........ ........ ........| ok p=1
Q56:	|........ ........ ........ ........| ok p=1
Q57:	|........ ........ ........ ........| ok p=1
Q58:	|........ ........ ........ ........| ok p=1
Q59:	|........ ........ ........ ........| ok p=1
Q60:	|........ .....0.. ........ ........| ok p=1
Q61:	|........ .....0.. ........ ........| ok p=0.999023
Q62:	|........ .....-.. ........ ........| ok p=1
Q63:	|........ .....-.. ........ ........| ok p=1
Q64:	|........ .....-.. ........ +.......|
Saving 500000 paths...done.
Autobalance parameters: maxcond=127
Verified: 416 bad out of 949961
Runtime: 79.8983
