Connect MD5 differential paths
Copyright (C) 2009 Marc Stevens
http://homepages.cwi.nl/~stevens/

delta_m[11] = [!-8!]
Loading workdir1/paths16_0of1.bin.gz...done: 500000.
Loading workdir1/paths11_0of1.bin.gz...done: 500000.
t=12: 0%   10   20   30   40   50   60   70   80   90   100%
      |----|----|----|----|----|----|----|----|----|----|
      *Q-3:	|11111111 01101010 11010110 11000001|
Q-2:	|00+01-11 -0101+1+ 0+11110+ 1111010-|
Q-1:	|11+-++10 -111+0-- 1+0110+- 1001010-|
Q0:	|0011-0++ 0+11--+- -+1-1011 +1-01+++| ok p=0.491211
Q1:	|.++10010 00.+1++- 0+.1..10 0.1-.110| ok p=0.665039
Q2:	|.1+.+.0- .00+0+.0 +1.0..1. +.11.001| ok p=1
Q3:	|.0.1+..+ ..0.1.10 --.-..-. 1..0.-..| ok p=1
Q4:	|!+001..0 ..-0-0.. 11.0..0. 0..-.-..| ok p=1
Q5:	|!-1+0..1 ..+.-... 1+.1..-. ..!+...^| ok p=1
Q6:	|!1+1-..1 ..+.1... .1...!1. ...0.1.+| ok p=1
Q7:	|.01-0..1 ..1.-... .0....+. 0.1-...0| ok p=1
Q8:	|..-+1..- ..0.1... ...1..-. 0.11...0| ok p=1
Q9:	|..00+..- ..+.1... ...0..-. +!-1....| ok p=1
Q10:	|0.1+-.1- .0+010.1 001+0.00 -.-10.01| ok p=1
Q11:	|1^0--^0- ^1101110 11011^-0 -11+1^01| ok p=1
Q12:	|---0.-+0 ++++++0- ++----0+ +0+1---+| ok p=1
Q13:	|+0-110+1 010---+1 0++++10+ 0+++-0+-| ok p=1
Q14:	|111-.1.+ 1001110+ +.0+011. 01.10110| ok p=1
Q15:	|10+0.101 ...1-100 01010+10 +000+.00| ok p=0.649414
Q16:	|..-0.1.- ..0....1 +..1..+. ..1.-.0.| ok p=0.804688
Q17:	|..1..-.0 ..1.^.0. ...0.^.. ^.+.1.1.| ok p=0.907227
Q18:	|..0....0 ..+...1. ^..1..^. ....-.+.| ok p=0.8125
Q19:	|.10..^.+ ......+. ...+.0.. ..^.-...| ok p=0.636719
Q20:	|.1+..0.. ..^...1. ....01.. .0..0.^.| ok p=0.695312
Q21:	|0-0..1.^ ......0. ...^1+.. .1..0...| ok p=0.632812
Q22:	|..1..-.. ......1. ....-... .-......| ok p=0.378906
Q23:	|+^...... ......-. 0....^.. ....0...| ok p=0.878906
Q24:	|+....^.. ...0.... 1...^... .^..1...| ok p=0.744141
Q25:	|-....... ......^. +....... ....+...| ok p=0.989258
Q26:	|-....... ..0-.... .......0 ........| ok p=0.512695
Q27:	|1....... ..1-.... ^......1 ....^...| ok p=1
Q28:	|0....... ..-+.... .......- ........| ok p=1
Q29:	|........ ...0.... .......0 ........| ok p=0.46582
Q30:	|........ ..^1.... .......+ ........| ok p=1
Q31:	|........ ........ .......+ ........| ok p=0.999023
Q32:	|........ ........ ........ ........| ok p=1
Q33:	|........ ........ .......! ........| ok p=1
Q34:	|........ ........ ........ ........| ok p=1
Q35:	|........ ........ ........ ........| ok p=1
Q36:	|........ ........ ........ ........| ok p=1
Q37:	|........ ........ ........ ........| ok p=1
Q38:	|........ ........ ........ ........| ok p=1
Q39:	|........ ........ ........ ........| ok p=1
Q40:	|........ ........ ........ ........| ok p=1
Q41:	|........ ........ ........ ........| ok p=1
Q42:	|........ ........ ........ ........| ok p=1
Q43:	|........ ........ ........ ........| ok p=1
Q44:	|........ ........ ........ ........| ok p=1
Q45:	|........ ........ ........ ........| ok p=1
Q46:	|........ ........ ........ ........| ok p=1
Q47:	|........ ........ ........ ........| ok p=1
Q48:	|........ ........ ........ ........| ok p=1
Q49:	|........ ........ ........ ........| ok p=1
Q50:	|........ ........ ........ ........| ok p=1
Q51:	|........ ........ ........ ........| ok p=1
Q52:	|........ ........ ........ ........| ok p=1
Q53:	|........ ........ ........ ........| ok p=1
Q54:	|........ ........ ........ ........| ok p=1
Q55:	|........ ........ ........ ........| ok p=1
Q56:	|........ ........ ........ ........| ok p=1
Q57:	|........ ........ ........ ........| ok p=1
Q58:	|........ ........ ........ ........| ok p=1
Q59:	|........ ........ ........ ........| ok p=1
Q60:	|........ .....0.. ........ ........| ok p=1
Q61:	|........ .....0.. ........ ........| ok p=1
Q62:	|........ .....-.. ........ ........| ok p=1
Q63:	|........ .....-.. ........ ........| ok p=1
Q64:	|........ .....-.. ........ +.......|
Best path: totcompl=-27 tottunnel=31, totcond=558, p=0.00223957
Best paths: 2
Best paths: 4
Q-3:	|11111111 01101010 11010110 11000001|
Q-2:	|00+01-11 -0101+1+ 0+11110+ 1111010-|
Q-1:	|11+-++10 -111+0-- 1+0110+- 1001010-|
Q0:	|0011-0++ 0+11--+- -+1-1011 +1-01+++| ok p=0.489258
Q1:	|.++10010 00.+1++- 0+.1..10 0.1-.110| ok p=0.68457
Q2:	|.1+.+.0- .00+0+.0 +1.0..1. +.11.001| ok p=1
Q3:	|.0.1+..+ ..0.1.10 --.-..-. 1..0.-..| ok p=1
Q4:	|!+001..0 ..-0-0.. 11.0..0. 0..-.-..| ok p=1
Q5:	|!-0+0..1 ..+.-... 1+.1..-. .!.+...^| ok p=1
Q6:	|.1+-+..1 ..+.1... 11..!.1. ...0.1.+| ok p=1
Q7:	|.01-0..1 ..1.-... -0....+. ...-...0| ok p=1
Q8:	|..0-1..- ..0.1..1 -.....-. ...1...1| ok p=1
Q9:	|.!.+-..- ..+.1..0 -..^.1-. .!1-....| ok p=1
Q10:	|0.01101- 11+111.- -01+11-1 1.1-.1.0| ok p=1
Q11:	|1001110- 000011.- -1011-10 1.+0.010| ok p=1
Q12:	|+1++++-0 ++++++^- -------+ +.+1.+0-| ok p=1
Q13:	|0+++---1 010---++ +-+++0+1 -!-+0---| ok p=1
Q14:	|101-00.+ 1001111+ +.0+0110 0.10010.| ok p=1
Q15:	|00+00101 ...1-101 010.0+1. +.01+000| ok p=0.619141
Q16:	|..-0.1.- ..0....1 +..^..+. ..1.-.0.| ok p=0.808594
Q17:	|..1..-.0 ..1.^.0. ...0.^.. ^.+.1.1.| ok p=0.936523
Q18:	|..0....0 ..+...1. ^..1..^. ....-.+.| ok p=0.804688
Q19:	|.10..^.+ ......+. ...+.0.. ..^.-...| ok p=0.636719
Q20:	|.1+..0.. ..^...1. ....01.. .0..0.^.| ok p=0.694336
Q21:	|0-0..1.^ ......0. ...^1+.. .1..0...| ok p=0.62793
Q22:	|..1..-.. ......1. ....-... .-......| ok p=0.394531
Q23:	|+^...... ......-. 0....^.. ....0...| ok p=0.861328
Q24:	|+....^.. ...0.... 1...^... .^..1...| ok p=0.705078
Q25:	|-....... ......^. +....... ....+...| ok p=0.987305
Q26:	|-....... ..0-.... .......0 ........| ok p=0.498047
Q27:	|1....... ..1-.... ^......1 ....^...| ok p=1
Q28:	|0....... ..-+.... .......- ........| ok p=1
Q29:	|........ ...0.... .......0 ........| ok p=0.473633
Q30:	|........ ..^1.... .......+ ........| ok p=1
Q31:	|........ ........ .......+ ........| ok p=0.999023
Q32:	|........ ........ ........ ........| ok p=1
Q33:	|........ ........ .......! ........| ok p=1
Q34:	|........ ........ ........ ........| ok p=1
Q35:	|........ ........ ........ ........| ok p=1
Q36:	|........ ........ ........ ........| ok p=1
Q37:	|........ ........ ........ ........| ok p=1
Q38:	|........ ........ ........ ........| ok p=1
Q39:	|........ ........ ........ ........| ok p=1
Q40:	|........ ........ ........ ........| ok p=1
Q41:	|........ ........ ........ ........| ok p=1
Q42:	|........ ........ ........ ........| ok p=1
Q43:	|........ ........ ........ ........| ok p=1
Q44:	|........ ........ ........ ........| ok p=1
Q45:	|........ ........ ........ ........| ok p=1
Q46:	|........ ........ ........ ........| ok p=1
Q47:	|........ ........ ........ ........| ok p=1
Q48:	|........ ........ ........ ........| ok p=1
Q49:	|........ ........ ........ ........| ok p=1
Q50:	|........ ........ ........ ........| ok p=1
Q51:	|........ ........ ........ ........| ok p=1
Q52:	|........ ........ ........ ........| ok p=1
Q53:	|........ ........ ........ ........| ok p=1
Q54:	|........ ........ ........ ........| ok p=1
Q55:	|........ ........ ........ ........| ok p=1
Q56:	|........ ........ ........ ........| ok p=1
Q57:	|........ ........ ........ ........| ok p=1
Q58:	|........ ........ ........ ........| ok p=1
Q59:	|........ ........ ........ ........| ok p=1
Q60:	|........ .....0.. ........ ........| ok p=1
Q61:	|........ .....0.. ........ ........| ok p=1
Q62:	|........ .....-.. ........ ........| ok p=1
Q63:	|........ .....-.. ........ ........| ok p=1
Q64:	|........ .....-.. ........ +.......|
Best path: totcompl=-27 tottunnel=31, totcond=556, p=0.00255022
Best paths: 2
Q-3:	|11111111 01101010 11010110 11000001|
Q-2:	|00+01-11 -0101+1+ 0+11110+ 1111010-|
Q-1:	|11+-++10 -111+0-- 1+0110+- 1001010-|
Q0:	|0011-0++ 0+11--+- -+1-1011 +1-01+++| ok p=0.514648
Q1:	|.++10010 00.+1++- 0+.1..10 0.1-.110| ok p=0.686523
Q2:	|.1+.+.0- .00+0+.0 +1.0..1. +.11.001| ok p=1
Q3:	|.0.1+..+ ..0.1.10 --.-..-. 1..0.-..| ok p=1
Q4:	|!+001..0 ..-0-0.. 11.0..0. 0..-.-..| ok p=1
Q5:	|!-1+0..1 ..+.-... 1+.1..-. ..!+...^| ok p=1
Q6:	|!1+1-..1 ..+.1... .1..!.1. ...0.1.+| ok p=1
Q7:	|.10-0..1 ..0.-... .0....+. ...-...0| ok p=1
Q8:	|..0-1..- ..1.+... ...0.0-. ...1^1.1| ok p=1
Q9:	|...0-..- ..+.+... ...0.1-. ..!1-1..| ok p=1
Q10:	|10.1-00- 11+1+1.. 0.0+1-+. ..101-00| ok p=1
Q11:	|111-011- 0000-0^1 0!0-0-0. .^011-11| ok p=1
Q12:	|-+0--++0 ++++0-+0 -^-++.0^ ^-+++.++| ok p=1
Q13:	|1++0111+ 010--01- +-+0+0++ +0+-+01+| ok p=1
Q14:	|111+010+ 1010+0+1 010+0111 10-00.0.| ok p=1
Q15:	|.+01.1.1 ...1-.10 +0101+01 0++1+..0| ok p=0.567383
Q16:	|..-1.1.- ..0.1.1. +..1.... ..0.-.0.| ok p=0.841797
Q17:	|.^-..-.0 ..1.0.0. 0..0.^.. .^+.1.1.| ok p=0.796875
Q18:	|..0....0 ..+...1. 0..1.... ....-.+.| ok p=0.708984
Q19:	|.1+..^.+ ......+. ...+.0.. ..^.-...| ok p=0.857422
Q20:	|.1+..0.. ..^...1. ....01.. .0..0.^.| ok p=0.513672
Q21:	|0-1..1.^ ......0. ...^1+.. .1..0...| ok p=0.658203
Q22:	|..1..-.. ......1. ....-... .-......| ok p=0.416992
Q23:	|-^...... ......-. 0....^.. ....0...| ok p=0.880859
Q24:	|-....^.. ...0.... 1...^... .^..1...| ok p=0.728516
Q25:	|+....... ......^. +....... ....+...| ok p=0.986328
Q26:	|+....... ..0-.... .......0 ........| ok p=0.498047
Q27:	|1....... ..1-.... ^......1 ....^...| ok p=1
Q28:	|0....... ..-+.... .......- ........| ok p=1
Q29:	|........ ...0.... .......0 ........| ok p=0.495117
Q30:	|........ ..^1.... .......+ ........| ok p=1
Q31:	|........ ........ .......+ ........| ok p=0.998047
Q32:	|........ ........ ........ ........| ok p=1
Q33:	|........ ........ .......! ........| ok p=1
Q34:	|........ ........ ........ ........| ok p=1
Q35:	|........ ........ ........ ........| ok p=1
Q36:	|........ ........ ........ ........| ok p=1
Q37:	|........ ........ ........ ........| ok p=1
Q38:	|........ ........ ........ ........| ok p=1
Q39:	|........ ........ ........ ........| ok p=1
Q40:	|........ ........ ........ ........| ok p=1
Q41:	|........ ........ ........ ........| ok p=1
Q42:	|........ ........ ........ ........| ok p=1
Q43:	|........ ........ ........ ........| ok p=1
Q44:	|........ ........ ........ ........| ok p=1
Q45:	|........ ........ ........ ........| ok p=1
Q46:	|........ ........ ........ ........| ok p=1
Q47:	|........ ........ ........ ........| ok p=1
Q48:	|........ ........ ........ ........| ok p=1
Q49:	|........ ........ ........ ........| ok p=1
Q50:	|........ ........ ........ ........| ok p=1
Q51:	|........ ........ ........ ........| ok p=1
Q52:	|........ ........ ........ ........| ok p=1
Q53:	|........ ........ ........ ........| ok p=1
Q54:	|........ ........ ........ ........| ok p=1
Q55:	|........ ........ ........ ........| ok p=1
Q56:	|........ ........ ........ ........| ok p=1
Q57:	|........ ........ ........ ........| ok p=1
Q58:	|........ ........ ........ ........| ok p=1
Q59:	|........ ........ ........ ........| ok p=1
Q60:	|........ .....0.. ........ ........| ok p=1
Q61:	|........ .....0.. ........ ........| ok p=1
Q62:	|........ .....-.. ........ ........| ok p=1
Q63:	|........ .....-.. ........ ........| ok p=1
Q64:	|........ .....-.. ........ +.......|
Best path: totcompl=-27 tottunnel=31, totcond=554, p=0.00150168
Best paths: 2
Q-3:	|11111111 01101010 11010110 11000001|
Q-2:	|00+01-11 -0101+1+ 0+11110+ 1111010-|
Q-1:	|11+-++10 -111+0-- 1+0110+- 1001010-|
Q0:	|0011-0++ 0+11--+- -+1-1011 +1-01+++| ok p=0.487305
Q1:	|.++10010 00.+1++- 0+.1..10 0.1-.110| ok p=0.696289
Q2:	|.1+.+.0- .00+0+.0 +1.0..1. +.11.001| ok p=1
Q3:	|.0.1+..+ ..0.1.10 --.-..-. 1..0.-..| ok p=1
Q4:	|!+001..0 ..-0-0.. 11.0..0. 0..-.-..| ok p=1
Q5:	|!-1+0..1 ..+.-... 1+.1..-. .!.+...^| ok p=1
Q6:	|!1+1-..1 ..+.1... .1..!.1. ...0.1.+| ok p=1
Q7:	|.01-0..1 ..1.-... .0....+. 0.1-...0| ok p=1
Q8:	|..-+1..- ..0.1... ......-. 0.11...0| ok p=1
Q9:	|..0+-..- ..+.1... ...^..-. +!-1....| ok p=1
Q10:	|.11.+10- ..+..01. 011+0.00 -1-011.0| ok p=1
Q11:	|1011+11- .00.110^ 00011^-0 -1+-0100| ok p=1
Q12:	|0+01.+-+ ^10^0--+ ++----1+ ++-0--1-| ok p=1
Q13:	|--+01+-1 -+++--+1 --+++10+ 0+++++--| ok p=1
Q14:	|011-...+ 01011.+0 110+011. 0.10110.| ok p=1
Q15:	|10+0.101 1111-101 110.0+10 +001+000| ok p=0.748047
Q16:	|..-0.1.- ..0...1. +..^..+. ..1.-.0.| ok p=0.811523
Q17:	|..1..-.0 ..1.^.0. ...0.^.. ^.+.1.1.| ok p=0.929688
Q18:	|..0....0 ..+...1. ^..1..^. ....-.+.| ok p=0.829102
Q19:	|.10..^.+ ......+. ...+.0.. ..^.-...| ok p=0.646484
Q20:	|.1+..0.. ..^...1. ....01.. .0..0.^.| ok p=0.681641
Q21:	|0-0..1.^ ......0. ...^1+.. .1..0...| ok p=0.619141
Q22:	|..1..-.. ......1. ....-... .-......| ok p=0.388672
Q23:	|+^...... ......-. 0....^.. ....0...| ok p=0.883789
Q24:	|+....^.. ...0.... 1...^... .^..1...| ok p=0.720703
Q25:	|-....... ......^. +....... ....+...| ok p=0.994141
Q26:	|-....... ..0-.... .......0 ........| ok p=0.498047
Q27:	|1....... ..1-.... ^......1 ....^...| ok p=1
Q28:	|0....... ..-+.... .......- ........| ok p=0.999023
Q29:	|........ ...0.... .......0 ........| ok p=0.504883
Q30:	|........ ..^1.... .......+ ........| ok p=1
Q31:	|........ ........ .......+ ........| ok p=1
Q32:	|........ ........ ........ ........| ok p=1
Q33:	|........ ........ .......! ........| ok p=1
Q34:	|........ ........ ........ ........| ok p=1
Q35:	|........ ........ ........ ........| ok p=1
Q36:	|........ ........ ........ ........| ok p=1
Q37:	|........ ........ ........ ........| ok p=1
Q38:	|........ ........ ........ ........| ok p=1
Q39:	|........ ........ ........ ........| ok p=1
Q40:	|........ ........ ........ ........| ok p=1
Q41:	|........ ........ ........ ........| ok p=1
Q42:	|........ ........ ........ ........| ok p=1
Q43:	|........ ........ ........ ........| ok p=1
Q44:	|........ ........ ........ ........| ok p=1
Q45:	|........ ........ ........ ........| ok p=1
Q46:	|........ ........ ........ ........| ok p=1
Q47:	|........ ........ ........ ........| ok p=1
Q48:	|........ ........ ........ ........| ok p=1
Q49:	|........ ........ ........ ........| ok p=1
Q50:	|........ ........ ........ ........| ok p=1
Q51:	|........ ........ ........ ........| ok p=1
Q52:	|........ ........ ........ ........| ok p=1
Q53:	|........ ........ ........ ........| ok p=1
Q54:	|........ ........ ........ ........| ok p=1
Q55:	|........ ........ ........ ........| ok p=1
Q56:	|........ ........ ........ ........| ok p=1
Q57:	|........ ........ ........ ........| ok p=1
Q58:	|........ ........ ........ ........| ok p=1
Q59:	|........ ........ ........ ........| ok p=1
Q60:	|........ .....0.. ........ ........| ok p=1
Q61:	|........ .....0.. ........ ........| ok p=1
Q62:	|........ .....-.. ........ ........| ok p=1
Q63:	|........ .....-.. ........ ........| ok p=1
Q64:	|........ .....-.. ........ +.......|
Best path: totcompl=-25 tottunnel=33, totcond=554, p=0.00257452
Best paths: 2
Q-3:	|11111111 01101010 11010110 11000001|
Q-2:	|00+01-11 -0101+1+ 0+11110+ 1111010-|
Q-1:	|11+-++10 -111+0-- 1+0110+- 1001010-|
Q0:	|0011-0++ 0+11--+- -+1-1011 +1-01+++| ok p=0.49707
Q1:	|.++10010 00.+1++- 0+.1..10 0.1-.110| ok p=0.682617
Q2:	|.1+.+.0- .00+0+.0 +1.0..1. +.11.001| ok p=1
Q3:	|.0.1+..+ ..0.1.10 --.-..-. 1..0.-..| ok p=1
Q4:	|!+001..0 ..-0-0.. 11.0..0. 0..-.-..| ok p=1
Q5:	|!-1+0..1 ..+.-... 1+.1..-. .!.+...^| ok p=1
Q6:	|!1+1-..1 ..+.0... .1...!1. ...0.1.+| ok p=1
Q7:	|.01-0..1 ..0.-... .0....+. ...-1..0| ok p=1
Q8:	|..0-1..- .^1.1... ...1..1. ..011..1| ok p=1
Q9:	|.!..-..- .+-.1... ...1..1. 1.11-...| ok p=1
Q10:	|...1-^.- .0+11... 010+0.00 1110-0..| ok p=1
Q11:	|1^000-1- .10011.^ 101-1^-0 -0+0+111| ok p=1
Q12:	|0+0-+10+ 111-+0.+ +-+1+-1+ ++-+1-00| ok p=1
Q13:	|-1-0---- 0+++--.0 01+-00++ ++-+-0+-| ok p=1
Q14:	|10+-00-1 -101-0.0 +111011- 0.1.11-0| ok p=1
Q15:	|1.+101.0 01+0-00. 0.10.010 +0+01.01| ok p=0.387695
Q16:	|..-1..^. -.+.0.1. -....0.0 ..0.-.-.| ok p=0.561523
Q17:	|..1....0 ..+.1.+. ....1+.. ^.-.0.0.| ok p=0.828125
Q18:	|.0+....0 ^.+...0. ^....-.. ....-.+.| ok p=0.755859
Q19:	|..+....+ ..1...-. ....++.. ..^.+...| ok p=0.463867
Q20:	|.--..0.. ..0...-. ....+0.. .0..1.^.| ok p=0.813477
Q21:	|1-1..1.^ ......1. ....0+.. .1..1...| ok p=0.759766
Q22:	|.01..-.. ......1. ....-... .-......| ok p=0.425781
Q23:	|+1...... ......+. 0....^.. ....0...| ok p=0.876953
Q24:	|+....^.. ...0.... 1...^... .^..1...| ok p=0.717773
Q25:	|-....... ......^. +....... ....+...| ok p=0.988281
Q26:	|-....... ..0-.... .......0 ........| ok p=0.494141
Q27:	|1....... ..1-.... ^......1 ....^...| ok p=1
Q28:	|0....... ..-+.... .......- ........| ok p=1
Q29:	|........ ...0.... .......0 ........| ok p=0.503906
Q30:	|........ ..^1.... .......+ ........| ok p=1
Q31:	|........ ........ .......+ ........| ok p=1
Q32:	|........ ........ ........ ........| ok p=1
Q33:	|........ ........ .......! ........| ok p=1
Q34:	|........ ........ ........ ........| ok p=1
Q35:	|........ ........ ........ ........| ok p=1
Q36:	|........ ........ ........ ........| ok p=1
Q37:	|........ ........ ........ ........| ok p=1
Q38:	|........ ........ ........ ........| ok p=1
Q39:	|........ ........ ........ ........| ok p=1
Q40:	|........ ........ ........ ........| ok p=1
Q41:	|........ ........ ........ ........| ok p=1
Q42:	|........ ........ ........ ........| ok p=1
Q43:	|........ ........ ........ ........| ok p=1
Q44:	|........ ........ ........ ........| ok p=1
Q45:	|........ ........ ........ ........| ok p=1
Q46:	|........ ........ ........ ........| ok p=1
Q47:	|........ ........ ........ ........| ok p=1
Q48:	|........ ........ ........ ........| ok p=1
Q49:	|........ ........ ........ ........| ok p=1
Q50:	|........ ........ ........ ........| ok p=1
Q51:	|........ ........ ........ ........| ok p=1
Q52:	|........ ........ ........ ........| ok p=1
Q53:	|........ ........ ........ ........| ok p=1
Q54:	|........ ........ ........ ........| ok p=1
Q55:	|........ ........ ........ ........| ok p=1
Q56:	|........ ........ ........ ........| ok p=1
Q57:	|........ ........ ........ ........| ok p=1
Q58:	|........ ........ ........ ........| ok p=1
Q59:	|........ ........ ........ ........| ok p=1
Q60:	|........ .....0.. ........ ........| ok p=1
Q61:	|........ .....0.. ........ ........| ok p=1
Q62:	|........ .....-.. ........ ........| ok p=1
Q63:	|........ .....-.. ........ ........| ok p=1
Q64:	|........ .....-.. ........ +.......|
Best path: totcompl=-25 tottunnel=33, totcond=552, p=0.000982493
Q-3:	|11111111 01101010 11010110 11000001|
Q-2:	|00+01-11 -0101+1+ 0+11110+ 1111010-|
Q-1:	|11+-++10 -111+0-- 1+0110+- 1001010-|
Q0:	|0011-0++ 0+11--+- -+1-1011 +1-01+++| ok p=0.487305
Q1:	|.++10010 00.+1++- 0+.1..10 0.1-.110| ok p=0.699219
Q2:	|.1+.+.0- .00+0+.0 +1.0..1. +.11.001| ok p=1
Q3:	|.0.1+..+ ..0.1.10 --.-..-. 1..0.-..| ok p=1
Q4:	|!+001..0 ..-0-0.. 11.0..0. 0..-.-..| ok p=1
Q5:	|!-1+0..1 ..+.-... 1+.1..-. .!.+...^| ok p=1
Q6:	|!1+1-..1 ..+.0... .1...!1. ...0.1.+| ok p=1
Q7:	|.01-0..1 ..0.-... .0....+. ...-1..0| ok p=1
Q8:	|..0-1..- .^1.1... ...1..1. ...11..1| ok p=1
Q9:	|!...-..- .+-.1... ...1..1. 1!11-...| ok p=1
Q10:	|...1-^.- .0+11... 010+0.00 1110-0..| ok p=1
Q11:	|1^000-1- .10011.^ 101-1^-0 -0+0+100| ok p=1
Q12:	|0+0-+10+ 111-+0.+ +-+1+-1+ ++-+1-01| ok p=1
Q13:	|-1-0---- 0+++--.0 01+-00++ ++-+-0+-| ok p=1
Q14:	|10+-00-1 -101-0.0 +1.1011- 0.1.11-0| ok p=1
Q15:	|1.+101.0 01+0-00. 0010.010 +0+01.01| ok p=0.382812
Q16:	|..-1..^. -.+.0.1. -....0.0 ..0.-.-.| ok p=0.542969
Q17:	|..1....0 ..+.1.+. ....1+.. ^.-.0.0.| ok p=0.821289
Q18:	|.0+....0 ^.+...0. ^....-.. ....-.+.| ok p=0.750977
Q19:	|..+....+ ..1...-. ....++.. ..^.+...| ok p=0.501953
Q20:	|.--..0.. ..0...-. ....+0.. .0..1.^.| ok p=0.832031
Q21:	|1-1..1.^ ......1. ....0+.. .1..1...| ok p=0.71875
Q22:	|.01..-.. ......1. ....-... .-......| ok p=0.419922
Q23:	|+1...... ......+. 0....^.. ....0...| ok p=0.869141
Q24:	|+....^.. ...0.... 1...^... .^..1...| ok p=0.716797
Q25:	|-....... ......^. +....... ....+...| ok p=0.988281
Q26:	|-....... ..0-.... .......0 ........| ok p=0.511719
Q27:	|1....... ..1-.... ^......1 ....^...| ok p=0.999023
Q28:	|0....... ..-+.... .......- ........| ok p=1
Q29:	|........ ...0.... .......0 ........| ok p=0.499023
Q30:	|........ ..^1.... .......+ ........| ok p=1
Q31:	|........ ........ .......+ ........| ok p=1
Q32:	|........ ........ ........ ........| ok p=1
Q33:	|........ ........ .......! ........| ok p=1
Q34:	|........ ........ ........ ........| ok p=1
Q35:	|........ ........ ........ ........| ok p=1
Q36:	|........ ........ ........ ........| ok p=1
Q37:	|........ ........ ........ ........| ok p=1
Q38:	|........ ........ ........ ........| ok p=1
Q39:	|........ ........ ........ ........| ok p=1
Q40:	|........ ........ ........ ........| ok p=1
Q41:	|........ ........ ........ ........| ok p=1
Q42:	|........ ........ ........ ........| ok p=1
Q43:	|........ ........ ........ ........| ok p=1
Q44:	|........ ........ ........ ........| ok p=1
Q45:	|........ ........ ........ ........| ok p=1
Q46:	|........ ........ ........ ........| ok p=1
Q47:	|........ ........ ........ ........| ok p=1
Q48:	|........ ........ ........ ........| ok p=1
Q49:	|........ ........ ........ ........| ok p=1
Q50:	|........ ........ ........ ........| ok p=1
Q51:	|........ ........ ........ ........| ok p=1
Q52:	|........ ........ ........ ........| ok p=1
Q53:	|........ ........ ........ ........| ok p=1
Q54:	|........ ........ ........ ........| ok p=1
Q55:	|........ ........ ........ ........| ok p=1
Q56:	|........ ........ ........ ........| ok p=1
Q57:	|........ ........ ........ ........| ok p=1
Q58:	|........ ........ ........ ........| ok p=1
Q59:	|........ ........ ........ ........| ok p=1
Q60:	|........ .....0.. ........ ........| ok p=1
Q61:	|........ .....0.. ........ ........| ok p=1
Q62:	|........ .....-.. ........ ........| ok p=1
Q63:	|........ .....-.. ........ ........| ok p=1
Q64:	|........ .....-.. ........ +.......|
Best path: totcompl=-24 tottunnel=34, totcond=552, p=0.000767326
Q-3:	|11111111 01101010 11010110 11000001|
Q-2:	|00+01-11 -0101+1+ 0+11110+ 1111010-|
Q-1:	|11+-++10 -111+0-- 1+0110+- 1001010-|
Q0:	|0011-0++ 0+11--+- -+1-1011 +1-01+++| ok p=0.507812
Q1:	|.++10010 00.+1++- 0+.1..10 0.1-.110| ok p=0.692383
Q2:	|.1+.+.0- .00+0+.0 +1.0..1. +.11.001| ok p=1
Q3:	|.0.1+..+ ..0.1.10 --.-..-. 1..0.-..| ok p=1
Q4:	|!+001..0 ..-0-0.. 11.0..0. 0..-.-..| ok p=1
Q5:	|!-1+0..1 ..+.-... 1+.1..-. .!.+...^| ok p=1
Q6:	|!1+1-..1 ..+.0... .1...!1. ...0.1.+| ok p=1
Q7:	|.01-0..1 ..0.-... .0....+. ...-1..0| ok p=1
Q8:	|..0-1..- .^1.1... ...1..1. ...11..1| ok p=1
Q9:	|!...-..- .+-.1... ...1..1. 1.!1-...| ok p=1
Q10:	|...1-^.- .0+11... 010+0.00 11^0-0..| ok p=1
Q11:	|1^000-1- .10011.^ 101-1^-0 -0+0+111| ok p=1
Q12:	|0+0-+10+ 111-+0.+ +-+1+-1+ ++1--+00| ok p=1
Q13:	|-1-0---- 0+++--.0 01+-00++ ++0--0+-| ok p=1
Q14:	|10+-00-1 -101-0.0 +1.1011- 0.1.11-0| ok p=1
Q15:	|1.+101.0 01+0-00. 0010.010 +0+01.01| ok p=0.378906
Q16:	|..-1..^. -.+.0.1. -....0.0 ..0.-.-.| ok p=0.573242
Q17:	|..1....0 ..+.1.+. ....1+.. ^.-.0.0.| ok p=0.84375
Q18:	|.0+....0 ^.+...0. ^....-.. ....-.+.| ok p=0.738281
Q19:	|..+....+ ..1...-. ....++.. ..^.+...| ok p=0.464844
Q20:	|.--..0.. ..0...-. ....+0.. .0..1.^.| ok p=0.827148
Q21:	|1-1..1.^ ......1. ....0+.. .1..1...| ok p=0.696289
Q22:	|.01..-.. ......1. ....-... .-......| ok p=0.476562
Q23:	|+1...... ......+. 0....^.. ....0...| ok p=0.871094
Q24:	|+....^.. ...0.... 1...^... .^..1...| ok p=0.724609
Q25:	|-....... ......^. +....... ....+...| ok p=0.992188
Q26:	|-....... ..0-.... .......0 ........| ok p=0.495117
Q27:	|1....... ..1-.... ^......1 ....^...| ok p=1
Q28:	|0....... ..-+.... .......- ........| ok p=1
Q29:	|........ ...0.... .......0 ........| ok p=0.488281
Q30:	|........ ..^1.... .......+ ........| ok p=1
Q31:	|........ ........ .......+ ........| ok p=0.999023
Q32:	|........ ........ ........ ........| ok p=1
Q33:	|........ ........ .......! ........| ok p=1
Q34:	|........ ........ ........ ........| ok p=1
Q35:	|........ ........ ........ ........| ok p=1
Q36:	|........ ........ ........ ........| ok p=1
Q37:	|........ ........ ........ ........| ok p=1
Q38:	|........ ........ ........ ........| ok p=1
Q39:	|........ ........ ........ ........| ok p=1
Q40:	|........ ........ ........ ........| ok p=1
Q41:	|........ ........ ........ ........| ok p=1
Q42:	|........ ........ ........ ........| ok p=1
Q43:	|........ ........ ........ ........| ok p=1
Q44:	|........ ........ ........ ........| ok p=1
Q45:	|........ ........ ........ ........| ok p=1
Q46:	|........ ........ ........ ........| ok p=1
Q47:	|........ ........ ........ ........| ok p=1
Q48:	|........ ........ ........ ........| ok p=1
Q49:	|........ ........ ........ ........| ok p=1
Q50:	|........ ........ ........ ........| ok p=1
Q51:	|........ ........ ........ ........| ok p=1
Q52:	|........ ........ ........ ........| ok p=1
Q53:	|........ ........ ........ ........| ok p=1
Q54:	|........ ........ ........ ........| ok p=1
Q55:	|........ ........ ........ ........| ok p=1
Q56:	|........ ........ ........ ........| ok p=1
Q57:	|........ ........ ........ ........| ok p=1
Q58:	|........ ........ ........ ........| ok p=1
Q59:	|........ ........ ........ ........| ok p=1
Q60:	|........ .....0.. ........ ........| ok p=1
Q61:	|........ .....0.. ........ ........| ok p=1
Q62:	|........ .....-.. ........ ........| ok p=1
Q63:	|........ .....-.. ........ ........| ok p=0.999023
Q64:	|........ .....-.. ........ +.......|
Best path: totcompl=-24 tottunnel=34, totcond=551, p=0.000734693
Best paths: 2
Best paths: 4
Best paths: 8
Q-3:	|11111111 01101010 11010110 11000001|
Q-2:	|00+01-11 -0101+1+ 0+11110+ 1111010-|
Q-1:	|11+-++10 -111+0-- 1+0110+- 1001010-|
Q0:	|0011-0++ 0+11--+- -+1-1011 +1-01+++| ok p=0.477539
Q1:	|.++10010 00.+1++- 0+.1..10 0.1-.110| ok p=0.695312
Q2:	|.1+.+.0- .00+0+.0 +1.0..1. +.11.001| ok p=1
Q3:	|.0.1+..+ ..0.1.10 --.-..-. 1..0.-..| ok p=1
Q4:	|!+001..0 ..-0-0.. 11.0..0. 0..-.-..| ok p=1
Q5:	|!-1+0..1 ..+.-... 1+.1..-. .!.+...^| ok p=1
Q6:	|!1+1-..1 ..+.0... .1...!1. ...0.1.+| ok p=1
Q7:	|.01-0..1 ..0.-... .0....+. ...-1..0| ok p=1
Q8:	|..0-1..- .^1.1... ...1..1. ...11..1| ok p=1
Q9:	|.!..-..- .+-.1... ...1..1. 1!.1-...| ok p=1
Q10:	|...1-^.- .0+11..0 .00+0.00 11^0-0..| ok p=1
Q11:	|1^000-1- .10011.1 ^11-1^-0 -0+0+100| ok p=1
Q12:	|0+0-+10+ 111-+0.+ +-+1+-1+ ++1-1-01| ok p=1
Q13:	|-1-0---- 0+++--.0 01+-00++ ++0--0+-| ok p=1
Q14:	|10+-00-1 -101-0.0 +1.1011- 0.1.11-0| ok p=1
Q15:	|1.+101.0 01+0-00. 0010.010 +0+01.01| ok p=0.363281
Q16:	|..-1..^. -.+.0.1. -....0.0 ..0.-.-.| ok p=0.566406
Q17:	|..1....0 ..+.1.+. ....1+.. ^.-.0.0.| ok p=0.833984
Q18:	|.0+....0 ^.+...0. ^....-.. ....-.+.| ok p=0.739258
Q19:	|..+....+ ..1...-. ....++.. ..^.+...| ok p=0.507812
Q20:	|.--..0.. ..0...-. ....+0.. .0..1.^.| ok p=0.814453
Q21:	|1-1..1.^ ......1. ....0+.. .1..1...| ok p=0.723633
Q22:	|.01..-.. ......1. ....-... .-......| ok p=0.421875
Q23:	|+1...... ......+. 0....^.. ....0...| ok p=0.880859
Q24:	|+....^.. ...0.... 1...^... .^..1...| ok p=0.760742
Q25:	|-....... ......^. +....... ....+...| ok p=0.986328
Q26:	|-....... ..0-.... .......0 ........| ok p=0.563477
Q27:	|1....... ..1-.... ^......1 ....^...| ok p=0.999023
Q28:	|0....... ..-+.... .......- ........| ok p=0.998047
Q29:	|........ ...0.... .......0 ........| ok p=0.495117
Q30:	|........ ..^1.... .......+ ........| ok p=1
Q31:	|........ ........ .......+ ........| ok p=1
Q32:	|........ ........ ........ ........| ok p=1
Q33:	|........ ........ .......! ........| ok p=1
Q34:	|........ ........ ........ ........| ok p=1
Q35:	|........ ........ ........ ........| ok p=1
Q36:	|........ ........ ........ ........| ok p=1
Q37:	|........ ........ ........ ........| ok p=1
Q38:	|........ ........ ........ ........| ok p=1
Q39:	|........ ........ ........ ........| ok p=1
Q40:	|........ ........ ........ ........| ok p=1
Q41:	|........ ........ ........ ........| ok p=1
Q42:	|........ ........ ........ ........| ok p=1
Q43:	|........ ........ ........ ........| ok p=1
Q44:	|........ ........ ........ ........| ok p=1
Q45:	|........ ........ ........ ........| ok p=1
Q46:	|........ ........ ........ ........| ok p=1
Q47:	|........ ........ ........ ........| ok p=1
Q48:	|........ ........ ........ ........| ok p=1
Q49:	|........ ........ ........ ........| ok p=1
Q50:	|........ ........ ........ ........| ok p=1
Q51:	|........ ........ ........ ........| ok p=1
Q52:	|........ ........ ........ ........| ok p=1
Q53:	|........ ........ ........ ........| ok p=1
Q54:	|........ ........ ........ ........| ok p=1
Q55:	|........ ........ ........ ........| ok p=1
Q56:	|........ ........ ........ ........| ok p=1
Q57:	|........ ........ ........ ........| ok p=1
Q58:	|........ ........ ........ ........| ok p=1
Q59:	|........ ........ ........ ........| ok p=1
Q60:	|........ .....0.. ........ ........| ok p=1
Q61:	|........ .....0.. ........ ........| ok p=1
Q62:	|........ .....-.. ........ ........| ok p=1
Q63:	|........ .....-.. ........ ........| ok p=1
Q64:	|........ .....-.. ........ +.......|
Best path: totcompl=-23 tottunnel=35, totcond=551, p=0.000958947
Best paths: 2
Best paths: 4
Best paths: 8
Q-3:	|11111111 01101010 11010110 11000001|
Q-2:	|00+01-11 -0101+1+ 0+11110+ 1111010-|
Q-1:	|11+-++10 -111+0-- 1+0110+- 1001010-|
Q0:	|0011-0++ 0+11--+- -+1-1011 +1-01+++| ok p=0.486328
Q1:	|.++10010 00.+1++- 0+.1..10 0.1-.110| ok p=0.699219
Q2:	|.1+.+.0- .00+0+.0 +1.0..1. +.11.001| ok p=1
Q3:	|.0.1+..+ ..0.1.10 --.-..-. 1..0.-..| ok p=1
Q4:	|!+001..0 ..-0-0.. 11.0..0. 0..-.-..| ok p=1
Q5:	|!-1+0..1 ..+.-... 1+.1..-. .!.+...^| ok p=1
Q6:	|!1+1-..1 ..+.0... .1..!.1. ...0.1.+| ok p=1
Q7:	|.01-0..1 ..0.-... .0....+. ...-1..0| ok p=1
Q8:	|..0-1..- .^1.1... ...1..1. ...11..1| ok p=1
Q9:	|!...-..- .+-.1... ...1..1. 1.!1-...| ok p=1
Q10:	|...1-^.- .0+11..0 .00+0.00 11^0-0..| ok p=1
Q11:	|0^000-1- .10011.1 ^11-1^-0 -0+0+100| ok p=1
Q12:	|1+0-+10+ 111-+0.+ +-+1+-1+ ++1-1-01| ok p=1
Q13:	|-1-0---- 0+++--.0 01+-00++ ++0--0+-| ok p=1
Q14:	|10+-00-1 -101-0.0 +1.1011- 0.1.11-0| ok p=1
Q15:	|1.+101.0 01+0-001 0.10.010 +0+01.01| ok p=0.356445
Q16:	|..-1..^. -.+.0.1. -....0.0 ..0.-.-.| ok p=0.574219
Q17:	|..1....0 ..+.1.+. ....1+.. ^.-.0.0.| ok p=0.834961
Q18:	|.0+....0 ^.+...0. ^....-.. ....-.+.| ok p=0.753906
Q19:	|..+....+ ..1...-. ....++.. ..^.+...| ok p=0.495117
Q20:	|.--..0.. ..0...-. ....+0.. .0..1.^.| ok p=0.803711
Q21:	|1-1..1.^ ......1. ....0+.. .1..1...| ok p=0.713867
Q22:	|.01..-.. ......1. ....-... .-......| ok p=0.451172
Q23:	|+1...... ......+. 0....^.. ....0...| ok p=0.881836
Q24:	|+....^.. ...0.... 1...^... .^..1...| ok p=0.720703
Q25:	|-....... ......^. +....... ....+...| ok p=0.988281
Q26:	|-....... ..0-.... .......0 ........| ok p=0.500977
Q27:	|1....... ..1-.... ^......1 ....^...| ok p=1
Q28:	|0....... ..-+.... .......- ........| ok p=1
Q29:	|........ ...0.... .......0 ........| ok p=0.496094
Q30:	|........ ..^1.... .......+ ........| ok p=1
Q31:	|........ ........ .......+ ........| ok p=0.999023
Q32:	|........ ........ ........ ........| ok p=1
Q33:	|........ ........ .......! ........| ok p=1
Q34:	|........ ........ ........ ........| ok p=1
Q35:	|........ ........ ........ ........| ok p=1
Q36:	|........ ........ ........ ........| ok p=1
Q37:	|........ ........ ........ ........| ok p=1
Q38:	|........ ........ ........ ........| ok p=1
Q39:	|........ ........ ........ ........| ok p=1
Q40:	|........ ........ ........ ........| ok p=1
Q41:	|........ ........ ........ ........| ok p=1
Q42:	|........ ........ ........ ........| ok p=1
Q43:	|........ ........ ........ ........| ok p=1
Q44:	|........ ........ ........ ........| ok p=1
Q45:	|........ ........ ........ ........| ok p=1
Q46:	|........ ........ ........ ........| ok p=1
Q47:	|........ ........ ........ ........| ok p=1
Q48:	|........ ........ ........ ........| ok p=1
Q49:	|........ ........ ........ ........| ok p=1
Q50:	|........ ........ ........ ........| ok p=1
Q51:	|........ ........ ........ ........| ok p=1
Q52:	|........ ........ ........ ........| ok p=1
Q53:	|........ ........ ........ ........| ok p=1
Q54:	|........ ........ ........ ........| ok p=1
Q55:	|........ ........ ........ ........| ok p=1
Q56:	|........ ........ ........ ........| ok p=1
Q57:	|........ ........ ........ ........| ok p=1
Q58:	|........ ........ ........ ........| ok p=1
Q59:	|........ ........ ........ ........| ok p=1
Q60:	|........ .....0.. ........ ........| ok p=1
Q61:	|........ .....0.. ........ ........| ok p=1
Q62:	|........ .....-.. ........ ........| ok p=1
Q63:	|........ .....-.. ........ ........| ok p=1
Q64:	|........ .....-.. ........ +.......|
Best path: totcompl=-22 tottunnel=36, totcond=551, p=0.000845916
Best paths: 2
Best paths: 4
Best paths: 8
Q-3:	|11111111 01101010 11010110 11000001|
Q-2:	|00+01-11 -0101+1+ 0+11110+ 1111010-|
Q-1:	|11+-++10 -111+0-- 1+0110+- 1001010-|
Q0:	|0011-0++ 0+11--+- -+1-1011 +1-01+++| ok p=0.482422
Q1:	|.++10010 00.+1++- 0+.1..10 0.1-.110| ok p=0.673828
Q2:	|.1+.+.0- .00+0+.0 +1.0..1. +.11.001| ok p=1
Q3:	|.0.1+..+ ..0.1.10 --.-..-. 1..0.-..| ok p=1
Q4:	|!+001..0 ..-0-0.. 11.0..0. 0..-.-..| ok p=1
Q5:	|!-1+0..0 ..+.-... 1+.1..-. .!.+...^| ok p=1
Q6:	|!1+1-... 1.+.1... .1...!1. ...+.1.+| ok p=1
Q7:	|.10-0... 1.+.-... !1..0.+. ...0...1| ok p=1
Q8:	|..-+1... -.-.+... ....1.-. ...1...1| ok p=1
Q9:	|.!01+... -.1.+... ..^.+.-^ ..!-....| ok p=1
Q10:	|1111+1.. ..1.+00. ..+0-1.+ 00^-1..1| ok p=1
Q11:	|101++010 1.0.+110 1^10-111 11++0.11| ok p=1
Q12:	|-+-0--01 0^1^.++1 0-0+.+00 +-00-^0-| ok p=1
Q13:	|+-+-++++ +---1+1+ +0-+1--- ---0+---| ok p=1
Q14:	|0100++10 10+00.10 -10+0010 -.0.+01.| ok p=1
Q15:	|01+1.101 1011-1+0 111..+11 +0-.0100| ok p=0.822266
Q16:	|..1.^1.- ..0...+. +..^.... 1.0.-.0.| ok p=0.458984
Q17:	|..-..-.+ ..1.^.1. ...0.^.. 0.+.+.1.| ok p=0.694336
Q18:	|..+....1 ..+...-. ^..1.... ....-.+.| ok p=0.810547
Q19:	|.1+..^.+ ......-. ...+.0.. ..^.-...| ok p=0.862305
Q20:	|.1+..0.. ..^...0. ....01.. .0..1.^.| ok p=0.694336
Q21:	|0-0..1.^ ......0. ...^1+.. .1..1...| ok p=0.727539
Q22:	|..0..-.. ......1. ....-... .-......| ok p=0.46875
Q23:	|-^...... ......-. 0....^.. ....0...| ok p=0.886719
Q24:	|-....^.. ...0.... 1...^... .^..1...| ok p=0.726562
Q25:	|+....... ......^. +....... ....+...| ok p=0.987305
Q26:	|+....... ..0-.... .......0 ........| ok p=0.492188
Q27:	|1....... ..1-.... ^......1 ....^...| ok p=1
Q28:	|0....... ..-+.... .......- ........| ok p=1
Q29:	|........ ...0.... .......0 ........| ok p=0.484375
Q30:	|........ ..^1.... .......+ ........| ok p=1
Q31:	|........ ........ .......+ ........| ok p=1
Q32:	|........ ........ ........ ........| ok p=1
Q33:	|........ ........ .......! ........| ok p=1
Q34:	|........ ........ ........ ........| ok p=1
Q35:	|........ ........ ........ ........| ok p=1
Q36:	|........ ........ ........ ........| ok p=1
Q37:	|........ ........ ........ ........| ok p=1
Q38:	|........ ........ ........ ........| ok p=1
Q39:	|........ ........ ........ ........| ok p=1
Q40:	|........ ........ ........ ........| ok p=1
Q41:	|........ ........ ........ ........| ok p=1
Q42:	|........ ........ ........ ........| ok p=1
Q43:	|........ ........ ........ ........| ok p=1
Q44:	|........ ........ ........ ........| ok p=1
Q45:	|........ ........ ........ ........| ok p=1
Q46:	|........ ........ ........ ........| ok p=1
Q47:	|........ ........ ........ ........| ok p=1
Q48:	|........ ........ ........ ........| ok p=1
Q49:	|........ ........ ........ ........| ok p=1
Q50:	|........ ........ ........ ........| ok p=1
Q51:	|........ ........ ........ ........| ok p=1
Q52:	|........ ........ ........ ........| ok p=1
Q53:	|........ ........ ........ ........| ok p=1
Q54:	|........ ........ ........ ........| ok p=1
Q55:	|........ ........ ........ ........| ok p=1
Q56:	|........ ........ ........ ........| ok p=1
Q57:	|........ ........ ........ ........| ok p=1
Q58:	|........ ........ ........ ........| ok p=1
Q59:	|........ ........ ........ ........| ok p=1
Q60:	|........ .....0.. ........ ........| ok p=1
Q61:	|........ .....0.. ........ ........| ok p=1
Q62:	|........ .....-.. ........ ........| ok p=1
Q63:	|........ .....-.. ........ ........| ok p=0.999023
Q64:	|........ .....-.. ........ +.......|
Best path: totcompl=-22 tottunnel=36, totcond=550, p=0.00201769
Q-3:	|11111111 01101010 11010110 11000001|
Q-2:	|00+01-11 -0101+1+ 0+11110+ 1111010-|
Q-1:	|11+-++10 -111+0-- 1+0110+- 1001010-|
Q0:	|0011-0++ 0+11--+- -+1-1011 +1-01+++| ok p=0.506836
Q1:	|.++10010 00.+1++- 0+.1..10 0.1-.110| ok p=0.691406
Q2:	|.1+.+.0- .00+0+.0 +1.0..1. +.11.001| ok p=1
Q3:	|.0.1+..+ ..0.1.10 --.-..-. 1..0.-..| ok p=1
Q4:	|!+001..0 ..-0-0.. 11.0..0. 0..-.-..| ok p=1
Q5:	|!-1+0..0 ..+.-... 1+.1..-. .!.+...^| ok p=1
Q6:	|!1+1-... 1.+.1... .1..!.1. ...+.1.+| ok p=1
Q7:	|.10-0... 1.+.-..! .1..0.+. ...0...1| ok p=1
Q8:	|..-+1... -.-.+... ....1.-. ...1...1| ok p=1
Q9:	|.!01+... -.1.+... ..^.+.-^ ..!-....| ok p=1
Q10:	|1111+1.. ..1.+00. ..+0-1.+ 00^-1..1| ok p=1
Q11:	|101++0.1 1.0.+110 0^10-111 11++0.11| ok p=1
Q12:	|-+-0--^0 0^1^.++1 0-+-.+00 +-00-^0-| ok p=1
Q13:	|+-+-++++ +---1+1+ +10-1--- ---0+---| ok p=1
Q14:	|0100++10 10+00.10 -10+0010 -.0.+01.| ok p=1
Q15:	|01+1.101 1011-1+0 11.1.+11 +0-.0100| ok p=0.807617
Q16:	|..1.^1.- ..0...+. +..1.... 1.0.-.0.| ok p=0.399414
Q17:	|..-..-.+ ..1.^.1. ...0.^.. 0.+.+.1.| ok p=0.675781
Q18:	|..+....1 ..+...-. ^..1.... ....-.+.| ok p=0.795898
Q19:	|.1+..^.+ ......-. ...+.0.. ..^.-...| ok p=0.867188
Q20:	|.1+..0.. ..^...0. ....01.. .0..1.^.| ok p=0.667969
Q21:	|0-0..1.^ ......0. ...^1+.. .1..1...| ok p=0.689453
Q22:	|..0..-.. ......1. ....-... .-......| ok p=0.462891
Q23:	|-^...... ......-. 0....^.. ....0...| ok p=0.876953
Q24:	|-....^.. ...0.... 1...^... .^..1...| ok p=0.732422
Q25:	|+....... ......^. +....... ....+...| ok p=0.985352
Q26:	|+....... ..0-.... .......0 ........| ok p=0.490234
Q27:	|1....... ..1-.... ^......1 ....^...| ok p=0.999023
Q28:	|0....... ..-+.... .......- ........| ok p=1
Q29:	|........ ...0.... .......0 ........| ok p=0.516602
Q30:	|........ ..^1.... .......+ ........| ok p=1
Q31:	|........ ........ .......+ ........| ok p=1
Q32:	|........ ........ ........ ........| ok p=1
Q33:	|........ ........ .......! ........| ok p=1
Q34:	|........ ........ ........ ........| ok p=1
Q35:	|........ ........ ........ ........| ok p=1
Q36:	|........ ........ ........ ........| ok p=1
Q37:	|........ ........ ........ ........| ok p=1
Q38:	|........ ........ ........ ........| ok p=1
Q39:	|........ ........ ........ ........| ok p=1
Q40:	|........ ........ ........ ........| ok p=1
Q41:	|........ ........ ........ ........| ok p=1
Q42:	|........ ........ ........ ........| ok p=1
Q43:	|........ ........ ........ ........| ok p=1
Q44:	|........ ........ ........ ........| ok p=1
Q45:	|........ ........ ........ ........| ok p=1
Q46:	|........ ........ ........ ........| ok p=1
Q47:	|........ ........ ........ ........| ok p=1
Q48:	|........ ........ ........ ........| ok p=1
Q49:	|........ ........ ........ ........| ok p=1
Q50:	|........ ........ ........ ........| ok p=1
Q51:	|........ ........ ........ ........| ok p=1
Q52:	|........ ........ ........ ........| ok p=1
Q53:	|........ ........ ........ ........| ok p=1
Q54:	|........ ........ ........ ........| ok p=1
Q55:	|........ ........ ........ ........| ok p=1
Q56:	|........ ........ ........ ........| ok p=1
Q57:	|........ ........ ........ ........| ok p=1
Q58:	|........ ........ ........ ........| ok p=1
Q59:	|........ ........ ........ ........| ok p=1
Q60:	|........ .....0.. ........ ........| ok p=1
Q61:	|........ .....0.. ........ ........| ok p=1
Q62:	|........ .....-.. ........ ........| ok p=1
Q63:	|........ .....-.. ........ ........| ok p=1
Q64:	|........ .....-.. ........ +.......|
Best path: totcompl=-22 tottunnel=36, totcond=549, p=0.00201557
Q-3:	|11111111 01101010 11010110 11000001|
Q-2:	|00+01-11 -0101+1+ 0+11110+ 1111010-|
Q-1:	|11+-++10 -111+0-- 1+0110+- 1001010-|
Q0:	|0011-0++ 0+11--+- -+1-1011 +1-01+++| ok p=0.513672
Q1:	|.++10010 00.+1++- 0+.1..10 0.1-.110| ok p=0.673828
Q2:	|.1+.+.0- .00+0+.0 +1.0..1. +.11.001| ok p=1
Q3:	|.0.1+..+ ..0.1.10 --.-..-. 1..0.-..| ok p=1
Q4:	|!+001..0 ..-0-0.. 11.0..0. 0..-.-..| ok p=1
Q5:	|!-1+0..1 ..+0-... 1+.1..-. .!.+...^| ok p=1
Q6:	|!1+1-..0 ..+0.... .1..!.1. ...0.0.+| ok p=1
Q7:	|.00-0.10 ..1-1... .0....+. ...-1..0| ok p=1
Q8:	|..0-1.1- ..-+.... ...0..1. ...11..1| ok p=1
Q9:	|!0..-.++ ..1+.... ...0..0. ..!1-...| ok p=1
Q10:	|.100-0++ ..++..1. 10^+0.1. .01.-...| ok p=1
Q11:	|0001111- 01+-^.00 11--1^0^ ^11^-.1.| ok p=1
Q12:	|1--++++- 1000+^+1 +-0+-+++ +++++^0^| ok p=1
Q13:	|-0-11-00 -++01+1+ +11--011 1+-1+---| ok p=1
Q14:	|0100+01+ 01+.1110 10.+0010 -.00-011| ok p=1
Q15:	|0.+.1+.1 000.-0+1 1..11+.. +1-.1011| ok p=0.573242
Q16:	|..1.10.- ..0...+. +..1.... 1.0.-.0.| ok p=0.422852
Q17:	|..-..-.0 ..1.^.1. ...0.^.. 0.+.+.1.| ok p=0.674805
Q18:	|..+....0 ..+...-. ^..1.... ....-.+.| ok p=0.788086
Q19:	|.1+..^.+ ......-. ...+.0.. ..^.-...| ok p=0.878906
Q20:	|.1+..0.. ..^...0. ....01.. .0..1.^.| ok p=0.691406
Q21:	|0-0..1.^ ......0. ...^1+.. .1..1...| ok p=0.708984
Q22:	|..0..-.. ......1. ....-... .-......| ok p=0.475586
Q23:	|+^...... ......-. 0....^.. ....0...| ok p=0.881836
Q24:	|+....^.. ...0.... 1...^... .^..1...| ok p=0.742188
Q25:	|-....... ......^. +....... ....+...| ok p=0.972656
Q26:	|-....... ..0-.... .......0 ........| ok p=0.500977
Q27:	|1....... ..1-.... ^......1 ....^...| ok p=1
Q28:	|0....... ..-+.... .......- ........| ok p=1
Q29:	|........ ...0.... .......0 ........| ok p=0.44043
Q30:	|........ ..^1.... .......+ ........| ok p=1
Q31:	|........ ........ .......+ ........| ok p=1
Q32:	|........ ........ ........ ........| ok p=1
Q33:	|........ ........ .......! ........| ok p=1
Q34:	|........ ........ ........ ........| ok p=1
Q35:	|........ ........ ........ ........| ok p=1
Q36:	|........ ........ ........ ........| ok p=1
Q37:	|........ ........ ........ ........| ok p=1
Q38:	|........ ........ ........ ........| ok p=1
Q39:	|........ ........ ........ ........| ok p=1
Q40:	|........ ........ ........ ........| ok p=1
Q41:	|........ ........ ........ ........| ok p=1
Q42:	|........ ........ ........ ........| ok p=1
Q43:	|........ ........ ........ ........| ok p=1
Q44:	|........ ........ ........ ........| ok p=1
Q45:	|........ ........ ........ ........| ok p=1
Q46:	|........ ........ ........ ........| ok p=1
Q47:	|........ ........ ........ ........| ok p=1
Q48:	|........ ........ ........ ........| ok p=1
Q49:	|........ ........ ........ ........| ok p=1
Q50:	|........ ........ ........ ........| ok p=1
Q51:	|........ ........ ........ ........| ok p=1
Q52:	|........ ........ ........ ........| ok p=1
Q53:	|........ ........ ........ ........| ok p=1
Q54:	|........ ........ ........ ........| ok p=1
Q55:	|........ ........ ........ ........| ok p=1
Q56:	|........ ........ ........ ........| ok p=1
Q57:	|........ ........ ........ ........| ok p=1
Q58:	|........ ........ ........ ........| ok p=1
Q59:	|........ ........ ........ ........| ok p=1
Q60:	|........ .....0.. ........ ........| ok p=1
Q61:	|........ .....0.. ........ ........| ok p=1
Q62:	|........ .....-.. ........ ........| ok p=1
Q63:	|........ .....-.. ........ ........| ok p=0.999023
Q64:	|........ .....-.. ........ +.......|
Best path: totcompl=-21 tottunnel=37, totcond=549, p=0.00122839
Best paths: 2
Q-3:	|11111111 01101010 11010110 11000001|
Q-2:	|00+01-11 -0101+1+ 0+11110+ 1111010-|
Q-1:	|11+-++10 -111+0-- 1+0110+- 1001010-|
Q0:	|0011-0++ 0+11--+- -+1-1011 +1-01+++| ok p=0.530273
Q1:	|.++10010 00.+1++- 0+.1..10 0.1-.110| ok p=0.685547
Q2:	|.1+.+.0- .00+0+.0 +1.0..1. +.11.001| ok p=1
Q3:	|.0.1+..+ ..0.1.10 --.-..-. 1..0.-..| ok p=1
Q4:	|!+001..0 ..-0-0.. 11.0..0. 0..-.-..| ok p=1
Q5:	|!-1+0..1 ..+.-... 1+.1..-. .!.+...^| ok p=1
Q6:	|!1+1-..1 ..+.0... .1..!.1. ...0.1.+| ok p=1
Q7:	|.01-01.1 ..0.-... .0....+. ...-...0| ok p=1
Q8:	|..0-11.- ..1.0... ...0..1. ...1^0.1| ok p=1
Q9:	|.!..-+.- ..+.1... ...0..1. .!.1-0..| ok p=1
Q10:	|00.1-+.- 0.+10.0. ...+0.0. ...10-..| ok p=1
Q11:	|10.101^- 1^11101! ^..-11-1 10^-1-1.| ok p=1
Q12:	|--^11-+0 -++++1+^ +^^1-0-0 01-+0-0^| ok p=1
Q13:	|1+-+--1- 010-0-1+ 1+++0--- --1--+--| ok p=1
Q14:	|110+0-10 01+11010 -01+10.1 -1011011| ok p=1
Q15:	|.1+100.1 ..01-0+1 100..+01 +1-01111| ok p=0.689453
Q16:	|..11.1.- ..0...+. +..^.... 1.0.-.0.| ok p=0.827148
Q17:	|..-..-.+ ..1.^.1. ...0.^.. 0.+.1.1.| ok p=0.686523
Q18:	|..+....1 ..+...-. ^..1.... ....-.+.| ok p=0.807617
Q19:	|.1+..^.+ ......-. ...+.0.. ..^.-...| ok p=0.874023
Q20:	|.1+..0.. ..^...0. ....01.. .0..0.^.| ok p=0.689453
Q21:	|0-0..1.^ ......0. ...^1+.. .1..0...| ok p=0.658203
Q22:	|..0..-.. ......1. ....-... .-......| ok p=0.478516
Q23:	|-^...... ......-. 0....^.. ....0...| ok p=0.87793
Q24:	|-....^.. ...0.... 1...^... .^..1...| ok p=0.72168
Q25:	|+....... ......^. +....... ....+...| ok p=0.978516
Q26:	|+....... ..0-.... .......0 ........| ok p=0.549805
Q27:	|1....... ..1-.... ^......1 ....^...| ok p=1
Q28:	|0....... ..-+.... .......- ........| ok p=1
Q29:	|........ ...0.... .......0 ........| ok p=0.486328
Q30:	|........ ..^1.... .......+ ........| ok p=1
Q31:	|........ ........ .......+ ........| ok p=1
Q32:	|........ ........ ........ ........| ok p=1
Q33:	|........ ........ .......! ........| ok p=1
Q34:	|........ ........ ........ ........| ok p=1
Q35:	|........ ........ ........ ........| ok p=1
Q36:	|........ ........ ........ ........| ok p=1
Q37:	|........ ........ ........ ........| ok p=1
Q38:	|........ ........ ........ ........| ok p=1
Q39:	|........ ........ ........ ........| ok p=1
Q40:	|........ ........ ........ ........| ok p=1
Q41:	|........ ........ ........ ........| ok p=1
Q42:	|........ ........ ........ ........| ok p=1
Q43:	|........ ........ ........ ........| ok p=1
Q44:	|........ ........ ........ ........| ok p=1
Q45:	|........ ........ ........ ........| ok p=1
Q46:	|........ ........ ........ ........| ok p=1
Q47:	|........ ........ ........ ........| ok p=1
Q48:	|........ ........ ........ ........| ok p=1
Q49:	|........ ........ ........ ........| ok p=1
Q50:	|........ ........ ........ ........| ok p=1
Q51:	|........ ........ ........ ........| ok p=1
Q52:	|........ ........ ........ ........| ok p=1
Q53:	|........ ........ ........ ........| ok p=1
Q54:	|........ ........ ........ ........| ok p=1
Q55:	|........ ........ ........ ........| ok p=1
Q56:	|........ ........ ........ ........| ok p=1
Q57:	|........ ........ ........ ........| ok p=1
Q58:	|........ ........ ........ ........| ok p=1
Q59:	|........ ........ ........ ........| ok p=1
Q60:	|........ .....0.. ........ ........| ok p=1
Q61:	|........ .....0.. ........ ........| ok p=1
Q62:	|........ .....-.. ........ ........| ok p=1
Q63:	|........ .....-.. ........ ........| ok p=1
Q64:	|........ .....-.. ........ +.......|
Best path: totcompl=-20 tottunnel=38, totcond=549, p=0.00321761
Best paths: 2
Q-3:	|11111111 01101010 11010110 11000001|
Q-2:	|00+01-11 -0101+1+ 0+11110+ 1111010-|
Q-1:	|11+-++10 -111+0-- 1+0110+- 1001010-|
Q0:	|0011-0++ 0+11--+- -+1-1011 +1-01+++| ok p=0.489258
Q1:	|.++10010 00.+1++- 0+.1..10 0.1-.110| ok p=0.689453
Q2:	|.1+.+.0- .00+0+.0 +1.0..1. +.11.001| ok p=1
Q3:	|.0.1+..+ ..0.1.10 --.-..-. 1..0.-..| ok p=1
Q4:	|!+001..0 ..-0-0.. 11.0..0. 0..-.-..| ok p=1
Q5:	|!-1+0..1 ..+.-... 1+.1..-. .!.+...^| ok p=1
Q6:	|!1+1-..1 ..+.0... .1..!.1. ...0.1.+| ok p=1
Q7:	|.01-01.1 ..0.-... .0....+. ...-...0| ok p=1
Q8:	|..0-11.- ..1.0... ...0..1. ...1^0.1| ok p=1
Q9:	|!...-+.- ..+.1... ...0..1. .!.1-0..| ok p=1
Q10:	|01.1-+.- 0.+01.0. ...+0.0. ...10-..| ok p=1
Q11:	|11.101^- 1^11001! ^..-11-1 10^-1-1.| ok p=1
Q12:	|+-^11-+0 -++++1+^ +^^1-0-0 01-+0-0^| ok p=1
Q13:	|---+--1- 010-0-1+ 1+++0--- --1--+--| ok p=1
Q14:	|0.0+0-10 01+11010 -01+10.1 -1011011| ok p=1
Q15:	|11+.00.1 ..01-0+1 100..+01 +1-01111| ok p=0.692383
Q16:	|..1^.1.- ..0...+. +..^.... 1.0.-.0.| ok p=0.779297
Q17:	|..-..-.+ ..1.^.1. ...0.^.. 0.+.1.1.| ok p=0.681641
Q18:	|..+....1 ..+...-. ^..1.... ....-.+.| ok p=0.808594
Q19:	|.1+..^.+ ......-. ...+.0.. ..^.-...| ok p=0.858398
Q20:	|.1+..0.. ..^...0. ....01.. .0..0.^.| ok p=0.69043
Q21:	|0-0..1.^ ......0. ...^1+.. .1..0...| ok p=0.674805
Q22:	|..0..-.. ......1. ....-... .-......| ok p=0.485352
Q23:	|-^...... ......-. 0....^.. ....0...| ok p=0.875
Q24:	|-....^.. ...0.... 1...^... .^..1...| ok p=0.705078
Q25:	|+....... ......^. +....... ....+...| ok p=0.989258
Q26:	|+....... ..0-.... .......0 ........| ok p=0.478516
Q27:	|1....... ..1-.... ^......1 ....^...| ok p=1
Q28:	|0....... ..-+.... .......- ........| ok p=1
Q29:	|........ ...0.... .......0 ........| ok p=0.50293
Q30:	|........ ..^1.... .......+ ........| ok p=1
Q31:	|........ ........ .......+ ........| ok p=0.999023
Q32:	|........ ........ ........ ........| ok p=1
Q33:	|........ ........ .......! ........| ok p=1
Q34:	|........ ........ ........ ........| ok p=1
Q35:	|........ ........ ........ ........| ok p=1
Q36:	|........ ........ ........ ........| ok p=1
Q37:	|........ ........ ........ ........| ok p=1
Q38:	|........ ........ ........ ........| ok p=1
Q39:	|........ ........ ........ ........| ok p=1
Q40:	|........ ........ ........ ........| ok p=1
Q41:	|........ ........ ........ ........| ok p=1
Q42:	|........ ........ ........ ........| ok p=1
Q43:	|........ ........ ........ ........| ok p=1
Q44:	|........ ........ ........ ........| ok p=1
Q45:	|........ ........ ........ ........| ok p=1
Q46:	|........ ........ ........ ........| ok p=1
Q47:	|........ ........ ........ ........| ok p=1
Q48:	|........ ........ ........ ........| ok p=1
Q49:	|........ ........ ........ ........| ok p=1
Q50:	|........ ........ ........ ........| ok p=1
Q51:	|........ ........ ........ ........| ok p=1
Q52:	|........ ........ ........ ........| ok p=1
Q53:	|........ ........ ........ ........| ok p=1
Q54:	|........ ........ ........ ........| ok p=1
Q55:	|........ ........ ........ ........| ok p=1
Q56:	|........ ........ ........ ........| ok p=1
Q57:	|........ ........ ........ ........| ok p=1
Q58:	|........ ........ ........ ........| ok p=1
Q59:	|........ ........ ........ ........| ok p=1
Q60:	|........ .....0.. ........ ........| ok p=1
Q61:	|........ .....0.. ........ ........| ok p=1
Q62:	|........ .....-.. ........ ........| ok p=1
Q63:	|........ .....-.. ........ ........| ok p=0.999023
Q64:	|........ .....-.. ........ +.......|
Best path: totcompl=-20 tottunnel=38, totcond=548, p=0.0030347
Best paths: 2
Best paths: 4
Best paths: 8
Q-3:	|11111111 01101010 11010110 11000001|
Q-2:	|00+01-11 -0101+1+ 0+11110+ 1111010-|
Q-1:	|11+-++10 -111+0-- 1+0110+- 1001010-|
Q0:	|0011-0++ 0+11--+- -+1-1011 +1-01+++| ok p=0.50293
Q1:	|.++10010 00.+1++- 0+.1..10 0.1-.110| ok p=0.680664
Q2:	|.1+.+.0- .00+0+.0 +1.0..1. +.11.001| ok p=1
Q3:	|.0.1+..+ ..0.1.10 --.-..-. 1..0.-..| ok p=1
Q4:	|!+001..0 ..-0-0.. 11.0..0. 0..-.-..| ok p=1
Q5:	|!-1+0..1 ..+.-... 1+.1..-. ..!+...^| ok p=1
Q6:	|!1+1-..0 ..+.1... .1...!1. ...0.1.+| ok p=1
Q7:	|.01-0..0 ..1.-... .0..1.+. ...-1..0| ok p=1
Q8:	|..0-1..- ..0.1... ....1.-. ...01..1| ok p=1
Q9:	|!..+-..- ..+.1... ...^+0-. ...1-...| ok p=1
Q10:	|..11+11- .0+....1 .10++1-. ..1--...| ok p=1
Q11:	|.11+-11- 00-001.0 ^0011+01 .11++.^.| ok p=1
Q12:	|^0------ 1-+100^- ++---+11 ^0+11.-^| ok p=1
Q13:	|-++0---1 --+----+ 0--0--+- ---+-.0+| ok p=1
Q14:	|00+-...+ 01.0+101 10.+.10- 10100.-0| ok p=1
Q15:	|10+01011 1101-100 1001101. +101-.00| ok p=0.742188
Q16:	|..-0...1 .-1.1.1. -..1.0.^ ..1.+.-.| ok p=0.751953
Q17:	|..1....0 ..1.0.+. ....1+.. ^.-.1.0.| ok p=0.819336
Q18:	|.0+....0 .^+...0. ^....-.. ..0.1.+.| ok p=0.742188
Q19:	|..+....+ ......-. ....++.. ..1.+...| ok p=0.494141
Q20:	|.--..0.. ..^...-. ....+0.. .0..1.^.| ok p=0.8125
Q21:	|1-1..1.^ ......1. ....0+.. .1..0...| ok p=0.71582
Q22:	|.01..-.. ......1. ....-... .-......| ok p=0.427734
Q23:	|+1...... ......+. 0....^.. ....0...| ok p=0.875
Q24:	|+....^.. ...0.... 1...^... .^..1...| ok p=0.731445
Q25:	|-....... ......^. +....... ....+...| ok p=0.983398
Q26:	|-....... ..0-.... .......0 ........| ok p=0.472656
Q27:	|1....... ..1-.... ^......1 ....^...| ok p=1
Q28:	|0....... ..-+.... .......- ........| ok p=1
Q29:	|........ ...0.... .......0 ........| ok p=0.510742
Q30:	|........ ..^1.... .......+ ........| ok p=1
Q31:	|........ ........ .......+ ........| ok p=0.999023
Q32:	|........ ........ ........ ........| ok p=1
Q33:	|........ ........ .......! ........| ok p=1
Q34:	|........ ........ ........ ........| ok p=1
Q35:	|........ ........ ........ ........| ok p=1
Q36:	|........ ........ ........ ........| ok p=1
Q37:	|........ ........ ........ ........| ok p=1
Q38:	|........ ........ ........ ........| ok p=1
Q39:	|........ ........ ........ ........| ok p=1
Q40:	|........ ........ ........ ........| ok p=1
Q41:	|........ ........ ........ ........| ok p=1
Q42:	|........ ........ ........ ........| ok p=1
Q43:	|........ ........ ........ ........| ok p=1
Q44:	|........ ........ ........ ........| ok p=1
Q45:	|........ ........ ........ ........| ok p=1
Q46:	|........ ........ ........ ........| ok p=1
Q47:	|........ ........ ........ ........| ok p=1
Q48:	|........ ........ ........ ........| ok p=1
Q49:	|........ ........ ........ ........| ok p=1
Q50:	|........ ........ ........ ........| ok p=1
Q51:	|........ ........ ........ ........| ok p=1
Q52:	|........ ........ ........ ........| ok p=1
Q53:	|........ ........ ........ ........| ok p=1
Q54:	|........ ........ ........ ........| ok p=1
Q55:	|........ ........ ........ ........| ok p=1
Q56:	|........ ........ ........ ........| ok p=1
Q57:	|........ ........ ........ ........| ok p=1
Q58:	|........ ........ ........ ........| ok p=1
Q59:	|........ ........ ........ ........| ok p=1
Q60:	|........ .....0.. ........ ........| ok p=1
Q61:	|........ .....0.. ........ ........| ok p=1
Q62:	|........ .....-.. ........ ........| ok p=1
Q63:	|........ .....-.. ........ ........| ok p=1
Q64:	|........ .....-.. ........ +.......|
Best path: totcompl=-20 tottunnel=38, totcond=546, p=0.00179968
