Extend MD5 differential paths forward
Copyright (C) 2009 Marc Stevens
http://homepages.cwi.nl/~stevens/

delta_m[11] = [!-8!]
Loading workdir1/lowerpath.bin.gz...done: 1.
Estimating maxcond for upper bound 8000000 (=2000000 * 4)...
t=1:  0%   10   20   30   40   50   60   70   80   90   100%
      |----|----|----|----|----|----|----|----|----|----|
e     ***************************************************
Found maxcond = 2176
t=1:  0%   10   20   30   40   50   60   70   80   90   100%
      |----|----|----|----|----|----|----|----|----|----|
      ***************************************************
Q-3:	|11111111 01101010 11010110 11000001|
Q-2:	|00+01-11 -0101+1+ 0+11110+ 1111010-|
Q-1:	|11+-++10 -111+0-- 1+0110+- 1001010-|
Q0:	|0011-0++ 0+11--+- -+1-1011 +1-01+++| ok p=0.503906
Q1:	|.++10100 10.+0++. --.0..11 0.0-.001| ok p=0.8125
Q2:	|..+.+... ..+.+.-. .+...... ..+.+..+|
Saving 2000000 paths...done.
Autobalance parameters: maxcond=152
Verified: 0 bad out of 2458753
Estimating maxcond for upper bound 8000000 (=2000000 * 4)...
t=2:  0%   10   20   30   40   50   60   70   80   90   100%
      |----|----|----|----|----|----|----|----|----|----|
e     ***************************************************
Found maxcond = 170
t=2:  0%   10   20   30   40   50   60   70   80   90   100%
      |----|----|----|----|----|----|----|----|----|----|
      ***************************************************
Q-3:	|11111111 01101010 11010110 11000001|
Q-2:	|00+01-11 -0101+1+ 0+11110+ 1111010-|
Q-1:	|11+-++10 -111+0-- 1+0110+- 1001010-|
Q0:	|0011-0++ 0+11--+- -+1-1011 +1-01+++| ok p=0.523438
Q1:	|.++00001 01.+0++- 1+.0..10 0.1-.101| ok p=0.510742
Q2:	|.0+.1.11 .1.+1+.. +..1.... -.1-.+1+| ok p=0.853516
Q3:	|..+..+.- .....-.+ .-..-.-. +.....+.|
Saving 2000000 paths...done.
Autobalance parameters: maxcond=170
Verified: 0 bad out of 16301568
Estimating maxcond for upper bound 8000000 (=2000000 * 4)...
t=3:  0%   10   20   30   40   50   60   70   80   90   100%
      |----|----|----|----|----|----|----|----|----|----|
e     ***************************************************
Found maxcond = 185
t=3:  0%   10   20   30   40   50   60   70   80   90   100%
      |----|----|----|----|----|----|----|----|----|----|
      ***************************************************
Q-3:	|11111111 01101010 11010110 11000001|
Q-2:	|00+01-11 -0101+1+ 0+11110+ 1111010-|
Q-1:	|11+-++10 -111+0-- 1+0110+- 1001010-|
Q0:	|0011-0++ 0+11--+- -+1-1011 +1-01+++| ok p=0.50293
Q1:	|.++10001 01.+1++- 1+.0.V10 0.1-.110| ok p=0.458008
Q2:	|.+-.1.01 .0.+1+.. +..0.... +.1-.+01| ok p=0.397461
Q3:	|..0...+. ......11 -1...-.. 0....0.+| ok p=0.600586
Q4:	|..+.-... ..+.-.-. .+.+..-. .+.+.-.+|
Saving 2000000 paths...done.
Autobalance parameters: maxcond=184
Verified: 33081 bad out of 2114100
Estimating maxcond for upper bound 8000000 (=2000000 * 4)...
t=4:  0%   10   20   30   40   50   60   70   80   90   100%
      |----|----|----|----|----|----|----|----|----|----|
e     ***************************************************
Found maxcond = 201
t=4:  0%   10   20   30   40   50   60   70   80   90   100%
      |----|----|----|----|----|----|----|----|----|----|
      ***************************************************
Q-3:	|11111111 01101010 11010110 11000001|
Q-2:	|00+01-11 -0101+1+ 0+11110+ 1111010-|
Q-1:	|11+-++10 -111+0-- 1+0110+- 1001010-|
Q0:	|0011-0++ 0+11--+- -+1-1011 +1-01+++| ok p=0.50293
Q1:	|.++10010 01.+1++- 0+.1..01 0.1-.110| ok p=0.550781
Q2:	|.+-.+.0- .+.00+.. +0.1..1. +.11.+01| ok p=0.505859
Q3:	|..+.+..+ .+.-..00 -0.-..-. 1..0.0..| ok p=0.44043
Q4:	|.1-....- ...0.1.. 0+.0..0. +....-..| ok p=0.519531
Q5:	|....+.+. ..-..... +....-.- .-.-....|
Saving 2000000 paths...done.
Autobalance parameters: maxcond=200
Verified: 20802 bad out of 2554098
Estimating maxcond for upper bound 8000000 (=2000000 * 4)...
t=5:  0%   10   20   30   40   50   60   70   80   90   100%
      |----|----|----|----|----|----|----|----|----|----|
e     ***************************************************
Found maxcond = 215
t=5:  0%   10   20   30   40   50   60   70   80   90   100%
      |----|----|----|----|----|----|----|----|----|----|
      ***************************************************
Q-3:	|11111111 01101010 11010110 11000001|
Q-2:	|00+01-11 -0101+1+ 0+11110+ 1111010-|
Q-1:	|11+-++10 -111+0-- 1+0110+- 1001010-|
Q0:	|0011-0++ 0+11--+- -+1-1011 +1-01+++| ok p=0.517578
Q1:	|.++00001 00.+0++- 1+.0V.01 1.1-.101| ok p=0.488281
Q2:	|.0+.1.10 .+.+-+.. +1.00... -.0-V00+| ok p=0.682617
Q3:	|.1..0.+V .0..-.10 ++..-... +V....-1| ok p=0.833984
Q4:	|..0.-.0. .1.0.1.. .1..+... +..1-.+1| ok p=0.508789
Q5:	|....+.1- ....1... 11..1... .+..0.-.| ok p=0.669922
Q6:	|.-.+.... -......- ...+..+. .+...+.-|
Saving 2000000 paths...done.
Autobalance parameters: maxcond=214
Verified: 7759 bad out of 2461347
Estimating maxcond for upper bound 8000000 (=2000000 * 4)...
t=6:  0%   10   20   30   40   50   60   70   80   90   100%
      |----|----|----|----|----|----|----|----|----|----|
e     ***************************************************
Found maxcond = 228
t=6:  0%   10   20   30   40   50   60   70   80   90   100%
      |----|----|----|----|----|----|----|----|----|----|
      ***************************************************
Q-3:	|11111111 01101010 11010110 11000001|
Q-2:	|00+01-11 -0101+1+ 0+11110+ 1111010-|
Q-1:	|11+-++10 -111+0-- 1+0110+- 1001010-|
Q0:	|0011-0++ 0+11--+- -+1-1011 +1-01+++| ok p=0.512695
Q1:	|.++10010 01.+1++- 0+.1..01 0.1-.110| ok p=0.443359
Q2:	|.+-.+.0- .+.00+.. +0.0..0. +.11.+01| ok p=0.380859
Q3:	|.01.+..+ .+.-1.10 -1.-..-. 0..0.1..| ok p=0.456055
Q4:	|.+-....0 ...1-0.. 0+.0..0V 1..-.1..| ok p=0.385742
Q5:	|.-1.0..+ .0.1-... 0+.0..1. ...+.+..| ok p=0.65332
Q6:	|.01....0 ........ +......+ ...+.-..| ok p=0.461914
Q7:	|+.-..-.. ....+..+ ...+.+.. -.-..-.-|
Saving 2000000 paths...done.
Autobalance parameters: maxcond=227
Verified: 115991 bad out of 2939018
Estimating maxcond for upper bound 8000000 (=2000000 * 4)...
t=7:  0%   10   20   30   40   50   60   70   80   90   100%
      |----|----|----|----|----|----|----|----|----|----|
e     ***************************************************
Found maxcond = 241
t=7:  0%   10   20   30   40   50   60   70   80   90   100%
      |----|----|----|----|----|----|----|----|----|----|
      ***************************************************
Q-3:	|11111111 01101010 11010110 11000001|
Q-2:	|00+01-11 -0101+1+ 0+11110+ 1111010-|
Q-1:	|11+-++10 -111+0-- 1+0110+- 1001010-|
Q0:	|0011-0++ 0+11--+- -+1-1011 +1-01+++| ok p=0.507812
Q1:	|.++10010 00.+1++- 0+.1..10 0.1-.110| ok p=0.703125
Q2:	|.1+.+.0- .1.+0+.. +1.0..1. +.11.001| ok p=0.337891
Q3:	|.10.+..+ .0..1.00 --.-..-. -.V0.-..| ok p=0.817383
Q4:	|..+.1..0 .-.0+0.. 11.1..0. 0.1-.-.V| ok p=0.482422
Q5:	|..-.-..0 .0..0... 1+.1..-. 1.+0....| ok p=0.585938
Q6:	|..+.1... .1..+... .1....1. +.+1.0.+| ok p=0.824219
Q7:	|..1.-... ....-... .1....+. +.+....0| ok p=0.745117
Q8:	|.....-.- ....+.-. ...-.+.. +.+.....|
Saving 2000000 paths...done.
Autobalance parameters: maxcond=239
Verified: 198020 bad out of 3678893
Estimating maxcond for upper bound 8000000 (=2000000 * 4)...
t=8:  0%   10   20   30   40   50   60   70   80   90   100%
      |----|----|----|----|----|----|----|----|----|----|
e     ***************************************************
Found maxcond = 252
t=8:  0%   10   20   30   40   50   60   70   80   90   100%
      |----|----|----|----|----|----|----|----|----|----|
      ***************************************************
Q-3:	|11111111 01101010 11010110 11000001|
Q-2:	|00+01-11 -0101+1+ 0+11110+ 1111010-|
Q-1:	|11+-++10 -111+0-- 1+0110+- 1001010-|
Q0:	|0011-0++ 0+11--+- -+1-1011 +1-01+++| ok p=0.49707
Q1:	|.++10010 00.+1++- 0+.1..10 0.1-.110| ok p=0.672852
Q2:	|.1+.+.0- .0V+0+.. +1.0..1. +.11.001| ok p=0.507812
Q3:	|.0.1+..+ ..0.1.10 --.-..-. 1..0.-..| ok p=0.477539
Q4:	|.+001..0 ..-0-0.. 11.0..0. 0..-.-.V| ok p=0.375
Q5:	|.-1+0..0 ..+.-... 1+.1..-. ...+....| ok p=0.425781
Q6:	|.1+1-... V.+.1... .1....1. ...+.1.+| ok p=0.996094
Q7:	|.00-0... ..+.-... .1....+. .......1| ok p=1
Q8:	|..1-1... -.-.-... ......-. ...1...1| ok p=0.712891
Q9:	|...+.-.. -...-... ....+.-. ..-.+...|
Saving 2000000 paths...done.
Autobalance parameters: maxcond=251
Verified: 27406 bad out of 2332893
Estimating maxcond for upper bound 8000000 (=2000000 * 4)...
t=9:  0%   10   20   30   40   50   60   70   80   90   100%
      |----|----|----|----|----|----|----|----|----|----|
e     ***************************************************
Found maxcond = 262
t=9:  0%   10   20   30   40   50   60   70   80   90   100%
      |----|----|----|----|----|----|----|----|----|----|
      ***************************************************
Q-3:	|11111111 01101010 11010110 11000001|
Q-2:	|00+01-11 -0101+1+ 0+11110+ 1111010-|
Q-1:	|11+-++10 -111+0-- 1+0110+- 1001010-|
Q0:	|0011-0++ 0+11--+- -+1-1011 +1-01+++| ok p=0.520508
Q1:	|.++10010 00.+1++- 0+.1..10 0.1-.110| ok p=0.680664
Q2:	|.1+.+.0- .0V+0+.. +1.0..1. +.11.001| ok p=0.507812
Q3:	|.0.1+..+ ..0.1.10 --.-..-. 1..0.-..| ok p=0.482422
Q4:	|.+001..0 ..-0-0.. 11.0..0. 0..-.-.V| ok p=0.367188
Q5:	|.-1+0..1 ..+.-... 1+.1..-. ...+....| ok p=0.435547
Q6:	|.1+1-..V ..+.0... .1....1. ...0.1.+| ok p=1
Q7:	|.00-0..1 ...V-... .0....+. ...-...0| ok p=1
Q8:	|..-+1..- ..1.-... ......1. ...1...1| ok p=0.881836
Q9:	|..01-..- ...++... ......1. ...-....| ok p=0.44043
Q10:	|+...-..- ..+.-..- ...+..+. ...-...+|
Saving 2000000 paths...done.
Autobalance parameters: maxcond=261
Verified: 17511 bad out of 2316902
Estimating maxcond for upper bound 8000000 (=2000000 * 4)...
t=10: 0%   10   20   30   40   50   60   70   80   90   100%
      |----|----|----|----|----|----|----|----|----|----|
e     ***************************************************
Found maxcond = 274
t=10: 0%   10   20   30   40   50   60   70   80   90   100%
      |----|----|----|----|----|----|----|----|----|----|
      ***************************************************
Q-3:	|11111111 01101010 11010110 11000001|
Q-2:	|00+01-11 -0101+1+ 0+11110+ 1111010-|
Q-1:	|11+-++10 -111+0-- 1+0110+- 1001010-|
Q0:	|0011-0++ 0+11--+- -+1-1011 +1-01+++| ok p=0.507812
Q1:	|.++10010 00.+1++- 0+.1..10 0.1-.110| ok p=0.732422
Q2:	|.1+.+.0- .0V+0+.. +1.0..1. +.11.001| ok p=0.473633
Q3:	|.0.1+..+ ..0.1.10 --.-..-. 1..0.-..| ok p=0.488281
Q4:	|.+001..0 ..-0-0.. 11.0..0. 0..-.-.V| ok p=0.364258
Q5:	|.-1+0..1 ..+.-... 1+.1..-. ...+....| ok p=0.426758
Q6:	|.1+1-..V ..+.0... .1....1. ...0.1.+| ok p=1
Q7:	|.01-0..1 ..0.-... .0....+. ...-V..0| ok p=1
Q8:	|..0-1..- ..1.1... ...V..1. ...1.V.1| ok p=0.839844
Q9:	|....-..- ..+.1... ......1. ...1-...| ok p=1
Q10:	|...1-..- ..+..... ...+.... ....0-..| ok p=0.928711
Q11:	|.....-.- ........ ...-..-. ...-.-..|
Saving 2000000 paths...done.
Autobalance parameters: maxcond=273
Verified: 4464 bad out of 3228380
Runtime: 394.258
Extend MD5 differential paths forward
Copyright (C) 2009 Marc Stevens
http://homepages.cwi.nl/~stevens/

delta_m[11] = [!-8!]
Loading workdir1/paths10_0of1...done: 2000000 (work:2000000).
Estimating maxcond for upper bound 2000000 (=500000 * 4)...
t=11: 0%   10   20   30   40   50   60   70   80   90   100%
      |----|----|----|----|----|----|----|----|----|----|
e     ***************************************************
Found maxcond = 283
t=11: 0%   10   20   30   40   50   60   70   80   90   100%
      |----|----|----|----|----|----|----|----|----|----|
      ***************************************************
Q-3:	|11111111 01101010 11010110 11000001|
Q-2:	|00+01-11 -0101+1+ 0+11110+ 1111010-|
Q-1:	|11+-++10 -111+0-- 1+0110+- 1001010-|
Q0:	|0011-0++ 0+11--+- -+1-1011 +1-01+++| ok p=0.522461
Q1:	|.++10010 00.+1++- 0+.1..10 0.1-.110| ok p=0.679688
Q2:	|.1+.+.0- .0V+0+.. +1.0..1. +.11.001| ok p=0.511719
Q3:	|.0.1+..+ ..0.1.10 --.-..-. 1..0.-..| ok p=0.500977
Q4:	|.+001..0 ..-0-0.. 11.0..0. 0..-.-.V| ok p=0.356445
Q5:	|.-1+0..1 ..+.-... 1+.1..-. ...+....| ok p=0.416992
Q6:	|.1+1-..V ..+.1... .1....1. ...0.1.+| ok p=1
Q7:	|.01-0..1 ..1.-... .0....+. ...-V..0| ok p=1
Q8:	|..0-1..- ..0.1... ...V..-. ...11..1| ok p=0.768555
Q9:	|...+-..- ..+.1... .....V-. ..V1-...| ok p=1
Q10:	|...1+..- ..+..... ...+..-. ....-...| ok p=0.953125
Q11:	|...1+..- ........ ...0.-.. ..+.+...| ok p=0.698242
Q12:	|.-...+.+ .....-.. -....+.. ..+.+..-|
Saving 500000 paths...done.
Autobalance parameters: maxcond=281
Verified: 8 bad out of 890343
Runtime: 28.5806
