MD5 differential path toolbox
Copyright (C) 2009 Marc Stevens
http://homepages.cwi.nl/~stevens/

IHV1   = {4285191873,943569768,3539179925,262814965}
IHV1   = c1d66aff68bb3d389599f3d2f53caa0f

IHV2   = {4285191873,863136719,4000897684,724532724}
IHV2   = c1d66affcf6b723394da78eef47d2f2b

dIHV   = {0,4214534247,461717759,461717759}
NC0: delta c = delta d = [!0!]
NC0: delta b           = [!0,22!]
NC1: delta c = delta d = [!-8!]
NC1: delta b           = [!-8,29!]
NC2: delta c = delta d = [!-14!]
NC2: delta b           = [!-3,-14!]
NC3: delta c = delta d = [!-16!]
NC3: delta b           = [!5,-16!]
NC4: delta c = delta d = [!-18!]
NC4: delta b           = [!7,-18!]
NC5: delta c = delta d = [!23!]
NC5: delta b           = [!12,23!]
NC6: delta c = delta d = [!26!]
NC6: delta b           = [!15,26!]
NC7: delta c = delta d = [!-29!]
NC7: delta b           = [!20,-29!]
NC0: prob=-5.86743
NC1: prob=-3.83101
NC2: prob=-5.84045
NC3: prob=-3.26132
NC4: prob=-3.26101
NC5: prob=-5.84866
NC6: prob=-5.88219
NC7: prob=-7.49577
delta m_11 = [!-8!]
Q-3:	|11111111 01101010 11010110 11000001|
Q-2:	|00+01-11 -0101+1+ 0+11110+ 1111010-|
Q-1:	|11+-++10 -111+0-- 1+0110+- 1001010-|
Q0:	|0011-0++ 0+11--+- -+1-1011 +1-01+++| ok p=0.595703
Q1:	|+.-..... ...+.+.+ .+...... ...-....|
Saved lower diff. path to 'workdir1/lowerpath.bin.gz'.

Q32:	|........ ........ ........ ........|
Q33:	|........ ........ ........ ........|
Q34:	|........ ........ ........ ........|
Q35:	|........ ........ ........ ........| ok p=1
Q36:	|........ ........ ........ ........| ok p=1
Q37:	|........ ........ ........ ........| ok p=1
Q38:	|........ ........ ........ ........| ok p=1
Q39:	|........ ........ ........ ........| ok p=1
Q40:	|........ ........ ........ ........| ok p=1
Q41:	|........ ........ ........ ........| ok p=1
Q42:	|........ ........ ........ ........| ok p=1
Q43:	|........ ........ ........ ........| ok p=1
Q44:	|........ ........ ........ ........| ok p=1
Q45:	|........ ........ ........ ........| ok p=1
Q46:	|........ ........ ........ ........| ok p=1
Q47:	|........ ........ ........ ........| ok p=1
Q48:	|........ ........ ........ ........| ok p=1
Q49:	|........ ........ ........ ........| ok p=1
Q50:	|........ ........ ........ ........| ok p=1
Q51:	|........ ........ ........ ........| ok p=1
Q52:	|........ ........ ........ ........| ok p=1
Q53:	|........ ........ ........ ........| ok p=1
Q54:	|........ ........ ........ ........| ok p=1
Q55:	|........ ........ ........ ........| ok p=1
Q56:	|........ ........ ........ ........| ok p=1
Q57:	|........ ........ ........ ........| ok p=1
Q58:	|........ ........ ........ ........| ok p=1
Q59:	|........ ........ ........ ........| ok p=1
Q60:	|........ .....0.. ........ ........| ok p=1
Q61:	|........ .....0.. ........ ........| ok p=1
Q62:	|........ .....-.. ........ ........| ok p=1
Q63:	|........ .....-.. ........ ........| ok p=1
Q64:	|........ .....-.. ........ +.......|
Saved upper diff. path to 'workdir1/upperpath.bin.gz'.
Saved 'md5diffpathforward.cfg'.
Saved 'md5diffpathbackward.cfg'.
Saved 'md5diffpathconnect.cfg'.
Saved 'md5diffpathhelper.cfg'.
