Extend MD5 differential paths backward
Copyright (C) 2009 Marc Stevens
http://homepages.cwi.nl/~stevens/

delta_m[11] = [!-30!]
Loading workdir3/upperpath.bin.gz...done: 1.
Estimating maxcond for upper bound 262144 (=65536 * 4)...
t=34: 0%   10   20   30   40   50   60   70   80   90   100%
      |----|----|----|----|----|----|----|----|----|----|
e     ***************************************************
Found maxcond = 2176
t=34: 0%   10   20   30   40   50   60   70   80   90   100%
      |----|----|----|----|----|----|----|----|----|----|
      ***************************************************
Q31:	|.+...... ........ ........ ........|
Q32:	|........ ........ ........ ........|
Q33:	|........ ........ ........ ........|
Q34:	|........ ........ ........ ........| ok p=1
Q35:	|........ ........ ........ ........| ok p=1
Q36:	|........ ........ ........ ........| ok p=1
Q37:	|........ ........ ........ ........| ok p=1
Q38:	|........ ........ ........ ........| ok p=1
Q39:	|........ ........ ........ ........| ok p=1
Q40:	|........ ........ ........ ........| ok p=1
Q41:	|........ ........ ........ ........| ok p=1
Q42:	|........ ........ ........ ........| ok p=1
Q43:	|........ ........ ........ ........| ok p=1
Q44:	|........ ........ ........ ........| ok p=1
Q45:	|........ ........ ........ ........| ok p=1
Q46:	|........ ........ ........ ........| ok p=1
Q47:	|........ ........ ........ ........| ok p=1
Q48:	|........ ........ ........ ........| ok p=1
Q49:	|........ ........ ........ ........| ok p=1
Q50:	|........ ........ ........ ........| ok p=1
Q51:	|........ ........ ........ ........| ok p=1
Q52:	|........ ........ ........ ........| ok p=1
Q53:	|........ ........ ........ ........| ok p=1
Q54:	|........ ........ ........ ........| ok p=1
Q55:	|........ ........ ........ ........| ok p=1
Q56:	|........ ........ ........ ........| ok p=1
Q57:	|........ ........ ........ ........| ok p=1
Q58:	|........ ........ ........ ........| ok p=1
Q59:	|........ ........ ........ ........| ok p=1
Q60:	|........ ........ .......0 ........| ok p=1
Q61:	|........ ........ .......0 ........| ok p=0.735352
Q62:	|........ ........ .......- ........| ok p=1
Q63:	|........ ........ .......- ........| ok p=0.878906
Q64:	|..+..... ........ .......- ........|
Saving 1 paths...done.
Autobalance parameters: maxcond=2176
Verified: 0 bad out of 1
Estimating maxcond for upper bound 262144 (=65536 * 4)...
t=33: 0%   10   20   30   40   50   60   70   80   90   100%
      |----|----|----|----|----|----|----|----|----|----|
e     ***************************************************
Found maxcond = 2176
t=33: 0%   10   20   30   40   50   60   70   80   90   100%
      |----|----|----|----|----|----|----|----|----|----|
      ***************************************************
Q30:	|.-...... ........ ........ ........|
Q31:	|.+...... ........ ........ ........|
Q32:	|........ ........ ........ ........|
Q33:	|.^...... ........ ........ ........| ok p=1
Q34:	|........ ........ ........ ........| ok p=1
Q35:	|........ ........ ........ ........| ok p=1
Q36:	|........ ........ ........ ........| ok p=1
Q37:	|........ ........ ........ ........| ok p=1
Q38:	|........ ........ ........ ........| ok p=1
Q39:	|........ ........ ........ ........| ok p=1
Q40:	|........ ........ ........ ........| ok p=1
Q41:	|........ ........ ........ ........| ok p=1
Q42:	|........ ........ ........ ........| ok p=1
Q43:	|........ ........ ........ ........| ok p=1
Q44:	|........ ........ ........ ........| ok p=1
Q45:	|........ ........ ........ ........| ok p=1
Q46:	|........ ........ ........ ........| ok p=1
Q47:	|........ ........ ........ ........| ok p=1
Q48:	|........ ........ ........ ........| ok p=1
Q49:	|........ ........ ........ ........| ok p=1
Q50:	|........ ........ ........ ........| ok p=1
Q51:	|........ ........ ........ ........| ok p=1
Q52:	|........ ........ ........ ........| ok p=1
Q53:	|........ ........ ........ ........| ok p=1
Q54:	|........ ........ ........ ........| ok p=1
Q55:	|........ ........ ........ ........| ok p=1
Q56:	|........ ........ ........ ........| ok p=1
Q57:	|........ ........ ........ ........| ok p=1
Q58:	|........ ........ ........ ........| ok p=1
Q59:	|........ ........ ........ ........| ok p=1
Q60:	|........ ........ .......0 ........| ok p=1
Q61:	|........ ........ .......0 ........| ok p=0.740234
Q62:	|........ ........ .......- ........| ok p=1
Q63:	|........ ........ .......- ........| ok p=0.864258
Q64:	|..+..... ........ .......- ........|
Saving 10 paths...done.
Autobalance parameters: maxcond=2176
Verified: 0 bad out of 10
Estimating maxcond for upper bound 262144 (=65536 * 4)...
t=32: 0%   10   20   30   40   50   60   70   80   90   100%
      |----|----|----|----|----|----|----|----|----|----|
e     ***************************************************
Found maxcond = 2176
t=32: 0%   10   20   30   40   50   60   70   80   90   100%
      |----|----|----|----|----|----|----|----|----|----|
      ***************************************************
Q29:	|........ ........ ........ ........|
Q30:	|.+...... ........ ........ ........|
Q31:	|.+...... ........ ........ ........|
Q32:	|........ ........ ........ ........| ok p=1
Q33:	|.!...... ........ ........ ........| ok p=1
Q34:	|........ ........ ........ ........| ok p=1
Q35:	|........ ........ ........ ........| ok p=1
Q36:	|........ ........ ........ ........| ok p=1
Q37:	|........ ........ ........ ........| ok p=1
Q38:	|........ ........ ........ ........| ok p=1
Q39:	|........ ........ ........ ........| ok p=1
Q40:	|........ ........ ........ ........| ok p=1
Q41:	|........ ........ ........ ........| ok p=1
Q42:	|........ ........ ........ ........| ok p=1
Q43:	|........ ........ ........ ........| ok p=1
Q44:	|........ ........ ........ ........| ok p=1
Q45:	|........ ........ ........ ........| ok p=1
Q46:	|........ ........ ........ ........| ok p=1
Q47:	|........ ........ ........ ........| ok p=1
Q48:	|........ ........ ........ ........| ok p=1
Q49:	|........ ........ ........ ........| ok p=1
Q50:	|........ ........ ........ ........| ok p=1
Q51:	|........ ........ ........ ........| ok p=1
Q52:	|........ ........ ........ ........| ok p=1
Q53:	|........ ........ ........ ........| ok p=1
Q54:	|........ ........ ........ ........| ok p=1
Q55:	|........ ........ ........ ........| ok p=1
Q56:	|........ ........ ........ ........| ok p=1
Q57:	|........ ........ ........ ........| ok p=1
Q58:	|........ ........ ........ ........| ok p=1
Q59:	|........ ........ ........ ........| ok p=1
Q60:	|........ ........ .......0 ........| ok p=1
Q61:	|........ ........ .......0 ........| ok p=0.760742
Q62:	|........ ........ .......- ........| ok p=1
Q63:	|........ ........ .......- ........| ok p=0.874023
Q64:	|..+..... ........ .......- ........|
Saving 42 paths...done.
Autobalance parameters: maxcond=2176
Verified: 0 bad out of 42
Estimating maxcond for upper bound 262144 (=65536 * 4)...
t=31: 0%   10   20   30   40   50   60   70   80   90   100%
      |----|----|----|----|----|----|----|----|----|----|
e     ***************************************************
Found maxcond = 2176
t=31: 0%   10   20   30   40   50   60   70   80   90   100%
      |----|----|----|----|----|----|----|----|----|----|
      ***************************************************
Q28:	|.-...... ........ .....-.. ........|
Q29:	|........ ........ ........ ........|
Q30:	|.+...... ........ ........ ........|
Q31:	|.+...... ........ ........ ........| ok p=0.754883
Q32:	|........ ........ ........ ........| ok p=1
Q33:	|.!...... ........ ........ ........| ok p=1
Q34:	|........ ........ ........ ........| ok p=1
Q35:	|........ ........ ........ ........| ok p=1
Q36:	|........ ........ ........ ........| ok p=1
Q37:	|........ ........ ........ ........| ok p=1
Q38:	|........ ........ ........ ........| ok p=1
Q39:	|........ ........ ........ ........| ok p=1
Q40:	|........ ........ ........ ........| ok p=1
Q41:	|........ ........ ........ ........| ok p=1
Q42:	|........ ........ ........ ........| ok p=1
Q43:	|........ ........ ........ ........| ok p=1
Q44:	|........ ........ ........ ........| ok p=1
Q45:	|........ ........ ........ ........| ok p=1
Q46:	|........ ........ ........ ........| ok p=1
Q47:	|........ ........ ........ ........| ok p=1
Q48:	|........ ........ ........ ........| ok p=1
Q49:	|........ ........ ........ ........| ok p=1
Q50:	|........ ........ ........ ........| ok p=1
Q51:	|........ ........ ........ ........| ok p=1
Q52:	|........ ........ ........ ........| ok p=1
Q53:	|........ ........ ........ ........| ok p=1
Q54:	|........ ........ ........ ........| ok p=1
Q55:	|........ ........ ........ ........| ok p=1
Q56:	|........ ........ ........ ........| ok p=1
Q57:	|........ ........ ........ ........| ok p=1
Q58:	|........ ........ ........ ........| ok p=1
Q59:	|........ ........ ........ ........| ok p=1
Q60:	|........ ........ .......0 ........| ok p=1
Q61:	|........ ........ .......0 ........| ok p=0.760742
Q62:	|........ ........ .......- ........| ok p=1
Q63:	|........ ........ .......- ........| ok p=0.871094
Q64:	|..+..... ........ .......- ........|
Saving 183 paths...done.
Autobalance parameters: maxcond=2176
Verified: 0 bad out of 183
Estimating maxcond for upper bound 262144 (=65536 * 4)...
t=30: 0%   10   20   30   40   50   60   70   80   90   100%
      |----|----|----|----|----|----|----|----|----|----|
e     ***************************************************
Found maxcond = 22
t=30: 0%   10   20   30   40   50   60   70   80   90   100%
      |----|----|----|----|----|----|----|----|----|----|
      ***************************************************
Q27:	|........ ......-. ........ ........|
Q28:	|.+...... ........ .....-.. ........|
Q29:	|.0...... ........ ........ ........|
Q30:	|.-...... ........ .....^.. ........| ok p=0.495117
Q31:	|.+...... ........ ........ ........| ok p=0.728516
Q32:	|........ ........ ........ ........| ok p=1
Q33:	|.^...... ........ ........ ........| ok p=1
Q34:	|........ ........ ........ ........| ok p=1
Q35:	|........ ........ ........ ........| ok p=1
Q36:	|........ ........ ........ ........| ok p=1
Q37:	|........ ........ ........ ........| ok p=1
Q38:	|........ ........ ........ ........| ok p=1
Q39:	|........ ........ ........ ........| ok p=1
Q40:	|........ ........ ........ ........| ok p=1
Q41:	|........ ........ ........ ........| ok p=1
Q42:	|........ ........ ........ ........| ok p=1
Q43:	|........ ........ ........ ........| ok p=1
Q44:	|........ ........ ........ ........| ok p=1
Q45:	|........ ........ ........ ........| ok p=1
Q46:	|........ ........ ........ ........| ok p=1
Q47:	|........ ........ ........ ........| ok p=1
Q48:	|........ ........ ........ ........| ok p=1
Q49:	|........ ........ ........ ........| ok p=1
Q50:	|........ ........ ........ ........| ok p=1
Q51:	|........ ........ ........ ........| ok p=1
Q52:	|........ ........ ........ ........| ok p=1
Q53:	|........ ........ ........ ........| ok p=1
Q54:	|........ ........ ........ ........| ok p=1
Q55:	|........ ........ ........ ........| ok p=1
Q56:	|........ ........ ........ ........| ok p=1
Q57:	|........ ........ ........ ........| ok p=1
Q58:	|........ ........ ........ ........| ok p=1
Q59:	|........ ........ ........ ........| ok p=1
Q60:	|........ ........ .......0 ........| ok p=1
Q61:	|........ ........ .......0 ........| ok p=0.740234
Q62:	|........ ........ .......- ........| ok p=1
Q63:	|........ ........ .......- ........| ok p=0.878906
Q64:	|..+..... ........ .......- ........|
Saving 65536 paths...done.
Autobalance parameters: maxcond=19
Verified: 13126 bad out of 140582
Runtime: 6.70897
Extend MD5 differential paths backward
Copyright (C) 2009 Marc Stevens
http://homepages.cwi.nl/~stevens/

delta_m[11] = [!-30!]
Loading workdir3/paths30_0of1...done: 65536 (work:65536).
Estimating maxcond for upper bound 400000 (=100000 * 4)...
t=29: 0%   10   20   30   40   50   60   70   80   90   100%
      |----|----|----|----|----|----|----|----|----|----|
e     ***************************************************
Found maxcond = 21
t=29: 0%   10   20   30   40   50   60   70   80   90   100%
      |----|----|----|----|----|----|----|----|----|----|
      ***************************************************
Q26:	|........ ..+..... ........ ........|
Q27:	|.1...... ........ .....1.. ........|
Q28:	|.-...... ........ .....-.. ........|
Q29:	|.0...... ........ ........ ........| ok p=0.742188
Q30:	|.+...... ........ .....^.. ........| ok p=1
Q31:	|.+...... ........ ........ ........| ok p=0.74707
Q32:	|........ ........ ........ ........| ok p=1
Q33:	|.!...... ........ ........ ........| ok p=1
Q34:	|........ ........ ........ ........| ok p=1
Q35:	|........ ........ ........ ........| ok p=1
Q36:	|........ ........ ........ ........| ok p=1
Q37:	|........ ........ ........ ........| ok p=1
Q38:	|........ ........ ........ ........| ok p=1
Q39:	|........ ........ ........ ........| ok p=1
Q40:	|........ ........ ........ ........| ok p=1
Q41:	|........ ........ ........ ........| ok p=1
Q42:	|........ ........ ........ ........| ok p=1
Q43:	|........ ........ ........ ........| ok p=1
Q44:	|........ ........ ........ ........| ok p=1
Q45:	|........ ........ ........ ........| ok p=1
Q46:	|........ ........ ........ ........| ok p=1
Q47:	|........ ........ ........ ........| ok p=1
Q48:	|........ ........ ........ ........| ok p=1
Q49:	|........ ........ ........ ........| ok p=1
Q50:	|........ ........ ........ ........| ok p=1
Q51:	|........ ........ ........ ........| ok p=1
Q52:	|........ ........ ........ ........| ok p=1
Q53:	|........ ........ ........ ........| ok p=1
Q54:	|........ ........ ........ ........| ok p=1
Q55:	|........ ........ ........ ........| ok p=1
Q56:	|........ ........ ........ ........| ok p=1
Q57:	|........ ........ ........ ........| ok p=1
Q58:	|........ ........ ........ ........| ok p=1
Q59:	|........ ........ ........ ........| ok p=1
Q60:	|........ ........ .......0 ........| ok p=1
Q61:	|........ ........ .......0 ........| ok p=0.748047
Q62:	|........ ........ .......- ........| ok p=1
Q63:	|........ ........ .......- ........| ok p=0.893555
Q64:	|..+..... ........ .......- ........|
Saving 100000 paths...done.
Autobalance parameters: maxcond=19
Verified: 0 bad out of 169421
Estimating maxcond for upper bound 400000 (=100000 * 4)...
t=28: 0%   10   20   30   40   50   60   70   80   90   100%
      |----|----|----|----|----|----|----|----|----|----|
e     ***************************************************
Found maxcond = 23
t=28: 0%   10   20   30   40   50   60   70   80   90   100%
      |----|----|----|----|----|----|----|----|----|----|
      ***************************************************
Q25:	|......+. ........ ........ ..+.....|
Q26:	|.0...... ..+..... .....+.. ........|
Q27:	|.1...... ........ .....0.. ........|
Q28:	|.-...... ..^..... .....-.. ........| ok p=0.759766
Q29:	|.0...... ........ ........ ........| ok p=0.755859
Q30:	|.+...... ........ .....^.. ........| ok p=1
Q31:	|.+...... ........ ........ ........| ok p=0.75293
Q32:	|........ ........ ........ ........| ok p=1
Q33:	|.!...... ........ ........ ........| ok p=1
Q34:	|........ ........ ........ ........| ok p=1
Q35:	|........ ........ ........ ........| ok p=1
Q36:	|........ ........ ........ ........| ok p=1
Q37:	|........ ........ ........ ........| ok p=1
Q38:	|........ ........ ........ ........| ok p=1
Q39:	|........ ........ ........ ........| ok p=1
Q40:	|........ ........ ........ ........| ok p=1
Q41:	|........ ........ ........ ........| ok p=1
Q42:	|........ ........ ........ ........| ok p=1
Q43:	|........ ........ ........ ........| ok p=1
Q44:	|........ ........ ........ ........| ok p=1
Q45:	|........ ........ ........ ........| ok p=1
Q46:	|........ ........ ........ ........| ok p=1
Q47:	|........ ........ ........ ........| ok p=1
Q48:	|........ ........ ........ ........| ok p=1
Q49:	|........ ........ ........ ........| ok p=1
Q50:	|........ ........ ........ ........| ok p=1
Q51:	|........ ........ ........ ........| ok p=1
Q52:	|........ ........ ........ ........| ok p=1
Q53:	|........ ........ ........ ........| ok p=1
Q54:	|........ ........ ........ ........| ok p=1
Q55:	|........ ........ ........ ........| ok p=1
Q56:	|........ ........ ........ ........| ok p=1
Q57:	|........ ........ ........ ........| ok p=1
Q58:	|........ ........ ........ ........| ok p=1
Q59:	|........ ........ ........ ........| ok p=1
Q60:	|........ ........ .......0 ........| ok p=1
Q61:	|........ ........ .......0 ........| ok p=0.75
Q62:	|........ ........ .......- ........| ok p=1
Q63:	|........ ........ .......- ........| ok p=0.866211
Q64:	|..+..... ........ .......- ........|
Saving 100000 paths...done.
Autobalance parameters: maxcond=21
Verified: 0 bad out of 199124
Estimating maxcond for upper bound 400000 (=100000 * 4)...
t=27: 0%   10   20   30   40   50   60   70   80   90   100%
      |----|----|----|----|----|----|----|----|----|----|
e     ***************************************************
Found maxcond = 26
t=27: 0%   10   20   30   40   50   60   70   80   90   100%
      |----|----|----|----|----|----|----|----|----|----|
      ***************************************************
Q24:	|........ .-...... .....-.. ........|
Q25:	|......+. ..1..... ........ ..+.....|
Q26:	|.0...... ..+..... .....0.. ........|
Q27:	|.1....^. ........ .....1.. ..^.....| ok p=0.766602
Q28:	|.-...... ..^..... .....-.. ........| ok p=0.74707
Q29:	|.0...... ........ ........ ........| ok p=0.75293
Q30:	|.+...... ........ .....^.. ........| ok p=1
Q31:	|.+...... ........ ........ ........| ok p=0.771484
Q32:	|........ ........ ........ ........| ok p=1
Q33:	|.!...... ........ ........ ........| ok p=1
Q34:	|........ ........ ........ ........| ok p=1
Q35:	|........ ........ ........ ........| ok p=1
Q36:	|........ ........ ........ ........| ok p=1
Q37:	|........ ........ ........ ........| ok p=1
Q38:	|........ ........ ........ ........| ok p=1
Q39:	|........ ........ ........ ........| ok p=1
Q40:	|........ ........ ........ ........| ok p=1
Q41:	|........ ........ ........ ........| ok p=1
Q42:	|........ ........ ........ ........| ok p=1
Q43:	|........ ........ ........ ........| ok p=1
Q44:	|........ ........ ........ ........| ok p=1
Q45:	|........ ........ ........ ........| ok p=1
Q46:	|........ ........ ........ ........| ok p=1
Q47:	|........ ........ ........ ........| ok p=1
Q48:	|........ ........ ........ ........| ok p=1
Q49:	|........ ........ ........ ........| ok p=1
Q50:	|........ ........ ........ ........| ok p=1
Q51:	|........ ........ ........ ........| ok p=1
Q52:	|........ ........ ........ ........| ok p=1
Q53:	|........ ........ ........ ........| ok p=1
Q54:	|........ ........ ........ ........| ok p=1
Q55:	|........ ........ ........ ........| ok p=1
Q56:	|........ ........ ........ ........| ok p=1
Q57:	|........ ........ ........ ........| ok p=1
Q58:	|........ ........ ........ ........| ok p=1
Q59:	|........ ........ ........ ........| ok p=1
Q60:	|........ ........ .......0 ........| ok p=1
Q61:	|........ ........ .......0 ........| ok p=0.761719
Q62:	|........ ........ .......- ........| ok p=1
Q63:	|........ ........ .......- ........| ok p=0.87793
Q64:	|..+..... ........ .......- ........|
Saving 100000 paths...done.
Autobalance parameters: maxcond=25
Verified: 3844 bad out of 121990
Estimating maxcond for upper bound 400000 (=100000 * 4)...
t=26: 0%   10   20   30   40   50   60   70   80   90   100%
      |----|----|----|----|----|----|----|----|----|----|
e     ***************************************************
Found maxcond = 31
t=26: 0%   10   20   30   40   50   60   70   80   90   100%
      |----|----|----|----|----|----|----|----|----|----|
      ***************************************************
Q23:	|..-..... ........ .....-.. -.......|
Q24:	|......1. ..-..... .....-.. ..1.....|
Q25:	|......+. ..0..... .....+.. ..+.....|
Q26:	|.0...... ..+..... .....+.. ........| ok p=0.890625
Q27:	|.1....^. ........ .....-.. ..^.....| ok p=0.749023
Q28:	|.-...... ..^..... .....-.. ........| ok p=0.734375
Q29:	|.0...... ........ .....1.. ........| ok p=0.77832
Q30:	|.+...... ........ .....0.. ........| ok p=1
Q31:	|.+...... ........ ........ ........| ok p=0.749023
Q32:	|........ ........ ........ ........| ok p=1
Q33:	|.!...... ........ ........ ........| ok p=1
Q34:	|........ ........ ........ ........| ok p=1
Q35:	|........ ........ ........ ........| ok p=1
Q36:	|........ ........ ........ ........| ok p=1
Q37:	|........ ........ ........ ........| ok p=1
Q38:	|........ ........ ........ ........| ok p=1
Q39:	|........ ........ ........ ........| ok p=1
Q40:	|........ ........ ........ ........| ok p=1
Q41:	|........ ........ ........ ........| ok p=1
Q42:	|........ ........ ........ ........| ok p=1
Q43:	|........ ........ ........ ........| ok p=1
Q44:	|........ ........ ........ ........| ok p=1
Q45:	|........ ........ ........ ........| ok p=1
Q46:	|........ ........ ........ ........| ok p=1
Q47:	|........ ........ ........ ........| ok p=1
Q48:	|........ ........ ........ ........| ok p=1
Q49:	|........ ........ ........ ........| ok p=1
Q50:	|........ ........ ........ ........| ok p=1
Q51:	|........ ........ ........ ........| ok p=1
Q52:	|........ ........ ........ ........| ok p=1
Q53:	|........ ........ ........ ........| ok p=1
Q54:	|........ ........ ........ ........| ok p=1
Q55:	|........ ........ ........ ........| ok p=1
Q56:	|........ ........ ........ ........| ok p=1
Q57:	|........ ........ ........ ........| ok p=1
Q58:	|........ ........ ........ ........| ok p=1
Q59:	|........ ........ ........ ........| ok p=1
Q60:	|........ ........ .......0 ........| ok p=1
Q61:	|........ ........ .......0 ........| ok p=0.735352
Q62:	|........ ........ .......- ........| ok p=1
Q63:	|........ ........ .......- ........| ok p=0.869141
Q64:	|..+..... ........ .......- ........|
Saving 100000 paths...done.
Autobalance parameters: maxcond=29
Verified: 7969 bad out of 190184
Estimating maxcond for upper bound 400000 (=100000 * 4)...
t=25: 0%   10   20   30   40   50   60   70   80   90   100%
      |----|----|----|----|----|----|----|----|----|----|
e     ***************************************************
Found maxcond = 36
t=25: 0%   10   20   30   40   50   60   70   80   90   100%
      |----|----|----|----|----|----|----|----|----|----|
      ***************************************************
Q22:	|...-.... .......- ...+.... ........|
Q23:	|......0. .1...... .....1.. -.-.....|
Q24:	|......1. .-0..... .....-.. ..0.....|
Q25:	|......+. ..1..... .....0.. ^.+.....| ok p=0.938477
Q26:	|.0...... .^+..... .....0.. ........| ok p=1
Q27:	|.1....^. ........ .....1.. ..^.....| ok p=0.729492
Q28:	|.-...... ..^..... .....-.. ........| ok p=0.745117
Q29:	|.0...... ........ ........ ........| ok p=0.738281
Q30:	|.+...... ........ .....^.. ........| ok p=1
Q31:	|.+...... ........ ........ ........| ok p=0.74707
Q32:	|........ ........ ........ ........| ok p=1
Q33:	|.!...... ........ ........ ........| ok p=1
Q34:	|........ ........ ........ ........| ok p=1
Q35:	|........ ........ ........ ........| ok p=1
Q36:	|........ ........ ........ ........| ok p=1
Q37:	|........ ........ ........ ........| ok p=1
Q38:	|........ ........ ........ ........| ok p=1
Q39:	|........ ........ ........ ........| ok p=1
Q40:	|........ ........ ........ ........| ok p=1
Q41:	|........ ........ ........ ........| ok p=1
Q42:	|........ ........ ........ ........| ok p=1
Q43:	|........ ........ ........ ........| ok p=1
Q44:	|........ ........ ........ ........| ok p=1
Q45:	|........ ........ ........ ........| ok p=1
Q46:	|........ ........ ........ ........| ok p=1
Q47:	|........ ........ ........ ........| ok p=1
Q48:	|........ ........ ........ ........| ok p=1
Q49:	|........ ........ ........ ........| ok p=1
Q50:	|........ ........ ........ ........| ok p=1
Q51:	|........ ........ ........ ........| ok p=1
Q52:	|........ ........ ........ ........| ok p=1
Q53:	|........ ........ ........ ........| ok p=1
Q54:	|........ ........ ........ ........| ok p=1
Q55:	|........ ........ ........ ........| ok p=1
Q56:	|........ ........ ........ ........| ok p=1
Q57:	|........ ........ ........ ........| ok p=1
Q58:	|........ ........ ........ ........| ok p=1
Q59:	|........ ........ ........ ........| ok p=1
Q60:	|........ ........ .......0 ........| ok p=1
Q61:	|........ ........ .......0 ........| ok p=0.751953
Q62:	|........ ........ .......- ........| ok p=1
Q63:	|........ ........ .......- ........| ok p=0.866211
Q64:	|..+..... ........ .......- ........|
Saving 100000 paths...done.
Autobalance parameters: maxcond=35
Verified: 0 bad out of 136675
Estimating maxcond for upper bound 400000 (=100000 * 4)...
t=24: 0%   10   20   30   40   50   60   70   80   90   100%
      |----|----|----|----|----|----|----|----|----|----|
e     ***************************************************
Found maxcond = 44
t=24: 0%   10   20   30   40   50   60   70   80   90   100%
      |----|----|----|----|----|----|----|----|----|----|
      ***************************************************
Q21:	|........ ...+.... .....+.. .+.....+|
Q22:	|..1-.... .......- ...+.... 1.......|
Q23:	|..-...0. ........ .....-.. -.0.....|
Q24:	|...^..1. ..0....^ ...^.-.. ..1.....| ok p=0.979492
Q25:	|..^...+. ..1..... .....+.. ^.+.....| ok p=0.954102
Q26:	|.0...... ..+..... .....+.. ........| ok p=0.871094
Q27:	|.1....^. ........ .....-.. ..^.....| ok p=0.773438
Q28:	|.-...... ..^..... .....-.. ........| ok p=0.737305
Q29:	|.0...... ........ .....1.. ........| ok p=0.757812
Q30:	|.+...... ........ .....0.. ........| ok p=1
Q31:	|.+...... ........ ........ ........| ok p=0.745117
Q32:	|........ ........ ........ ........| ok p=1
Q33:	|.!...... ........ ........ ........| ok p=1
Q34:	|........ ........ ........ ........| ok p=1
Q35:	|........ ........ ........ ........| ok p=1
Q36:	|........ ........ ........ ........| ok p=1
Q37:	|........ ........ ........ ........| ok p=1
Q38:	|........ ........ ........ ........| ok p=1
Q39:	|........ ........ ........ ........| ok p=1
Q40:	|........ ........ ........ ........| ok p=1
Q41:	|........ ........ ........ ........| ok p=1
Q42:	|........ ........ ........ ........| ok p=1
Q43:	|........ ........ ........ ........| ok p=1
Q44:	|........ ........ ........ ........| ok p=1
Q45:	|........ ........ ........ ........| ok p=1
Q46:	|........ ........ ........ ........| ok p=1
Q47:	|........ ........ ........ ........| ok p=1
Q48:	|........ ........ ........ ........| ok p=1
Q49:	|........ ........ ........ ........| ok p=1
Q50:	|........ ........ ........ ........| ok p=1
Q51:	|........ ........ ........ ........| ok p=1
Q52:	|........ ........ ........ ........| ok p=1
Q53:	|........ ........ ........ ........| ok p=1
Q54:	|........ ........ ........ ........| ok p=1
Q55:	|........ ........ ........ ........| ok p=1
Q56:	|........ ........ ........ ........| ok p=1
Q57:	|........ ........ ........ ........| ok p=1
Q58:	|........ ........ ........ ........| ok p=1
Q59:	|........ ........ ........ ........| ok p=1
Q60:	|........ ........ .......0 ........| ok p=1
Q61:	|........ ........ .......0 ........| ok p=0.750977
Q62:	|........ ........ .......- ........| ok p=1
Q63:	|........ ........ .......- ........| ok p=0.852539
Q64:	|..+..... ........ .......- ........|
Saving 100000 paths...done.
Autobalance parameters: maxcond=43
Verified: 0 bad out of 131315
Estimating maxcond for upper bound 400000 (=100000 * 4)...
t=23: 0%   10   20   30   40   50   60   70   80   90   100%
      |----|----|----|----|----|----|----|----|----|----|
e     ***************************************************
Found maxcond = 53
t=23: 0%   10   20   30   40   50   60   70   80   90   100%
      |----|----|----|----|----|----|----|----|----|----|
      ***************************************************
Q20:	|........ ...+.-.. ........ ..+.....|
Q21:	|...1.... ...+...1 ...1.... +.....1.|
Q22:	|...-.... .......- ...+.... 0.-...-.|
Q23:	|......0. ...^.... ........ -.-.....| ok p=1
Q24:	|...^..1. ..0....^ ...^.0.. ..+...^.| ok p=0.985352
Q25:	|......+. ..1..... ........ ^.+.....| ok p=0.924805
Q26:	|.0...... ..+..... ....0-.. ..1.....| ok p=1
Q27:	|.1....^. ........ ....1-.. ..0.....| ok p=0.764648
Q28:	|.-...... ..^..... ....-+.. ........| ok p=0.744141
Q29:	|.0...... ........ .....0.. ........| ok p=0.758789
Q30:	|.+...... ........ ....^1.. ........| ok p=1
Q31:	|.+...... ........ ........ ........| ok p=0.745117
Q32:	|........ ........ ........ ........| ok p=1
Q33:	|.!...... ........ ........ ........| ok p=1
Q34:	|........ ........ ........ ........| ok p=1
Q35:	|........ ........ ........ ........| ok p=1
Q36:	|........ ........ ........ ........| ok p=1
Q37:	|........ ........ ........ ........| ok p=1
Q38:	|........ ........ ........ ........| ok p=1
Q39:	|........ ........ ........ ........| ok p=1
Q40:	|........ ........ ........ ........| ok p=1
Q41:	|........ ........ ........ ........| ok p=1
Q42:	|........ ........ ........ ........| ok p=1
Q43:	|........ ........ ........ ........| ok p=1
Q44:	|........ ........ ........ ........| ok p=1
Q45:	|........ ........ ........ ........| ok p=1
Q46:	|........ ........ ........ ........| ok p=1
Q47:	|........ ........ ........ ........| ok p=1
Q48:	|........ ........ ........ ........| ok p=1
Q49:	|........ ........ ........ ........| ok p=1
Q50:	|........ ........ ........ ........| ok p=1
Q51:	|........ ........ ........ ........| ok p=1
Q52:	|........ ........ ........ ........| ok p=1
Q53:	|........ ........ ........ ........| ok p=1
Q54:	|........ ........ ........ ........| ok p=1
Q55:	|........ ........ ........ ........| ok p=1
Q56:	|........ ........ ........ ........| ok p=1
Q57:	|........ ........ ........ ........| ok p=1
Q58:	|........ ........ ........ ........| ok p=1
Q59:	|........ ........ ........ ........| ok p=1
Q60:	|........ ........ .......0 ........| ok p=1
Q61:	|........ ........ .......0 ........| ok p=0.751953
Q62:	|........ ........ .......- ........| ok p=1
Q63:	|........ ........ .......- ........| ok p=0.882812
Q64:	|..+..... ........ .......- ........|
Saving 100000 paths...done.
Autobalance parameters: maxcond=52
Verified: 0 bad out of 107081
Estimating maxcond for upper bound 400000 (=100000 * 4)...
t=22: 0%   10   20   30   40   50   60   70   80   90   100%
      |----|----|----|----|----|----|----|----|----|----|
e     ***************************************************
Found maxcond = 60
t=22: 0%   10   20   30   40   50   60   70   80   90   100%
      |----|----|----|----|----|----|----|----|----|----|
      ***************************************************
Q19:	|.-....-. ....+... .+...... .....+..|
Q20:	|...0.... ...1+..+ ...0.... ......01|
Q21:	|...1.... ...+...0 ...1.... 0.....1+|
Q22:	|...-.... ....^..- ...+.... 1.....-.| ok p=0.705078
Q23:	|......0. ...^.... ........ -.0....^| ok p=1
Q24:	|...^..1. ..0....^ ...^.0.. ..1...^.| ok p=0.992188
Q25:	|......+. ..1..... ........ ^.+.....| ok p=0.932617
Q26:	|.0...... ..+..... ....0-.. ........| ok p=1
Q27:	|.1....^. ........ ....1-.. ..^.....| ok p=0.748047
Q28:	|.-...... ..^..... ....-+.. ........| ok p=0.736328
Q29:	|.0...... ........ .....0.. ........| ok p=0.742188
Q30:	|.+...... ........ ....^1.. ........| ok p=1
Q31:	|.+...... ........ ........ ........| ok p=0.759766
Q32:	|........ ........ ........ ........| ok p=1
Q33:	|.!...... ........ ........ ........| ok p=1
Q34:	|........ ........ ........ ........| ok p=1
Q35:	|........ ........ ........ ........| ok p=1
Q36:	|........ ........ ........ ........| ok p=1
Q37:	|........ ........ ........ ........| ok p=1
Q38:	|........ ........ ........ ........| ok p=1
Q39:	|........ ........ ........ ........| ok p=1
Q40:	|........ ........ ........ ........| ok p=1
Q41:	|........ ........ ........ ........| ok p=1
Q42:	|........ ........ ........ ........| ok p=1
Q43:	|........ ........ ........ ........| ok p=1
Q44:	|........ ........ ........ ........| ok p=1
Q45:	|........ ........ ........ ........| ok p=1
Q46:	|........ ........ ........ ........| ok p=1
Q47:	|........ ........ ........ ........| ok p=1
Q48:	|........ ........ ........ ........| ok p=1
Q49:	|........ ........ ........ ........| ok p=1
Q50:	|........ ........ ........ ........| ok p=1
Q51:	|........ ........ ........ ........| ok p=1
Q52:	|........ ........ ........ ........| ok p=1
Q53:	|........ ........ ........ ........| ok p=1
Q54:	|........ ........ ........ ........| ok p=1
Q55:	|........ ........ ........ ........| ok p=1
Q56:	|........ ........ ........ ........| ok p=1
Q57:	|........ ........ ........ ........| ok p=1
Q58:	|........ ........ ........ ........| ok p=1
Q59:	|........ ........ ........ ........| ok p=1
Q60:	|........ ........ .......0 ........| ok p=1
Q61:	|........ ........ .......0 ........| ok p=0.742188
Q62:	|........ ........ .......- ........| ok p=1
Q63:	|........ ........ .......- ........| ok p=0.863281
Q64:	|..+..... ........ .......- ........|
Saving 100000 paths...done.
Autobalance parameters: maxcond=59
Verified: 0 bad out of 118749
Estimating maxcond for upper bound 400000 (=100000 * 4)...
t=21: 0%   10   20   30   40   50   60   70   80   90   100%
      |----|----|----|----|----|----|----|----|----|----|
e     ***************************************************
Found maxcond = 71
t=21: 0%   10   20   30   40   50   60   70   80   90   100%
      |----|----|----|----|----|----|----|----|----|----|
      ***************************************************
Q18:	|......-. +...-... ....-... -....+.+|
Q19:	|.-....-. ...+1... .+...... ......++|
Q20:	|...0.... ...1+..0 ...0.... ......00|
Q21:	|.^.1..^. ...+1..1 .^.1.... 0.....1+| ok p=0.949219
Q22:	|...-.... ....0..- ...+.... 1.....-.| ok p=0.719727
Q23:	|......0. ...^.... ........ -.0....^| ok p=1
Q24:	|...^..1. ..0....^ ...^.0.. ..1...^.| ok p=0.991211
Q25:	|......+. ..1..... ........ ^.+.....| ok p=0.941406
Q26:	|.0...... ..+..... ....0-.. ........| ok p=1
Q27:	|.1....^. ........ ....1-.. ..^.....| ok p=0.744141
Q28:	|.-...... ..^..... ....-+.. ........| ok p=0.754883
Q29:	|.0...... ........ .....0.. ........| ok p=0.751953
Q30:	|.+...... ........ ....^1.. ........| ok p=1
Q31:	|.+...... ........ ........ ........| ok p=0.741211
Q32:	|........ ........ ........ ........| ok p=1
Q33:	|.!...... ........ ........ ........| ok p=1
Q34:	|........ ........ ........ ........| ok p=1
Q35:	|........ ........ ........ ........| ok p=1
Q36:	|........ ........ ........ ........| ok p=1
Q37:	|........ ........ ........ ........| ok p=1
Q38:	|........ ........ ........ ........| ok p=1
Q39:	|........ ........ ........ ........| ok p=1
Q40:	|........ ........ ........ ........| ok p=1
Q41:	|........ ........ ........ ........| ok p=1
Q42:	|........ ........ ........ ........| ok p=1
Q43:	|........ ........ ........ ........| ok p=1
Q44:	|........ ........ ........ ........| ok p=1
Q45:	|........ ........ ........ ........| ok p=1
Q46:	|........ ........ ........ ........| ok p=1
Q47:	|........ ........ ........ ........| ok p=1
Q48:	|........ ........ ........ ........| ok p=1
Q49:	|........ ........ ........ ........| ok p=1
Q50:	|........ ........ ........ ........| ok p=1
Q51:	|........ ........ ........ ........| ok p=1
Q52:	|........ ........ ........ ........| ok p=1
Q53:	|........ ........ ........ ........| ok p=1
Q54:	|........ ........ ........ ........| ok p=1
Q55:	|........ ........ ........ ........| ok p=1
Q56:	|........ ........ ........ ........| ok p=1
Q57:	|........ ........ ........ ........| ok p=1
Q58:	|........ ........ ........ ........| ok p=1
Q59:	|........ ........ ........ ........| ok p=1
Q60:	|........ ........ .......0 ........| ok p=1
Q61:	|........ ........ .......0 ........| ok p=0.75
Q62:	|........ ........ .......- ........| ok p=1
Q63:	|........ ........ .......- ........| ok p=0.875977
Q64:	|..+..... ........ .......- ........|
Saving 100000 paths...done.
Autobalance parameters: maxcond=70
Verified: 0 bad out of 127772
Runtime: 29.5273
Extend MD5 differential paths backward
Copyright (C) 2009 Marc Stevens
http://homepages.cwi.nl/~stevens/

delta_m[11] = [!-30!]
Loading workdir3/paths21_0of1...done: 100000 (work:100000).
Estimating maxcond for upper bound 65536 (=16384 * 4)...
t=20: 0%   10   20   30   40   50   60   70   80   90   100%
      |----|----|----|----|----|----|----|----|----|----|
e     ***************************************************
Found maxcond = 84
t=20: 0%   10   20   30   40   50   60   70   80   90   100%
      |----|----|----|----|----|----|----|----|----|----|
      ***************************************************
Q17:	|....+... ....-... .+...... ........|
Q18:	|.1....-. +...-... .1..-... -....+..|
Q19:	|.-....-. ...0+... .+...... .....+.0|
Q20:	|...0..0. ^..1+..0 ...0^... ^....001| ok p=1
Q21:	|.^.1..^. ...+0..1 .^.1.... 0....11+| ok p=0.942383
Q22:	|...-.... ....^..- ...+.... 1.....-.| ok p=0.708984
Q23:	|......0. ...^.... ........ -.0....^| ok p=0.999023
Q24:	|...^..1. ..0....^ ...^.0.. ..1...^.| ok p=0.998047
Q25:	|......+. ..1..... ........ ^.+.....| ok p=0.917969
Q26:	|.0...... ..+..... ....0-.. ........| ok p=1
Q27:	|.1....^. ........ ....1-.. ..^.....| ok p=0.733398
Q28:	|.-...... ..^..... ....-+.. ........| ok p=0.75
Q29:	|.0...... ........ .....0.. ........| ok p=0.710938
Q30:	|.+...... ........ ....^1.. ........| ok p=1
Q31:	|.+...... ........ ........ ........| ok p=0.748047
Q32:	|........ ........ ........ ........| ok p=1
Q33:	|.!...... ........ ........ ........| ok p=1
Q34:	|........ ........ ........ ........| ok p=1
Q35:	|........ ........ ........ ........| ok p=1
Q36:	|........ ........ ........ ........| ok p=1
Q37:	|........ ........ ........ ........| ok p=1
Q38:	|........ ........ ........ ........| ok p=1
Q39:	|........ ........ ........ ........| ok p=1
Q40:	|........ ........ ........ ........| ok p=1
Q41:	|........ ........ ........ ........| ok p=1
Q42:	|........ ........ ........ ........| ok p=1
Q43:	|........ ........ ........ ........| ok p=1
Q44:	|........ ........ ........ ........| ok p=1
Q45:	|........ ........ ........ ........| ok p=1
Q46:	|........ ........ ........ ........| ok p=1
Q47:	|........ ........ ........ ........| ok p=1
Q48:	|........ ........ ........ ........| ok p=1
Q49:	|........ ........ ........ ........| ok p=1
Q50:	|........ ........ ........ ........| ok p=1
Q51:	|........ ........ ........ ........| ok p=1
Q52:	|........ ........ ........ ........| ok p=1
Q53:	|........ ........ ........ ........| ok p=1
Q54:	|........ ........ ........ ........| ok p=1
Q55:	|........ ........ ........ ........| ok p=1
Q56:	|........ ........ ........ ........| ok p=1
Q57:	|........ ........ ........ ........| ok p=1
Q58:	|........ ........ ........ ........| ok p=1
Q59:	|........ ........ ........ ........| ok p=1
Q60:	|........ ........ .......0 ........| ok p=1
Q61:	|........ ........ .......0 ........| ok p=0.765625
Q62:	|........ ........ .......- ........| ok p=1
Q63:	|........ ........ .......- ........| ok p=0.859375
Q64:	|..+..... ........ .......- ........|
Saving 16384 paths...done.
Autobalance parameters: maxcond=83
Verified: 0 bad out of 22879
Runtime: 5.62259
Extend MD5 differential paths backward
Copyright (C) 2009 Marc Stevens
http://homepages.cwi.nl/~stevens/

delta_m[11] = [!-30!]
Loading workdir3/paths20_0of1...done: 16384 (work:16384).
Estimating maxcond for upper bound 2000000 (=500000 * 4)...
t=19: 0%   10   20   30   40   50   60   70   80   90   100%
      |----|----|----|----|----|----|----|----|----|----|
e     ***************************************************
Found maxcond = 95
t=19: 0%   10   20   30   40   50   60   70   80   90   100%
      |----|----|----|----|----|----|----|----|----|----|
      ***************************************************
Q16:	|......-. ....+... .-...+.. ..+..-.+|
Q17:	|.+..+... 1....... .0..1... 1.......|
Q18:	|.0....-. +...-... .0..-... -....+..|
Q19:	|.-..^.-. ...0-... .+...... .....+.0| ok p=0.75
Q20:	|...0..0. ^..0+..0 ...0^... ^....001| ok p=1
Q21:	|.^.1..^. ...+1..1 .^.1.... 0....11+| ok p=0.94043
Q22:	|...-.... ....^..- ...+.... 1.....-.| ok p=0.683594
Q23:	|......0. ...^.... ........ -.0....^| ok p=0.999023
Q24:	|...^..1. ..0....^ ...^.0.. ..1...^.| ok p=0.988281
Q25:	|......+. ..1..... ........ ^.+.....| ok p=0.929688
Q26:	|.0...... ..+..... ....0-.. ........| ok p=1
Q27:	|.1....^. ........ ....1-.. ..^.....| ok p=0.755859
Q28:	|.-...... ..^..... ....-+.. ........| ok p=0.756836
Q29:	|.0...... ........ .....0.. ........| ok p=0.766602
Q30:	|.+...... ........ ....^1.. ........| ok p=1
Q31:	|.+...... ........ ........ ........| ok p=0.732422
Q32:	|........ ........ ........ ........| ok p=1
Q33:	|.!...... ........ ........ ........| ok p=1
Q34:	|........ ........ ........ ........| ok p=1
Q35:	|........ ........ ........ ........| ok p=1
Q36:	|........ ........ ........ ........| ok p=1
Q37:	|........ ........ ........ ........| ok p=1
Q38:	|........ ........ ........ ........| ok p=1
Q39:	|........ ........ ........ ........| ok p=1
Q40:	|........ ........ ........ ........| ok p=1
Q41:	|........ ........ ........ ........| ok p=1
Q42:	|........ ........ ........ ........| ok p=1
Q43:	|........ ........ ........ ........| ok p=1
Q44:	|........ ........ ........ ........| ok p=1
Q45:	|........ ........ ........ ........| ok p=1
Q46:	|........ ........ ........ ........| ok p=1
Q47:	|........ ........ ........ ........| ok p=1
Q48:	|........ ........ ........ ........| ok p=1
Q49:	|........ ........ ........ ........| ok p=1
Q50:	|........ ........ ........ ........| ok p=1
Q51:	|........ ........ ........ ........| ok p=1
Q52:	|........ ........ ........ ........| ok p=1
Q53:	|........ ........ ........ ........| ok p=1
Q54:	|........ ........ ........ ........| ok p=1
Q55:	|........ ........ ........ ........| ok p=1
Q56:	|........ ........ ........ ........| ok p=1
Q57:	|........ ........ ........ ........| ok p=1
Q58:	|........ ........ ........ ........| ok p=1
Q59:	|........ ........ ........ ........| ok p=1
Q60:	|........ ........ .......0 ........| ok p=1
Q61:	|........ ........ .......0 ........| ok p=0.753906
Q62:	|........ ........ .......- ........| ok p=1
Q63:	|........ ........ .......- ........| ok p=0.862305
Q64:	|..+..... ........ .......- ........|
Saving 500000 paths...done.
Autobalance parameters: maxcond=93
Verified: 0 bad out of 907106
Estimating maxcond for upper bound 2000000 (=500000 * 4)...
t=18: 0%   10   20   30   40   50   60   70   80   90   100%
      |----|----|----|----|----|----|----|----|----|----|
e     ***************************************************
Found maxcond = 106
t=18: 0%   10   20   30   40   50   60   70   80   90   100%
      |----|----|----|----|----|----|----|----|----|----|
      ***************************************************
Q15:	|+.-...+. ....+..- ....-.-. .+.....+|
Q16:	|....1.-. -....... .-..0+.. +.+..-..|
Q17:	|.0..+.1. 0...-... .+..1... 0....0..|
Q18:	|.1....1. +...-... .1..-^.. -.^..+..| ok p=0.643555
Q19:	|.-..^.-. ...0+... .+...... .....+.0| ok p=0.708008
Q20:	|...0..0. ^..1+..0 ...0^... ^....001| ok p=1
Q21:	|.^.1..1. ...+0..1 .^.1.... 0....11+| ok p=0.952148
Q22:	|...-.... ....^..- ...+.... 1.....-.| ok p=0.720703
Q23:	|......0. ...^.... ........ -.0....^| ok p=1
Q24:	|...^..1. ..0....^ ...^.0.. ..1...^.| ok p=0.989258
Q25:	|......+. ..1..... ........ ^.+.....| ok p=0.930664
Q26:	|.0...... ..+..... ....0-.. ........| ok p=1
Q27:	|.1....^. ........ ....1-.. ..^.....| ok p=0.732422
Q28:	|.-...... ..^..... ....-+.. ........| ok p=0.729492
Q29:	|.0...... ........ .....0.. ........| ok p=0.767578
Q30:	|.+...... ........ ....^1.. ........| ok p=1
Q31:	|.+...... ........ ........ ........| ok p=0.740234
Q32:	|........ ........ ........ ........| ok p=1
Q33:	|.!...... ........ ........ ........| ok p=1
Q34:	|........ ........ ........ ........| ok p=1
Q35:	|........ ........ ........ ........| ok p=1
Q36:	|........ ........ ........ ........| ok p=1
Q37:	|........ ........ ........ ........| ok p=1
Q38:	|........ ........ ........ ........| ok p=1
Q39:	|........ ........ ........ ........| ok p=1
Q40:	|........ ........ ........ ........| ok p=1
Q41:	|........ ........ ........ ........| ok p=1
Q42:	|........ ........ ........ ........| ok p=1
Q43:	|........ ........ ........ ........| ok p=1
Q44:	|........ ........ ........ ........| ok p=1
Q45:	|........ ........ ........ ........| ok p=1
Q46:	|........ ........ ........ ........| ok p=1
Q47:	|........ ........ ........ ........| ok p=1
Q48:	|........ ........ ........ ........| ok p=1
Q49:	|........ ........ ........ ........| ok p=1
Q50:	|........ ........ ........ ........| ok p=1
Q51:	|........ ........ ........ ........| ok p=1
Q52:	|........ ........ ........ ........| ok p=1
Q53:	|........ ........ ........ ........| ok p=1
Q54:	|........ ........ ........ ........| ok p=1
Q55:	|........ ........ ........ ........| ok p=1
Q56:	|........ ........ ........ ........| ok p=1
Q57:	|........ ........ ........ ........| ok p=1
Q58:	|........ ........ ........ ........| ok p=1
Q59:	|........ ........ ........ ........| ok p=1
Q60:	|........ ........ .......0 ........| ok p=1
Q61:	|........ ........ .......0 ........| ok p=0.769531
Q62:	|........ ........ .......- ........| ok p=1
Q63:	|........ ........ .......- ........| ok p=0.875977
Q64:	|..+..... ........ .......- ........|
Saving 500000 paths...done.
Autobalance parameters: maxcond=105
Verified: 0 bad out of 548238
Estimating maxcond for upper bound 2000000 (=500000 * 4)...
t=17: 0%   10   20   30   40   50   60   70   80   90   100%
      |----|----|----|----|----|----|----|----|----|----|
e     ***************************************************
Found maxcond = 123
t=17: 0%   10   20   30   40   50   60   70   80   90   100%
      |----|----|----|----|----|----|----|----|----|----|
      ***************************************************
Q14:	|.-..+.+. +.....+. .+...-.. .....-..|
Q15:	|.++..+.. ....-..- .....1-. ..1...+.|
Q16:	|.0...1-. 0...+... ....0-.. 0.+.0.01|
Q17:	|.0^..--. 1...1..^ .0..0.^. 1...1.-.| ok p=0.804688
Q18:	|.1....-. +...-... .0..-^.. -.^.+.-+| ok p=0.631836
Q19:	|.-...^-. ...0-... .+...... ......++| ok p=0.71875
Q20:	|...0..1. ^..0+..0 ...0^... ^...^.+0| ok p=0.889648
Q21:	|.^.1..^. ...+1..1 .^.1.... 0.....0+| ok p=0.949219
Q22:	|...-.... ....^..- ...+.... 1.....-.| ok p=0.713867
Q23:	|......0. ...^.... ........ -.0....^| ok p=1
Q24:	|...^..1. ..0....^ ...^.0.. ..1...^.| ok p=0.990234
Q25:	|......+. ..1..... ........ ^.+.....| ok p=0.923828
Q26:	|.0...... ..+..... ....0-.. ........| ok p=1
Q27:	|.1....^. ........ ....1-.. ..^.....| ok p=0.759766
Q28:	|.-...... ..^..... ....-+.. ........| ok p=0.75
Q29:	|.0...... ........ .....0.. ........| ok p=0.754883
Q30:	|.+...... ........ ....^1.. ........| ok p=1
Q31:	|.+...... ........ ........ ........| ok p=0.745117
Q32:	|........ ........ ........ ........| ok p=1
Q33:	|.!...... ........ ........ ........| ok p=1
Q34:	|........ ........ ........ ........| ok p=1
Q35:	|........ ........ ........ ........| ok p=1
Q36:	|........ ........ ........ ........| ok p=1
Q37:	|........ ........ ........ ........| ok p=1
Q38:	|........ ........ ........ ........| ok p=1
Q39:	|........ ........ ........ ........| ok p=1
Q40:	|........ ........ ........ ........| ok p=1
Q41:	|........ ........ ........ ........| ok p=1
Q42:	|........ ........ ........ ........| ok p=1
Q43:	|........ ........ ........ ........| ok p=1
Q44:	|........ ........ ........ ........| ok p=1
Q45:	|........ ........ ........ ........| ok p=1
Q46:	|........ ........ ........ ........| ok p=1
Q47:	|........ ........ ........ ........| ok p=1
Q48:	|........ ........ ........ ........| ok p=1
Q49:	|........ ........ ........ ........| ok p=1
Q50:	|........ ........ ........ ........| ok p=1
Q51:	|........ ........ ........ ........| ok p=1
Q52:	|........ ........ ........ ........| ok p=1
Q53:	|........ ........ ........ ........| ok p=1
Q54:	|........ ........ ........ ........| ok p=1
Q55:	|........ ........ ........ ........| ok p=1
Q56:	|........ ........ ........ ........| ok p=1
Q57:	|........ ........ ........ ........| ok p=1
Q58:	|........ ........ ........ ........| ok p=1
Q59:	|........ ........ ........ ........| ok p=1
Q60:	|........ ........ .......0 ........| ok p=1
Q61:	|........ ........ .......0 ........| ok p=0.760742
Q62:	|........ ........ .......- ........| ok p=1
Q63:	|........ ........ .......- ........| ok p=0.87207
Q64:	|..+..... ........ .......- ........|
Saving 500000 paths...done.
Autobalance parameters: maxcond=122
Verified: 0 bad out of 538348
Estimating maxcond for upper bound 2000000 (=500000 * 4)...
t=16: 0%   10   20   30   40   50   60   70   80   90   100%
      |----|----|----|----|----|----|----|----|----|----|
e     ***************************************************
Found maxcond = 135
t=16: 0%   10   20   30   40   50   60   70   80   90   100%
      |----|----|----|----|----|----|----|----|----|----|
      ***************************************************
Q13:	|..+...+. .+..+... .-....+. .-...+.-|
Q14:	|.-1...+. .....-.1 .+...-1. .......1|
Q15:	|.++.0.+. ....+..- .1...0-. ..+..-.+|
Q16:	|.-..1.-. 0...+^.. .-..1+.. 0.+..-..| ok p=0.594727
Q17:	|.1^.+.1. 1...-..^ .0..1.^. 1.0..1.^| ok p=0.72168
Q18:	|.1....1. +...-... .0..-^.. -.^..+..| ok p=0.658203
Q19:	|.-..^.-. ...01... .+...... .....+.0| ok p=0.420898
Q20:	|...0..0. ^..1+..0 ...0^... ^....001| ok p=1
Q21:	|.^.1..1. ...+0..1 .^.1.... 0....11+| ok p=0.945312
Q22:	|...-.... ....1..- ...+.... 1.....-.| ok p=0.673828
Q23:	|......0. ...^.... ........ -.0....^| ok p=1
Q24:	|...^..1. ..0....^ ...^.0.. ..1...^.| ok p=0.990234
Q25:	|......+. ..1..... ........ ^.+.....| ok p=0.935547
Q26:	|.0...... ..+..... ....0-.. ........| ok p=1
Q27:	|.1....^. ........ ....1-.. ..^.....| ok p=0.732422
Q28:	|.-...... ..^..... ....-+.. ........| ok p=0.756836
Q29:	|.0...... ........ .....0.. ........| ok p=0.735352
Q30:	|.+...... ........ ....^1.. ........| ok p=1
Q31:	|.+...... ........ ........ ........| ok p=0.741211
Q32:	|........ ........ ........ ........| ok p=1
Q33:	|.!...... ........ ........ ........| ok p=1
Q34:	|........ ........ ........ ........| ok p=1
Q35:	|........ ........ ........ ........| ok p=1
Q36:	|........ ........ ........ ........| ok p=1
Q37:	|........ ........ ........ ........| ok p=1
Q38:	|........ ........ ........ ........| ok p=1
Q39:	|........ ........ ........ ........| ok p=1
Q40:	|........ ........ ........ ........| ok p=1
Q41:	|........ ........ ........ ........| ok p=1
Q42:	|........ ........ ........ ........| ok p=1
Q43:	|........ ........ ........ ........| ok p=1
Q44:	|........ ........ ........ ........| ok p=1
Q45:	|........ ........ ........ ........| ok p=1
Q46:	|........ ........ ........ ........| ok p=1
Q47:	|........ ........ ........ ........| ok p=1
Q48:	|........ ........ ........ ........| ok p=1
Q49:	|........ ........ ........ ........| ok p=1
Q50:	|........ ........ ........ ........| ok p=1
Q51:	|........ ........ ........ ........| ok p=1
Q52:	|........ ........ ........ ........| ok p=1
Q53:	|........ ........ ........ ........| ok p=1
Q54:	|........ ........ ........ ........| ok p=1
Q55:	|........ ........ ........ ........| ok p=1
Q56:	|........ ........ ........ ........| ok p=1
Q57:	|........ ........ ........ ........| ok p=1
Q58:	|........ ........ ........ ........| ok p=1
Q59:	|........ ........ ........ ........| ok p=1
Q60:	|........ ........ .......0 ........| ok p=1
Q61:	|........ ........ .......0 ........| ok p=0.727539
Q62:	|........ ........ .......- ........| ok p=1
Q63:	|........ ........ .......- ........| ok p=0.870117
Q64:	|..+..... ........ .......- ........|
Saving 500000 paths...done.
Autobalance parameters: maxcond=134
Verified: 0 bad out of 572647
Runtime: 111.95
