Connect MD5 differential paths
Copyright (C) 2009 Marc Stevens
http://homepages.cwi.nl/~stevens/

delta_m[11] = [!-30!]
Loading workdir3/paths16_0of1.bin.gz...done: 500000.
Loading workdir3/paths11_0of1.bin.gz...done: 500000.
t=12: 0%   10   20   30   40   50   60   70   80   90   100%
      |----|----|----|----|----|----|----|----|----|----|
      *Q-3:	|10000111 00010110 00110010 01000000|
Q-2:	|0+-10-00 -1111+-- --01111+ 110100-+|
Q-1:	|1+-0-+01 -0000010 +-0010+- 0101000-|
Q0:	|0101-+-+ +-1-0101 -+0-100+ 010+-00-| ok p=0.378906
Q1:	|.++..+-1 01.++... 1-.-..10 0..+0.++| ok p=0.638672
Q2:	|.++.0.-- 10.++.^. -0.+..++ +..-1.1-| ok p=1
Q3:	|!+...1++ .+.1-.+! 01.1..-0 01.1..1-| ok p=1
Q4:	|!.0^..0+ .0!+1.0. 1..1..10 111-..0.| ok p=1
Q5:	|.11+..0+ .1.--.1. -...^.0+ .-.+..11| ok p=1
Q6:	|..00..+. ...10.-. -...-^0- .-^+..+.| ok p=1
Q7:	|00.1..-0 ...10.0! 0...1.0- ..+...+.| ok p=1
Q8:	|10^-..-. ^...1.0. +0..1.+- .110....| ok p=1
Q9:	|0++0.... +1...0.. +1....+. ..0...0.| ok p=1
Q10:	|1+01..11 01.0.000 -+1110+0 ..01.110| ok p=1
Q11:	|0-0001.0 1+.1^+11 +-0000-. 000110+1| ok p=1
Q12:	|-011101+ 1-^+--++ +1+++++^ 11++0+-+| ok p=1
Q13:	|+10--+1- -1--00-- -+111-+- +++----+| ok p=1
Q14:	|11-000+1 00000-00 1+111110 001111.1| ok p=1
Q15:	|0++1-0+0 0.00+01- 11...1-0 10+11-1+| ok p=0.500977
Q16:	|.-1.0.-. 0...+1.. .-..1+.. 0.+..-..| ok p=0.470703
Q17:	|.10.+.1. 1...-..^ .0..1.^. 1.0..1.^| ok p=0.733398
Q18:	|.1....1. +...-... .0..-^.. -.0..+..| ok p=0.664062
Q19:	|.-..^.-. ...01... .+...... .....+.0| ok p=0.441406
Q20:	|...0..0. ^..1+..0 ...0^... ^....001| ok p=1
Q21:	|.^.1..1. ...+0..1 .^.1.... 0....11+| ok p=0.954102
Q22:	|...-.... ....1..- ...+.... 1.....-.| ok p=0.692383
Q23:	|......0. ...^.... ........ -.0....^| ok p=0.998047
Q24:	|...^..1. ..0....^ ...^.0.. ..1...^.| ok p=0.990234
Q25:	|......+. ..1..... ........ ^.+.....| ok p=0.932617
Q26:	|.0...... ..+..... ....0-.. ........| ok p=1
Q27:	|.1....^. ........ ....1-.. ..^.....| ok p=0.748047
Q28:	|.-...... ..^..... ....-+.. ........| ok p=0.75293
Q29:	|.0...... ........ .....0.. ........| ok p=0.743164
Q30:	|.+...... ........ ....^1.. ........| ok p=1
Q31:	|.+...... ........ ........ ........| ok p=0.74707
Q32:	|........ ........ ........ ........| ok p=1
Q33:	|.!...... ........ ........ ........| ok p=1
Q34:	|........ ........ ........ ........| ok p=1
Q35:	|........ ........ ........ ........| ok p=1
Q36:	|........ ........ ........ ........| ok p=1
Q37:	|........ ........ ........ ........| ok p=1
Q38:	|........ ........ ........ ........| ok p=1
Q39:	|........ ........ ........ ........| ok p=1
Q40:	|........ ........ ........ ........| ok p=1
Q41:	|........ ........ ........ ........| ok p=1
Q42:	|........ ........ ........ ........| ok p=1
Q43:	|........ ........ ........ ........| ok p=1
Q44:	|........ ........ ........ ........| ok p=1
Q45:	|........ ........ ........ ........| ok p=1
Q46:	|........ ........ ........ ........| ok p=1
Q47:	|........ ........ ........ ........| ok p=1
Q48:	|........ ........ ........ ........| ok p=1
Q49:	|........ ........ ........ ........| ok p=1
Q50:	|........ ........ ........ ........| ok p=1
Q51:	|........ ........ ........ ........| ok p=1
Q52:	|........ ........ ........ ........| ok p=1
Q53:	|........ ........ ........ ........| ok p=1
Q54:	|........ ........ ........ ........| ok p=1
Q55:	|........ ........ ........ ........| ok p=1
Q56:	|........ ........ ........ ........| ok p=1
Q57:	|........ ........ ........ ........| ok p=1
Q58:	|........ ........ ........ ........| ok p=1
Q59:	|........ ........ ........ ........| ok p=1
Q60:	|........ ........ .......0 ........| ok p=1
Q61:	|........ ........ .......0 ........| ok p=0.760742
Q62:	|........ ........ .......- ........| ok p=1
Q63:	|........ ........ .......- ........| ok p=0.855469
Q64:	|..+..... ........ .......- ........|
Best path: totcompl=-26 tottunnel=33, totcond=576, p=0.00149009
Q-3:	|10000111 00010110 00110010 01000000|
Q-2:	|0+-10-00 -1111+-- --01111+ 110100-+|
Q-1:	|1+-0-+01 -0000010 +-0010+- 0101000-|
Q0:	|0101-+-+ +-1-0101 -+0-100+ 010+-00-| ok p=0.380859
Q1:	|.++..+-1 01.++... 1-.-..10 0..+0.++| ok p=0.676758
Q2:	|.++.0.-- 10.++.^. -0.+..++ +..-1.1-| ok p=1
Q3:	|!+...1++ .+.1-.+! 01.1..-0 01.1..1-| ok p=1
Q4:	|!00^..0+ .0!+1.0. 1..1..10 111-..0.| ok p=1
Q5:	|.1.+..0+ .1.--.1. -...^.0+ .-.+..11| ok p=1
Q6:	|.0.0..+. ...10.-. -...-^0- .-^+..+.| ok p=1
Q7:	|00.1..-0 ...10.0! 0...1.0- ..+...+.| ok p=1
Q8:	|10^-..-. ^...1.0. +0..1.+- .110....| ok p=1
Q9:	|0++0.... +1...0.. +1....+. ..0...0.| ok p=1
Q10:	|1+01..11 01.0.000 -+1110+0 .....110| ok p=1
Q11:	|0-0001.0 1+.1^+11 +-0000-1 ..^^10+1| ok p=1
Q12:	|-011101+ 1-^+--++ +1+++++0 ^^++0+-+| ok p=1
Q13:	|+10--+1- -1--00-- -+111-+- ++00+--+| ok p=1
Q14:	|11-000+1 00000-00 1+111110 001111.1| ok p=1
Q15:	|0++1-0+0 0.00+01- 11...1-0 10+.1-1+| ok p=0.506836
Q16:	|.-1.0.-. 0...+1.. .-..1+.. 0.+..-..| ok p=0.459961
Q17:	|.10.+.1. 1...-..^ .0..1.^. 1.0..1.^| ok p=0.770508
Q18:	|.1....1. +...-... .0..-^.. -.0..+..| ok p=0.651367
Q19:	|.-..^.-. ...01... .+...... .....+.0| ok p=0.417969
Q20:	|...0..0. ^..1+..0 ...0^... ^....001| ok p=1
Q21:	|.^.1..1. ...+0..1 .^.1.... 0....11+| ok p=0.933594
Q22:	|...-.... ....1..- ...+.... 1.....-.| ok p=0.689453
Q23:	|......0. ...^.... ........ -.0....^| ok p=1
Q24:	|...^..1. ..0....^ ...^.0.. ..1...^.| ok p=0.991211
Q25:	|......+. ..1..... ........ ^.+.....| ok p=0.926758
Q26:	|.0...... ..+..... ....0-.. ........| ok p=1
Q27:	|.1....^. ........ ....1-.. ..^.....| ok p=0.750977
Q28:	|.-...... ..^..... ....-+.. ........| ok p=0.759766
Q29:	|.0...... ........ .....0.. ........| ok p=0.75293
Q30:	|.+...... ........ ....^1.. ........| ok p=1
Q31:	|.+...... ........ ........ ........| ok p=0.766602
Q32:	|........ ........ ........ ........| ok p=1
Q33:	|.!...... ........ ........ ........| ok p=1
Q34:	|........ ........ ........ ........| ok p=1
Q35:	|........ ........ ........ ........| ok p=1
Q36:	|........ ........ ........ ........| ok p=1
Q37:	|........ ........ ........ ........| ok p=1
Q38:	|........ ........ ........ ........| ok p=1
Q39:	|........ ........ ........ ........| ok p=1
Q40:	|........ ........ ........ ........| ok p=1
Q41:	|........ ........ ........ ........| ok p=1
Q42:	|........ ........ ........ ........| ok p=1
Q43:	|........ ........ ........ ........| ok p=1
Q44:	|........ ........ ........ ........| ok p=1
Q45:	|........ ........ ........ ........| ok p=1
Q46:	|........ ........ ........ ........| ok p=1
Q47:	|........ ........ ........ ........| ok p=1
Q48:	|........ ........ ........ ........| ok p=1
Q49:	|........ ........ ........ ........| ok p=1
Q50:	|........ ........ ........ ........| ok p=1
Q51:	|........ ........ ........ ........| ok p=1
Q52:	|........ ........ ........ ........| ok p=1
Q53:	|........ ........ ........ ........| ok p=1
Q54:	|........ ........ ........ ........| ok p=1
Q55:	|........ ........ ........ ........| ok p=1
Q56:	|........ ........ ........ ........| ok p=1
Q57:	|........ ........ ........ ........| ok p=1
Q58:	|........ ........ ........ ........| ok p=1
Q59:	|........ ........ ........ ........| ok p=1
Q60:	|........ ........ .......0 ........| ok p=1
Q61:	|........ ........ .......0 ........| ok p=0.763672
Q62:	|........ ........ .......- ........| ok p=1
Q63:	|........ ........ .......- ........| ok p=0.857422
Q64:	|..+..... ........ .......- ........|
Best path: totcompl=-26 tottunnel=33, totcond=572, p=0.00161228
Q-3:	|10000111 00010110 00110010 01000000|
Q-2:	|0+-10-00 -1111+-- --01111+ 110100-+|
Q-1:	|1+-0-+01 -0000010 +-0010+- 0101000-|
Q0:	|0101-+-+ +-1-0101 -+0-100+ 010+-00-| ok p=0.385742
Q1:	|.++..+-1 01.++... 1-.-..10 0..+0.++| ok p=0.623047
Q2:	|.++.0.-- 10.++.^. -0.+..++ +..-1.1-| ok p=1
Q3:	|!+...1++ .+.1-.+! 01.1..-0 01.1..1-| ok p=1
Q4:	|!00^..0+ .0!+1.0. 1..11.10 11.-..0.| ok p=1
Q5:	|.1.+..0+ .1.--.1. -...1.0+ .-^+..11| ok p=1
Q6:	|.0.0..+. ...10.-. -...-^.- .-^+..+.| ok p=1
Q7:	|.1.1..-0 ...01.0! 0...1..- ..+...+.| ok p=1
Q8:	|!1^-..-. ^.0..!0. +...1..- .110....| ok p=1
Q9:	|!++0..1. +.0...0. +^..0... ..11..01| ok p=1
Q10:	|.+11110. 00-00.-. 1-100..1 ...00011| ok p=1
Q11:	|0+0000-. 11+01.+! 1100-0.0 00.1111+| ok p=1
Q12:	|1-+++++^ 1+-+-^-^ -++++1.1 111++---| ok p=1
Q13:	|-1-1-+-+ -0--1+++ ------0- -+101+-+| ok p=1
Q14:	|0-11-.+0 11.101+1 .+000-10 001111.1| ok p=1
Q15:	|100++1+0 1.10+0+0 110000.- 01-..-0+| ok p=0.942383
Q16:	|.1..0.-. 0...1.1. .-..0+.. 1.+..-..| ok p=0.592773
Q17:	|.+.^+.+. 1...-.1. .0..1..^ 1.1..1.^| ok p=0.791992
Q18:	|.+....-. +...-... .0..-^.. -.0..+..| ok p=0.451172
Q19:	|.-..^.-. ...0+... .+...... .....+.0| ok p=0.770508
Q20:	|.0.0..1. ^..1+..0 ...0^... ^....001| ok p=1
Q21:	|.1.1..1. ...+0..1 .^.1.... 0....11+| ok p=0.949219
Q22:	|...-.... ....0..- ...+.... 1.....-.| ok p=0.701172
Q23:	|......0. ...^.... ........ -.0....^| ok p=1
Q24:	|...^..1. ..0....^ ...^.0.. ..1...^.| ok p=0.995117
Q25:	|......+. ..1..... ........ ^.+.....| ok p=0.9375
Q26:	|.0...... ..+..... ....0-.. ........| ok p=1
Q27:	|.1....^. ........ ....1-.. ..^.....| ok p=0.761719
Q28:	|.-...... ..^..... ....-+.. ........| ok p=0.766602
Q29:	|.0...... ........ .....0.. ........| ok p=0.750977
Q30:	|.+...... ........ ....^1.. ........| ok p=1
Q31:	|.+...... ........ ........ ........| ok p=0.719727
Q32:	|........ ........ ........ ........| ok p=1
Q33:	|.!...... ........ ........ ........| ok p=1
Q34:	|........ ........ ........ ........| ok p=1
Q35:	|........ ........ ........ ........| ok p=1
Q36:	|........ ........ ........ ........| ok p=1
Q37:	|........ ........ ........ ........| ok p=1
Q38:	|........ ........ ........ ........| ok p=1
Q39:	|........ ........ ........ ........| ok p=1
Q40:	|........ ........ ........ ........| ok p=1
Q41:	|........ ........ ........ ........| ok p=1
Q42:	|........ ........ ........ ........| ok p=1
Q43:	|........ ........ ........ ........| ok p=1
Q44:	|........ ........ ........ ........| ok p=1
Q45:	|........ ........ ........ ........| ok p=1
Q46:	|........ ........ ........ ........| ok p=1
Q47:	|........ ........ ........ ........| ok p=1
Q48:	|........ ........ ........ ........| ok p=1
Q49:	|........ ........ ........ ........| ok p=1
Q50:	|........ ........ ........ ........| ok p=1
Q51:	|........ ........ ........ ........| ok p=1
Q52:	|........ ........ ........ ........| ok p=1
Q53:	|........ ........ ........ ........| ok p=1
Q54:	|........ ........ ........ ........| ok p=1
Q55:	|........ ........ ........ ........| ok p=1
Q56:	|........ ........ ........ ........| ok p=1
Q57:	|........ ........ ........ ........| ok p=1
Q58:	|........ ........ ........ ........| ok p=1
Q59:	|........ ........ ........ ........| ok p=1
Q60:	|........ ........ .......0 ........| ok p=1
Q61:	|........ ........ .......0 ........| ok p=0.768555
Q62:	|........ ........ .......- ........| ok p=1
Q63:	|........ ........ .......- ........| ok p=0.853516
Q64:	|..+..... ........ .......- ........|
Best path: totcompl=-26 tottunnel=33, totcond=569, p=0.00415322
Q-3:	|10000111 00010110 00110010 01000000|
Q-2:	|0+-10-00 -1111+-- --01111+ 110100-+|
Q-1:	|1+-0-+01 -0000010 +-0010+- 0101000-|
Q0:	|0101-+-+ +-1-0101 -+0-100+ 010+-00-| ok p=0.386719
Q1:	|.++..+-1 01.++... 1-.-..10 0..+0.++| ok p=0.673828
Q2:	|.++.0.-- 10.++.^. -0.+..++ +..-1.1-| ok p=1
Q3:	|!+...1++ .+.1-.+! 01.1..-0 01.1..1-| ok p=1
Q4:	|!.0^..0+ .0!+1.0. 1..11.10 11.-..0.| ok p=1
Q5:	|!1.+..0+ .1.--.1. -...1.0+ .-^+..11| ok p=1
Q6:	|!..0..+. ...10.-. -...-^.- .-^+..+.| ok p=1
Q7:	|1..1..-0 ...0100! 0...1..- ..+...+.| ok p=1
Q8:	|0^^-..-. ^.1..10. +...0..- .110....| ok p=1
Q9:	|1++0..1. +.0..-.. +^...... .00...00| ok p=1
Q10:	|0011.11. 00-1.-.. .-.0!^01 00.0...0| ok p=1
Q11:	|110010-. 11+1001^ 11^1^-01 1+01..1+| ok p=1
Q12:	|++0.1-+^ 1+--1+0- 1++++1++ +-0+.^0+| ok p=1
Q13:	|10+0-+-+ -0--+1+0 -+1111++ +++0.+-1| ok p=1
Q14:	|-101-1+0 11..-0+1 00101-.1 .1-1.100| ok p=1
Q15:	|010++1+0 1.11+.-. 01...01- 10-..-1+| ok p=0.755859
Q16:	|0...0.-. 0...0.0. .-..0+.. 1.+..-..| ok p=0.599609
Q17:	|.+.^+.+. 1...-.0. .+..1..^ 1.1..1.^| ok p=0.783203
Q18:	|.+....-. +...-... .1..-^.. -.0..+..| ok p=0.430664
Q19:	|.-..^.-. ...0+... .+...... .....+.0| ok p=0.782227
Q20:	|.0.0..1. ^..1+..0 ...0^... ^....001| ok p=1
Q21:	|.1.1..1. ...+0..1 .^.1.... 0....11+| ok p=0.948242
Q22:	|...-.... ....0..- ...+.... 1.....-.| ok p=0.6875
Q23:	|......0. ...^.... ........ -.0....^| ok p=1
Q24:	|...^..1. ..0....^ ...^.0.. ..1...^.| ok p=0.993164
Q25:	|......+. ..1..... ........ ^.+.....| ok p=0.93457
Q26:	|.0...... ..+..... ....0-.. ........| ok p=1
Q27:	|.1....^. ........ ....1-.. ..^.....| ok p=0.758789
Q28:	|.-...... ..^..... ....-+.. ........| ok p=0.754883
Q29:	|.0...... ........ .....0.. ........| ok p=0.744141
Q30:	|.+...... ........ ....^1.. ........| ok p=1
Q31:	|.+...... ........ ........ ........| ok p=0.750977
Q32:	|........ ........ ........ ........| ok p=1
Q33:	|.!...... ........ ........ ........| ok p=1
Q34:	|........ ........ ........ ........| ok p=1
Q35:	|........ ........ ........ ........| ok p=1
Q36:	|........ ........ ........ ........| ok p=1
Q37:	|........ ........ ........ ........| ok p=1
Q38:	|........ ........ ........ ........| ok p=1
Q39:	|........ ........ ........ ........| ok p=1
Q40:	|........ ........ ........ ........| ok p=1
Q41:	|........ ........ ........ ........| ok p=1
Q42:	|........ ........ ........ ........| ok p=1
Q43:	|........ ........ ........ ........| ok p=1
Q44:	|........ ........ ........ ........| ok p=1
Q45:	|........ ........ ........ ........| ok p=1
Q46:	|........ ........ ........ ........| ok p=1
Q47:	|........ ........ ........ ........| ok p=1
Q48:	|........ ........ ........ ........| ok p=1
Q49:	|........ ........ ........ ........| ok p=1
Q50:	|........ ........ ........ ........| ok p=1
Q51:	|........ ........ ........ ........| ok p=1
Q52:	|........ ........ ........ ........| ok p=1
Q53:	|........ ........ ........ ........| ok p=1
Q54:	|........ ........ ........ ........| ok p=1
Q55:	|........ ........ ........ ........| ok p=1
Q56:	|........ ........ ........ ........| ok p=1
Q57:	|........ ........ ........ ........| ok p=1
Q58:	|........ ........ ........ ........| ok p=1
Q59:	|........ ........ ........ ........| ok p=1
Q60:	|........ ........ .......0 ........| ok p=1
Q61:	|........ ........ .......0 ........| ok p=0.768555
Q62:	|........ ........ .......- ........| ok p=1
Q63:	|........ ........ .......- ........| ok p=0.882812
Q64:	|..+..... ........ .......- ........|
Best path: totcompl=-24 tottunnel=35, totcond=561, p=0.00324703
Best paths: 2
Q-3:	|10000111 00010110 00110010 01000000|
Q-2:	|0+-10-00 -1111+-- --01111+ 110100-+|
Q-1:	|1+-0-+01 -0000010 +-0010+- 0101000-|
Q0:	|0101-+-+ +-1-0101 -+0-100+ 010+-00-| ok p=0.37793
Q1:	|.++..+-1 01.++... 1-.-..10 0..+0.++| ok p=0.637695
Q2:	|.++.0.-- 10.++.^. -0.+..++ +..-1.1-| ok p=1
Q3:	|!+...1++ .+.1-.+! 01.1..-0 01.1..1-| ok p=1
Q4:	|!00^..0+ .0!+1.0. 1..11.10 111-..0.| ok p=1
Q5:	|.1.+..0+ .1.--.1. -...100+ .-.+..11| ok p=1
Q6:	|.0.0..+. ...10.-. -...-..- .-^+..+.| ok p=1
Q7:	|1..1..-0 ...0100! 0...1..- ..+...+.| ok p=1
Q8:	|0^^-..-. ^.1..10. +...0..- .110....| ok p=1
Q9:	|1++0..1. +.0..-.. +^...1.. .00...00| ok p=1
Q10:	|0011.11. 00-1.-.. .-.0.1.1 10.0...0| ok p=1
Q11:	|110.10-. 11+1001^ 11^1^-1. 0+01..1+| ok p=1
Q12:	|++0^1-+^ 1+--1+0- 1+++++0^ --0+.^0+| ok p=1
Q13:	|10+0-+-+ -0--+1+0 -+1111++ +++0.+-1| ok p=1
Q14:	|-101-1+0 11..-0+1 00101-11 11-1.100| ok p=1
Q15:	|010++1+0 1.11+.-. 01...01- 10-..-1+| ok p=0.763672
Q16:	|0...0.-. 0...0.0. .-..0+.. 1.+..-..| ok p=0.62207
Q17:	|.+.^+.+. 1...-.0. .+..1..^ 1.1..1.^| ok p=0.770508
Q18:	|.+....-. +...-... .1..-^.. -.0..+..| ok p=0.435547
Q19:	|.-..^.-. ...0+... .+...... .....+.0| ok p=0.787109
Q20:	|.0.0..1. ^..1+..0 ...0^... ^....001| ok p=1
Q21:	|.1.1..1. ...+0..1 .^.1.... 0....11+| ok p=0.936523
Q22:	|...-.... ....0..- ...+.... 1.....-.| ok p=0.692383
Q23:	|......0. ...^.... ........ -.0....^| ok p=1
Q24:	|...^..1. ..0....^ ...^.0.. ..1...^.| ok p=0.991211
Q25:	|......+. ..1..... ........ ^.+.....| ok p=0.928711
Q26:	|.0...... ..+..... ....0-.. ........| ok p=1
Q27:	|.1....^. ........ ....1-.. ..^.....| ok p=0.749023
Q28:	|.-...... ..^..... ....-+.. ........| ok p=0.746094
Q29:	|.0...... ........ .....0.. ........| ok p=0.746094
Q30:	|.+...... ........ ....^1.. ........| ok p=1
Q31:	|.+...... ........ ........ ........| ok p=0.750977
Q32:	|........ ........ ........ ........| ok p=1
Q33:	|.!...... ........ ........ ........| ok p=1
Q34:	|........ ........ ........ ........| ok p=1
Q35:	|........ ........ ........ ........| ok p=1
Q36:	|........ ........ ........ ........| ok p=1
Q37:	|........ ........ ........ ........| ok p=1
Q38:	|........ ........ ........ ........| ok p=1
Q39:	|........ ........ ........ ........| ok p=1
Q40:	|........ ........ ........ ........| ok p=1
Q41:	|........ ........ ........ ........| ok p=1
Q42:	|........ ........ ........ ........| ok p=1
Q43:	|........ ........ ........ ........| ok p=1
Q44:	|........ ........ ........ ........| ok p=1
Q45:	|........ ........ ........ ........| ok p=1
Q46:	|........ ........ ........ ........| ok p=1
Q47:	|........ ........ ........ ........| ok p=1
Q48:	|........ ........ ........ ........| ok p=1
Q49:	|........ ........ ........ ........| ok p=1
Q50:	|........ ........ ........ ........| ok p=1
Q51:	|........ ........ ........ ........| ok p=1
Q52:	|........ ........ ........ ........| ok p=1
Q53:	|........ ........ ........ ........| ok p=1
Q54:	|........ ........ ........ ........| ok p=1
Q55:	|........ ........ ........ ........| ok p=1
Q56:	|........ ........ ........ ........| ok p=1
Q57:	|........ ........ ........ ........| ok p=1
Q58:	|........ ........ ........ ........| ok p=1
Q59:	|........ ........ ........ ........| ok p=1
Q60:	|........ ........ .......0 ........| ok p=1
Q61:	|........ ........ .......0 ........| ok p=0.775391
Q62:	|........ ........ .......- ........| ok p=1
Q63:	|........ ........ .......- ........| ok p=0.859375
Q64:	|..+..... ........ .......- ........|
Best path: totcompl=-23 tottunnel=36, totcond=561, p=0.00362988
Best paths: 2
Q-3:	|10000111 00010110 00110010 01000000|
Q-2:	|0+-10-00 -1111+-- --01111+ 110100-+|
Q-1:	|1+-0-+01 -0000010 +-0010+- 0101000-|
Q0:	|0101-+-+ +-1-0101 -+0-100+ 010+-00-| ok p=0.371094
Q1:	|.++..+-1 01.++... 1-.-..10 0..+0.++| ok p=0.648438
Q2:	|.++.0.-- 10.++.^. -0.+..++ +..-1.1-| ok p=1
Q3:	|!+...1++ .+.1-.+! 01.1..-0 01.1..1-| ok p=1
Q4:	|!.0^..0+ .0!+1.0. 1..1..10 11.-..0.| ok p=1
Q5:	|!1.+..0+ .1.--.1. -...^.0+ .-^+..11| ok p=1
Q6:	|.0.0..+. ...10.-. -...-^0- .-^+..+.| ok p=1
Q7:	|.1.1..-0 ...10.0! 0...1.0- ..+...+.| ok p=1
Q8:	|!1^-..-. ^...1.0. +0..1.+- .110....| ok p=1
Q9:	|!++0.... +0...... +1....+1 ..0...0.| ok p=1
Q10:	|!+01..1. 10.10^.1 -+....+0 ...1.100| ok p=1
Q11:	|!-0..1.0 1+.00+^1 1-...11- .10110+1| ok p=1
Q12:	|^-0.1011 0+.+-1-+ 0+^^^00- ^11+0+-+| ok p=1
Q13:	|---01-1- --.+-01+ -0+++++- +++----+| ok p=1
Q14:	|0-11-0+0 10..1-00 1+010-+. 000011.1| ok p=1
Q15:	|0+1++0+0 10.0+0.- 011111-1 01+11-1+| ok p=0.489258
Q16:	|.-..0.-. 0...+0.. .-..1+1. 0.+..-..| ok p=0.734375
Q17:	|.1.^+.1. 1...-..^ .0..1.0. 1.0..1.^| ok p=0.728516
Q18:	|.1....1. +...-... .0..-^.. -.0..+..| ok p=0.661133
Q19:	|.-..^.-. ...01... .+...... .....+.0| ok p=0.453125
Q20:	|...0..0. ^..1+..0 ...0^... ^....001| ok p=1
Q21:	|.^.1..1. ...+0..1 .^.1.... 0....11+| ok p=0.945312
Q22:	|...-.... ....1..- ...+.... 1.....-.| ok p=0.710938
Q23:	|......0. ...^.... ........ -.0....^| ok p=1
Q24:	|...^..1. ..0....^ ...^.0.. ..1...^.| ok p=0.991211
Q25:	|......+. ..1..... ........ ^.+.....| ok p=0.919922
Q26:	|.0...... ..+..... ....0-.. ........| ok p=1
Q27:	|.1....^. ........ ....1-.. ..^.....| ok p=0.748047
Q28:	|.-...... ..^..... ....-+.. ........| ok p=0.74707
Q29:	|.0...... ........ .....0.. ........| ok p=0.768555
Q30:	|.+...... ........ ....^1.. ........| ok p=1
Q31:	|.+...... ........ ........ ........| ok p=0.716797
Q32:	|........ ........ ........ ........| ok p=1
Q33:	|.!...... ........ ........ ........| ok p=1
Q34:	|........ ........ ........ ........| ok p=1
Q35:	|........ ........ ........ ........| ok p=1
Q36:	|........ ........ ........ ........| ok p=1
Q37:	|........ ........ ........ ........| ok p=1
Q38:	|........ ........ ........ ........| ok p=1
Q39:	|........ ........ ........ ........| ok p=1
Q40:	|........ ........ ........ ........| ok p=1
Q41:	|........ ........ ........ ........| ok p=1
Q42:	|........ ........ ........ ........| ok p=1
Q43:	|........ ........ ........ ........| ok p=1
Q44:	|........ ........ ........ ........| ok p=1
Q45:	|........ ........ ........ ........| ok p=1
Q46:	|........ ........ ........ ........| ok p=1
Q47:	|........ ........ ........ ........| ok p=1
Q48:	|........ ........ ........ ........| ok p=1
Q49:	|........ ........ ........ ........| ok p=1
Q50:	|........ ........ ........ ........| ok p=1
Q51:	|........ ........ ........ ........| ok p=1
Q52:	|........ ........ ........ ........| ok p=1
Q53:	|........ ........ ........ ........| ok p=1
Q54:	|........ ........ ........ ........| ok p=1
Q55:	|........ ........ ........ ........| ok p=1
Q56:	|........ ........ ........ ........| ok p=1
Q57:	|........ ........ ........ ........| ok p=1
Q58:	|........ ........ ........ ........| ok p=1
Q59:	|........ ........ ........ ........| ok p=1
Q60:	|........ ........ .......0 ........| ok p=1
Q61:	|........ ........ .......0 ........| ok p=0.754883
Q62:	|........ ........ .......- ........| ok p=1
Q63:	|........ ........ .......- ........| ok p=0.869141
Q64:	|..+..... ........ .......- ........|
Best path: totcompl=-23 tottunnel=36, totcond=560, p=0.00208864
Best paths: 2
Q-3:	|10000111 00010110 00110010 01000000|
Q-2:	|0+-10-00 -1111+-- --01111+ 110100-+|
Q-1:	|1+-0-+01 -0000010 +-0010+- 0101000-|
Q0:	|0101-+-+ +-1-0101 -+0-100+ 010+-00-| ok p=0.371094
Q1:	|.++..+-1 01.++... 1-.-..10 0..+0.++| ok p=0.683594
Q2:	|.++.0.-- 10.++.^. -0.+..++ +..-1.1-| ok p=1
Q3:	|!+...1++ .+.1-.+! 01.1..-0 01.1..1-| ok p=1
Q4:	|!.0^..0+ .0!+1.0. 1..1..10 111-..0.| ok p=1
Q5:	|.11+..0+ .1.--.1. -...^.0+ .-.+..11| ok p=1
Q6:	|..00..+. ...10.-. -...-^0- .-^+..+.| ok p=1
Q7:	|.1.1..-0 ...10.0! 0...1.0- ..+...+.| ok p=1
Q8:	|!1^-..-. ^..0..0. +0..1.+- .110....| ok p=1
Q9:	|!++0.... +0...... +1....+1 ..0...0.| ok p=1
Q10:	|!+01..1. 10.10^.1 -+....+0 ..1.0000| ok p=1
Q11:	|!-0..1.0 1+.00+^1 1-...11- 011.01+1| ok p=1
Q12:	|^-0.1011 0+.+-1-+ 0+^^^00- 10+^---+| ok p=1
Q13:	|---01-1- --.+-01+ -0+++++- +++----+| ok p=1
Q14:	|0-11-0+0 10..1-00 1+010-+. 0001.1.1| ok p=1
Q15:	|0+1++0+0 10.0+0.- 011111-1 01+11-1+| ok p=0.473633
Q16:	|.-..0.-. 0...+0.. .-..1+1. 0.+..-..| ok p=0.743164
Q17:	|.1.^+.1. 1...-..^ .0..1.0. 1.0..1.^| ok p=0.735352
Q18:	|.1....1. +...-... .0..-^.. -.0..+..| ok p=0.635742
Q19:	|.-..^.-. ...01... .+...... .....+.0| ok p=0.438477
Q20:	|...0..0. ^..1+..0 ...0^... ^....001| ok p=1
Q21:	|.^.1..1. ...+0..1 .^.1.... 0....11+| ok p=0.950195
Q22:	|...-.... ....1..- ...+.... 1.....-.| ok p=0.667969
Q23:	|......0. ...^.... ........ -.0....^| ok p=1
Q24:	|...^..1. ..0....^ ...^.0.. ..1...^.| ok p=0.986328
Q25:	|......+. ..1..... ........ ^.+.....| ok p=0.927734
Q26:	|.0...... ..+..... ....0-.. ........| ok p=1
Q27:	|.1....^. ........ ....1-.. ..^.....| ok p=0.737305
Q28:	|.-...... ..^..... ....-+.. ........| ok p=0.75293
Q29:	|.0...... ........ .....0.. ........| ok p=0.719727
Q30:	|.+...... ........ ....^1.. ........| ok p=1
Q31:	|.+...... ........ ........ ........| ok p=0.749023
Q32:	|........ ........ ........ ........| ok p=1
Q33:	|.!...... ........ ........ ........| ok p=1
Q34:	|........ ........ ........ ........| ok p=1
Q35:	|........ ........ ........ ........| ok p=1
Q36:	|........ ........ ........ ........| ok p=1
Q37:	|........ ........ ........ ........| ok p=1
Q38:	|........ ........ ........ ........| ok p=1
Q39:	|........ ........ ........ ........| ok p=1
Q40:	|........ ........ ........ ........| ok p=1
Q41:	|........ ........ ........ ........| ok p=1
Q42:	|........ ........ ........ ........| ok p=1
Q43:	|........ ........ ........ ........| ok p=1
Q44:	|........ ........ ........ ........| ok p=1
Q45:	|........ ........ ........ ........| ok p=1
Q46:	|........ ........ ........ ........| ok p=1
Q47:	|........ ........ ........ ........| ok p=1
Q48:	|........ ........ ........ ........| ok p=1
Q49:	|........ ........ ........ ........| ok p=1
Q50:	|........ ........ ........ ........| ok p=1
Q51:	|........ ........ ........ ........| ok p=1
Q52:	|........ ........ ........ ........| ok p=1
Q53:	|........ ........ ........ ........| ok p=1
Q54:	|........ ........ ........ ........| ok p=1
Q55:	|........ ........ ........ ........| ok p=1
Q56:	|........ ........ ........ ........| ok p=1
Q57:	|........ ........ ........ ........| ok p=1
Q58:	|........ ........ ........ ........| ok p=1
Q59:	|........ ........ ........ ........| ok p=1
Q60:	|........ ........ .......0 ........| ok p=1
Q61:	|........ ........ .......0 ........| ok p=0.750977
Q62:	|........ ........ .......- ........| ok p=1
Q63:	|........ ........ .......- ........| ok p=0.873047
Q64:	|..+..... ........ .......- ........|
Best path: totcompl=-22 tottunnel=37, totcond=560, p=0.00202808
Best paths: 2
Q-3:	|10000111 00010110 00110010 01000000|
Q-2:	|0+-10-00 -1111+-- --01111+ 110100-+|
Q-1:	|1+-0-+01 -0000010 +-0010+- 0101000-|
Q0:	|0101-+-+ +-1-0101 -+0-100+ 010+-00-| ok p=0.426758
Q1:	|.++..+-1 01.++... 1-.-..10 0..+0.++| ok p=0.651367
Q2:	|.++.0.-- 10.++.^. -0.+..++ +..-1.1-| ok p=1
Q3:	|!+...1++ .+.1-.+! 01.1..-0 01.1..1-| ok p=1
Q4:	|!.0^..0+ .0!+1.0. 1..1..10 111-..0.| ok p=1
Q5:	|.11+..0+ .1.--.1. -...^.0+ .-.+..11| ok p=1
Q6:	|..00..+. ...10.-. -...-^0- .-^+..+.| ok p=1
Q7:	|.1.1..-0 ...10.0! 0...1.1- ..+...+.| ok p=1
Q8:	|!1^-..-. ^...1.0. +0..1.1+ .110....| ok p=1
Q9:	|!++0.... +0...... +1....+1 ..0...0.| ok p=1
Q10:	|!+01..1. 10.10^.1 -+....+0 .....100| ok p=1
Q11:	|!-0..1.0 1+.00+^1 1-...11- .0.^10+1| ok p=1
Q12:	|^-0.1011 0+.+-1-+ 0+^^^00- ^11+0+-+| ok p=1
Q13:	|---01-1- --.+-01+ -0+++++- ++.0+--+| ok p=1
Q14:	|0-11-0+0 10..1-00 1+010-+. 00^111.1| ok p=1
Q15:	|0+1++0+0 10.0+0.- 011111-1 01+.1-1+| ok p=0.454102
Q16:	|.-..0.-. 0...+0.. .-..1+1. 0.+..-..| ok p=0.732422
Q17:	|.1.^+.1. 1...-..^ .0..1.0. 1.0..1.^| ok p=0.740234
Q18:	|.1....1. +...-... .0..-^.. -.0..+..| ok p=0.649414
Q19:	|.-..^.-. ...01... .+...... .....+.0| ok p=0.419922
Q20:	|...0..0. ^..1+..0 ...0^... ^....001| ok p=1
Q21:	|.^.1..1. ...+0..1 .^.1.... 0....11+| ok p=0.944336
Q22:	|...-.... ....1..- ...+.... 1.....-.| ok p=0.689453
Q23:	|......0. ...^.... ........ -.0....^| ok p=1
Q24:	|...^..1. ..0....^ ...^.0.. ..1...^.| ok p=0.993164
Q25:	|......+. ..1..... ........ ^.+.....| ok p=0.933594
Q26:	|.0...... ..+..... ....0-.. ........| ok p=1
Q27:	|.1....^. ........ ....1-.. ..^.....| ok p=0.734375
Q28:	|.-...... ..^..... ....-+.. ........| ok p=0.771484
Q29:	|.0...... ........ .....0.. ........| ok p=0.765625
Q30:	|.+...... ........ ....^1.. ........| ok p=1
Q31:	|.+...... ........ ........ ........| ok p=0.761719
Q32:	|........ ........ ........ ........| ok p=1
Q33:	|.!...... ........ ........ ........| ok p=1
Q34:	|........ ........ ........ ........| ok p=1
Q35:	|........ ........ ........ ........| ok p=1
Q36:	|........ ........ ........ ........| ok p=1
Q37:	|........ ........ ........ ........| ok p=1
Q38:	|........ ........ ........ ........| ok p=1
Q39:	|........ ........ ........ ........| ok p=1
Q40:	|........ ........ ........ ........| ok p=1
Q41:	|........ ........ ........ ........| ok p=1
Q42:	|........ ........ ........ ........| ok p=1
Q43:	|........ ........ ........ ........| ok p=1
Q44:	|........ ........ ........ ........| ok p=1
Q45:	|........ ........ ........ ........| ok p=1
Q46:	|........ ........ ........ ........| ok p=1
Q47:	|........ ........ ........ ........| ok p=1
Q48:	|........ ........ ........ ........| ok p=1
Q49:	|........ ........ ........ ........| ok p=1
Q50:	|........ ........ ........ ........| ok p=1
Q51:	|........ ........ ........ ........| ok p=1
Q52:	|........ ........ ........ ........| ok p=1
Q53:	|........ ........ ........ ........| ok p=1
Q54:	|........ ........ ........ ........| ok p=1
Q55:	|........ ........ ........ ........| ok p=1
Q56:	|........ ........ ........ ........| ok p=1
Q57:	|........ ........ ........ ........| ok p=1
Q58:	|........ ........ ........ ........| ok p=1
Q59:	|........ ........ ........ ........| ok p=1
Q60:	|........ ........ .......0 ........| ok p=1
Q61:	|........ ........ .......0 ........| ok p=0.733398
Q62:	|........ ........ .......- ........| ok p=1
Q63:	|........ ........ .......- ........| ok p=0.875
Q64:	|..+..... ........ .......- ........|
Best path: totcompl=-22 tottunnel=37, totcond=556, p=0.00208266
Best paths: 2
**Q-3:	|10000111 00010110 00110010 01000000|
Q-2:	|0+-10-00 -1111+-- --01111+ 110100-+|
Q-1:	|1+-0-+01 -0000010 +-0010+- 0101000-|
Q0:	|0101-+-+ +-1-0101 -+0-100+ 010+-00-| ok p=0.380859
Q1:	|.++..+-1 01.++... 1-.-..10 0..+0.++| ok p=0.662109
Q2:	|.++.0.-- 10.++.^. -0.+..++ +..-1.1-| ok p=1
Q3:	|!+...1++ .+.1-.+! 01.1..-0 01.1..1-| ok p=1
Q4:	|!.0^..0+ .0!+1.0. 1..1..10 11.-..0.| ok p=1
Q5:	|.11+..0+ .1.--.1. -...^.0+ .-^+..11| ok p=1
Q6:	|!..0..+. ...10.-. -...-^0- .-^+..+.| ok p=1
Q7:	|.1.1..-0 ...10.0! 0...1.-+ ..+...+.| ok p=1
Q8:	|!1^-..-. ^..0..0. +...1.1+ .110....| ok p=1
Q9:	|!++0.... +.....0. 1^...1+. ..11..0.| ok p=1
Q10:	|.+11..0. 0^0001-1 --1000+0 ...0..1.| ok p=1
Q11:	|0+11...0 1+0111+0 -1011--. 1101..0.| ok p=1
Q12:	|1000.^11 00++++0+ .-+++0+^ 010+.^+.| ok p=1
Q13:	|-1--1-1- --+0-+-0 101111+- -++0.+-0| ok p=1
Q14:	|0-0000+1 00.00.+0 .1001100 00-1.110| ok p=1
Q15:	|10+1-1+0 100.+1-. .1...10- 01-..-0+| ok p=0.794922
Q16:	|.1..0.-. 0...1.0. .-..0+.. 1.+..-..| ok p=0.576172
Q17:	|.+^.+.+. 1...-.0. .+..1..^ 1.1..1.^| ok p=0.77832
Q18:	|.+....-. +...-... .1..-^.. -.0..+..| ok p=0.451172
Q19:	|.-..^.-. ...0+... .+...... .....+.0| ok p=0.749023
Q20:	|.0.0..1. ^..1+..0 ...0^... ^....001| ok p=1
Q21:	|.1.1..1. ...+0..1 .^.1.... 0....11+| ok p=0.947266
Q22:	|...-.... ....0..- ...+.... 1.....-.| ok p=0.700195
Q23:	|......0. ...^.... ........ -.0....^| ok p=1
Q24:	|...^..1. ..0....^ ...^.0.. ..1...^.| ok p=0.995117
Q25:	|......+. ..1..... ........ ^.+.....| ok p=0.920898
Q26:	|.0...... ..+..... ....0-.. ........| ok p=1
Q27:	|.1....^. ........ ....1-.. ..^.....| ok p=0.744141
Q28:	|.-...... ..^..... ....-+.. ........| ok p=0.75293
Q29:	|.0...... ........ .....0.. ........| ok p=0.770508
Q30:	|.+...... ........ ....^1.. ........| ok p=1
Q31:	|.+...... ........ ........ ........| ok p=0.743164
Q32:	|........ ........ ........ ........| ok p=1
Q33:	|.!...... ........ ........ ........| ok p=1
Q34:	|........ ........ ........ ........| ok p=1
Q35:	|........ ........ ........ ........| ok p=1
Q36:	|........ ........ ........ ........| ok p=1
Q37:	|........ ........ ........ ........| ok p=1
Q38:	|........ ........ ........ ........| ok p=1
Q39:	|........ ........ ........ ........| ok p=1
Q40:	|........ ........ ........ ........| ok p=1
Q41:	|........ ........ ........ ........| ok p=1
Q42:	|........ ........ ........ ........| ok p=1
Q43:	|........ ........ ........ ........| ok p=1
Q44:	|........ ........ ........ ........| ok p=1
Q45:	|........ ........ ........ ........| ok p=1
Q46:	|........ ........ ........ ........| ok p=1
Q47:	|........ ........ ........ ........| ok p=1
Q48:	|........ ........ ........ ........| ok p=1
Q49:	|........ ........ ........ ........| ok p=1
Q50:	|........ ........ ........ ........| ok p=1
Q51:	|........ ........ ........ ........| ok p=1
Q52:	|........ ........ ........ ........| ok p=1
Q53:	|........ ........ ........ ........| ok p=1
Q54:	|........ ........ ........ ........| ok p=1
Q55:	|........ ........ ........ ........| ok p=1
Q56:	|........ ........ ........ ........| ok p=1
Q57:	|........ ........ ........ ........| ok p=1
Q58:	|........ ........ ........ ........| ok p=1
Q59:	|........ ........ ........ ........| ok p=1
Q60:	|........ ........ .......0 ........| ok p=1
Q61:	|........ ........ .......0 ........| ok p=0.742188
Q62:	|........ ........ .......- ........| ok p=1
Q63:	|........ ........ .......- ........| ok p=0.875977
Q64:	|..+..... ........ .......- ........|
Best path: totcompl=-20 tottunnel=39, totcond=556, p=0.00364196
Q-3:	|10000111 00010110 00110010 01000000|
Q-2:	|0+-10-00 -1111+-- --01111+ 110100-+|
Q-1:	|1+-0-+01 -0000010 +-0010+- 0101000-|
Q0:	|0101-+-+ +-1-0101 -+0-100+ 010+-00-| ok p=0.371094
Q1:	|.++..+-1 01.++... 1-.-..10 0..+0.++| ok p=0.639648
Q2:	|.++.0.-- 10.++.^. -0.+..++ +..-1.1-| ok p=1
Q3:	|!+...1++ .+.1-.+! 01.1..-0 01.1..1-| ok p=1
Q4:	|!.0^..0+ .0!+1.0. 1..1..10 111-..0.| ok p=1
Q5:	|.11+..0+ .1.--.1. -...^.0+ .-.+..11| ok p=1
Q6:	|!..0..+. ...10.-. -...-^0- .-^+..+.| ok p=1
Q7:	|.1.1..-0 ...10.0! 0...1.-+ ..+...+.| ok p=1
Q8:	|!1^-..-. ^...1.0. +...1.1+ .110....| ok p=1
Q9:	|!++0.... +.....0. 1^...1+. .01...0.| ok p=1
Q10:	|.+11..0. 0^0001-1 --.100+0 ...0..1.| ok p=1
Q11:	|0+11...0 1+0111+0 -1^01--. 1101..0.| ok p=1
Q12:	|1000.^11 00++++0+ .-+++0+^ 010+.^+.| ok p=1
Q13:	|-1--1-1- --+0-+-0 101111+- -++0.+-0| ok p=1
Q14:	|0-0000+1 00.00.+0 .1001100 00-1.110| ok p=1
Q15:	|10+1-1+0 100.+1-. .1...10- 01-..-0+| ok p=0.789062
Q16:	|.1..0.-. 0...1.0. .-..0+.. 1.+..-..| ok p=0.597656
Q17:	|.+^.+.+. 1...-.0. .+..1..^ 1.1..1.^| ok p=0.80957
Q18:	|.+....-. +...-... .1..-^.. -.0..+..| ok p=0.418945
Q19:	|.-..^.-. ...0+... .+...... .....+.0| ok p=0.777344
Q20:	|.0.0..1. ^..1+..0 ...0^... ^....001| ok p=1
Q21:	|.1.1..1. ...+0..1 .^.1.... 0....11+| ok p=0.956055
Q22:	|...-.... ....0..- ...+.... 1.....-.| ok p=0.735352
Q23:	|......0. ...^.... ........ -.0....^| ok p=1
Q24:	|...^..1. ..0....^ ...^.0.. ..1...^.| ok p=0.991211
Q25:	|......+. ..1..... ........ ^.+.....| ok p=0.929688
Q26:	|.0...... ..+..... ....0-.. ........| ok p=1
Q27:	|.1....^. ........ ....1-.. ..^.....| ok p=0.761719
Q28:	|.-...... ..^..... ....-+.. ........| ok p=0.744141
Q29:	|.0...... ........ .....0.. ........| ok p=0.742188
Q30:	|.+...... ........ ....^1.. ........| ok p=1
Q31:	|.+...... ........ ........ ........| ok p=0.748047
Q32:	|........ ........ ........ ........| ok p=1
Q33:	|.!...... ........ ........ ........| ok p=1
Q34:	|........ ........ ........ ........| ok p=1
Q35:	|........ ........ ........ ........| ok p=1
Q36:	|........ ........ ........ ........| ok p=1
Q37:	|........ ........ ........ ........| ok p=1
Q38:	|........ ........ ........ ........| ok p=1
Q39:	|........ ........ ........ ........| ok p=1
Q40:	|........ ........ ........ ........| ok p=1
Q41:	|........ ........ ........ ........| ok p=1
Q42:	|........ ........ ........ ........| ok p=1
Q43:	|........ ........ ........ ........| ok p=1
Q44:	|........ ........ ........ ........| ok p=1
Q45:	|........ ........ ........ ........| ok p=1
Q46:	|........ ........ ........ ........| ok p=1
Q47:	|........ ........ ........ ........| ok p=1
Q48:	|........ ........ ........ ........| ok p=1
Q49:	|........ ........ ........ ........| ok p=1
Q50:	|........ ........ ........ ........| ok p=1
Q51:	|........ ........ ........ ........| ok p=1
Q52:	|........ ........ ........ ........| ok p=1
Q53:	|........ ........ ........ ........| ok p=1
Q54:	|........ ........ ........ ........| ok p=1
Q55:	|........ ........ ........ ........| ok p=1
Q56:	|........ ........ ........ ........| ok p=1
Q57:	|........ ........ ........ ........| ok p=1
Q58:	|........ ........ ........ ........| ok p=1
Q59:	|........ ........ ........ ........| ok p=1
Q60:	|........ ........ .......0 ........| ok p=1
Q61:	|........ ........ .......0 ........| ok p=0.755859
Q62:	|........ ........ .......- ........| ok p=1
Q63:	|........ ........ .......- ........| ok p=0.873047
Q64:	|..+..... ........ .......- ........|
Best path: totcompl=-20 tottunnel=39, totcond=555, p=0.00350933
Q-3:	|10000111 00010110 00110010 01000000|
Q-2:	|0+-10-00 -1111+-- --01111+ 110100-+|
Q-1:	|1+-0-+01 -0000010 +-0010+- 0101000-|
Q0:	|0101-+-+ +-1-0101 -+0-100+ 010+-00-| ok p=0.376953
Q1:	|.++..+-1 01.++... 1-.-..10 0..+0.++| ok p=0.654297
Q2:	|.++.0.-- 10.++.^. -0.+..++ +..-1.1-| ok p=1
Q3:	|!+...1++ .+.1-.+! 01.1..-0 01.1..1-| ok p=1
Q4:	|!.0^..0+ .0!+1.0. 1..1..10 11.-..0.| ok p=1
Q5:	|.11+..0+ .1.--.1. -...^.0+ .-^+..11| ok p=1
Q6:	|..00..+. ...10.-. -...-^0- .-^+..+.| ok p=1
Q7:	|.1.1..-0 ...10.0! 0...1.-+ ..+...+.| ok p=1
Q8:	|!1^-..-. ^...1.0. +...1.1+ .110....| ok p=1
Q9:	|!++0.... +.....0. 1^...1+. ..11..0.| ok p=1
Q10:	|.+11..0. 0^0001-1 --..10+0 ...0..1.| ok p=1
Q11:	|0+11...0 1+0111+0 -1^^0--. 1101..0.| ok p=1
Q12:	|1000.^11 00++++0+ .-+++0+^ 010+.^+.| ok p=1
Q13:	|-1--1-1- --+0-+-0 101111+- -++0.+-0| ok p=1
Q14:	|0-0000+1 00.00.+0 .1001100 00-1.110| ok p=1
Q15:	|10+1-1+0 100.+1-. .1...10- 01-..-0+| ok p=0.824219
Q16:	|.1..0.-. 0...1.0. .-..0+.. 1.+..-..| ok p=0.588867
Q17:	|.+^.+.+. 1...-.0. .+..1..^ 1.1..1.^| ok p=0.797852
Q18:	|.+....-. +...-... .1..-^.. -.0..+..| ok p=0.453125
Q19:	|.-..^.-. ...0+... .+...... .....+.0| ok p=0.760742
Q20:	|.0.0..1. ^..1+..0 ...0^... ^....001| ok p=1
Q21:	|.1.1..1. ...+0..1 .^.1.... 0....11+| ok p=0.952148
Q22:	|...-.... ....0..- ...+.... 1.....-.| ok p=0.714844
Q23:	|......0. ...^.... ........ -.0....^| ok p=1
Q24:	|...^..1. ..0....^ ...^.0.. ..1...^.| ok p=0.987305
Q25:	|......+. ..1..... ........ ^.+.....| ok p=0.950195
Q26:	|.0...... ..+..... ....0-.. ........| ok p=1
Q27:	|.1....^. ........ ....1-.. ..^.....| ok p=0.754883
Q28:	|.-...... ..^..... ....-+.. ........| ok p=0.776367
Q29:	|.0...... ........ .....0.. ........| ok p=0.739258
Q30:	|.+...... ........ ....^1.. ........| ok p=1
Q31:	|.+...... ........ ........ ........| ok p=0.741211
Q32:	|........ ........ ........ ........| ok p=1
Q33:	|.!...... ........ ........ ........| ok p=1
Q34:	|........ ........ ........ ........| ok p=1
Q35:	|........ ........ ........ ........| ok p=1
Q36:	|........ ........ ........ ........| ok p=1
Q37:	|........ ........ ........ ........| ok p=1
Q38:	|........ ........ ........ ........| ok p=1
Q39:	|........ ........ ........ ........| ok p=1
Q40:	|........ ........ ........ ........| ok p=1
Q41:	|........ ........ ........ ........| ok p=1
Q42:	|........ ........ ........ ........| ok p=1
Q43:	|........ ........ ........ ........| ok p=1
Q44:	|........ ........ ........ ........| ok p=1
Q45:	|........ ........ ........ ........| ok p=1
Q46:	|........ ........ ........ ........| ok p=1
Q47:	|........ ........ ........ ........| ok p=1
Q48:	|........ ........ ........ ........| ok p=1
Q49:	|........ ........ ........ ........| ok p=1
Q50:	|........ ........ ........ ........| ok p=1
Q51:	|........ ........ ........ ........| ok p=1
Q52:	|........ ........ ........ ........| ok p=1
Q53:	|........ ........ ........ ........| ok p=1
Q54:	|........ ........ ........ ........| ok p=1
Q55:	|........ ........ ........ ........| ok p=1
Q56:	|........ ........ ........ ........| ok p=1
Q57:	|........ ........ ........ ........| ok p=1
Q58:	|........ ........ ........ ........| ok p=1
Q59:	|........ ........ ........ ........| ok p=1
Q60:	|........ ........ .......0 ........| ok p=1
Q61:	|........ ........ .......0 ........| ok p=0.744141
Q62:	|........ ........ .......- ........| ok p=1
Q63:	|........ ........ .......- ........| ok p=0.863281
Q64:	|..+..... ........ .......- ........|
Best path: totcompl=-19 tottunnel=40, totcond=554, p=0.0040837
Best paths: 2
**Q-3:	|10000111 00010110 00110010 01000000|
Q-2:	|0+-10-00 -1111+-- --01111+ 110100-+|
Q-1:	|1+-0-+01 -0000010 +-0010+- 0101000-|
Q0:	|0101-+-+ +-1-0101 -+0-100+ 010+-00-| ok p=0.361328
Q1:	|.++..+-1 01.++... 1-.-..10 0..+0.++| ok p=0.65332
Q2:	|.++.0.-- 10.++.^. -0.+..++ +..-1.1-| ok p=1
Q3:	|!+...1++ .+.1-.+! 01.1..-0 01.1..1-| ok p=1
Q4:	|!00^..0+ .0!+1.0. 1..1..10 111-..0.| ok p=1
Q5:	|.1.+..0+ .1.--.1. -...^.0+ .-.+..11| ok p=1
Q6:	|.0.0..+. ...10.-. -...-^0- .-^+..+.| ok p=1
Q7:	|11.1..-0 ...10.0! 0...1.0- ..+...+.| ok p=1
Q8:	|01^-..-. ^...1.0. +0..1.+- .110....| ok p=1
Q9:	|1++0.... +0...... +1....+1 ..0...0.| ok p=1
Q10:	|0+01..1. 10..1^.1 -+....+0 ...1.100| ok p=1
Q11:	|1-0...00 1+..1+^1 1-10001- 01.100+1| ok p=1
Q12:	|1-0...11 0+.^+1-+ 0+01110- 10.+1+-+| ok p=1
Q13:	|---.1.++ --.+-01+ -0+++++- ++^+---+| ok p=1
Q14:	|0-1.1.+0 10.11-00 1+001-+. 00^.11.1| ok p=1
Q15:	|0++.-.+0 10.0+0.- 011111-1 01+11-1+| ok p=0.5
Q16:	|.-..0.-. 0...+0.. .-..1+1. 0.+..-..| ok p=0.720703
Q17:	|.1^.+.1. 1...-..^ .0..1.0. 1.0..1.^| ok p=0.748047
Q18:	|.1....1. +...-... .0..-^.. -.0..+..| ok p=0.628906
Q19:	|.-..^.-. ...01... .+...... .....+.0| ok p=0.431641
Q20:	|...0..0. ^..1+..0 ...0^... ^....001| ok p=1
Q21:	|.^.1..1. ...+0..1 .^.1.... 0....11+| ok p=0.946289
Q22:	|...-.... ....1..- ...+.... 1.....-.| ok p=0.724609
Q23:	|......0. ...^.... ........ -.0....^| ok p=1
Q24:	|...^..1. ..0....^ ...^.0.. ..1...^.| ok p=0.993164
Q25:	|......+. ..1..... ........ ^.+.....| ok p=0.907227
Q26:	|.0...... ..+..... ....0-.. ........| ok p=1
Q27:	|.1....^. ........ ....1-.. ..^.....| ok p=0.745117
Q28:	|.-...... ..^..... ....-+.. ........| ok p=0.75293
Q29:	|.0...... ........ .....0.. ........| ok p=0.777344
Q30:	|.+...... ........ ....^1.. ........| ok p=1
Q31:	|.+...... ........ ........ ........| ok p=0.701172
Q32:	|........ ........ ........ ........| ok p=1
Q33:	|.!...... ........ ........ ........| ok p=1
Q34:	|........ ........ ........ ........| ok p=1
Q35:	|........ ........ ........ ........| ok p=1
Q36:	|........ ........ ........ ........| ok p=1
Q37:	|........ ........ ........ ........| ok p=1
Q38:	|........ ........ ........ ........| ok p=1
Q39:	|........ ........ ........ ........| ok p=1
Q40:	|........ ........ ........ ........| ok p=1
Q41:	|........ ........ ........ ........| ok p=1
Q42:	|........ ........ ........ ........| ok p=1
Q43:	|........ ........ ........ ........| ok p=1
Q44:	|........ ........ ........ ........| ok p=1
Q45:	|........ ........ ........ ........| ok p=1
Q46:	|........ ........ ........ ........| ok p=1
Q47:	|........ ........ ........ ........| ok p=1
Q48:	|........ ........ ........ ........| ok p=1
Q49:	|........ ........ ........ ........| ok p=1
Q50:	|........ ........ ........ ........| ok p=1
Q51:	|........ ........ ........ ........| ok p=1
Q52:	|........ ........ ........ ........| ok p=1
Q53:	|........ ........ ........ ........| ok p=1
Q54:	|........ ........ ........ ........| ok p=1
Q55:	|........ ........ ........ ........| ok p=1
Q56:	|........ ........ ........ ........| ok p=1
Q57:	|........ ........ ........ ........| ok p=1
Q58:	|........ ........ ........ ........| ok p=1
Q59:	|........ ........ ........ ........| ok p=1
Q60:	|........ ........ .......0 ........| ok p=1
Q61:	|........ ........ .......0 ........| ok p=0.761719
Q62:	|........ ........ .......- ........| ok p=1
Q63:	|........ ........ .......- ........| ok p=0.894531
Q64:	|..+..... ........ .......- ........|
Best path: totcompl=-19 tottunnel=40, totcond=553, p=0.00229928
