Extend MD5 differential paths forward
Copyright (C) 2009 Marc Stevens
http://homepages.cwi.nl/~stevens/

delta_m[11] = [!-30!]
Loading workdir3/lowerpath.bin.gz...done: 1.
Estimating maxcond for upper bound 8000000 (=2000000 * 4)...
t=1:  0%   10   20   30   40   50   60   70   80   90   100%
      |----|----|----|----|----|----|----|----|----|----|
e     ***************************************************
Found maxcond = 2176
t=1:  0%   10   20   30   40   50   60   70   80   90   100%
      |----|----|----|----|----|----|----|----|----|----|
      ***************************************************
Q-3:	|10000111 00010110 00110010 01000000|
Q-2:	|0+-10-00 -1111+-- --01111+ 110100-+|
Q-1:	|1+-0-+01 -0000010 +-0010+- 0101000-|
Q0:	|0101-+-+ +-1-0101 -+0-100+ 010+-00-| ok p=0.376953
Q1:	|.++...+0 10.++... 0-.-..11 ...+0.++| ok p=0.738281
Q2:	|+..-.-.+ .+..-... -..+.+.. -..+.+.-|
Saving 24320 paths...done.
Autobalance parameters: maxcond=2176
Verified: 5696 bad out of 30016
Estimating maxcond for upper bound 8000000 (=2000000 * 4)...
t=2:  0%   10   20   30   40   50   60   70   80   90   100%
      |----|----|----|----|----|----|----|----|----|----|
e     ***************************************************
Found maxcond = 167
t=2:  0%   10   20   30   40   50   60   70   80   90   100%
      |----|----|----|----|----|----|----|----|----|----|
      ***************************************************
Q-3:	|10000111 00010110 00110010 01000000|
Q-2:	|0+-10-00 -1111+-- --01111+ 110100-+|
Q-1:	|1+-0-+01 -0000010 +-0010+- 0101000-|
Q0:	|0101-+-+ +-1-0101 -+0-100+ 010+-00-| ok p=0.358398
Q1:	|.++..+-1 10.++... 1-.-..11 0..+0.++| ok p=0.637695
Q2:	|.++.1.-1 --.1-... -0.+..++ +...1.++| ok p=0.606445
Q3:	|.+..+.-. -.-.-.+. ...+..-. +.+..+.-|
Saving 2000000 paths...done.
Autobalance parameters: maxcond=166
Verified: 20928 bad out of 2463916
Estimating maxcond for upper bound 8000000 (=2000000 * 4)...
t=3:  0%   10   20   30   40   50   60   70   80   90   100%
      |----|----|----|----|----|----|----|----|----|----|
e     ***************************************************
Found maxcond = 183
t=3:  0%   10   20   30   40   50   60   70   80   90   100%
      |----|----|----|----|----|----|----|----|----|----|
      ***************************************************
Q-3:	|10000111 00010110 00110010 01000000|
Q-2:	|0+-10-00 -1111+-- --01111+ 110100-+|
Q-1:	|1+-0-+01 -0000010 +-0010+- 0101000-|
Q0:	|0101-+-+ +-1-0101 -+0-100+ 010+-00-| ok p=0.741211
Q1:	|-0-...+0 00.++... 1-.-..01 1..+0.++| ok p=0.648438
Q2:	|-0-.10-0 --.++... -1.+..-0 -..01.++| ok p=0.453125
Q3:	|.+....0. +0..-... +1.+..0. -..+..+.| ok p=0.475586
Q4:	|+....+.- ...+.... ..-...+. -.-...-.|
Saving 2000000 paths...done.
Autobalance parameters: maxcond=182
Verified: 72 bad out of 2737329
Estimating maxcond for upper bound 8000000 (=2000000 * 4)...
t=4:  0%   10   20   30   40   50   60   70   80   90   100%
      |----|----|----|----|----|----|----|----|----|----|
e     ***************************************************
Found maxcond = 199
t=4:  0%   10   20   30   40   50   60   70   80   90   100%
      |----|----|----|----|----|----|----|----|----|----|
      ***************************************************
Q-3:	|10000111 00010110 00110010 01000000|
Q-2:	|0+-10-00 -1111+-- --01111+ 110100-+|
Q-1:	|1+-0-+01 -0000010 +-0010+- 0101000-|
Q0:	|0101-+-+ +-1-0101 -+0-100+ 010+-00-| ok p=0.37793
Q1:	|.++...+0 01+-+... 1-.-.001 0.V+0.++| ok p=0.935547
Q2:	|.++.00-1 -1-.-... -0.+.+.1 -...0.10| ok p=0.517578
Q3:	|.+0...0. -.-1+... 00.1.+.. -.+1..00| ok p=0.46875
Q4:	|.++...+. ....1... --.-.... -.0....+| ok p=0.463867
Q5:	|..+...+. ..-.-..+ ....-..+ .-.+...+|
Saving 2000000 paths...done.
Autobalance parameters: maxcond=198
Verified: 67357 bad out of 3588643
Estimating maxcond for upper bound 8000000 (=2000000 * 4)...
t=5:  0%   10   20   30   40   50   60   70   80   90   100%
      |----|----|----|----|----|----|----|----|----|----|
e     ***************************************************
Found maxcond = 214
t=5:  0%   10   20   30   40   50   60   70   80   90   100%
      |----|----|----|----|----|----|----|----|----|----|
      ***************************************************
Q-3:	|10000111 00010110 00110010 01000000|
Q-2:	|0+-10-00 -1111+-- --01111+ 110100-+|
Q-1:	|1+-0-+01 -0000010 +-0010+- 0101000-|
Q0:	|0101-+-+ +-1-0101 -+0-100+ 010+-00-| ok p=0.37207
Q1:	|.++...+0 01+-+... 1-.-.001 1.V+0.++| ok p=0.712891
Q2:	|0++.01-1 -1-.-... -0.+.+.0 -...0.01| ok p=0.818359
Q3:	|1+....0. +.-0+... 00V1.-.V -.+1..10| ok p=0.25293
Q4:	|+.0...+. +.0.1... --.0.+.. -.1.....| ok p=0.741211
Q5:	|+1....+. +.-.1... ---..-.+ ..+.....| ok p=0.28125
Q6:	|...-.... -..+...+ ..+..+.- ..+..-.+|
Saving 2000000 paths...done.
Autobalance parameters: maxcond=213
Verified: 16836 bad out of 2264547
Estimating maxcond for upper bound 8000000 (=2000000 * 4)...
t=6:  0%   10   20   30   40   50   60   70   80   90   100%
      |----|----|----|----|----|----|----|----|----|----|
e     ***************************************************
Found maxcond = 229
t=6:  0%   10   20   30   40   50   60   70   80   90   100%
      |----|----|----|----|----|----|----|----|----|----|
      ***************************************************
Q-3:	|10000111 00010110 00110010 01000000|
Q-2:	|0+-10-00 -1111+-- --01111+ 110100-+|
Q-1:	|1+-0-+01 -0000010 +-0010+- 0101000-|
Q0:	|0101-+-+ +-1-0101 -+0-100+ 010+-00-| ok p=0.754883
Q1:	|-0-..1+0 00.++... -+.-..10 0..+0.++| ok p=0.554688
Q2:	|-0-.1+1+ 11.++... -..+..-1 -..01.++| ok p=0.472656
Q3:	|.+...+0- .+.1-... +0.+..1. +..+..++| ok p=0.479492
Q4:	|010..++1 .-.+0... 1V.-.V+. +..-...-| ok p=0.577148
Q5:	|.-....-1 .1.-1... 0..0..-. -..-..0+| ok p=0.316406
Q6:	|.+...00. .1.-.... .+.+.+0. 0......1| ok p=0.905273
Q7:	|.+..+.-. ....-... +.-.+.-. +..-...+|
Saving 1223089 paths...done.
Autobalance parameters: maxcond=229
Verified: 9304 bad out of 1232393
Estimating maxcond for upper bound 8000000 (=2000000 * 4)...
t=7:  0%   10   20   30   40   50   60   70   80   90   100%
      |----|----|----|----|----|----|----|----|----|----|
e     ***************************************************
Found maxcond = 242
t=7:  0%   10   20   30   40   50   60   70   80   90   100%
      |----|----|----|----|----|----|----|----|----|----|
      ***************************************************
Q-3:	|10000111 00010110 00110010 01000000|
Q-2:	|0+-10-00 -1111+-- --01111+ 110100-+|
Q-1:	|1+-0-+01 -0000010 +-0010+- 0101000-|
Q0:	|0101-+-+ +-1-0101 -+0-100+ 010+-00-| ok p=0.365234
Q1:	|.++..+-1 01.++.V. 1-.-..10 0..+0.++| ok p=0.631836
Q2:	|.++.0.-- 10.++... -0.+..++ +..-1.1-| ok p=0.383789
Q3:	|.+.0.1++ .+.0-.+. 01.1..-0 0V.1..1-| ok p=0.395508
Q4:	|..01..0+ .0.+0.0. 1..0V.10 10.-...0| ok p=0.704102
Q5:	|.1.+..0+ .1.-0.1. -.....0. ++.+...1| ok p=0.518555
Q6:	|...0..+. ...+..-. -...-... 0-.+...+| ok p=0.719727
Q7:	|...1..-1 ...+..-. ....0... 1+.....+| ok p=0.984375
Q8:	|......-. ...+..-. .+...+.. ..+....+|
Saving 2000000 paths...done.
Autobalance parameters: maxcond=241
Verified: 25224 bad out of 2229003
Estimating maxcond for upper bound 8000000 (=2000000 * 4)...
t=8:  0%   10   20   30   40   50   60   70   80   90   100%
      |----|----|----|----|----|----|----|----|----|----|
e     ***************************************************
Found maxcond = 254
t=8:  0%   10   20   30   40   50   60   70   80   90   100%
      |----|----|----|----|----|----|----|----|----|----|
      ***************************************************
Q-3:	|10000111 00010110 00110010 01000000|
Q-2:	|0+-10-00 -1111+-- --01111+ 110100-+|
Q-1:	|1+-0-+01 -0000010 +-0010+- 0101000-|
Q0:	|0101-+-+ +-1-0101 -+0-100+ 010+-00-| ok p=0.363281
Q1:	|.++..+-1 01.++.V. 1-.-..10 0..+0.++| ok p=0.676758
Q2:	|.++.0.-- 10.++... -0.+..++ +..-1.1-| ok p=0.398438
Q3:	|.+.V.1++ .+.1-.+. 01.1..-0 0V.1..1-| ok p=0.335938
Q4:	|..0...0+ .0.+1.0. 1..1V.10 11.-..0.| ok p=0.700195
Q5:	|.1.+..0+ .1.--.1. -.....0+ .-.+..11| ok p=0.594727
Q6:	|...0..+. ...11.-. -...-..- .-.+..+.| ok p=0.746094
Q7:	|...1..-0 ...10.0. 1...1..- ...+..+.| ok p=0.927734
Q8:	|...-..-. ......1. +...1..+ .1.-....| ok p=0.549805
Q9:	|+.-...+. .-...... +..-..+. ...-....|
Saving 2000000 paths...done.
Autobalance parameters: maxcond=253
Verified: 6816 bad out of 2987348
Estimating maxcond for upper bound 8000000 (=2000000 * 4)...
t=9:  0%   10   20   30   40   50   60   70   80   90   100%
      |----|----|----|----|----|----|----|----|----|----|
e     ***************************************************
Found maxcond = 265
t=9:  0%   10   20   30   40   50   60   70   80   90   100%
      |----|----|----|----|----|----|----|----|----|----|
      ***************************************************
Q-3:	|10000111 00010110 00110010 01000000|
Q-2:	|0+-10-00 -1111+-- --01111+ 110100-+|
Q-1:	|1+-0-+01 -0000010 +-0010+- 0101000-|
Q0:	|0101-+-+ +-1-0101 -+0-100+ 010+-00-| ok p=0.376953
Q1:	|.++..+-1 01.++.V. 1-.-..10 0..+0.++| ok p=0.650391
Q2:	|.++.0.-- 10.++... -0.+..++ +..-1.1-| ok p=0.386719
Q3:	|.+.V.1++ .+.1-.+. 01.1..-0 0V.1..1-| ok p=0.370117
Q4:	|..0...0+ .0.+1.0. 1..11.10 11.-..0.| ok p=0.725586
Q5:	|.1.+..0+ .1.--.1. -...0.0+ .-.+..11| ok p=0.500977
Q6:	|...0..+. ...11.-. -...-..- .-.+..+.| ok p=0.69043
Q7:	|V..+..-0 V..01.0. 0..V1..- ...+..+.| ok p=0.87207
Q8:	|...1..-. ......0. +...1..- .1.-....| ok p=0.483398
Q9:	|+..-.... +....... +..-.... ...0..1.| ok p=0.856445
Q10:	|.+.+.... ..-...-. +..+.... ........|
Saving 2000000 paths...done.
Autobalance parameters: maxcond=264
Verified: 3464 bad out of 2208820
Estimating maxcond for upper bound 8000000 (=2000000 * 4)...
t=10: 0%   10   20   30   40   50   60   70   80   90   100%
      |----|----|----|----|----|----|----|----|----|----|
e     ***************************************************
Found maxcond = 277
t=10: 0%   10   20   30   40   50   60   70   80   90   100%
      |----|----|----|----|----|----|----|----|----|----|
      ***************************************************
Q-3:	|10000111 00010110 00110010 01000000|
Q-2:	|0+-10-00 -1111+-- --01111+ 110100-+|
Q-1:	|1+-0-+01 -0000010 +-0010+- 0101000-|
Q0:	|0101-+-+ +-1-0101 -+0-100+ 010+-00-| ok p=0.353516
Q1:	|.++..+-1 01.++.V. 1-.-..10 0..+0.++| ok p=0.646484
Q2:	|.++.0.-- 10.++... -0.+..++ +..-1.1-| ok p=0.369141
Q3:	|.+.V.1++ .+.1-.+. 01.1..-0 0V.1..1-| ok p=0.396484
Q4:	|..0...0+ .0.+1.0. 1..1V.10 11.-..0.| ok p=0.701172
Q5:	|.1.+..0+ .1.--.1. -.....0+ .-V+..11| ok p=0.581055
Q6:	|...0..+. ...10.-. -...-..- .-.+..+.| ok p=0.710938
Q7:	|.VV1..-0 V..01.0. 0...1..- ..+...+.| ok p=0.851562
Q8:	|.1.-..-. ..V...0. +V..1..- .110....| ok p=0.601562
Q9:	|.++0.... +....... +....... ..0...0.| ok p=0.518555
Q10:	|.+01..1. 0.-..... .-.....1 ........| ok p=0.972656
Q11:	|.+....-. ..+..+.. .-...-.. .......+|
Saving 2000000 paths...done.
Autobalance parameters: maxcond=276
Verified: 237637 bad out of 3481681
Runtime: 434.535
Extend MD5 differential paths forward
Copyright (C) 2009 Marc Stevens
http://homepages.cwi.nl/~stevens/

delta_m[11] = [!-30!]
Loading workdir3/paths10_0of1...done: 2000000 (work:2000000).
Estimating maxcond for upper bound 2000000 (=500000 * 4)...
t=11: 0%   10   20   30   40   50   60   70   80   90   100%
      |----|----|----|----|----|----|----|----|----|----|
e     ***************************************************
Found maxcond = 288
t=11: 0%   10   20   30   40   50   60   70   80   90   100%
      |----|----|----|----|----|----|----|----|----|----|
      ***************************************************
Q-3:	|10000111 00010110 00110010 01000000|
Q-2:	|0+-10-00 -1111+-- --01111+ 110100-+|
Q-1:	|1+-0-+01 -0000010 +-0010+- 0101000-|
Q0:	|0101-+-+ +-1-0101 -+0-100+ 010+-00-| ok p=0.395508
Q1:	|.++..+-1 01.++.V. 1-.-..10 0..+0.++| ok p=0.657227
Q2:	|.++.0.-- 10.++... -0.+..++ +..-1.1-| ok p=0.379883
Q3:	|.+.V.1++ .+.1-.+. 01.1..-0 0V.1..1-| ok p=0.379883
Q4:	|..0...0+ .0.+1.0. 1..1V.10 11.-..0.| ok p=0.725586
Q5:	|.1.+..0+ .1.--.1. -.....0+ .-V+..11| ok p=0.583984
Q6:	|...0..+. ...10.-. -...-..- .-.+..+.| ok p=0.713867
Q7:	|.VV1..-0 V..01.0. 0...1..- ..+...+.| ok p=0.855469
Q8:	|.1.-..-. ..V...0. +0..1..- .110....| ok p=0.592773
Q9:	|.++0.V.. +.0..V.. +1..V... ..0...0.| ok p=1
Q10:	|.+11..0. 0.-..... .-.....0 ........| ok p=0.458984
Q11:	|.-1..-.. 1.+..+.. 10..-... ........| ok p=0.638672
Q12:	|+....-.. ..+..... -...-... ..+.....|
Saving 500000 paths...done.
Autobalance parameters: maxcond=287
Verified: 26360 bad out of 762678
Runtime: 46.5573
