MD5 differential path toolbox
Copyright (C) 2009 Marc Stevens
http://homepages.cwi.nl/~stevens/

IHV1   = {2266378816,1517656137,2843887953,888921810}
IHV1   = 403216874998755a514982a9d2defb34

IHV2   = {2266378816,1436895568,3305278032,1350311889}
IHV2   = 403216875049a555508a02c5d11f7c50

dIHV   = {0,4214206727,461390079,461390079}
NC0: delta c = delta d = [!0!]
NC0: delta b           = [!0,22!]
NC1: delta c = delta d = [!-8!]
NC1: delta b           = [!-8,29!]
NC2: delta c = delta d = [!-14!]
NC2: delta b           = [!-3,-14!]
NC3: delta c = delta d = [!23!]
NC3: delta b           = [!12,23!]
NC4: delta c = delta d = [!26!]
NC4: delta b           = [!15,26!]
NC5: delta c = delta d = [!-29!]
NC5: delta b           = [!20,-29!]
NC0: prob=-5.8644
NC1: prob=-3.82974
NC2: prob=-5.84506
NC3: prob=-5.84132
NC4: prob=-5.87822
NC5: prob=-7.50787
delta m_11 = [!-30!]
Q-3:	|10000111 00010110 00110010 01000000|
Q-2:	|0+-10-00 -1111+-- --01111+ 110100-+|
Q-1:	|1+-0-+01 -0000010 +-0010+- 0101000-|
Q0:	|0101-+-+ +-1-0101 -+0-100+ 010+-00-| ok p=0.451172
Q1:	|+.-...+. ..+.-... .-.-.... ...+.+.-|
Saved lower diff. path to 'workdir3/lowerpath.bin.gz'.

Q32:	|........ ........ ........ ........|
Q33:	|........ ........ ........ ........|
Q34:	|........ ........ ........ ........|
Q35:	|........ ........ ........ ........| ok p=1
Q36:	|........ ........ ........ ........| ok p=1
Q37:	|........ ........ ........ ........| ok p=1
Q38:	|........ ........ ........ ........| ok p=1
Q39:	|........ ........ ........ ........| ok p=1
Q40:	|........ ........ ........ ........| ok p=1
Q41:	|........ ........ ........ ........| ok p=1
Q42:	|........ ........ ........ ........| ok p=1
Q43:	|........ ........ ........ ........| ok p=1
Q44:	|........ ........ ........ ........| ok p=1
Q45:	|........ ........ ........ ........| ok p=1
Q46:	|........ ........ ........ ........| ok p=1
Q47:	|........ ........ ........ ........| ok p=1
Q48:	|........ ........ ........ ........| ok p=1
Q49:	|........ ........ ........ ........| ok p=1
Q50:	|........ ........ ........ ........| ok p=1
Q51:	|........ ........ ........ ........| ok p=1
Q52:	|........ ........ ........ ........| ok p=1
Q53:	|........ ........ ........ ........| ok p=1
Q54:	|........ ........ ........ ........| ok p=1
Q55:	|........ ........ ........ ........| ok p=1
Q56:	|........ ........ ........ ........| ok p=1
Q57:	|........ ........ ........ ........| ok p=1
Q58:	|........ ........ ........ ........| ok p=1
Q59:	|........ ........ ........ ........| ok p=1
Q60:	|........ ........ .......0 ........| ok p=1
Q61:	|........ ........ .......0 ........| ok p=0.749023
Q62:	|........ ........ .......- ........| ok p=1
Q63:	|........ ........ .......- ........| ok p=0.876953
Q64:	|..+..... ........ .......- ........|
Saved upper diff. path to 'workdir3/upperpath.bin.gz'.
Saved 'md5diffpathforward.cfg'.
Saved 'md5diffpathbackward.cfg'.
Saved 'md5diffpathconnect.cfg'.
Saved 'md5diffpathhelper.cfg'.
