Extend MD5 differential paths backward
Copyright (C) 2009 Marc Stevens
http://homepages.cwi.nl/~stevens/

delta_m[11] = [!-4!]
Loading workdir4/upperpath.bin.gz...done: 1.
Estimating maxcond for upper bound 262144 (=65536 * 4)...
t=34: 0%   10   20   30   40   50   60   70   80   90   100%
      |----|----|----|----|----|----|----|----|----|----|
e     ***************************************************
Found maxcond = 2176
t=34: 0%   10   20   30   40   50   60   70   80   90   100%
      |----|----|----|----|----|----|----|----|----|----|
      ***************************************************
Q31:	|........ ........ ........ ...+....|
Q32:	|........ ........ ........ ........|
Q33:	|........ ........ ........ ........|
Q34:	|........ ........ ........ ........| ok p=1
Q35:	|........ ........ ........ ........| ok p=1
Q36:	|........ ........ ........ ........| ok p=1
Q37:	|........ ........ ........ ........| ok p=1
Q38:	|........ ........ ........ ........| ok p=1
Q39:	|........ ........ ........ ........| ok p=1
Q40:	|........ ........ ........ ........| ok p=1
Q41:	|........ ........ ........ ........| ok p=1
Q42:	|........ ........ ........ ........| ok p=1
Q43:	|........ ........ ........ ........| ok p=1
Q44:	|........ ........ ........ ........| ok p=1
Q45:	|........ ........ ........ ........| ok p=1
Q46:	|........ ........ ........ ........| ok p=1
Q47:	|........ ........ ........ ........| ok p=1
Q48:	|........ ........ ........ ........| ok p=1
Q49:	|........ ........ ........ ........| ok p=1
Q50:	|........ ........ ........ ........| ok p=1
Q51:	|........ ........ ........ ........| ok p=1
Q52:	|........ ........ ........ ........| ok p=1
Q53:	|........ ........ ........ ........| ok p=1
Q54:	|........ ........ ........ ........| ok p=1
Q55:	|........ ........ ........ ........| ok p=1
Q56:	|........ ........ ........ ........| ok p=1
Q57:	|........ ........ ........ ........| ok p=1
Q58:	|........ ........ ........ ........| ok p=1
Q59:	|........ ........ ........ ........| ok p=1
Q60:	|........ ........ .0...... ........| ok p=1
Q61:	|........ ........ 10...... ........| ok p=1
Q62:	|........ ........ 0-...... ........| ok p=1
Q63:	|........ ........ -+...... ........| ok p=1
Q64:	|........ ........ .-...... ....-...|
Saving 1 paths...done.
Autobalance parameters: maxcond=2176
Verified: 0 bad out of 1
Estimating maxcond for upper bound 262144 (=65536 * 4)...
t=33: 0%   10   20   30   40   50   60   70   80   90   100%
      |----|----|----|----|----|----|----|----|----|----|
e     ***************************************************
Found maxcond = 35
t=33: 0%   10   20   30   40   50   60   70   80   90   100%
      |----|----|----|----|----|----|----|----|----|----|
      ***************************************************
Q30:	|........ ........ ........ ...-....|
Q31:	|........ ........ ........ ...+....|
Q32:	|........ ........ ........ ........|
Q33:	|........ ........ ........ ...^....| ok p=1
Q34:	|........ ........ ........ ........| ok p=1
Q35:	|........ ........ ........ ........| ok p=1
Q36:	|........ ........ ........ ........| ok p=1
Q37:	|........ ........ ........ ........| ok p=1
Q38:	|........ ........ ........ ........| ok p=1
Q39:	|........ ........ ........ ........| ok p=1
Q40:	|........ ........ ........ ........| ok p=1
Q41:	|........ ........ ........ ........| ok p=1
Q42:	|........ ........ ........ ........| ok p=1
Q43:	|........ ........ ........ ........| ok p=1
Q44:	|........ ........ ........ ........| ok p=1
Q45:	|........ ........ ........ ........| ok p=1
Q46:	|........ ........ ........ ........| ok p=1
Q47:	|........ ........ ........ ........| ok p=1
Q48:	|........ ........ ........ ........| ok p=1
Q49:	|........ ........ ........ ........| ok p=1
Q50:	|........ ........ ........ ........| ok p=1
Q51:	|........ ........ ........ ........| ok p=1
Q52:	|........ ........ ........ ........| ok p=1
Q53:	|........ ........ ........ ........| ok p=1
Q54:	|........ ........ ........ ........| ok p=1
Q55:	|........ ........ ........ ........| ok p=1
Q56:	|........ ........ ........ ........| ok p=1
Q57:	|........ ........ ........ ........| ok p=1
Q58:	|........ ........ ........ ........| ok p=1
Q59:	|........ ........ ........ ........| ok p=1
Q60:	|........ ........ .0...... ........| ok p=1
Q61:	|........ ........ 10...... ........| ok p=1
Q62:	|........ ........ 0-...... ........| ok p=1
Q63:	|........ ........ -+...... ........| ok p=1
Q64:	|........ ........ .-...... ....-...|
Saving 65536 paths...done.
Autobalance parameters: maxcond=31
Verified: 0 bad out of 65537
Estimating maxcond for upper bound 262144 (=65536 * 4)...
t=32: 0%   10   20   30   40   50   60   70   80   90   100%
      |----|----|----|----|----|----|----|----|----|----|
e     ***************************************************
Found maxcond = 25
t=32: 0%   10   20   30   40   50   60   70   80   90   100%
      |----|----|----|----|----|----|----|----|----|----|
      ***************************************************
Q29:	|........ ........ ........ ........|
Q30:	|........ ........ ........ ...+....|
Q31:	|........ ........ ........ ...+....|
Q32:	|........ ........ ........ ........| ok p=1
Q33:	|........ ........ ........ ...!....| ok p=1
Q34:	|........ ........ ........ ........| ok p=1
Q35:	|........ ........ ........ ........| ok p=1
Q36:	|........ ........ ........ ........| ok p=1
Q37:	|........ ........ ........ ........| ok p=1
Q38:	|........ ........ ........ ........| ok p=1
Q39:	|........ ........ ........ ........| ok p=1
Q40:	|........ ........ ........ ........| ok p=1
Q41:	|........ ........ ........ ........| ok p=1
Q42:	|........ ........ ........ ........| ok p=1
Q43:	|........ ........ ........ ........| ok p=1
Q44:	|........ ........ ........ ........| ok p=1
Q45:	|........ ........ ........ ........| ok p=1
Q46:	|........ ........ ........ ........| ok p=1
Q47:	|........ ........ ........ ........| ok p=1
Q48:	|........ ........ ........ ........| ok p=1
Q49:	|........ ........ ........ ........| ok p=1
Q50:	|........ ........ ........ ........| ok p=1
Q51:	|........ ........ ........ ........| ok p=1
Q52:	|........ ........ ........ ........| ok p=1
Q53:	|........ ........ ........ ........| ok p=1
Q54:	|........ ........ ........ ........| ok p=1
Q55:	|........ ........ ........ ........| ok p=1
Q56:	|........ ........ ........ ........| ok p=1
Q57:	|........ ........ ........ ........| ok p=1
Q58:	|........ ........ ........ ........| ok p=1
Q59:	|........ ........ ........ ........| ok p=1
Q60:	|........ ........ .0...... ........| ok p=1
Q61:	|........ ........ 10...... ........| ok p=1
Q62:	|........ ........ 0-...... ........| ok p=1
Q63:	|........ ........ -+...... ........| ok p=1
Q64:	|........ ........ .-...... ....-...|
Saving 65536 paths...done.
Autobalance parameters: maxcond=22
Verified: 0 bad out of 121879
Estimating maxcond for upper bound 262144 (=65536 * 4)...
t=31: 0%   10   20   30   40   50   60   70   80   90   100%
      |----|----|----|----|----|----|----|----|----|----|
e     ***************************************************
Found maxcond = 22
t=31: 0%   10   20   30   40   50   60   70   80   90   100%
      |----|----|----|----|----|----|----|----|----|----|
      ***************************************************
Q28:	|........ .......- ........ ...-....|
Q29:	|........ ........ ........ ........|
Q30:	|........ ........ ........ ...+....|
Q31:	|........ ........ ........ ...+....| ok p=1
Q32:	|........ ........ ........ ........| ok p=1
Q33:	|........ ........ ........ ...!....| ok p=1
Q34:	|........ ........ ........ ........| ok p=1
Q35:	|........ ........ ........ ........| ok p=1
Q36:	|........ ........ ........ ........| ok p=1
Q37:	|........ ........ ........ ........| ok p=1
Q38:	|........ ........ ........ ........| ok p=1
Q39:	|........ ........ ........ ........| ok p=1
Q40:	|........ ........ ........ ........| ok p=1
Q41:	|........ ........ ........ ........| ok p=1
Q42:	|........ ........ ........ ........| ok p=1
Q43:	|........ ........ ........ ........| ok p=1
Q44:	|........ ........ ........ ........| ok p=1
Q45:	|........ ........ ........ ........| ok p=1
Q46:	|........ ........ ........ ........| ok p=1
Q47:	|........ ........ ........ ........| ok p=1
Q48:	|........ ........ ........ ........| ok p=1
Q49:	|........ ........ ........ ........| ok p=1
Q50:	|........ ........ ........ ........| ok p=1
Q51:	|........ ........ ........ ........| ok p=1
Q52:	|........ ........ ........ ........| ok p=1
Q53:	|........ ........ ........ ........| ok p=1
Q54:	|........ ........ ........ ........| ok p=1
Q55:	|........ ........ ........ ........| ok p=1
Q56:	|........ ........ ........ ........| ok p=1
Q57:	|........ ........ ........ ........| ok p=1
Q58:	|........ ........ ........ ........| ok p=1
Q59:	|........ ........ ........ ........| ok p=1
Q60:	|........ ........ .0...... ........| ok p=1
Q61:	|........ ........ 10...... ........| ok p=1
Q62:	|........ ........ 0-...... ........| ok p=1
Q63:	|........ ........ -+...... ........| ok p=1
Q64:	|........ ........ .-...... ....-...|
Saving 65536 paths...done.
Autobalance parameters: maxcond=20
Verified: 0 bad out of 115034
Estimating maxcond for upper bound 262144 (=65536 * 4)...
t=30: 0%   10   20   30   40   50   60   70   80   90   100%
      |----|----|----|----|----|----|----|----|----|----|
e     ***************************************************
Found maxcond = 22
t=30: 0%   10   20   30   40   50   60   70   80   90   100%
      |----|----|----|----|----|----|----|----|----|----|
      ***************************************************
Q27:	|........ +....... ........ ........|
Q28:	|........ .......- ........ ...-....|
Q29:	|........ ........ ........ ...1....|
Q30:	|........ .......^ ........ ...-....| ok p=0.99707
Q31:	|........ ........ ........ ...+....| ok p=1
Q32:	|........ ........ ........ ........| ok p=1
Q33:	|........ ........ ........ ...^....| ok p=1
Q34:	|........ ........ ........ ........| ok p=1
Q35:	|........ ........ ........ ........| ok p=1
Q36:	|........ ........ ........ ........| ok p=1
Q37:	|........ ........ ........ ........| ok p=1
Q38:	|........ ........ ........ ........| ok p=1
Q39:	|........ ........ ........ ........| ok p=1
Q40:	|........ ........ ........ ........| ok p=1
Q41:	|........ ........ ........ ........| ok p=1
Q42:	|........ ........ ........ ........| ok p=1
Q43:	|........ ........ ........ ........| ok p=1
Q44:	|........ ........ ........ ........| ok p=1
Q45:	|........ ........ ........ ........| ok p=1
Q46:	|........ ........ ........ ........| ok p=1
Q47:	|........ ........ ........ ........| ok p=1
Q48:	|........ ........ ........ ........| ok p=1
Q49:	|........ ........ ........ ........| ok p=1
Q50:	|........ ........ ........ ........| ok p=1
Q51:	|........ ........ ........ ........| ok p=1
Q52:	|........ ........ ........ ........| ok p=1
Q53:	|........ ........ ........ ........| ok p=1
Q54:	|........ ........ ........ ........| ok p=1
Q55:	|........ ........ ........ ........| ok p=1
Q56:	|........ ........ ........ ........| ok p=1
Q57:	|........ ........ ........ ........| ok p=1
Q58:	|........ ........ ........ ........| ok p=1
Q59:	|........ ........ ........ ........| ok p=1
Q60:	|........ ........ .0...... ........| ok p=1
Q61:	|........ ........ 10...... ........| ok p=1
Q62:	|........ ........ 0-...... ........| ok p=1
Q63:	|........ ........ -+...... ........| ok p=1
Q64:	|........ ........ .-...... ....-...|
Saving 65536 paths...done.
Autobalance parameters: maxcond=19
Verified: 0 bad out of 133770
Runtime: 7.84705
Extend MD5 differential paths backward
Copyright (C) 2009 Marc Stevens
http://homepages.cwi.nl/~stevens/

delta_m[11] = [!-4!]
Loading workdir4/paths30_0of1...done: 65536 (work:65536).
Estimating maxcond for upper bound 400000 (=100000 * 4)...
t=29: 0%   10   20   30   40   50   60   70   80   90   100%
      |----|----|----|----|----|----|----|----|----|----|
e     ***************************************************
Found maxcond = 23
t=29: 0%   10   20   30   40   50   60   70   80   90   100%
      |----|----|----|----|----|----|----|----|----|----|
      ***************************************************
Q26:	|....+... ........ ........ ...+....|
Q27:	|........ .......1 ........ ...-....|
Q28:	|........ .......- ........ ...-....|
Q29:	|........ ........ ........ ...1....| ok p=0.973633
Q30:	|........ .......^ ........ ...+....| ok p=1
Q31:	|........ ........ ........ ...+....| ok p=1
Q32:	|........ ........ ........ ........| ok p=1
Q33:	|........ ........ ........ ...!....| ok p=1
Q34:	|........ ........ ........ ........| ok p=1
Q35:	|........ ........ ........ ........| ok p=1
Q36:	|........ ........ ........ ........| ok p=1
Q37:	|........ ........ ........ ........| ok p=1
Q38:	|........ ........ ........ ........| ok p=1
Q39:	|........ ........ ........ ........| ok p=1
Q40:	|........ ........ ........ ........| ok p=1
Q41:	|........ ........ ........ ........| ok p=1
Q42:	|........ ........ ........ ........| ok p=1
Q43:	|........ ........ ........ ........| ok p=1
Q44:	|........ ........ ........ ........| ok p=1
Q45:	|........ ........ ........ ........| ok p=1
Q46:	|........ ........ ........ ........| ok p=1
Q47:	|........ ........ ........ ........| ok p=1
Q48:	|........ ........ ........ ........| ok p=1
Q49:	|........ ........ ........ ........| ok p=1
Q50:	|........ ........ ........ ........| ok p=1
Q51:	|........ ........ ........ ........| ok p=1
Q52:	|........ ........ ........ ........| ok p=1
Q53:	|........ ........ ........ ........| ok p=1
Q54:	|........ ........ ........ ........| ok p=1
Q55:	|........ ........ ........ ........| ok p=1
Q56:	|........ ........ ........ ........| ok p=1
Q57:	|........ ........ ........ ........| ok p=1
Q58:	|........ ........ ........ ........| ok p=1
Q59:	|........ ........ ........ ........| ok p=1
Q60:	|........ ........ .0...... ........| ok p=1
Q61:	|........ ........ 10...... ........| ok p=1
Q62:	|........ ........ 0-...... ........| ok p=1
Q63:	|........ ........ -+...... ........| ok p=1
Q64:	|........ ........ .-...... ....-...|
Saving 100000 paths...done.
Autobalance parameters: maxcond=21
Verified: 0 bad out of 158475
Estimating maxcond for upper bound 400000 (=100000 * 4)...
t=28: 0%   10   20   30   40   50   60   70   80   90   100%
      |----|----|----|----|----|----|----|----|----|----|
e     ***************************************************
Found maxcond = 24
t=28: 0%   10   20   30   40   50   60   70   80   90   100%
      |----|----|----|----|----|----|----|----|----|----|
      ***************************************************
Q25:	|+....... ........ ....+... ...+....|
Q26:	|....+... .......+ ........ ...+....|
Q27:	|........ .......0 ........ ...-....|
Q28:	|....^... .......- ........ ...-....| ok p=0.524414
Q29:	|........ ........ ........ ...1....| ok p=0.966797
Q30:	|........ .......^ ........ ...+....| ok p=1
Q31:	|........ ........ ........ ...+....| ok p=0.999023
Q32:	|........ ........ ........ ........| ok p=1
Q33:	|........ ........ ........ ...!....| ok p=1
Q34:	|........ ........ ........ ........| ok p=1
Q35:	|........ ........ ........ ........| ok p=1
Q36:	|........ ........ ........ ........| ok p=1
Q37:	|........ ........ ........ ........| ok p=1
Q38:	|........ ........ ........ ........| ok p=1
Q39:	|........ ........ ........ ........| ok p=1
Q40:	|........ ........ ........ ........| ok p=1
Q41:	|........ ........ ........ ........| ok p=1
Q42:	|........ ........ ........ ........| ok p=1
Q43:	|........ ........ ........ ........| ok p=1
Q44:	|........ ........ ........ ........| ok p=1
Q45:	|........ ........ ........ ........| ok p=1
Q46:	|........ ........ ........ ........| ok p=1
Q47:	|........ ........ ........ ........| ok p=1
Q48:	|........ ........ ........ ........| ok p=1
Q49:	|........ ........ ........ ........| ok p=1
Q50:	|........ ........ ........ ........| ok p=1
Q51:	|........ ........ ........ ........| ok p=1
Q52:	|........ ........ ........ ........| ok p=1
Q53:	|........ ........ ........ ........| ok p=1
Q54:	|........ ........ ........ ........| ok p=1
Q55:	|........ ........ ........ ........| ok p=1
Q56:	|........ ........ ........ ........| ok p=1
Q57:	|........ ........ ........ ........| ok p=1
Q58:	|........ ........ ........ ........| ok p=1
Q59:	|........ ........ ........ ........| ok p=1
Q60:	|........ ........ .0...... ........| ok p=1
Q61:	|........ ........ 10...... ........| ok p=1
Q62:	|........ ........ 0-...... ........| ok p=1
Q63:	|........ ........ -+...... ........| ok p=1
Q64:	|........ ........ .-...... ....-...|
Saving 100000 paths...done.
Autobalance parameters: maxcond=22
Verified: 0 bad out of 166190
Estimating maxcond for upper bound 400000 (=100000 * 4)...
t=27: 0%   10   20   30   40   50   60   70   80   90   100%
      |----|----|----|----|----|----|----|----|----|----|
e     ***************************************************
Found maxcond = 27
t=27: 0%   10   20   30   40   50   60   70   80   90   100%
      |----|----|----|----|----|----|----|----|----|----|
      ***************************************************
Q24:	|...-.... .......- ........ ........|
Q25:	|+...1... ........ ....+... ........|
Q26:	|....+... .......0 ........ ...0....|
Q27:	|^....... .......1 ....^... ...1....| ok p=0.941406
Q28:	|....^... .......- ........ ...-....| ok p=0.469727
Q29:	|........ ........ ........ ...0....| ok p=0.974609
Q30:	|........ .......^ ........ ...+....| ok p=1
Q31:	|........ ........ ........ ...+....| ok p=1
Q32:	|........ ........ ........ ........| ok p=1
Q33:	|........ ........ ........ ...!....| ok p=1
Q34:	|........ ........ ........ ........| ok p=1
Q35:	|........ ........ ........ ........| ok p=1
Q36:	|........ ........ ........ ........| ok p=1
Q37:	|........ ........ ........ ........| ok p=1
Q38:	|........ ........ ........ ........| ok p=1
Q39:	|........ ........ ........ ........| ok p=1
Q40:	|........ ........ ........ ........| ok p=1
Q41:	|........ ........ ........ ........| ok p=1
Q42:	|........ ........ ........ ........| ok p=1
Q43:	|........ ........ ........ ........| ok p=1
Q44:	|........ ........ ........ ........| ok p=1
Q45:	|........ ........ ........ ........| ok p=1
Q46:	|........ ........ ........ ........| ok p=1
Q47:	|........ ........ ........ ........| ok p=1
Q48:	|........ ........ ........ ........| ok p=1
Q49:	|........ ........ ........ ........| ok p=1
Q50:	|........ ........ ........ ........| ok p=1
Q51:	|........ ........ ........ ........| ok p=1
Q52:	|........ ........ ........ ........| ok p=1
Q53:	|........ ........ ........ ........| ok p=1
Q54:	|........ ........ ........ ........| ok p=1
Q55:	|........ ........ ........ ........| ok p=1
Q56:	|........ ........ ........ ........| ok p=1
Q57:	|........ ........ ........ ........| ok p=1
Q58:	|........ ........ ........ ........| ok p=1
Q59:	|........ ........ ........ ........| ok p=1
Q60:	|........ ........ .0...... ........| ok p=1
Q61:	|........ ........ 10...... ........| ok p=1
Q62:	|........ ........ 0-...... ........| ok p=1
Q63:	|........ ........ -+...... ........| ok p=1
Q64:	|........ ........ .-...... ....-...|
Saving 100000 paths...done.
Autobalance parameters: maxcond=25
Verified: 0 bad out of 174815
Estimating maxcond for upper bound 400000 (=100000 * 4)...
t=26: 0%   10   20   30   40   50   60   70   80   90   100%
      |----|----|----|----|----|----|----|----|----|----|
e     ***************************************************
Found maxcond = 30
t=26: 0%   10   20   30   40   50   60   70   80   90   100%
      |----|----|----|----|----|----|----|----|----|----|
      ***************************************************
Q23:	|........ -......- ..-..... ..-.+...|
Q24:	|1...-... ........ ....1... ........|
Q25:	|-...0... .......+ ....+... ...+....|
Q26:	|....+... .......+ ........ ...+....| ok p=0.939453
Q27:	|^....... .......- ....^... ...-....| ok p=1
Q28:	|....^... .......- ........ ...-....| ok p=0.509766
Q29:	|........ .......1 ........ ...1....| ok p=0.970703
Q30:	|........ .......0 ........ ...+....| ok p=1
Q31:	|........ ........ ........ ...+....| ok p=1
Q32:	|........ ........ ........ ........| ok p=1
Q33:	|........ ........ ........ ...!....| ok p=1
Q34:	|........ ........ ........ ........| ok p=1
Q35:	|........ ........ ........ ........| ok p=1
Q36:	|........ ........ ........ ........| ok p=1
Q37:	|........ ........ ........ ........| ok p=1
Q38:	|........ ........ ........ ........| ok p=1
Q39:	|........ ........ ........ ........| ok p=1
Q40:	|........ ........ ........ ........| ok p=1
Q41:	|........ ........ ........ ........| ok p=1
Q42:	|........ ........ ........ ........| ok p=1
Q43:	|........ ........ ........ ........| ok p=1
Q44:	|........ ........ ........ ........| ok p=1
Q45:	|........ ........ ........ ........| ok p=1
Q46:	|........ ........ ........ ........| ok p=1
Q47:	|........ ........ ........ ........| ok p=1
Q48:	|........ ........ ........ ........| ok p=1
Q49:	|........ ........ ........ ........| ok p=1
Q50:	|........ ........ ........ ........| ok p=1
Q51:	|........ ........ ........ ........| ok p=1
Q52:	|........ ........ ........ ........| ok p=1
Q53:	|........ ........ ........ ........| ok p=1
Q54:	|........ ........ ........ ........| ok p=1
Q55:	|........ ........ ........ ........| ok p=1
Q56:	|........ ........ ........ ........| ok p=1
Q57:	|........ ........ ........ ........| ok p=1
Q58:	|........ ........ ........ ........| ok p=1
Q59:	|........ ........ ........ ........| ok p=1
Q60:	|........ ........ .0...... ........| ok p=1
Q61:	|........ ........ 10...... ........| ok p=1
Q62:	|........ ........ 0-...... ........| ok p=1
Q63:	|........ ........ -+...... ........| ok p=1
Q64:	|........ ........ .-...... ....-...|
Saving 100000 paths...done.
Autobalance parameters: maxcond=29
Verified: 0 bad out of 154662
Estimating maxcond for upper bound 400000 (=100000 * 4)...
t=25: 0%   10   20   30   40   50   60   70   80   90   100%
      |----|----|----|----|----|----|----|----|----|----|
e     ***************************************************
Found maxcond = 35
t=25: 0%   10   20   30   40   50   60   70   80   90   100%
      |----|----|----|----|----|----|----|----|----|----|
      ***************************************************
Q22:	|........ .-...+.. ........ .....-..|
Q23:	|+..1.... .......1 ..-.-... ........|
Q24:	|0..-0... .......- ....0... ........|
Q25:	|-...1... .......0 ..^.+... ........| ok p=0.55957
Q26:	|...^+... .......0 ........ ...0....| ok p=0.933594
Q27:	|^....... .......1 ....^... ...1....| ok p=0.935547
Q28:	|....^... .......- ........ ...-....| ok p=0.453125
Q29:	|........ ........ ........ ...0....| ok p=0.962891
Q30:	|........ .......^ ........ ...+....| ok p=1
Q31:	|........ ........ ........ ...+....| ok p=1
Q32:	|........ ........ ........ ........| ok p=1
Q33:	|........ ........ ........ ...!....| ok p=1
Q34:	|........ ........ ........ ........| ok p=1
Q35:	|........ ........ ........ ........| ok p=1
Q36:	|........ ........ ........ ........| ok p=1
Q37:	|........ ........ ........ ........| ok p=1
Q38:	|........ ........ ........ ........| ok p=1
Q39:	|........ ........ ........ ........| ok p=1
Q40:	|........ ........ ........ ........| ok p=1
Q41:	|........ ........ ........ ........| ok p=1
Q42:	|........ ........ ........ ........| ok p=1
Q43:	|........ ........ ........ ........| ok p=1
Q44:	|........ ........ ........ ........| ok p=1
Q45:	|........ ........ ........ ........| ok p=1
Q46:	|........ ........ ........ ........| ok p=1
Q47:	|........ ........ ........ ........| ok p=1
Q48:	|........ ........ ........ ........| ok p=1
Q49:	|........ ........ ........ ........| ok p=1
Q50:	|........ ........ ........ ........| ok p=1
Q51:	|........ ........ ........ ........| ok p=1
Q52:	|........ ........ ........ ........| ok p=1
Q53:	|........ ........ ........ ........| ok p=1
Q54:	|........ ........ ........ ........| ok p=1
Q55:	|........ ........ ........ ........| ok p=1
Q56:	|........ ........ ........ ........| ok p=1
Q57:	|........ ........ ........ ........| ok p=1
Q58:	|........ ........ ........ ........| ok p=1
Q59:	|........ ........ ........ ........| ok p=1
Q60:	|........ ........ .0...... ........| ok p=1
Q61:	|........ ........ 10...... ........| ok p=1
Q62:	|........ ........ 0-...... ........| ok p=1
Q63:	|........ ........ -+...... ........| ok p=1
Q64:	|........ ........ .-...... ....-...|
Saving 100000 paths...done.
Autobalance parameters: maxcond=33
Verified: 0 bad out of 179968
Estimating maxcond for upper bound 400000 (=100000 * 4)...
t=24: 0%   10   20   30   40   50   60   70   80   90   100%
      |----|----|----|----|----|----|----|----|----|----|
e     ***************************************************
Found maxcond = 43
t=24: 0%   10   20   30   40   50   60   70   80   90   100%
      |----|----|----|----|----|----|----|----|----|----|
      ***************************************************
Q21:	|.....-.. .......+ ...+.... .+......|
Q22:	|........ .+...+.. ..1..... ....1-..|
Q23:	|0....... .......- ..-.0... ....-...|
Q24:	|1...0... .^...^.- ....1... .....^..| ok p=0.426758
Q25:	|-...1... .......+ ..^.+... ....^...| ok p=0.460938
Q26:	|....+... .......+ ........ ...0....| ok p=0.930664
Q27:	|^....... .......- ....^... ...1....| ok p=1
Q28:	|....^... .......- ........ ...-....| ok p=0.473633
Q29:	|........ .......1 ........ ...0....| ok p=0.953125
Q30:	|........ .......0 ........ ...+....| ok p=1
Q31:	|........ ........ ........ ...+....| ok p=1
Q32:	|........ ........ ........ ........| ok p=1
Q33:	|........ ........ ........ ...!....| ok p=1
Q34:	|........ ........ ........ ........| ok p=1
Q35:	|........ ........ ........ ........| ok p=1
Q36:	|........ ........ ........ ........| ok p=1
Q37:	|........ ........ ........ ........| ok p=1
Q38:	|........ ........ ........ ........| ok p=1
Q39:	|........ ........ ........ ........| ok p=1
Q40:	|........ ........ ........ ........| ok p=1
Q41:	|........ ........ ........ ........| ok p=1
Q42:	|........ ........ ........ ........| ok p=1
Q43:	|........ ........ ........ ........| ok p=1
Q44:	|........ ........ ........ ........| ok p=1
Q45:	|........ ........ ........ ........| ok p=1
Q46:	|........ ........ ........ ........| ok p=1
Q47:	|........ ........ ........ ........| ok p=1
Q48:	|........ ........ ........ ........| ok p=1
Q49:	|........ ........ ........ ........| ok p=1
Q50:	|........ ........ ........ ........| ok p=1
Q51:	|........ ........ ........ ........| ok p=1
Q52:	|........ ........ ........ ........| ok p=1
Q53:	|........ ........ ........ ........| ok p=1
Q54:	|........ ........ ........ ........| ok p=1
Q55:	|........ ........ ........ ........| ok p=1
Q56:	|........ ........ ........ ........| ok p=1
Q57:	|........ ........ ........ ........| ok p=1
Q58:	|........ ........ ........ ........| ok p=1
Q59:	|........ ........ ........ ........| ok p=1
Q60:	|........ ........ .0...... ........| ok p=1
Q61:	|........ ........ 10...... ........| ok p=1
Q62:	|........ ........ 0-...... ........| ok p=1
Q63:	|........ ........ -+...... ........| ok p=1
Q64:	|........ ........ .-...... ....-...|
Saving 100000 paths...done.
Autobalance parameters: maxcond=41
Verified: 0 bad out of 178769
Estimating maxcond for upper bound 400000 (=100000 * 4)...
t=23: 0%   10   20   30   40   50   60   70   80   90   100%
      |----|----|----|----|----|----|----|----|----|----|
e     ***************************************************
Found maxcond = 52
t=23: 0%   10   20   30   40   50   60   70   80   90   100%
      |----|----|----|----|----|----|----|----|----|----|
      ***************************************************
Q20:	|......+. ........ ........ ........|
Q21:	|.....-.. .1...1.. ..0..... 1+...1..|
Q22:	|........ .-...+.. ..1..... -....-..|
Q23:	|0....^.. ........ ..-.0... .^......| ok p=0.991211
Q24:	|1...0... .^...^.0 ....1... ^....^..| ok p=0.568359
Q25:	|+...1... ........ ..^.+... ........| ok p=0.52832
Q26:	|....+... ......0- ........ ...0....| ok p=0.930664
Q27:	|^....... ......1- ....^... ...1....| ok p=1
Q28:	|....^... ......-+ ........ ...-....| ok p=0.476562
Q29:	|........ .......0 ........ ...0....| ok p=0.966797
Q30:	|........ ......^1 ........ ...+....| ok p=1
Q31:	|........ ........ ........ ...+....| ok p=1
Q32:	|........ ........ ........ ........| ok p=1
Q33:	|........ ........ ........ ...!....| ok p=1
Q34:	|........ ........ ........ ........| ok p=1
Q35:	|........ ........ ........ ........| ok p=1
Q36:	|........ ........ ........ ........| ok p=1
Q37:	|........ ........ ........ ........| ok p=1
Q38:	|........ ........ ........ ........| ok p=1
Q39:	|........ ........ ........ ........| ok p=1
Q40:	|........ ........ ........ ........| ok p=1
Q41:	|........ ........ ........ ........| ok p=1
Q42:	|........ ........ ........ ........| ok p=1
Q43:	|........ ........ ........ ........| ok p=1
Q44:	|........ ........ ........ ........| ok p=1
Q45:	|........ ........ ........ ........| ok p=1
Q46:	|........ ........ ........ ........| ok p=1
Q47:	|........ ........ ........ ........| ok p=1
Q48:	|........ ........ ........ ........| ok p=1
Q49:	|........ ........ ........ ........| ok p=1
Q50:	|........ ........ ........ ........| ok p=1
Q51:	|........ ........ ........ ........| ok p=1
Q52:	|........ ........ ........ ........| ok p=1
Q53:	|........ ........ ........ ........| ok p=1
Q54:	|........ ........ ........ ........| ok p=1
Q55:	|........ ........ ........ ........| ok p=1
Q56:	|........ ........ ........ ........| ok p=1
Q57:	|........ ........ ........ ........| ok p=1
Q58:	|........ ........ ........ ........| ok p=1
Q59:	|........ ........ ........ ........| ok p=1
Q60:	|........ ........ .0...... ........| ok p=1
Q61:	|........ ........ 10...... ........| ok p=1
Q62:	|........ ........ 0-...... ........| ok p=1
Q63:	|........ ........ -+...... ........| ok p=1
Q64:	|........ ........ .-...... ....-...|
Saving 100000 paths...done.
Autobalance parameters: maxcond=51
Verified: 0 bad out of 151596
Estimating maxcond for upper bound 400000 (=100000 * 4)...
t=22: 0%   10   20   30   40   50   60   70   80   90   100%
      |----|----|----|----|----|----|----|----|----|----|
e     ***************************************************
Found maxcond = 58
t=22: 0%   10   20   30   40   50   60   70   80   90   100%
      |----|----|----|----|----|----|----|----|----|----|
      ***************************************************
Q19:	|+.....+. .-.+.... ..-....- .......-|
Q20:	|.....1+. ........ ........ 01...+..|
Q21:	|....0+.. .+...... ..0..... 1+...0..|
Q22:	|......^. .+...... ..1..... -....-..| ok p=0.339844
Q23:	|0...-^.. .0...... ..-.0... .^......| ok p=0.992188
Q24:	|1...-... .1.....0 ....1... ^....^..| ok p=0.560547
Q25:	|-...+... ........ ..^.+... ........| ok p=0.50293
Q26:	|....+... ......0- ........ ...0....| ok p=0.947266
Q27:	|^...1... ......1- ....^... ...1....| ok p=1
Q28:	|....0... ......-+ ........ ...-....| ok p=0.466797
Q29:	|........ .......0 ........ ...0....| ok p=0.969727
Q30:	|........ ......^1 ........ ...+....| ok p=1
Q31:	|........ ........ ........ ...+....| ok p=1
Q32:	|........ ........ ........ ........| ok p=1
Q33:	|........ ........ ........ ...!....| ok p=1
Q34:	|........ ........ ........ ........| ok p=1
Q35:	|........ ........ ........ ........| ok p=1
Q36:	|........ ........ ........ ........| ok p=1
Q37:	|........ ........ ........ ........| ok p=1
Q38:	|........ ........ ........ ........| ok p=1
Q39:	|........ ........ ........ ........| ok p=1
Q40:	|........ ........ ........ ........| ok p=1
Q41:	|........ ........ ........ ........| ok p=1
Q42:	|........ ........ ........ ........| ok p=1
Q43:	|........ ........ ........ ........| ok p=1
Q44:	|........ ........ ........ ........| ok p=1
Q45:	|........ ........ ........ ........| ok p=1
Q46:	|........ ........ ........ ........| ok p=1
Q47:	|........ ........ ........ ........| ok p=1
Q48:	|........ ........ ........ ........| ok p=1
Q49:	|........ ........ ........ ........| ok p=1
Q50:	|........ ........ ........ ........| ok p=1
Q51:	|........ ........ ........ ........| ok p=1
Q52:	|........ ........ ........ ........| ok p=1
Q53:	|........ ........ ........ ........| ok p=1
Q54:	|........ ........ ........ ........| ok p=1
Q55:	|........ ........ ........ ........| ok p=1
Q56:	|........ ........ ........ ........| ok p=1
Q57:	|........ ........ ........ ........| ok p=1
Q58:	|........ ........ ........ ........| ok p=1
Q59:	|........ ........ ........ ........| ok p=1
Q60:	|........ ........ .0...... ........| ok p=1
Q61:	|........ ........ 10...... ........| ok p=1
Q62:	|........ ........ 0-...... ........| ok p=1
Q63:	|........ ........ -+...... ........| ok p=1
Q64:	|........ ........ .-...... ....-...|
Saving 100000 paths...done.
Autobalance parameters: maxcond=57
Verified: 0 bad out of 103527
Estimating maxcond for upper bound 400000 (=100000 * 4)...
t=21: 0%   10   20   30   40   50   60   70   80   90   100%
      |----|----|----|----|----|----|----|----|----|----|
e     ***************************************************
Found maxcond = 69
t=21: 0%   10   20   30   40   50   60   70   80   90   100%
      |----|----|----|----|----|----|----|----|----|----|
      ***************************************************
Q18:	|+.+...-. ........ ..-...+. .-......|
Q19:	|0.....1. ...+.... ........ ++.-....|
Q20:	|......+. .0...0.. ........ +0...0..|
Q21:	|-.....0. .1.^.1.. ..0..... 0+.^.1..| ok p=0.603516
Q22:	|-.....1. .-...+.. ..1..... -....-..| ok p=0.613281
Q23:	|+....... ........ ..-.0... .^......| ok p=0.989258
Q24:	|+...0... .^...^.0 ....1... ^....^..| ok p=1
Q25:	|+...1... ........ ..^.+... ........| ok p=0.495117
Q26:	|1...+... ......0- ........ ...0....| ok p=1
Q27:	|0....... ......1- ....^... ...1....| ok p=1
Q28:	|....^... ......-+ ........ ...-....| ok p=0.459961
Q29:	|........ .......0 ........ ...0....| ok p=0.972656
Q30:	|........ ......^1 ........ ...+....| ok p=1
Q31:	|........ ........ ........ ...+....| ok p=1
Q32:	|........ ........ ........ ........| ok p=1
Q33:	|........ ........ ........ ...!....| ok p=1
Q34:	|........ ........ ........ ........| ok p=1
Q35:	|........ ........ ........ ........| ok p=1
Q36:	|........ ........ ........ ........| ok p=1
Q37:	|........ ........ ........ ........| ok p=1
Q38:	|........ ........ ........ ........| ok p=1
Q39:	|........ ........ ........ ........| ok p=1
Q40:	|........ ........ ........ ........| ok p=1
Q41:	|........ ........ ........ ........| ok p=1
Q42:	|........ ........ ........ ........| ok p=1
Q43:	|........ ........ ........ ........| ok p=1
Q44:	|........ ........ ........ ........| ok p=1
Q45:	|........ ........ ........ ........| ok p=1
Q46:	|........ ........ ........ ........| ok p=1
Q47:	|........ ........ ........ ........| ok p=1
Q48:	|........ ........ ........ ........| ok p=1
Q49:	|........ ........ ........ ........| ok p=1
Q50:	|........ ........ ........ ........| ok p=1
Q51:	|........ ........ ........ ........| ok p=1
Q52:	|........ ........ ........ ........| ok p=1
Q53:	|........ ........ ........ ........| ok p=1
Q54:	|........ ........ ........ ........| ok p=1
Q55:	|........ ........ ........ ........| ok p=1
Q56:	|........ ........ ........ ........| ok p=1
Q57:	|........ ........ ........ ........| ok p=1
Q58:	|........ ........ ........ ........| ok p=1
Q59:	|........ ........ ........ ........| ok p=1
Q60:	|........ ........ .0...... ........| ok p=1
Q61:	|........ ........ 10...... ........| ok p=1
Q62:	|........ ........ 0-...... ........| ok p=1
Q63:	|........ ........ -+...... ........| ok p=1
Q64:	|........ ........ .-...... ....-...|
Saving 100000 paths...done.
Autobalance parameters: maxcond=68
Verified: 0 bad out of 110372
Runtime: 21.2996
Extend MD5 differential paths backward
Copyright (C) 2009 Marc Stevens
http://homepages.cwi.nl/~stevens/

delta_m[11] = [!-4!]
Loading workdir4/paths21_0of1...done: 100000 (work:100000).
Estimating maxcond for upper bound 65536 (=16384 * 4)...
t=20: 0%   10   20   30   40   50   60   70   80   90   100%
      |----|----|----|----|----|----|----|----|----|----|
e     ***************************************************
Found maxcond = 79
t=20: 0%   10   20   30   40   50   60   70   80   90   100%
      |----|----|----|----|----|----|----|----|----|----|
      ***************************************************
Q17:	|....-.+. ...-.... ........ ......+.|
Q18:	|..+...-. ...1.... ..+...+. 1..1....|
Q19:	|1.....+. ...+.... ........ -0.-....|
Q20:	|..^...+. .0...0.. ..^...^. 11...0..| ok p=0.503906
Q21:	|+.....0. .1.^.1.. ..0..... 1+.^.1..| ok p=0.606445
Q22:	|+.....^. .+...+.. ..1..... -....-..| ok p=0.636719
Q23:	|-....... ........ ..-.0... .^......| ok p=0.985352
Q24:	|-...0... .^...^.0 ....1... ^....^..| ok p=1
Q25:	|-...1... ........ ..^.+... ........| ok p=0.418945
Q26:	|1...+... ......0- ........ ...0....| ok p=1
Q27:	|0....... ......1- ....^... ...1....| ok p=1
Q28:	|....^... ......-+ ........ ...-....| ok p=0.473633
Q29:	|........ .......0 ........ ...0....| ok p=0.974609
Q30:	|........ ......^1 ........ ...+....| ok p=1
Q31:	|........ ........ ........ ...+....| ok p=1
Q32:	|........ ........ ........ ........| ok p=1
Q33:	|........ ........ ........ ...!....| ok p=1
Q34:	|........ ........ ........ ........| ok p=1
Q35:	|........ ........ ........ ........| ok p=1
Q36:	|........ ........ ........ ........| ok p=1
Q37:	|........ ........ ........ ........| ok p=1
Q38:	|........ ........ ........ ........| ok p=1
Q39:	|........ ........ ........ ........| ok p=1
Q40:	|........ ........ ........ ........| ok p=1
Q41:	|........ ........ ........ ........| ok p=1
Q42:	|........ ........ ........ ........| ok p=1
Q43:	|........ ........ ........ ........| ok p=1
Q44:	|........ ........ ........ ........| ok p=1
Q45:	|........ ........ ........ ........| ok p=1
Q46:	|........ ........ ........ ........| ok p=1
Q47:	|........ ........ ........ ........| ok p=1
Q48:	|........ ........ ........ ........| ok p=1
Q49:	|........ ........ ........ ........| ok p=1
Q50:	|........ ........ ........ ........| ok p=1
Q51:	|........ ........ ........ ........| ok p=1
Q52:	|........ ........ ........ ........| ok p=1
Q53:	|........ ........ ........ ........| ok p=1
Q54:	|........ ........ ........ ........| ok p=1
Q55:	|........ ........ ........ ........| ok p=1
Q56:	|........ ........ ........ ........| ok p=1
Q57:	|........ ........ ........ ........| ok p=1
Q58:	|........ ........ ........ ........| ok p=1
Q59:	|........ ........ ........ ........| ok p=1
Q60:	|........ ........ .0...... ........| ok p=1
Q61:	|........ ........ 10...... ........| ok p=1
Q62:	|........ ........ 0-...... ........| ok p=1
Q63:	|........ ........ -+...... ........| ok p=1
Q64:	|........ ........ .-...... ....-...|
Saving 16384 paths...done.
Autobalance parameters: maxcond=77
Verified: 0 bad out of 31065
Runtime: 4.41445
Extend MD5 differential paths backward
Copyright (C) 2009 Marc Stevens
http://homepages.cwi.nl/~stevens/

delta_m[11] = [!-4!]
Loading workdir4/paths20_0of1...done: 16384 (work:16384).
Estimating maxcond for upper bound 2000000 (=500000 * 4)...
t=19: 0%   10   20   30   40   50   60   70   80   90   100%
      |----|----|----|----|----|----|----|----|----|----|
e     ***************************************************
Found maxcond = 89
t=19: 0%   10   20   30   40   50   60   70   80   90   100%
      |----|----|----|----|----|----|----|----|----|----|
      ***************************************************
Q16:	|........ ..-....+ .......- .......-|
Q17:	|..1...+. ...-.... ..1..... ...0..+.|
Q18:	|..+...-. ...1.... ..-....+ ...1....|
Q19:	|1.....+. ...+.... .......+ .0.-..^.| ok p=0.999023
Q20:	|..^...+. .0...0.. ..^....0 01...0..| ok p=0.503906
Q21:	|+.....0. .1.^.1.. ..0....1 1+.^.1..| ok p=0.623047
Q22:	|+.....^. .-...+.. ..1..... -....-..| ok p=0.646484
Q23:	|-....... ........ ..-.0... .^......| ok p=0.984375
Q24:	|-...0... .^...^.0 ....1... ^....^..| ok p=1
Q25:	|-...1... ........ ..^.+... ........| ok p=0.567383
Q26:	|1...+... ......0- ........ ...0....| ok p=1
Q27:	|0....... ......1- ....^... ...1....| ok p=1
Q28:	|....^... ......-+ ........ ...-....| ok p=0.457031
Q29:	|........ .......0 ........ ...0....| ok p=0.97168
Q30:	|........ ......^1 ........ ...+....| ok p=1
Q31:	|........ ........ ........ ...+....| ok p=1
Q32:	|........ ........ ........ ........| ok p=1
Q33:	|........ ........ ........ ...!....| ok p=1
Q34:	|........ ........ ........ ........| ok p=1
Q35:	|........ ........ ........ ........| ok p=1
Q36:	|........ ........ ........ ........| ok p=1
Q37:	|........ ........ ........ ........| ok p=1
Q38:	|........ ........ ........ ........| ok p=1
Q39:	|........ ........ ........ ........| ok p=1
Q40:	|........ ........ ........ ........| ok p=1
Q41:	|........ ........ ........ ........| ok p=1
Q42:	|........ ........ ........ ........| ok p=1
Q43:	|........ ........ ........ ........| ok p=1
Q44:	|........ ........ ........ ........| ok p=1
Q45:	|........ ........ ........ ........| ok p=1
Q46:	|........ ........ ........ ........| ok p=1
Q47:	|........ ........ ........ ........| ok p=1
Q48:	|........ ........ ........ ........| ok p=1
Q49:	|........ ........ ........ ........| ok p=1
Q50:	|........ ........ ........ ........| ok p=1
Q51:	|........ ........ ........ ........| ok p=1
Q52:	|........ ........ ........ ........| ok p=1
Q53:	|........ ........ ........ ........| ok p=1
Q54:	|........ ........ ........ ........| ok p=1
Q55:	|........ ........ ........ ........| ok p=1
Q56:	|........ ........ ........ ........| ok p=1
Q57:	|........ ........ ........ ........| ok p=1
Q58:	|........ ........ ........ ........| ok p=1
Q59:	|........ ........ ........ ........| ok p=1
Q60:	|........ ........ .0...... ........| ok p=1
Q61:	|........ ........ 10...... ........| ok p=1
Q62:	|........ ........ 0-...... ........| ok p=1
Q63:	|........ ........ -+...... ........| ok p=1
Q64:	|........ ........ .-...... ....-...|
Saving 500000 paths...done.
Autobalance parameters: maxcond=88
Verified: 0 bad out of 596127
Estimating maxcond for upper bound 2000000 (=500000 * 4)...
t=18: 0%   10   20   30   40   50   60   70   80   90   100%
      |----|----|----|----|----|----|----|----|----|----|
e     ***************************************************
Found maxcond = 98
t=18: 0%   10   20   30   40   50   60   70   80   90   100%
      |----|----|----|----|----|----|----|----|----|----|
      ***************************************************
Q15:	|+...-... .-...... -..+.... +..+...-|
Q16:	|..0...0. ...1...+ ..0....- .......-|
Q17:	|..1...+. ...-.... ..1....0 .-.0....|
Q18:	|..+...-. ...1...^ ..+....+ .-.1...^| ok p=0.478516
Q19:	|1.....+. ...+.... .......- .+.-....| ok p=0.998047
Q20:	|..^...+. .0...0.. ..^....1 1+...0..| ok p=0.483398
Q21:	|-.....0. .1.^.1.. ..0....0 1+.^.1..| ok p=0.505859
Q22:	|-.....^. .+...+.. ..1..... -1...-..| ok p=0.658203
Q23:	|+....... ........ ..-.0... .0......| ok p=0.983398
Q24:	|+...0... .^...^.0 ....1... ^....^..| ok p=1
Q25:	|+...1... ........ ..^.+... ........| ok p=0.509766
Q26:	|1...+... ......0- ........ ...0....| ok p=1
Q27:	|0....... ......1- ....^... ...1....| ok p=1
Q28:	|....^... ......-+ ........ ...-....| ok p=0.450195
Q29:	|........ .......0 ........ ...0....| ok p=0.984375
Q30:	|........ ......^1 ........ ...+....| ok p=1
Q31:	|........ ........ ........ ...+....| ok p=1
Q32:	|........ ........ ........ ........| ok p=1
Q33:	|........ ........ ........ ...!....| ok p=1
Q34:	|........ ........ ........ ........| ok p=1
Q35:	|........ ........ ........ ........| ok p=1
Q36:	|........ ........ ........ ........| ok p=1
Q37:	|........ ........ ........ ........| ok p=1
Q38:	|........ ........ ........ ........| ok p=1
Q39:	|........ ........ ........ ........| ok p=1
Q40:	|........ ........ ........ ........| ok p=1
Q41:	|........ ........ ........ ........| ok p=1
Q42:	|........ ........ ........ ........| ok p=1
Q43:	|........ ........ ........ ........| ok p=1
Q44:	|........ ........ ........ ........| ok p=1
Q45:	|........ ........ ........ ........| ok p=1
Q46:	|........ ........ ........ ........| ok p=1
Q47:	|........ ........ ........ ........| ok p=1
Q48:	|........ ........ ........ ........| ok p=1
Q49:	|........ ........ ........ ........| ok p=1
Q50:	|........ ........ ........ ........| ok p=1
Q51:	|........ ........ ........ ........| ok p=1
Q52:	|........ ........ ........ ........| ok p=1
Q53:	|........ ........ ........ ........| ok p=1
Q54:	|........ ........ ........ ........| ok p=1
Q55:	|........ ........ ........ ........| ok p=1
Q56:	|........ ........ ........ ........| ok p=1
Q57:	|........ ........ ........ ........| ok p=1
Q58:	|........ ........ ........ ........| ok p=1
Q59:	|........ ........ ........ ........| ok p=1
Q60:	|........ ........ .0...... ........| ok p=1
Q61:	|........ ........ 10...... ........| ok p=1
Q62:	|........ ........ 0-...... ........| ok p=1
Q63:	|........ ........ -+...... ........| ok p=1
Q64:	|........ ........ .-...... ....-...|
Saving 500000 paths...done.
Autobalance parameters: maxcond=97
Verified: 0 bad out of 660820
Estimating maxcond for upper bound 2000000 (=500000 * 4)...
t=17: 0%   10   20   30   40   50   60   70   80   90   100%
      |----|----|----|----|----|----|----|----|----|----|
e     ***************************************************
Found maxcond = 115
t=17: 0%   10   20   30   40   50   60   70   80   90   100%
      |----|----|----|----|----|----|----|----|----|----|
      ***************************************************
Q14:	|+......- .+.-..-. ..+.-... ...-....|
Q15:	|+.....+. ..-....1 .-.-...1 ...+..01|
Q16:	|..0...1. ..-0...+ ..1....- ...0..1-|
Q17:	|^.1...+. ..-..... .^1^...0 ...0..+.| ok p=0.478516
Q18:	|..+...-. ..1+...^ ..-....+ ...1...^| ok p=0.430664
Q19:	|1.....+. ..^+.... .......+ .0.-..^.| ok p=0.998047
Q20:	|..^...+. .0.1.0.. ..^....0 01...0..| ok p=0.506836
Q21:	|+.....0. .1.0.1.. ..0....1 1+.^.1..| ok p=0.606445
Q22:	|+.....^. .-...+.. ..1..... -....-..| ok p=0.625
Q23:	|-....... ........ ..-.0... .^......| ok p=0.988281
Q24:	|-...0... .^...^.0 ....1... ^....^..| ok p=1
Q25:	|-...1... ........ ..^.+... ........| ok p=0.566406
Q26:	|1...+... ......0- ........ ...0....| ok p=1
Q27:	|0....... ......1- ....^... ...1....| ok p=1
Q28:	|....^... ......-+ ........ ...-....| ok p=0.457031
Q29:	|........ .......0 ........ ...0....| ok p=0.96582
Q30:	|........ ......^1 ........ ...+....| ok p=1
Q31:	|........ ........ ........ ...+....| ok p=1
Q32:	|........ ........ ........ ........| ok p=1
Q33:	|........ ........ ........ ...!....| ok p=1
Q34:	|........ ........ ........ ........| ok p=1
Q35:	|........ ........ ........ ........| ok p=1
Q36:	|........ ........ ........ ........| ok p=1
Q37:	|........ ........ ........ ........| ok p=1
Q38:	|........ ........ ........ ........| ok p=1
Q39:	|........ ........ ........ ........| ok p=1
Q40:	|........ ........ ........ ........| ok p=1
Q41:	|........ ........ ........ ........| ok p=1
Q42:	|........ ........ ........ ........| ok p=1
Q43:	|........ ........ ........ ........| ok p=1
Q44:	|........ ........ ........ ........| ok p=1
Q45:	|........ ........ ........ ........| ok p=1
Q46:	|........ ........ ........ ........| ok p=1
Q47:	|........ ........ ........ ........| ok p=1
Q48:	|........ ........ ........ ........| ok p=1
Q49:	|........ ........ ........ ........| ok p=1
Q50:	|........ ........ ........ ........| ok p=1
Q51:	|........ ........ ........ ........| ok p=1
Q52:	|........ ........ ........ ........| ok p=1
Q53:	|........ ........ ........ ........| ok p=1
Q54:	|........ ........ ........ ........| ok p=1
Q55:	|........ ........ ........ ........| ok p=1
Q56:	|........ ........ ........ ........| ok p=1
Q57:	|........ ........ ........ ........| ok p=1
Q58:	|........ ........ ........ ........| ok p=1
Q59:	|........ ........ ........ ........| ok p=1
Q60:	|........ ........ .0...... ........| ok p=1
Q61:	|........ ........ 10...... ........| ok p=1
Q62:	|........ ........ 0-...... ........| ok p=1
Q63:	|........ ........ -+...... ........| ok p=1
Q64:	|........ ........ .-...... ....-...|
Saving 500000 paths...done.
Autobalance parameters: maxcond=113
Verified: 0 bad out of 970833
Estimating maxcond for upper bound 2000000 (=500000 * 4)...
t=16: 0%   10   20   30   40   50   60   70   80   90   100%
      |----|----|----|----|----|----|----|----|----|----|
e     ***************************************************
Found maxcond = 129
t=16: 0%   10   20   30   40   50   60   70   80   90   100%
      |----|----|----|----|----|----|----|----|----|----|
      ***************************************************
Q13:	|+...+... ...+..-. +...-... .-.-..-.|
Q14:	|1.-.1... .1.+...- -..1+... .......+|
Q15:	|+.0.-.0. .-.+...1 -..-.... .+.+...1|
Q16:	|..0...1. ...0...+ 0.1.^.0. .+.+...-| ok p=0.429688
Q17:	|^.1.^.+. .^.-.... 1.1^..1. 00.1....| ok p=0.899414
Q18:	|..+...-. ...1...^ ..+...+. 1-.1...^| ok p=0.412109
Q19:	|1.....+. ...+.... ........ --.-....| ok p=0.99707
Q20:	|..^...+. .0...0.. ..^...^. 1+...0..| ok p=0.520508
Q21:	|-.....0. .1.^.1.. ..0..... 1+.^.1..| ok p=0.49707
Q22:	|-.....^. .+...+.. ..1..... -1...-..| ok p=0.625
Q23:	|+....... ........ ..-.0... .0......| ok p=0.981445
Q24:	|+...0... .^...^.0 ....1... ^....^..| ok p=1
Q25:	|+...1... ........ ..^.+... ........| ok p=0.494141
Q26:	|1...+... ......0- ........ ...0....| ok p=1
Q27:	|0....... ......1- ....^... ...1....| ok p=1
Q28:	|....^... ......-+ ........ ...-....| ok p=0.46582
Q29:	|........ .......0 ........ ...0....| ok p=0.973633
Q30:	|........ ......^1 ........ ...+....| ok p=1
Q31:	|........ ........ ........ ...+....| ok p=1
Q32:	|........ ........ ........ ........| ok p=1
Q33:	|........ ........ ........ ...!....| ok p=1
Q34:	|........ ........ ........ ........| ok p=1
Q35:	|........ ........ ........ ........| ok p=1
Q36:	|........ ........ ........ ........| ok p=1
Q37:	|........ ........ ........ ........| ok p=1
Q38:	|........ ........ ........ ........| ok p=1
Q39:	|........ ........ ........ ........| ok p=1
Q40:	|........ ........ ........ ........| ok p=1
Q41:	|........ ........ ........ ........| ok p=1
Q42:	|........ ........ ........ ........| ok p=1
Q43:	|........ ........ ........ ........| ok p=1
Q44:	|........ ........ ........ ........| ok p=1
Q45:	|........ ........ ........ ........| ok p=1
Q46:	|........ ........ ........ ........| ok p=1
Q47:	|........ ........ ........ ........| ok p=1
Q48:	|........ ........ ........ ........| ok p=1
Q49:	|........ ........ ........ ........| ok p=1
Q50:	|........ ........ ........ ........| ok p=1
Q51:	|........ ........ ........ ........| ok p=1
Q52:	|........ ........ ........ ........| ok p=1
Q53:	|........ ........ ........ ........| ok p=1
Q54:	|........ ........ ........ ........| ok p=1
Q55:	|........ ........ ........ ........| ok p=1
Q56:	|........ ........ ........ ........| ok p=1
Q57:	|........ ........ ........ ........| ok p=1
Q58:	|........ ........ ........ ........| ok p=1
Q59:	|........ ........ ........ ........| ok p=1
Q60:	|........ ........ .0...... ........| ok p=1
Q61:	|........ ........ 10...... ........| ok p=1
Q62:	|........ ........ 0-...... ........| ok p=1
Q63:	|........ ........ -+...... ........| ok p=1
Q64:	|........ ........ .-...... ....-...|
Saving 500000 paths...done.
Autobalance parameters: maxcond=128
Verified: 0 bad out of 601764
Runtime: 88.5845
