Connect MD5 differential paths
Copyright (C) 2009 Marc Stevens
http://homepages.cwi.nl/~stevens/

delta_m[11] = [!-4!]
Loading workdir4/paths16_0of1.bin.gz...done: 500000.
Loading workdir4/paths11_0of1.bin.gz...done: 500000.
t=12: 0%   10   20   30   40   50   60   70   80   90   100%
      |----|----|----|----|----|----|----|----|----|----|
      *Q-3:	|11001010 11001010 01000110 01110101|
Q-2:	|+--0-+11 -1101010 +-100100 1010011-|
Q-1:	|001+++-+ +11110+- --100000 0111100-|
Q0:	|11+11-0- 1+-1++++ +0++0110 1011+00-| ok p=0.766602
Q1:	|..-11-1- 000+00.1 -1++1+.. -.+.-.-.| ok p=0.768555
Q2:	|..1+.... 1+0+-110 1..++0.. -.-.-.-0| ok p=1
Q3:	|..00.0.1 +1..0.1. 0.0.0+1. ..+.+.1.| ok p=1
Q4:	|.1-1.... -+^01.-. ..101+0. 1.1.1.0.| ok p=1
Q5:	|00--.... 1--.1.+0 ..-...+. ..1.00-.| ok p=1
Q6:	|1+.-.... --0.-.10 1.-.!00. .....1-.| ok p=1
Q7:	|0+00...0 -.1.0.++ 0.+...0. .....+-.| ok p=1
Q8:	|1-.1..01 .1..1.0- ..1..... .....-..| ok p=1
Q9:	|1+.+..1+ 0....100 ..1.0^.1 .!...+1.| ok p=1
Q10:	|0111.1-+ 11111110 00-.1+00 .1.100.1| ok p=1
Q11:	|0+01.10- 00100-1- 101.111- .0111+10| ok p=1
Q12:	|-011^--0 -+++++-+ +-00-+++ ^-1-++0+| ok p=1
Q13:	|-1+--+0+ ---+-++1 1++1+-++ -0-+--+1| ok p=1
Q14:	|+.111000 .1++1.-1 001+1011 0110010+| ok p=1
Q15:	|+.000-01 10-.0111 -01+1011 +00+0010| ok p=0.1875
Q16:	|0.0...1. ..0^..1+ ..01...+ ...+...-| ok p=0.577148
Q17:	|0.1..^+. ..-1.... ^.11...1 ^-.1....| ok p=0.420898
Q18:	|..+...-. ...0...^ ..+....+ .-.1...^| ok p=0.430664
Q19:	|1.....+. ..^+.... .......- .+.-....| ok p=0.999023
Q20:	|..^...+. .0...0.. ..^....1 1+...0..| ok p=0.515625
Q21:	|-.....0. .1.^.1.. ..0....0 1+.^.1..| ok p=0.477539
Q22:	|-.....0. .+...+.. ..1..... -1...-..| ok p=0.635742
Q23:	|+....... ........ ..-.0... .0......| ok p=0.985352
Q24:	|+...0... .^...^.0 ....1... ^....^..| ok p=1
Q25:	|+...1... ........ ..^.+... ........| ok p=0.522461
Q26:	|1...+... ......0- ........ ...0....| ok p=1
Q27:	|0....... ......1- ....^... ...1....| ok p=1
Q28:	|....^... ......-+ ........ ...-....| ok p=0.443359
Q29:	|........ .......0 ........ ...0....| ok p=0.973633
Q30:	|........ ......^1 ........ ...+....| ok p=1
Q31:	|........ ........ ........ ...+....| ok p=1
Q32:	|........ ........ ........ ........| ok p=1
Q33:	|........ ........ ........ ...!....| ok p=1
Q34:	|........ ........ ........ ........| ok p=1
Q35:	|........ ........ ........ ........| ok p=1
Q36:	|........ ........ ........ ........| ok p=1
Q37:	|........ ........ ........ ........| ok p=1
Q38:	|........ ........ ........ ........| ok p=1
Q39:	|........ ........ ........ ........| ok p=1
Q40:	|........ ........ ........ ........| ok p=1
Q41:	|........ ........ ........ ........| ok p=1
Q42:	|........ ........ ........ ........| ok p=1
Q43:	|........ ........ ........ ........| ok p=1
Q44:	|........ ........ ........ ........| ok p=1
Q45:	|........ ........ ........ ........| ok p=1
Q46:	|........ ........ ........ ........| ok p=1
Q47:	|........ ........ ........ ........| ok p=1
Q48:	|........ ........ ........ ........| ok p=1
Q49:	|........ ........ ........ ........| ok p=1
Q50:	|........ ........ ........ ........| ok p=1
Q51:	|........ ........ ........ ........| ok p=1
Q52:	|........ ........ ........ ........| ok p=1
Q53:	|........ ........ ........ ........| ok p=1
Q54:	|........ ........ ........ ........| ok p=1
Q55:	|........ ........ ........ ........| ok p=1
Q56:	|........ ........ ........ ........| ok p=1
Q57:	|........ ........ ........ ........| ok p=1
Q58:	|........ ........ ........ ........| ok p=1
Q59:	|........ ........ ........ ........| ok p=1
Q60:	|........ ........ .0...... ........| ok p=1
Q61:	|........ ........ 10...... ........| ok p=1
Q62:	|........ ........ 0-...... ........| ok p=1
Q63:	|........ ........ -+...... ........| ok p=1
Q64:	|........ ........ .-...... ....-...|
Best path: totcompl=-33 tottunnel=30, totcond=572, p=0.000501644
Q-3:	|11001010 11001010 01000110 01110101|
Q-2:	|+--0-+11 -1101010 +-100100 1010011-|
Q-1:	|001+++-+ +11110+- --100000 0111100-|
Q0:	|11+11-0- 1+-1++++ +0++0110 1011+00-| ok p=0.779297
Q1:	|..-11-1- 000+00.1 -1++1+.. -.+.-.-.| ok p=0.737305
Q2:	|..1+.... 1+0+-110 1..++0.. -.-.-.-0| ok p=1
Q3:	|..00.0.1 +1..0.1. 0.0.0+1. ..+.+.1.| ok p=1
Q4:	|.1-1.... -+^01.-. ..101+0. 1.1.1.0.| ok p=1
Q5:	|.0--.... 1--.1.+1 ..-..1+. ..1.00-.| ok p=1
Q6:	|!+1-.... --0.-.11 0.-..00. .....1-.| ok p=1
Q7:	|.+00.... -.1.0.++ .^+...0. .....+-.| ok p=1
Q8:	|!-.1..^. .1..1.-+ ..1..0.. .....-..| ok p=1
Q9:	|^+1+..+. 1...110. ..1..0.0 ..!.^+1.| ok p=1
Q10:	|.0010.01 00000110 0.-.!+.0 10..-0.1| ok p=1
Q11:	|1+011.01 1010-+.1 10111+.- 10.^10.0| ok p=1
Q12:	|00+++.0+ ++++0-^0 +1100+^+ -+^-+0^+| ok p=1
Q13:	|++--10-- ---+-+++ 1----1-+ --+1+-+1| ok p=1
Q14:	|+1001000 11++1-1+ 000+1011 0010.00+| ok p=1
Q15:	|-100.-00 00-.1010 -11-0.01 +00+0110| ok p=0.152344
Q16:	|1.0...1. ..0^.0.+ ..10...+ ...+...-| ok p=0.569336
Q17:	|1.1..^+. ..-1.... ^.10...1 ^-.1....| ok p=0.448242
Q18:	|..+...-. ...0...^ ..+....+ .-.1...^| ok p=0.432617
Q19:	|1.....+. ..^+.... .......- .+.-....| ok p=0.999023
Q20:	|..^...+. .0...0.. ..^....1 1+...0..| ok p=0.529297
Q21:	|-.....0. .1.^.1.. ..0....0 1+.^.1..| ok p=0.50293
Q22:	|-.....0. .+...+.. ..1..... -1...-..| ok p=0.652344
Q23:	|+....... ........ ..-.0... .0......| ok p=0.982422
Q24:	|+...0... .^...^.0 ....1... ^....^..| ok p=1
Q25:	|+...1... ........ ..^.+... ........| ok p=0.509766
Q26:	|1...+... ......0- ........ ...0....| ok p=1
Q27:	|0....... ......1- ....^... ...1....| ok p=1
Q28:	|....^... ......-+ ........ ...-....| ok p=0.491211
Q29:	|........ .......0 ........ ...0....| ok p=0.967773
Q30:	|........ ......^1 ........ ...+....| ok p=1
Q31:	|........ ........ ........ ...+....| ok p=1
Q32:	|........ ........ ........ ........| ok p=1
Q33:	|........ ........ ........ ...!....| ok p=1
Q34:	|........ ........ ........ ........| ok p=1
Q35:	|........ ........ ........ ........| ok p=1
Q36:	|........ ........ ........ ........| ok p=1
Q37:	|........ ........ ........ ........| ok p=1
Q38:	|........ ........ ........ ........| ok p=1
Q39:	|........ ........ ........ ........| ok p=1
Q40:	|........ ........ ........ ........| ok p=1
Q41:	|........ ........ ........ ........| ok p=1
Q42:	|........ ........ ........ ........| ok p=1
Q43:	|........ ........ ........ ........| ok p=1
Q44:	|........ ........ ........ ........| ok p=1
Q45:	|........ ........ ........ ........| ok p=1
Q46:	|........ ........ ........ ........| ok p=1
Q47:	|........ ........ ........ ........| ok p=1
Q48:	|........ ........ ........ ........| ok p=1
Q49:	|........ ........ ........ ........| ok p=1
Q50:	|........ ........ ........ ........| ok p=1
Q51:	|........ ........ ........ ........| ok p=1
Q52:	|........ ........ ........ ........| ok p=1
Q53:	|........ ........ ........ ........| ok p=1
Q54:	|........ ........ ........ ........| ok p=1
Q55:	|........ ........ ........ ........| ok p=1
Q56:	|........ ........ ........ ........| ok p=1
Q57:	|........ ........ ........ ........| ok p=1
Q58:	|........ ........ ........ ........| ok p=1
Q59:	|........ ........ ........ ........| ok p=1
Q60:	|........ ........ .0...... ........| ok p=1
Q61:	|........ ........ 10...... ........| ok p=1
Q62:	|........ ........ 0-...... ........| ok p=1
Q63:	|........ ........ -+...... ........| ok p=1
Q64:	|........ ........ .-...... ....-...|
Best path: totcompl=-30 tottunnel=33, totcond=565, p=0.000253452
Q-3:	|11001010 11001010 01000110 01110101|
Q-2:	|+--0-+11 -1101010 +-100100 1010011-|
Q-1:	|001+++-+ +11110+- --100000 0111100-|
Q0:	|11+11-0- 1+-1++++ +0++0110 1011+00-| ok p=0.753906
Q1:	|..-11-1- 000+00.1 -1++1+.. -.+.-.-.| ok p=0.771484
Q2:	|..1+.... 1+0+-110 1..++0.. -.-.-.-0| ok p=1
Q3:	|..00.0.1 +1..0.1. 0.0.0+1. ..+.+.1.| ok p=1
Q4:	|.1-1.... -+^01.-. ..101+0. 1.1.1.0.| ok p=1
Q5:	|.0--.... 1--.1.+1 ..-..1+. ..1.00-.| ok p=1
Q6:	|!+.-.... --0.-.11 0.-..00. .....1-.| ok p=1
Q7:	|!+00.... -.1.0.++ .^+...0. .....+-.| ok p=1
Q8:	|!-.1..^. .1..1.-+ ..1..0.. .....-..| ok p=1
Q9:	|^+.+..+. 1...110. ..1..0.0 .!..^+1.| ok p=1
Q10:	|!0010.01 00000110 0.-.!+.0 10..-0.1| ok p=1
Q11:	|1+011.01 1010-+.1 10111+.- 10.^10.0| ok p=1
Q12:	|00+++.0+ ++++0-^0 +1100+^+ -+^-+.^+| ok p=1
Q13:	|++--10-- ---+-+++ 1----1-+ --+1+.-1| ok p=1
Q14:	|+1001000 11++1-1+ 000+1011 0010..0+| ok p=1
Q15:	|-100.-00 00-.1010 -11-0.01 +00+0.10| ok p=0.158203
Q16:	|1.0...1. ..0^.0.+ ..10...+ ...+...-| ok p=0.560547
Q17:	|1.1..^+. ..-1.... ^.10...1 ^-.1....| ok p=0.433594
Q18:	|..+...-. ...0...^ ..+....+ .-.1...^| ok p=0.439453
Q19:	|1.....+. ..^+.... .......- .+.-....| ok p=1
Q20:	|..^...+. .0...0.. ..^....1 1+...0..| ok p=0.49707
Q21:	|-.....0. .1.^.1.. ..0....0 1+.^.1..| ok p=0.505859
Q22:	|-.....0. .+...+.. ..1..... -1...-..| ok p=0.65332
Q23:	|+....... ........ ..-.0... .0......| ok p=0.985352
Q24:	|+...0... .^...^.0 ....1... ^....^..| ok p=1
Q25:	|+...1... ........ ..^.+... ........| ok p=0.484375
Q26:	|1...+... ......0- ........ ...0....| ok p=1
Q27:	|0....... ......1- ....^... ...1....| ok p=1
Q28:	|....^... ......-+ ........ ...-....| ok p=0.490234
Q29:	|........ .......0 ........ ...0....| ok p=0.975586
Q30:	|........ ......^1 ........ ...+....| ok p=1
Q31:	|........ ........ ........ ...+....| ok p=1
Q32:	|........ ........ ........ ........| ok p=1
Q33:	|........ ........ ........ ...!....| ok p=1
Q34:	|........ ........ ........ ........| ok p=1
Q35:	|........ ........ ........ ........| ok p=1
Q36:	|........ ........ ........ ........| ok p=1
Q37:	|........ ........ ........ ........| ok p=1
Q38:	|........ ........ ........ ........| ok p=1
Q39:	|........ ........ ........ ........| ok p=1
Q40:	|........ ........ ........ ........| ok p=1
Q41:	|........ ........ ........ ........| ok p=1
Q42:	|........ ........ ........ ........| ok p=1
Q43:	|........ ........ ........ ........| ok p=1
Q44:	|........ ........ ........ ........| ok p=1
Q45:	|........ ........ ........ ........| ok p=1
Q46:	|........ ........ ........ ........| ok p=1
Q47:	|........ ........ ........ ........| ok p=1
Q48:	|........ ........ ........ ........| ok p=1
Q49:	|........ ........ ........ ........| ok p=1
Q50:	|........ ........ ........ ........| ok p=1
Q51:	|........ ........ ........ ........| ok p=1
Q52:	|........ ........ ........ ........| ok p=1
Q53:	|........ ........ ........ ........| ok p=1
Q54:	|........ ........ ........ ........| ok p=1
Q55:	|........ ........ ........ ........| ok p=1
Q56:	|........ ........ ........ ........| ok p=1
Q57:	|........ ........ ........ ........| ok p=1
Q58:	|........ ........ ........ ........| ok p=1
Q59:	|........ ........ ........ ........| ok p=1
Q60:	|........ ........ .0...... ........| ok p=1
Q61:	|........ ........ 10...... ........| ok p=1
Q62:	|........ ........ 0-...... ........| ok p=1
Q63:	|........ ........ -+...... ........| ok p=1
Q64:	|........ ........ .-...... ....-...|
Best path: totcompl=-29 tottunnel=34, totcond=561, p=0.000295053
Q-3:	|11001010 11001010 01000110 01110101|
Q-2:	|+--0-+11 -1101010 +-100100 1010011-|
Q-1:	|001+++-+ +11110+- --100000 0111100-|
Q0:	|11+11-0- 1+-1++++ +0++0110 1011+00-| ok p=0.726562
Q1:	|..-11-1- 000+00.1 -1++1+.. -.+.-.-.| ok p=0.75
Q2:	|..1+.... 1+0+-110 1..++0.. -.-.-.-0| ok p=1
Q3:	|..00.0.1 +1..0.1. 0.0.0+1. ..+.+.1.| ok p=1
Q4:	|.1-1.... -+^01.-. ..101+0. 1.1.1.0.| ok p=1
Q5:	|.0--.... 1--.1.+1 ..-...+. ..1.00-.| ok p=1
Q6:	|!+.-.... --0.-.11 .0-.!00. .....1-.| ok p=1
Q7:	|!+00.... -.1.0.++ ^.+...0. .....+-.| ok p=1
Q8:	|!-.1..^. .1..1.-+ ..1..0.. .....-..| ok p=1
Q9:	|^+1+..+. 1...110. ..1..0.0 ...!^+1.| ok p=1
Q10:	|.0010.01 00000110 0.-.!+.0 ....-0.1| ok p=1
Q11:	|1+011.01 1010-+.1 10111+.- .^1^10.0| ok p=1
Q12:	|00+++.0+ ++++0-^0 +1100+^+ ^-1-+.^+| ok p=1
Q13:	|++--10-- ---+-+++ 1----1-+ -0-1+.-1| ok p=1
Q14:	|+1001000 11++1-1+ 000+1011 0110..0+| ok p=1
Q15:	|-100.-00 00-.1010 -11-0.01 +00+0.10| ok p=0.173828
Q16:	|1.0...1. ..0^.0.+ ..10...+ ...+...-| ok p=0.567383
Q17:	|1.1..^+. ..-1.... ^.10...1 ^-.1....| ok p=0.430664
Q18:	|..+...-. ...0...^ ..+....+ .-.1...^| ok p=0.40332
Q19:	|1.....+. ..^+.... .......- .+.-....| ok p=0.999023
Q20:	|..^...+. .0...0.. ..^....1 1+...0..| ok p=0.520508
Q21:	|-.....0. .1.^.1.. ..0....0 1+.^.1..| ok p=0.506836
Q22:	|-.....0. .+...+.. ..1..... -1...-..| ok p=0.668945
Q23:	|+....... ........ ..-.0... .0......| ok p=0.984375
Q24:	|+...0... .^...^.0 ....1... ^....^..| ok p=1
Q25:	|+...1... ........ ..^.+... ........| ok p=0.522461
Q26:	|1...+... ......0- ........ ...0....| ok p=1
Q27:	|0....... ......1- ....^... ...1....| ok p=1
Q28:	|....^... ......-+ ........ ...-....| ok p=0.447266
Q29:	|........ .......0 ........ ...0....| ok p=0.958008
Q30:	|........ ......^1 ........ ...+....| ok p=1
Q31:	|........ ........ ........ ...+....| ok p=1
Q32:	|........ ........ ........ ........| ok p=1
Q33:	|........ ........ ........ ...!....| ok p=1
Q34:	|........ ........ ........ ........| ok p=1
Q35:	|........ ........ ........ ........| ok p=1
Q36:	|........ ........ ........ ........| ok p=1
Q37:	|........ ........ ........ ........| ok p=1
Q38:	|........ ........ ........ ........| ok p=1
Q39:	|........ ........ ........ ........| ok p=1
Q40:	|........ ........ ........ ........| ok p=1
Q41:	|........ ........ ........ ........| ok p=1
Q42:	|........ ........ ........ ........| ok p=1
Q43:	|........ ........ ........ ........| ok p=1
Q44:	|........ ........ ........ ........| ok p=1
Q45:	|........ ........ ........ ........| ok p=1
Q46:	|........ ........ ........ ........| ok p=1
Q47:	|........ ........ ........ ........| ok p=1
Q48:	|........ ........ ........ ........| ok p=1
Q49:	|........ ........ ........ ........| ok p=1
Q50:	|........ ........ ........ ........| ok p=1
Q51:	|........ ........ ........ ........| ok p=1
Q52:	|........ ........ ........ ........| ok p=1
Q53:	|........ ........ ........ ........| ok p=1
Q54:	|........ ........ ........ ........| ok p=1
Q55:	|........ ........ ........ ........| ok p=1
Q56:	|........ ........ ........ ........| ok p=1
Q57:	|........ ........ ........ ........| ok p=1
Q58:	|........ ........ ........ ........| ok p=1
Q59:	|........ ........ ........ ........| ok p=1
Q60:	|........ ........ .0...... ........| ok p=1
Q61:	|........ ........ 10...... ........| ok p=1
Q62:	|........ ........ 0-...... ........| ok p=1
Q63:	|........ ........ -+...... ........| ok p=1
Q64:	|........ ........ .-...... ....-...|
Best path: totcompl=-29 tottunnel=34, totcond=559, p=0.000304932
Best paths: 2
Best paths: 4
Q-3:	|11001010 11001010 01000110 01110101|
Q-2:	|+--0-+11 -1101010 +-100100 1010011-|
Q-1:	|001+++-+ +11110+- --100000 0111100-|
Q0:	|11+11-0- 1+-1++++ +0++0110 1011+00-| ok p=0.737305
Q1:	|..-11-1- 000+00.1 -1++1+.. -.+.-.-.| ok p=0.75
Q2:	|..1+.... 1+0+-110 1..++0.. -.-.-.-0| ok p=1
Q3:	|..00.0.1 +1..0.1. 0.0.0+1. ..+.+.1.| ok p=1
Q4:	|.1-1.... -+^01.-. ..101+0. 1.1.1.0.| ok p=1
Q5:	|.0--.... 1--.1.+1 ..-..1+. ..1.00-.| ok p=1
Q6:	|!+1-.... --0.-.11 00-..00. .....1-.| ok p=1
Q7:	|1+00.... -.1.0.++ ..+...0. .....+-.| ok p=1
Q8:	|0-.1..^. .1..1.-+ ..1..0.. .....-..| ok p=1
Q9:	|0+.+..+. 1....10. ..1..0.1 .!..^+1.| ok p=1
Q10:	|10.1000. ..100111 0.-.!+.0 ....-010| ok p=1
Q11:	|1+11.10. .0010-.1 10000+^- .^101-+1| ok p=1
Q12:	|+001.--^ ^1-+-+^0 +1101.++ ^-0110-+| ok p=1
Q13:	|-0+-0+-- --1-0-++ 1----00- -1-+--+1| ok p=1
Q14:	|+.0101.1 11+0++1+ 000+1001 0110101+| ok p=1
Q15:	|-.00-100 00-00110 -11-0..1 +00+1100| ok p=0.337891
Q16:	|1.0...0. ..0.01.+ ..10...+ ...+...-| ok p=0.575195
Q17:	|1.1.^.+. ..-1.... ^.10...1 ^-.1....| ok p=0.444336
Q18:	|..+...-. ...0...^ ..+....+ .-.1...^| ok p=0.40332
Q19:	|1.....+. ..^+.... .......- .+.-....| ok p=1
Q20:	|..^...+. .0...0.. ..^....1 1+...0..| ok p=0.494141
Q21:	|-.....0. .1.^.1.. ..0....0 1+.^.1..| ok p=0.46875
Q22:	|-.....0. .+...+.. ..1..... -1...-..| ok p=0.642578
Q23:	|+....... ........ ..-.0... .0......| ok p=0.984375
Q24:	|+...0... .^...^.0 ....1... ^....^..| ok p=1
Q25:	|+...1... ........ ..^.+... ........| ok p=0.501953
Q26:	|1...+... ......0- ........ ...0....| ok p=1
Q27:	|0....... ......1- ....^... ...1....| ok p=1
Q28:	|....^... ......-+ ........ ...-....| ok p=0.46875
Q29:	|........ .......0 ........ ...0....| ok p=0.958008
Q30:	|........ ......^1 ........ ...+....| ok p=1
Q31:	|........ ........ ........ ...+....| ok p=1
Q32:	|........ ........ ........ ........| ok p=1
Q33:	|........ ........ ........ ...!....| ok p=1
Q34:	|........ ........ ........ ........| ok p=1
Q35:	|........ ........ ........ ........| ok p=1
Q36:	|........ ........ ........ ........| ok p=1
Q37:	|........ ........ ........ ........| ok p=1
Q38:	|........ ........ ........ ........| ok p=1
Q39:	|........ ........ ........ ........| ok p=1
Q40:	|........ ........ ........ ........| ok p=1
Q41:	|........ ........ ........ ........| ok p=1
Q42:	|........ ........ ........ ........| ok p=1
Q43:	|........ ........ ........ ........| ok p=1
Q44:	|........ ........ ........ ........| ok p=1
Q45:	|........ ........ ........ ........| ok p=1
Q46:	|........ ........ ........ ........| ok p=1
Q47:	|........ ........ ........ ........| ok p=1
Q48:	|........ ........ ........ ........| ok p=1
Q49:	|........ ........ ........ ........| ok p=1
Q50:	|........ ........ ........ ........| ok p=1
Q51:	|........ ........ ........ ........| ok p=1
Q52:	|........ ........ ........ ........| ok p=1
Q53:	|........ ........ ........ ........| ok p=1
Q54:	|........ ........ ........ ........| ok p=1
Q55:	|........ ........ ........ ........| ok p=1
Q56:	|........ ........ ........ ........| ok p=1
Q57:	|........ ........ ........ ........| ok p=1
Q58:	|........ ........ ........ ........| ok p=1
Q59:	|........ ........ ........ ........| ok p=1
Q60:	|........ ........ .0...... ........| ok p=1
Q61:	|........ ........ 10...... ........| ok p=1
Q62:	|........ ........ 0-...... ........| ok p=1
Q63:	|........ ........ -+...... ........| ok p=1
Q64:	|........ ........ .-...... ....-...|
Best path: totcompl=-27 tottunnel=36, totcond=559, p=0.000648648
Q-3:	|11001010 11001010 01000110 01110101|
Q-2:	|+--0-+11 -1101010 +-100100 1010011-|
Q-1:	|001+++-+ +11110+- --100000 0111100-|
Q0:	|11+11-0- 1+-1++++ +0++0110 1011+00-| ok p=0.753906
Q1:	|..-11-1- 000+00.1 -1++1+.. -.+.-.-.| ok p=0.755859
Q2:	|..1+.... 1+0+-110 1..++0.. -.-.-.-0| ok p=1
Q3:	|..00.0.1 +1..0.1. 0.0.0+1. ..+.+.1.| ok p=1
Q4:	|.1-1.... -+^01.-. ..101+0. 1.1.1.0.| ok p=1
Q5:	|.0--.... 1--.1.+1 ..-..1+. ..1.00-.| ok p=1
Q6:	|!+1-.... --0.-.11 0.-..00. .....1-.| ok p=1
Q7:	|1+00.... -.1.0.++ 1.+...0. .....+-.| ok p=1
Q8:	|0-.1..^. .1..1.-+ ..1..0.. .....-..| ok p=1
Q9:	|0+.+..+. 1....10. ..1..0.1 .!..^+1.| ok p=1
Q10:	|10.1.00. ..100111 0.-.!+.0 ....-010| ok p=1
Q11:	|1+11^10. .0010-.1 10000+^- .^101-+1| ok p=1
Q12:	|+001.--^ ^1-+-+^0 +1101.++ ^-0110-+| ok p=1
Q13:	|-0+-0+-- --1-0-++ 1----00- -1-+--+1| ok p=1
Q14:	|+.0101.1 11+0++1+ 000+1001 0110010+| ok p=1
Q15:	|-.00-100 00-00110 -11-0..1 +00+1100| ok p=0.318359
Q16:	|1.0...0. ..0.01.+ ..10...+ ...+...-| ok p=0.575195
Q17:	|1.1.^.+. ..-1.... ^.10...1 ^-.1....| ok p=0.419922
Q18:	|..+...-. ...0...^ ..+....+ .-.1...^| ok p=0.395508
Q19:	|1.....+. ..^+.... .......- .+.-....| ok p=1
Q20:	|..^...+. .0...0.. ..^....1 1+...0..| ok p=0.501953
Q21:	|-.....0. .1.^.1.. ..0....0 1+.^.1..| ok p=0.509766
Q22:	|-.....0. .+...+.. ..1..... -1...-..| ok p=0.628906
Q23:	|+....... ........ ..-.0... .0......| ok p=0.990234
Q24:	|+...0... .^...^.0 ....1... ^....^..| ok p=1
Q25:	|+...1... ........ ..^.+... ........| ok p=0.52832
Q26:	|1...+... ......0- ........ ...0....| ok p=1
Q27:	|0....... ......1- ....^... ...1....| ok p=1
Q28:	|....^... ......-+ ........ ...-....| ok p=0.489258
Q29:	|........ .......0 ........ ...0....| ok p=0.959961
Q30:	|........ ......^1 ........ ...+....| ok p=1
Q31:	|........ ........ ........ ...+....| ok p=1
Q32:	|........ ........ ........ ........| ok p=1
Q33:	|........ ........ ........ ...!....| ok p=1
Q34:	|........ ........ ........ ........| ok p=1
Q35:	|........ ........ ........ ........| ok p=1
Q36:	|........ ........ ........ ........| ok p=1
Q37:	|........ ........ ........ ........| ok p=1
Q38:	|........ ........ ........ ........| ok p=1
Q39:	|........ ........ ........ ........| ok p=1
Q40:	|........ ........ ........ ........| ok p=1
Q41:	|........ ........ ........ ........| ok p=1
Q42:	|........ ........ ........ ........| ok p=1
Q43:	|........ ........ ........ ........| ok p=1
Q44:	|........ ........ ........ ........| ok p=1
Q45:	|........ ........ ........ ........| ok p=1
Q46:	|........ ........ ........ ........| ok p=1
Q47:	|........ ........ ........ ........| ok p=1
Q48:	|........ ........ ........ ........| ok p=1
Q49:	|........ ........ ........ ........| ok p=1
Q50:	|........ ........ ........ ........| ok p=1
Q51:	|........ ........ ........ ........| ok p=1
Q52:	|........ ........ ........ ........| ok p=1
Q53:	|........ ........ ........ ........| ok p=1
Q54:	|........ ........ ........ ........| ok p=1
Q55:	|........ ........ ........ ........| ok p=1
Q56:	|........ ........ ........ ........| ok p=1
Q57:	|........ ........ ........ ........| ok p=1
Q58:	|........ ........ ........ ........| ok p=1
Q59:	|........ ........ ........ ........| ok p=1
Q60:	|........ ........ .0...... ........| ok p=1
Q61:	|........ ........ 10...... ........| ok p=1
Q62:	|........ ........ 0-...... ........| ok p=1
Q63:	|........ ........ -+...... ........| ok p=1
Q64:	|........ ........ .-...... ....-...|
Best path: totcompl=-26 tottunnel=37, totcond=559, p=0.00067512
Best paths: 2
Q-3:	|11001010 11001010 01000110 01110101|
Q-2:	|+--0-+11 -1101010 +-100100 1010011-|
Q-1:	|001+++-+ +11110+- --100000 0111100-|
Q0:	|11+11-0- 1+-1++++ +0++0110 1011+00-| ok p=0.751953
Q1:	|..-11-1- 000+00.1 -1++1+.. -.+.-.-.| ok p=0.750977
Q2:	|..1+.... 1+0+-110 1..++0.. -.-.-.-0| ok p=1
Q3:	|..00.0.1 +1..0.1. 0.0.0+1. ..+.+.1.| ok p=1
Q4:	|.1-1.... -+^01.-. ..101+0. 1.1.1.0.| ok p=1
Q5:	|.0--.... 1--.1.+1 ..-..1+. ..1.00-.| ok p=1
Q6:	|!+1-.... --0.-.11 0.-..00. .....1-.| ok p=1
Q7:	|1+00.... -.1.0.++ .^+...0. .....+-.| ok p=1
Q8:	|0-.1..^. .1..1.-+ ..1..0.. .....-..| ok p=1
Q9:	|0+.+..+. 1....10. ..1..0.1 ...!^+1.| ok p=1
Q10:	|1001.00. ..100111 0.-.!+.0 ....-010| ok p=1
Q11:	|1+11.10. .0010-.1 10000+^- .^101-+1| ok p=1
Q12:	|+001.--^ ^1-+-+^0 +1101+-+ ^-0110-+| ok p=1
Q13:	|-0+-0+-- --1-0-++ 1----.0- -1-+--+1| ok p=1
Q14:	|+.0101.1 11+0++1+ 000+1001 0110101+| ok p=1
Q15:	|-.00-100 00-01010 -11-0..1 +00+1100| ok p=0.322266
Q16:	|1.0...0. ..0.10.+ ..10...+ ...+...-| ok p=0.529297
Q17:	|1.1.^.+. ..-1.... ^.10...1 ^-.1....| ok p=0.447266
Q18:	|..+...-. ...0...^ ..+....+ .-.1...^| ok p=0.43457
Q19:	|1.....+. ..^+.... .......- .+.-....| ok p=0.99707
Q20:	|..^...+. .0...0.. ..^....1 1+...0..| ok p=0.520508
Q21:	|-.....0. .1.^.1.. ..0....0 1+.^.1..| ok p=0.510742
Q22:	|-.....0. .+...+.. ..1..... -1...-..| ok p=0.613281
Q23:	|+....... ........ ..-.0... .0......| ok p=0.984375
Q24:	|+...0... .^...^.0 ....1... ^....^..| ok p=1
Q25:	|+...1... ........ ..^.+... ........| ok p=0.464844
Q26:	|1...+... ......0- ........ ...0....| ok p=1
Q27:	|0....... ......1- ....^... ...1....| ok p=1
Q28:	|....^... ......-+ ........ ...-....| ok p=0.487305
Q29:	|........ .......0 ........ ...0....| ok p=0.96875
Q30:	|........ ......^1 ........ ...+....| ok p=1
Q31:	|........ ........ ........ ...+....| ok p=1
Q32:	|........ ........ ........ ........| ok p=1
Q33:	|........ ........ ........ ...!....| ok p=1
Q34:	|........ ........ ........ ........| ok p=1
Q35:	|........ ........ ........ ........| ok p=1
Q36:	|........ ........ ........ ........| ok p=1
Q37:	|........ ........ ........ ........| ok p=1
Q38:	|........ ........ ........ ........| ok p=1
Q39:	|........ ........ ........ ........| ok p=1
Q40:	|........ ........ ........ ........| ok p=1
Q41:	|........ ........ ........ ........| ok p=1
Q42:	|........ ........ ........ ........| ok p=1
Q43:	|........ ........ ........ ........| ok p=1
Q44:	|........ ........ ........ ........| ok p=1
Q45:	|........ ........ ........ ........| ok p=1
Q46:	|........ ........ ........ ........| ok p=1
Q47:	|........ ........ ........ ........| ok p=1
Q48:	|........ ........ ........ ........| ok p=1
Q49:	|........ ........ ........ ........| ok p=1
Q50:	|........ ........ ........ ........| ok p=1
Q51:	|........ ........ ........ ........| ok p=1
Q52:	|........ ........ ........ ........| ok p=1
Q53:	|........ ........ ........ ........| ok p=1
Q54:	|........ ........ ........ ........| ok p=1
Q55:	|........ ........ ........ ........| ok p=1
Q56:	|........ ........ ........ ........| ok p=1
Q57:	|........ ........ ........ ........| ok p=1
Q58:	|........ ........ ........ ........| ok p=1
Q59:	|........ ........ ........ ........| ok p=1
Q60:	|........ ........ .0...... ........| ok p=1
Q61:	|........ ........ 10...... ........| ok p=1
Q62:	|........ ........ 0-...... ........| ok p=1
Q63:	|........ ........ -+...... ........| ok p=1
Q64:	|........ ........ .-...... ....-...|
Best path: totcompl=-25 tottunnel=38, totcond=559, p=0.000687446
Best paths: 2
Q-3:	|11001010 11001010 01000110 01110101|
Q-2:	|+--0-+11 -1101010 +-100100 1010011-|
Q-1:	|001+++-+ +11110+- --100000 0111100-|
Q0:	|11+11-0- 1+-1++++ +0++0110 1011+00-| ok p=0.75
Q1:	|..-11-1- 000+00.1 -1++1+.. -.+.-.-.| ok p=0.757812
Q2:	|..1+.... 1+0+-110 1..++0.. -.-.-.-0| ok p=1
Q3:	|..00.0.1 +1..0.1. 0.0.0+1. ..+.+.1.| ok p=1
Q4:	|.1-1.... -+^01.-. ..101+0. 1.1.1.0.| ok p=1
Q5:	|.0--.... 1--.1.+1 ..-..1+. ..1.00-.| ok p=1
Q6:	|!+.-.... --0.-.11 00-..00. .....1-.| ok p=1
Q7:	|!+00.... -.1.0.++ ..+...0. .....+-.| ok p=1
Q8:	|!-.1..^. .1..1.-+ .11..0.. .....-..| ok p=1
Q9:	|^+.+..+. 1....00. .11..001 ..!.^+0.| ok p=1
Q10:	|!0000.01 1.0.0010 .-..1+11 .1..-001| ok p=1
Q11:	|^+.11.10 0^111-01 ^-.11+0- .0..1100| ok p=1
Q12:	|--^1-.0+ -++1++0- ++^0+--+ .-^.1+--| ok p=1
Q13:	|0+--10-- -0---++1 1+++--++ 0++0+1-0| ok p=1
Q14:	|+1110011 .00+1.-1 1100+.0- 001100.0| ok p=1
Q15:	|+000.-00 1-0+0111 -01+0000 +01+1.11| ok p=0.703125
Q16:	|1.0...1. ...0..1+ ..0.0..+ ...+...-| ok p=0.570312
Q17:	|1.1..^+. .^.-.... ^.1^...1 ^-.1....| ok p=0.428711
Q18:	|..+...-. ...1...^ ..+....+ .-.1...^| ok p=0.408203
Q19:	|1.....+. ...+.... .......- .+.-....| ok p=0.999023
Q20:	|..^...+. .0...0.. ..^....1 1+...0..| ok p=0.515625
Q21:	|-.....0. .1.^.1.. ..0....0 1+.^.1..| ok p=0.515625
Q22:	|-.....0. .+...+.. ..1..... -1...-..| ok p=0.666992
Q23:	|+....... ........ ..-.0... .0......| ok p=0.979492
Q24:	|+...0... .^...^.0 ....1... ^....^..| ok p=1
Q25:	|+...1... ........ ..^.+... ........| ok p=0.511719
Q26:	|1...+... ......0- ........ ...0....| ok p=1
Q27:	|0....... ......1- ....^... ...1....| ok p=1
Q28:	|....^... ......-+ ........ ...-....| ok p=0.452148
Q29:	|........ .......0 ........ ...0....| ok p=0.967773
Q30:	|........ ......^1 ........ ...+....| ok p=1
Q31:	|........ ........ ........ ...+....| ok p=1
Q32:	|........ ........ ........ ........| ok p=1
Q33:	|........ ........ ........ ...!....| ok p=1
Q34:	|........ ........ ........ ........| ok p=1
Q35:	|........ ........ ........ ........| ok p=1
Q36:	|........ ........ ........ ........| ok p=1
Q37:	|........ ........ ........ ........| ok p=1
Q38:	|........ ........ ........ ........| ok p=1
Q39:	|........ ........ ........ ........| ok p=1
Q40:	|........ ........ ........ ........| ok p=1
Q41:	|........ ........ ........ ........| ok p=1
Q42:	|........ ........ ........ ........| ok p=1
Q43:	|........ ........ ........ ........| ok p=1
Q44:	|........ ........ ........ ........| ok p=1
Q45:	|........ ........ ........ ........| ok p=1
Q46:	|........ ........ ........ ........| ok p=1
Q47:	|........ ........ ........ ........| ok p=1
Q48:	|........ ........ ........ ........| ok p=1
Q49:	|........ ........ ........ ........| ok p=1
Q50:	|........ ........ ........ ........| ok p=1
Q51:	|........ ........ ........ ........| ok p=1
Q52:	|........ ........ ........ ........| ok p=1
Q53:	|........ ........ ........ ........| ok p=1
Q54:	|........ ........ ........ ........| ok p=1
Q55:	|........ ........ ........ ........| ok p=1
Q56:	|........ ........ ........ ........| ok p=1
Q57:	|........ ........ ........ ........| ok p=1
Q58:	|........ ........ ........ ........| ok p=1
Q59:	|........ ........ ........ ........| ok p=1
Q60:	|........ ........ .0...... ........| ok p=1
Q61:	|........ ........ 10...... ........| ok p=1
Q62:	|........ ........ 0-...... ........| ok p=1
Q63:	|........ ........ -+...... ........| ok p=1
Q64:	|........ ........ .-...... ....-...|
Best path: totcompl=-25 tottunnel=38, totcond=558, p=0.00146899
Q-3:	|11001010 11001010 01000110 01110101|
Q-2:	|+--0-+11 -1101010 +-100100 1010011-|
Q-1:	|001+++-+ +11110+- --100000 0111100-|
Q0:	|11+11-0- 1+-1++++ +0++0110 1011+00-| ok p=0.768555
Q1:	|..-11-1- 000+00.1 -1++1+.. -.+.-.-.| ok p=0.727539
Q2:	|..1+.... 1+0+-110 1..++0.. -.-.-.-0| ok p=1
Q3:	|..00.0.1 +1..0.1. 0.0.0+1. ..+.+.1.| ok p=1
Q4:	|.1-1.... -+^01.-. ..101+0. 1.1.1.0.| ok p=1
Q5:	|.0--.... 1--.1.+1 ..-...+. ..1.00-.| ok p=1
Q6:	|!+1-.... --0.-.11 00-.!00. .....1-.| ok p=1
Q7:	|.+00.... -.1.0.++ ..+...0. .....+-.| ok p=1
Q8:	|!-.1..^. .1..1.-+ .11..0.. .....-..| ok p=1
Q9:	|^+.+..+. 1....00. .11..001 ..!.^+0.| ok p=1
Q10:	|!0.00.01 1.0.0010 .-..1+11 .1..-010| ok p=1
Q11:	|^+^11.10 0^111-01 ^-.11+0- .0..1101| ok p=1
Q12:	|--^1-.0+ -++1++0- ++^0+--+ .-^.1+--| ok p=1
Q13:	|0+--10-- -0---++1 1+++--++ 0++1+1-0| ok p=1
Q14:	|+1110011 .00+1.-1 1100+.0- 001000.0| ok p=1
Q15:	|+000.-00 1-0+0111 -01+0000 +00+1.11| ok p=0.744141
Q16:	|1.0...1. ...0..1+ ..0.0..+ ...+...-| ok p=0.556641
Q17:	|1.1..^+. .^.-.... ^.1^...1 ^-.1....| ok p=0.430664
Q18:	|..+...-. ...1...^ ..+....+ .-.1...^| ok p=0.422852
Q19:	|1.....+. ...+.... .......- .+.-....| ok p=0.999023
Q20:	|..^...+. .0...0.. ..^....1 1+...0..| ok p=0.532227
Q21:	|-.....0. .1.^.1.. ..0....0 1+.^.1..| ok p=0.494141
Q22:	|-.....0. .+...+.. ..1..... -1...-..| ok p=0.62793
Q23:	|+....... ........ ..-.0... .0......| ok p=0.988281
Q24:	|+...0... .^...^.0 ....1... ^....^..| ok p=1
Q25:	|+...1... ........ ..^.+... ........| ok p=0.515625
Q26:	|1...+... ......0- ........ ...0....| ok p=1
Q27:	|0....... ......1- ....^... ...1....| ok p=1
Q28:	|....^... ......-+ ........ ...-....| ok p=0.46875
Q29:	|........ .......0 ........ ...0....| ok p=0.974609
Q30:	|........ ......^1 ........ ...+....| ok p=1
Q31:	|........ ........ ........ ...+....| ok p=1
Q32:	|........ ........ ........ ........| ok p=1
Q33:	|........ ........ ........ ...!....| ok p=1
Q34:	|........ ........ ........ ........| ok p=1
Q35:	|........ ........ ........ ........| ok p=1
Q36:	|........ ........ ........ ........| ok p=1
Q37:	|........ ........ ........ ........| ok p=1
Q38:	|........ ........ ........ ........| ok p=1
Q39:	|........ ........ ........ ........| ok p=1
Q40:	|........ ........ ........ ........| ok p=1
Q41:	|........ ........ ........ ........| ok p=1
Q42:	|........ ........ ........ ........| ok p=1
Q43:	|........ ........ ........ ........| ok p=1
Q44:	|........ ........ ........ ........| ok p=1
Q45:	|........ ........ ........ ........| ok p=1
Q46:	|........ ........ ........ ........| ok p=1
Q47:	|........ ........ ........ ........| ok p=1
Q48:	|........ ........ ........ ........| ok p=1
Q49:	|........ ........ ........ ........| ok p=1
Q50:	|........ ........ ........ ........| ok p=1
Q51:	|........ ........ ........ ........| ok p=1
Q52:	|........ ........ ........ ........| ok p=1
Q53:	|........ ........ ........ ........| ok p=1
Q54:	|........ ........ ........ ........| ok p=1
Q55:	|........ ........ ........ ........| ok p=1
Q56:	|........ ........ ........ ........| ok p=1
Q57:	|........ ........ ........ ........| ok p=1
Q58:	|........ ........ ........ ........| ok p=1
Q59:	|........ ........ ........ ........| ok p=1
Q60:	|........ ........ .0...... ........| ok p=1
Q61:	|........ ........ 10...... ........| ok p=1
Q62:	|........ ........ 0-...... ........| ok p=1
Q63:	|........ ........ -+...... ........| ok p=1
Q64:	|........ ........ .-...... ....-...|
Best path: totcompl=-24 tottunnel=39, totcond=558, p=0.00140265
Q-3:	|11001010 11001010 01000110 01110101|
Q-2:	|+--0-+11 -1101010 +-100100 1010011-|
Q-1:	|001+++-+ +11110+- --100000 0111100-|
Q0:	|11+11-0- 1+-1++++ +0++0110 1011+00-| ok p=0.761719
Q1:	|..-11-1- 000+00.1 -1++1+.. -.+.-.-.| ok p=0.764648
Q2:	|..1+.... 1+0+-110 1..++0.. -.-.-.-0| ok p=1
Q3:	|..00.0.1 +1..0.1. 0.0.0+1. ..+.+.1.| ok p=1
Q4:	|.1-1.... -+^01.-. ..101+0. 1.1.1.0.| ok p=1
Q5:	|.0--.... 1--.1.+1 ..-..1+. ..1.00-.| ok p=1
Q6:	|!+.-.... --0.-.11 00-..00. .....1-.| ok p=1
Q7:	|!+00.... -.1.0.++ ..+...0. .....+-.| ok p=1
Q8:	|!-.1..^. .1..1.-+ .11..0.. .....-..| ok p=1
Q9:	|^+.+..+. 1....00. .11..0.1 ..!.^+0.| ok p=1
Q10:	|!0000.01 1.0.0010 .-..!+01 .1..-010| ok p=1
Q11:	|^+.11.10 0^111-01 ^-..0+1- .0..1101| ok p=1
Q12:	|--^1-.0+ -++1++0- ++^^11++ .-^.1+--| ok p=1
Q13:	|0+--10-- -0---++1 1+++--++ 0++0+1-0| ok p=1
Q14:	|+1110011 .00+1.-1 1100+0.- 001100.0| ok p=1
Q15:	|+000.-00 1-0+0111 -01+0000 +01+1.11| ok p=0.710938
Q16:	|1.0...1. ...0..1+ ..0.0..+ ...+...-| ok p=0.555664
Q17:	|1.1..^+. .^.-.... ^.1^...1 ^-.1....| ok p=0.40332
Q18:	|..+...-. ...1...^ ..+....+ .-.1...^| ok p=0.451172
Q19:	|1.....+. ...+.... .......- .+.-....| ok p=0.998047
Q20:	|..^...+. .0...0.. ..^....1 1+...0..| ok p=0.517578
Q21:	|-.....0. .1.^.1.. ..0....0 1+.^.1..| ok p=0.49707
Q22:	|-.....0. .+...+.. ..1..... -1...-..| ok p=0.625
Q23:	|+....... ........ ..-.0... .0......| ok p=0.983398
Q24:	|+...0... .^...^.0 ....1... ^....^..| ok p=1
Q25:	|+...1... ........ ..^.+... ........| ok p=0.490234
Q26:	|1...+... ......0- ........ ...0....| ok p=1
Q27:	|0....... ......1- ....^... ...1....| ok p=1
Q28:	|....^... ......-+ ........ ...-....| ok p=0.474609
Q29:	|........ .......0 ........ ...0....| ok p=0.977539
Q30:	|........ ......^1 ........ ...+....| ok p=1
Q31:	|........ ........ ........ ...+....| ok p=1
Q32:	|........ ........ ........ ........| ok p=1
Q33:	|........ ........ ........ ...!....| ok p=1
Q34:	|........ ........ ........ ........| ok p=1
Q35:	|........ ........ ........ ........| ok p=1
Q36:	|........ ........ ........ ........| ok p=1
Q37:	|........ ........ ........ ........| ok p=1
Q38:	|........ ........ ........ ........| ok p=1
Q39:	|........ ........ ........ ........| ok p=1
Q40:	|........ ........ ........ ........| ok p=1
Q41:	|........ ........ ........ ........| ok p=1
Q42:	|........ ........ ........ ........| ok p=1
Q43:	|........ ........ ........ ........| ok p=1
Q44:	|........ ........ ........ ........| ok p=1
Q45:	|........ ........ ........ ........| ok p=1
Q46:	|........ ........ ........ ........| ok p=1
Q47:	|........ ........ ........ ........| ok p=1
Q48:	|........ ........ ........ ........| ok p=1
Q49:	|........ ........ ........ ........| ok p=1
Q50:	|........ ........ ........ ........| ok p=1
Q51:	|........ ........ ........ ........| ok p=1
Q52:	|........ ........ ........ ........| ok p=1
Q53:	|........ ........ ........ ........| ok p=1
Q54:	|........ ........ ........ ........| ok p=1
Q55:	|........ ........ ........ ........| ok p=1
Q56:	|........ ........ ........ ........| ok p=1
Q57:	|........ ........ ........ ........| ok p=1
Q58:	|........ ........ ........ ........| ok p=1
Q59:	|........ ........ ........ ........| ok p=1
Q60:	|........ ........ .0...... ........| ok p=1
Q61:	|........ ........ 10...... ........| ok p=1
Q62:	|........ ........ 0-...... ........| ok p=1
Q63:	|........ ........ -+...... ........| ok p=1
Q64:	|........ ........ .-...... ....-...|
Best path: totcompl=-24 tottunnel=39, totcond=556, p=0.0015051
Best paths: 2
Q-3:	|11001010 11001010 01000110 01110101|
Q-2:	|+--0-+11 -1101010 +-100100 1010011-|
Q-1:	|001+++-+ +11110+- --100000 0111100-|
Q0:	|11+11-0- 1+-1++++ +0++0110 1011+00-| ok p=0.739258
Q1:	|..-11-1- 000+00.1 -1++1+.. -.+.-.-.| ok p=0.760742
Q2:	|..1+.... 1+0+-110 1..++0.. -.-.-.-0| ok p=1
Q3:	|..00.0.1 +1..0.1. 0.0.0+1. ..+.+.1.| ok p=1
Q4:	|.1-1.... -+^01.-. ..101+0. 1.1.1.0.| ok p=1
Q5:	|00--.... 1--.1.+1 ..-...+. ..1.00-.| ok p=1
Q6:	|1+.-.... --0.-.11 0.-.!00. .....1-.| ok p=1
Q7:	|0+00.... -.1.0.++ 1.+...0. .....+-.| ok p=1
Q8:	|1-.1..^. .1..1.-+ .11..0.. .....-..| ok p=1
Q9:	|1+.+..+. 1....00. .11..0.1 .!..^+0.| ok p=1
Q10:	|00.00.01 1.0.0010 .-..!+01 .1..-010| ok p=1
Q11:	|0+^11.10 0^111-01 ^-..0+1- .0..1101| ok p=1
Q12:	|+-^1-.0+ -++1++0- ++^^11++ .-^.1+--| ok p=1
Q13:	|----10-- -0---++1 1+++--++ 0++1+1-0| ok p=1
Q14:	|+.110011 .00+1.-1 1100+0.- 001000.0| ok p=1
Q15:	|+000.-00 1-0+0111 -01+0000 +00+1.11| ok p=0.707031
Q16:	|1.0...1. ...0..1+ ..0.0..+ ...+...-| ok p=0.569336
Q17:	|1.1..^+. .^.-.... ^.1^...1 ^-.1....| ok p=0.445312
Q18:	|..+...-. ...1...^ ..+....+ .-.1...^| ok p=0.432617
Q19:	|1.....+. ...+.... .......- .+.-....| ok p=1
Q20:	|..^...+. .0...0.. ..^....1 1+...0..| ok p=0.514648
Q21:	|-.....0. .1.^.1.. ..0....0 1+.^.1..| ok p=0.494141
Q22:	|-.....0. .+...+.. ..1..... -1...-..| ok p=0.643555
Q23:	|+....... ........ ..-.0... .0......| ok p=0.990234
Q24:	|+...0... .^...^.0 ....1... ^....^..| ok p=1
Q25:	|+...1... ........ ..^.+... ........| ok p=0.492188
Q26:	|1...+... ......0- ........ ...0....| ok p=1
Q27:	|0....... ......1- ....^... ...1....| ok p=1
Q28:	|....^... ......-+ ........ ...-....| ok p=0.470703
Q29:	|........ .......0 ........ ...0....| ok p=0.962891
Q30:	|........ ......^1 ........ ...+....| ok p=1
Q31:	|........ ........ ........ ...+....| ok p=1
Q32:	|........ ........ ........ ........| ok p=1
Q33:	|........ ........ ........ ...!....| ok p=1
Q34:	|........ ........ ........ ........| ok p=1
Q35:	|........ ........ ........ ........| ok p=1
Q36:	|........ ........ ........ ........| ok p=1
Q37:	|........ ........ ........ ........| ok p=1
Q38:	|........ ........ ........ ........| ok p=1
Q39:	|........ ........ ........ ........| ok p=1
Q40:	|........ ........ ........ ........| ok p=1
Q41:	|........ ........ ........ ........| ok p=1
Q42:	|........ ........ ........ ........| ok p=1
Q43:	|........ ........ ........ ........| ok p=1
Q44:	|........ ........ ........ ........| ok p=1
Q45:	|........ ........ ........ ........| ok p=1
Q46:	|........ ........ ........ ........| ok p=1
Q47:	|........ ........ ........ ........| ok p=1
Q48:	|........ ........ ........ ........| ok p=1
Q49:	|........ ........ ........ ........| ok p=1
Q50:	|........ ........ ........ ........| ok p=1
Q51:	|........ ........ ........ ........| ok p=1
Q52:	|........ ........ ........ ........| ok p=1
Q53:	|........ ........ ........ ........| ok p=1
Q54:	|........ ........ ........ ........| ok p=1
Q55:	|........ ........ ........ ........| ok p=1
Q56:	|........ ........ ........ ........| ok p=1
Q57:	|........ ........ ........ ........| ok p=1
Q58:	|........ ........ ........ ........| ok p=1
Q59:	|........ ........ ........ ........| ok p=1
Q60:	|........ ........ .0...... ........| ok p=1
Q61:	|........ ........ 10...... ........| ok p=1
Q62:	|........ ........ 0-...... ........| ok p=1
Q63:	|........ ........ -+...... ........| ok p=1
Q64:	|........ ........ .-...... ....-...|
Best path: totcompl=-23 tottunnel=40, totcond=556, p=0.00143481
Best paths: 2
Q-3:	|11001010 11001010 01000110 01110101|
Q-2:	|+--0-+11 -1101010 +-100100 1010011-|
Q-1:	|001+++-+ +11110+- --100000 0111100-|
Q0:	|11+11-0- 1+-1++++ +0++0110 1011+00-| ok p=0.755859
Q1:	|..-11-1- 000+00.1 -1++1+.. -.+.-.-.| ok p=0.759766
Q2:	|..1+.... 1+0+-110 1..++0.. -.-.-.-0| ok p=1
Q3:	|..00.0.1 +1..0.1. 0.0.0+1. ..+.+.1.| ok p=1
Q4:	|.1-1.... -+^01.-. ..101+0. 1.1.1.0.| ok p=1
Q5:	|.0--.... 1--.1.+1 ..-...+. ..1.00-.| ok p=1
Q6:	|!+1-.... --0.-.11 0.-.!00. .....1-.| ok p=1
Q7:	|.+00.... -.1.0.++ 1.+...0. .....+-.| ok p=1
Q8:	|!-.1..^. .1..1.-+ .11..0.. .....-..| ok p=1
Q9:	|^+.+..+. 1....00. .11..0.1 .!..^+0.| ok p=1
Q10:	|!0.00.00 1.0.0010 .-..!+01 .1..-010| ok p=1
Q11:	|^+^11.11 0^101-01 ^-..0+1- .0..1101| ok p=1
Q12:	|--^1-.+- -++1++0- ++^^11++ .-^.1+--| ok p=1
Q13:	|0+--10-- -0---++1 1+++--++ 0++1+11-| ok p=1
Q14:	|+111001. .00+1.-1 1100+0.- 00100001| ok p=1
Q15:	|+000.-00 1-0+0111 -01+0000 +00+1..1| ok p=0.69043
Q16:	|1.0...1. ...0..1+ ..0.0..+ ...+...-| ok p=0.564453
Q17:	|1.1..^+. .^.-.... ^.1^...1 ^-.1....| ok p=0.44043
Q18:	|..+...-. ...1...^ ..+....+ .-.1...^| ok p=0.416016
Q19:	|1.....+. ...+.... .......- .+.-....| ok p=0.999023
Q20:	|..^...+. .0...0.. ..^....1 1+...0..| ok p=0.519531
Q21:	|-.....0. .1.^.1.. ..0....0 1+.^.1..| ok p=0.494141
Q22:	|-.....0. .+...+.. ..1..... -1...-..| ok p=0.663086
Q23:	|+....... ........ ..-.0... .0......| ok p=0.986328
Q24:	|+...0... .^...^.0 ....1... ^....^..| ok p=1
Q25:	|+...1... ........ ..^.+... ........| ok p=0.483398
Q26:	|1...+... ......0- ........ ...0....| ok p=1
Q27:	|0....... ......1- ....^... ...1....| ok p=1
Q28:	|....^... ......-+ ........ ...-....| ok p=0.475586
Q29:	|........ .......0 ........ ...0....| ok p=0.963867
Q30:	|........ ......^1 ........ ...+....| ok p=1
Q31:	|........ ........ ........ ...+....| ok p=1
Q32:	|........ ........ ........ ........| ok p=1
Q33:	|........ ........ ........ ...!....| ok p=1
Q34:	|........ ........ ........ ........| ok p=1
Q35:	|........ ........ ........ ........| ok p=1
Q36:	|........ ........ ........ ........| ok p=1
Q37:	|........ ........ ........ ........| ok p=1
Q38:	|........ ........ ........ ........| ok p=1
Q39:	|........ ........ ........ ........| ok p=1
Q40:	|........ ........ ........ ........| ok p=1
Q41:	|........ ........ ........ ........| ok p=1
Q42:	|........ ........ ........ ........| ok p=1
Q43:	|........ ........ ........ ........| ok p=1
Q44:	|........ ........ ........ ........| ok p=1
Q45:	|........ ........ ........ ........| ok p=1
Q46:	|........ ........ ........ ........| ok p=1
Q47:	|........ ........ ........ ........| ok p=1
Q48:	|........ ........ ........ ........| ok p=1
Q49:	|........ ........ ........ ........| ok p=1
Q50:	|........ ........ ........ ........| ok p=1
Q51:	|........ ........ ........ ........| ok p=1
Q52:	|........ ........ ........ ........| ok p=1
Q53:	|........ ........ ........ ........| ok p=1
Q54:	|........ ........ ........ ........| ok p=1
Q55:	|........ ........ ........ ........| ok p=1
Q56:	|........ ........ ........ ........| ok p=1
Q57:	|........ ........ ........ ........| ok p=1
Q58:	|........ ........ ........ ........| ok p=1
Q59:	|........ ........ ........ ........| ok p=1
Q60:	|........ ........ .0...... ........| ok p=1
Q61:	|........ ........ 10...... ........| ok p=1
Q62:	|........ ........ 0-...... ........| ok p=1
Q63:	|........ ........ -+...... ........| ok p=1
Q64:	|........ ........ .-...... ....-...|
Best path: totcompl=-23 tottunnel=40, totcond=555, p=0.00124037
Q-3:	|11001010 11001010 01000110 01110101|
Q-2:	|+--0-+11 -1101010 +-100100 1010011-|
Q-1:	|001+++-+ +11110+- --100000 0111100-|
Q0:	|11+11-0- 1+-1++++ +0++0110 1011+00-| ok p=0.740234
Q1:	|..-11-1- 000+00.1 -1++1+.. -.+.-.-.| ok p=0.746094
Q2:	|..1+.... 1+0+-110 1..++0.. -.-.-.-0| ok p=1
Q3:	|..00.0.1 +1..0.1. 0.0.0+1. ..+.+.1.| ok p=1
Q4:	|.1-1.... -+^01.-. ..101+0. 1.1.1.0.| ok p=1
Q5:	|00--.... 1--.1.+1 ..-...+. ..1.00-.| ok p=1
Q6:	|1+.-.... --0.-.11 0.-.!00. .....1-.| ok p=1
Q7:	|0+00.... -.1.0.++ 1.+...0. .....+-.| ok p=1
Q8:	|1-.1..^. .1..1.-+ .11..0.. .....-..| ok p=1
Q9:	|1+.+..+. 1....00. .11..0.1 ..!.^+0.| ok p=1
Q10:	|00000.00 1.0.0010 .-..!+01 .1..-010| ok p=1
Q11:	|0+.11.11 0^101-01 ^-..0+1- .0..1101| ok p=1
Q12:	|+-^1-.+- -++1++0- ++^^11++ .-^.1+--| ok p=1
Q13:	|----10-- -0---++1 1+++--++ 0++0+11-| ok p=1
Q14:	|+.11001. .00+1.-1 1100+0.- 00110001| ok p=1
Q15:	|+000.-00 1-0+0111 -01+0000 +01+1..1| ok p=0.705078
Q16:	|1.0...1. ...0..1+ ..0.0..+ ...+...-| ok p=0.5625
Q17:	|1.1..^+. .^.-.... ^.1^...1 ^-.1....| ok p=0.459961
Q18:	|..+...-. ...1...^ ..+....+ .-.1...^| ok p=0.422852
Q19:	|1.....+. ...+.... .......- .+.-....| ok p=0.99707
Q20:	|..^...+. .0...0.. ..^....1 1+...0..| ok p=0.494141
Q21:	|-.....0. .1.^.1.. ..0....0 1+.^.1..| ok p=0.501953
Q22:	|-.....0. .+...+.. ..1..... -1...-..| ok p=0.631836
Q23:	|+....... ........ ..-.0... .0......| ok p=0.977539
Q24:	|+...0... .^...^.0 ....1... ^....^..| ok p=1
Q25:	|+...1... ........ ..^.+... ........| ok p=0.529297
Q26:	|1...+... ......0- ........ ...0....| ok p=1
Q27:	|0....... ......1- ....^... ...1....| ok p=1
Q28:	|....^... ......-+ ........ ...-....| ok p=0.481445
Q29:	|........ .......0 ........ ...0....| ok p=0.970703
Q30:	|........ ......^1 ........ ...+....| ok p=1
Q31:	|........ ........ ........ ...+....| ok p=1
Q32:	|........ ........ ........ ........| ok p=1
Q33:	|........ ........ ........ ...!....| ok p=1
Q34:	|........ ........ ........ ........| ok p=1
Q35:	|........ ........ ........ ........| ok p=1
Q36:	|........ ........ ........ ........| ok p=1
Q37:	|........ ........ ........ ........| ok p=1
Q38:	|........ ........ ........ ........| ok p=1
Q39:	|........ ........ ........ ........| ok p=1
Q40:	|........ ........ ........ ........| ok p=1
Q41:	|........ ........ ........ ........| ok p=1
Q42:	|........ ........ ........ ........| ok p=1
Q43:	|........ ........ ........ ........| ok p=1
Q44:	|........ ........ ........ ........| ok p=1
Q45:	|........ ........ ........ ........| ok p=1
Q46:	|........ ........ ........ ........| ok p=1
Q47:	|........ ........ ........ ........| ok p=1
Q48:	|........ ........ ........ ........| ok p=1
Q49:	|........ ........ ........ ........| ok p=1
Q50:	|........ ........ ........ ........| ok p=1
Q51:	|........ ........ ........ ........| ok p=1
Q52:	|........ ........ ........ ........| ok p=1
Q53:	|........ ........ ........ ........| ok p=1
Q54:	|........ ........ ........ ........| ok p=1
Q55:	|........ ........ ........ ........| ok p=1
Q56:	|........ ........ ........ ........| ok p=1
Q57:	|........ ........ ........ ........| ok p=1
Q58:	|........ ........ ........ ........| ok p=1
Q59:	|........ ........ ........ ........| ok p=1
Q60:	|........ ........ .0...... ........| ok p=1
Q61:	|........ ........ 10...... ........| ok p=1
Q62:	|........ ........ 0-...... ........| ok p=1
Q63:	|........ ........ -+...... ........| ok p=1
Q64:	|........ ........ .-...... ....-...|
Best path: totcompl=-22 tottunnel=41, totcond=555, p=0.00159065
Best paths: 2
