Extend MD5 differential paths forward
Copyright (C) 2009 Marc Stevens
http://homepages.cwi.nl/~stevens/

delta_m[11] = [!-4!]
Loading workdir4/lowerpath.bin.gz...done: 1.
Estimating maxcond for upper bound 8000000 (=2000000 * 4)...
t=1:  0%   10   20   30   40   50   60   70   80   90   100%
      |----|----|----|----|----|----|----|----|----|----|
e     ***************************************************
Found maxcond = 2176
t=1:  0%   10   20   30   40   50   60   70   80   90   100%
      |----|----|----|----|----|----|----|----|----|----|
      ***************************************************
Q-3:	|11001010 11001010 01000110 01110101|
Q-2:	|+--0-+11 -1101010 +-100100 1010011-|
Q-1:	|001+++-+ +11110+- --100000 0111100-|
Q0:	|11+11-0- 1+-1++++ +0++0110 1011+00-| ok p=0.760742
Q1:	|..-11-1- 100+00.1 1-0-.+.. .--.-.-.| ok p=0.595703
Q2:	|..+.-..- .+.+.+.. ..+.-..- .+.+..-.|
Saving 252928 paths...done.
Autobalance parameters: maxcond=2176
Verified: 0 bad out of 252928
Estimating maxcond for upper bound 8000000 (=2000000 * 4)...
t=2:  0%   10   20   30   40   50   60   70   80   90   100%
      |----|----|----|----|----|----|----|----|----|----|
e     ***************************************************
Found maxcond = 170
t=2:  0%   10   20   30   40   50   60   70   80   90   100%
      |----|----|----|----|----|----|----|----|----|----|
      ***************************************************
Q-3:	|11001010 11001010 01000110 01110101|
Q-2:	|+--0-+11 -1101010 +-100100 1010011-|
Q-1:	|001+++-+ +11110+- --100000 0111100-|
Q0:	|11+11-0- 1+-1++++ +0++0110 1011+00-| ok p=0.753906
Q1:	|..-01-0- 010+01.0 -1++0+.. .--.-.-.| ok p=0.330078
Q2:	|..++.... .+1+1+11 0..++0.. .+0.-.+1| ok p=0.878906
Q3:	|...+.... .+.+..+. ..+.+.-. .-...+..|
Saving 2000000 paths...done.
Autobalance parameters: maxcond=169
Verified: 0 bad out of 2072965
Estimating maxcond for upper bound 8000000 (=2000000 * 4)...
t=3:  0%   10   20   30   40   50   60   70   80   90   100%
      |----|----|----|----|----|----|----|----|----|----|
e     ***************************************************
Found maxcond = 184
t=3:  0%   10   20   30   40   50   60   70   80   90   100%
      |----|----|----|----|----|----|----|----|----|----|
      ***************************************************
Q-3:	|11001010 11001010 01000110 01110101|
Q-2:	|+--0-+11 -1101010 +-100100 1010011-|
Q-1:	|001+++-+ +11110+- --100000 0111100-|
Q0:	|11+11-0- 1+-1++++ +0++0110 1011+00-| ok p=0.743164
Q1:	|..-11-1- 000+00.1 -1++0+.. -.+.-.-.| ok p=0.736328
Q2:	|..1+.... 0+00+011 0.+.-0.. -.-.-.-0| ok p=0.762695
Q3:	|..1-.1.1 +0.10... 1..10+.. ..+.....| ok p=0.62207
Q4:	|.-.+.... .-.+.-.- .-.+.... ...+.+..|
Saving 1543424 paths...done.
Autobalance parameters: maxcond=184
Verified: 0 bad out of 1543424
Estimating maxcond for upper bound 8000000 (=2000000 * 4)...
t=4:  0%   10   20   30   40   50   60   70   80   90   100%
      |----|----|----|----|----|----|----|----|----|----|
e     ***************************************************
Found maxcond = 199
t=4:  0%   10   20   30   40   50   60   70   80   90   100%
      |----|----|----|----|----|----|----|----|----|----|
      ***************************************************
Q-3:	|11001010 11001010 01000110 01110101|
Q-2:	|+--0-+11 -1101010 +-100100 1010011-|
Q-1:	|001+++-+ +11110+- --100000 0111100-|
Q0:	|11+11-0- 1+-1++++ +0++0110 1011+00-| ok p=0.754883
Q1:	|..-10-1- 000+00.1 -1++1+.. -.+.-.-.| ok p=0.763672
Q2:	|..0+.... +-00+010 1..++0.. 0.-.-.-0| ok p=0.858398
Q3:	|..10.1.1 +0.00... +.0.0+.. 1.+.0...| ok p=0.883789
Q4:	|...1.... .-..+... -..1--.. ..+.-.1.| ok p=0.671875
Q5:	|.-..+... ..-..+.+ .+.....- ....+.-.|
Saving 2000000 paths...done.
Autobalance parameters: maxcond=198
Verified: 0 bad out of 2844708
Estimating maxcond for upper bound 8000000 (=2000000 * 4)...
t=5:  0%   10   20   30   40   50   60   70   80   90   100%
      |----|----|----|----|----|----|----|----|----|----|
e     ***************************************************
Found maxcond = 215
t=5:  0%   10   20   30   40   50   60   70   80   90   100%
      |----|----|----|----|----|----|----|----|----|----|
      ***************************************************
Q-3:	|11001010 11001010 01000110 01110101|
Q-2:	|+--0-+11 -1101010 +-100100 1010011-|
Q-1:	|001+++-+ +11110+- --100000 0111100-|
Q0:	|11+11-0- 1+-1++++ +0++0110 1011+00-| ok p=0.770508
Q1:	|..-10-1- 000+00.1 -1++1+.. -.+.-.-.| ok p=0.78418
Q2:	|..0+.... 1+0+-111 0..++0.. 0.-.-.-0| ok p=0.688477
Q3:	|..00.1.1 +1V.0... +.1.0+.. +.+.+.1.| ok p=1
Q4:	|..-1.... -+.01... -..10+.. +.0.-.1.| ok p=0.771484
Q5:	|..--.... -0+..... -....... -.-.+.-.| ok p=0.444336
Q6:	|.+.+..+. -.-.+..- ..-...-. -..-.-.-|
Saving 2000000 paths...done.
Autobalance parameters: maxcond=214
Verified: 96 bad out of 2150423
Estimating maxcond for upper bound 8000000 (=2000000 * 4)...
t=6:  0%   10   20   30   40   50   60   70   80   90   100%
      |----|----|----|----|----|----|----|----|----|----|
e     ***************************************************
Found maxcond = 230
t=6:  0%   10   20   30   40   50   60   70   80   90   100%
      |----|----|----|----|----|----|----|----|----|----|
      ***************************************************
Q-3:	|11001010 11001010 01000110 01110101|
Q-2:	|+--0-+11 -1101010 +-100100 1010011-|
Q-1:	|001+++-+ +11110+- --100000 0111100-|
Q0:	|11+11-0- 1+-1++++ +0++0110 1011+00-| ok p=0.740234
Q1:	|..-11-1- 000+00.1 -1++1+.. -.+.-.-.| ok p=0.729492
Q2:	|..1+.... 1+0+-111 0..++0.. -.-.-.-0| ok p=0.908203
Q3:	|..00.0.1 +1.10.0. 0.0.0+V. ..+.+.1.| ok p=1
Q4:	|..-1.... -+.01.-. ..111+.. 1.1.1.0.| ok p=0.873047
Q5:	|..--.... +0.++.+. ..-...+. ..0.0.-.| ok p=0.84375
Q6:	|..--.... 1+.+0.+. ..-..10. ......+.| ok p=0.827148
Q7:	|..-.-... +.+...+. -.+...+. ..+...+.|
Saving 2000000 paths...done.
Autobalance parameters: maxcond=229
Verified: 1952 bad out of 2712773
Estimating maxcond for upper bound 8000000 (=2000000 * 4)...
t=7:  0%   10   20   30   40   50   60   70   80   90   100%
      |----|----|----|----|----|----|----|----|----|----|
e     ***************************************************
Found maxcond = 242
t=7:  0%   10   20   30   40   50   60   70   80   90   100%
      |----|----|----|----|----|----|----|----|----|----|
      ***************************************************
Q-3:	|11001010 11001010 01000110 01110101|
Q-2:	|+--0-+11 -1101010 +-100100 1010011-|
Q-1:	|001+++-+ +11110+- --100000 0111100-|
Q0:	|11+11-0- 1+-1++++ +0++0110 1011+00-| ok p=0.726562
Q1:	|..-11-1- 000+00.1 -1++1+.. -.+.-.-.| ok p=0.74707
Q2:	|..1+.... 1+0+-110 1..++0.. -.-.-.-0| ok p=1
Q3:	|..00.0.1 +1.10.1. 0.0.0+0. ..+.+.1.| ok p=1
Q4:	|.1-1.... -+.01.-. ..111+1. 1.1.1.0.| ok p=1
Q5:	|.0--.... -0.++.+. ..-...+. ..1.0.-.| ok p=0.891602
Q6:	|.--+.... -1.-0.0. ..-..00. ......+.| ok p=0.823242
Q7:	|.-.1.... .-.01.1. ......1. ......-.| ok p=0.573242
Q8:	|.-...... -.+..+.. .-...+.. -...-..-|
Saving 2000000 paths...done.
Autobalance parameters: maxcond=241
Verified: 79877 bad out of 2653073
Estimating maxcond for upper bound 8000000 (=2000000 * 4)...
t=8:  0%   10   20   30   40   50   60   70   80   90   100%
      |----|----|----|----|----|----|----|----|----|----|
e     ***************************************************
Found maxcond = 254
t=8:  0%   10   20   30   40   50   60   70   80   90   100%
      |----|----|----|----|----|----|----|----|----|----|
      ***************************************************
Q-3:	|11001010 11001010 01000110 01110101|
Q-2:	|+--0-+11 -1101010 +-100100 1010011-|
Q-1:	|001+++-+ +11110+- --100000 0111100-|
Q0:	|11+11-0- 1+-1++++ +0++0110 1011+00-| ok p=0.757812
Q1:	|..-11-1- 000+00.1 -1++1+.. -.+.-.-.| ok p=0.743164
Q2:	|..1+.... 1+0+-110 1..++0.. -.-.-.-0| ok p=1
Q3:	|..00.0.1 +1V.0.1. 0.0.0+0. ..+.+.1.| ok p=1
Q4:	|.0-1.... -+.01.-. ..101+1. 1.1.1.0.| ok p=1
Q5:	|.1--.... -0+.1.+. ..-...+. ..0.0.-.| ok p=0.547852
Q6:	|.+.-.... -10.-.+. ..-..00. .....V+.| ok p=0.756836
Q7:	|.+1..... -+1.+.+. ..+...0. ......+.| ok p=0.423828
Q8:	|.-.1.... .-..1.-. ..1...-. .....-..| ok p=0.668945
Q9:	|+...-.-. .-.....- ......-. .....+..|
Saving 2000000 paths...done.
Autobalance parameters: maxcond=252
Verified: 43788 bad out of 3518805
Estimating maxcond for upper bound 8000000 (=2000000 * 4)...
t=9:  0%   10   20   30   40   50   60   70   80   90   100%
      |----|----|----|----|----|----|----|----|----|----|
e     ***************************************************
Found maxcond = 265
t=9:  0%   10   20   30   40   50   60   70   80   90   100%
      |----|----|----|----|----|----|----|----|----|----|
      ***************************************************
Q-3:	|11001010 11001010 01000110 01110101|
Q-2:	|+--0-+11 -1101010 +-100100 1010011-|
Q-1:	|001+++-+ +11110+- --100000 0111100-|
Q0:	|11+11-0- 1+-1++++ +0++0110 1011+00-| ok p=0.759766
Q1:	|..-11-1- 000+00.1 -1++1+.. -.+.-.-.| ok p=0.775391
Q2:	|..1+.... 1+0+-110 1..++0.. -.-.-.-0| ok p=1
Q3:	|..00.0.1 +11.0.1. 0.0.0+V. ..+.+.1.| ok p=1
Q4:	|.0-1.... -+001.-. ..101+.. 1.1.1.0.| ok p=1
Q5:	|.1--.... -0+.1.+. ..-..+-. ..0.0.-.| ok p=0.536133
Q6:	|.+.-.... -1-.-.+. ..-...0. .....V1.| ok p=0.78125
Q7:	|.+1..... 0--.+.-. ..+..01. ......0.| ok p=0.510742
Q8:	|.+.1.... ---.-.+. ..-...-. .....--.| ok p=0.698242
Q9:	|........ 0...+.+. ..-...-. .....0+.| ok p=0.333008
Q10:	|+.+...-. ....+.+. ..-..+.+ ...-..+.|
Saving 2000000 paths...done.
Autobalance parameters: maxcond=264
Verified: 168371 bad out of 2581099
Estimating maxcond for upper bound 8000000 (=2000000 * 4)...
t=10: 0%   10   20   30   40   50   60   70   80   90   100%
      |----|----|----|----|----|----|----|----|----|----|
e     ***************************************************
Found maxcond = 277
t=10: 0%   10   20   30   40   50   60   70   80   90   100%
      |----|----|----|----|----|----|----|----|----|----|
      ***************************************************
Q-3:	|11001010 11001010 01000110 01110101|
Q-2:	|+--0-+11 -1101010 +-100100 1010011-|
Q-1:	|001+++-+ +11110+- --100000 0111100-|
Q0:	|11+11-0- 1+-1++++ +0++0110 1011+00-| ok p=0.733398
Q1:	|..-11-1- 000+00.1 -1++1+.. -.+.-.-.| ok p=0.753906
Q2:	|..1+.... 1+0+-110 1..++0.. -.-.-.-0| ok p=1
Q3:	|..00.0.1 +1V.0.1. 0.0.0+1. ..+.+.1.| ok p=1
Q4:	|.1-1.... -+.01.-. ..101+0. 1.1.1.0.| ok p=1
Q5:	|.0--.... 1--.1.+V ..-...+. ..1.00-.| ok p=0.551758
Q6:	|.+.-.... --0.-.10 ..-..00. .....1-.| ok p=0.533203
Q7:	|.+01...0 -.1.0.++ ..+...0. .....+-.| ok p=0.475586
Q8:	|.-.0...1 .1..1.0- ..1...V. .....-..| ok p=0.504883
Q9:	|.+.+...+ 1.....00 ..0..... .....-1.| ok p=0.558594
Q10:	|.1.0...+ .......1 ..-...+. ........| ok p=0.246094
Q11:	|+......+ .....-.+ ..-....+ ....+.-.|
Saving 2000000 paths...done.
Autobalance parameters: maxcond=276
Verified: 28198 bad out of 2759263
Runtime: 326.243
Extend MD5 differential paths forward
Copyright (C) 2009 Marc Stevens
http://homepages.cwi.nl/~stevens/

delta_m[11] = [!-4!]
Loading workdir4/paths10_0of1...done: 2000000 (work:2000000).
Estimating maxcond for upper bound 2000000 (=500000 * 4)...
t=11: 0%   10   20   30   40   50   60   70   80   90   100%
      |----|----|----|----|----|----|----|----|----|----|
e     ***************************************************
Found maxcond = 287
t=11: 0%   10   20   30   40   50   60   70   80   90   100%
      |----|----|----|----|----|----|----|----|----|----|
      ***************************************************
Q-3:	|11001010 11001010 01000110 01110101|
Q-2:	|+--0-+11 -1101010 +-100100 1010011-|
Q-1:	|001+++-+ +11110+- --100000 0111100-|
Q0:	|11+11-0- 1+-1++++ +0++0110 1011+00-| ok p=0.755859
Q1:	|..-11-1- 000+00.1 -1++1+.. -.+.-.-.| ok p=0.756836
Q2:	|..1+.... 1+0+-110 1..++0.. -.-.-.-0| ok p=1
Q3:	|..00.0.1 +11.0.1. 0.0.0+V. ..+.+.1.| ok p=1
Q4:	|.0-1.... -+001V-. ..101+.. 1.1.1.0.| ok p=1
Q5:	|.1--.... 1--..0+. ..-..+-. ..0.0.-.| ok p=0.564453
Q6:	|.+.-...V --+..--. ..-...0. V...V.1.| ok p=0.739258
Q7:	|.+1..... -.+..++V ..+..10. 0.....0.| ok p=0.367188
Q8:	|.-.1...- .0+..--1 ..0...0. -...-...| ok p=0.474609
Q9:	|.+.....0 1....-0- ..0...-V +...0...| ok p=0.541016
Q10:	|.1.....0 ..0..-0- ......+. -...-...| ok p=0.369141
Q11:	|.+...... .....-.. ......1- 0...-...| ok p=0.489258
Q12:	|.-..-... .....-.. .-...+.. .+..-...|
Saving 500000 paths...done.
Autobalance parameters: maxcond=286
Verified: 7096 bad out of 595287
Runtime: 26.6649
