MD5 differential path toolbox
Copyright (C) 2009 Marc Stevens
http://homepages.cwi.nl/~stevens/

IHV1   = {3402253941,3719300785,578412665,1810523303}
IHV1   = 7546cacab106b0dd79e07922a764ea6b

IHV2   = {3402253941,4175410872,1039802488,2271913126}
IHV2   = 7546cacab8b6dff87820fa3da6a46a87

dIHV   = {0,456110087,461389823,461389823}
NC0: delta c = delta d = [!0!]
NC0: delta b           = [!0,22!]
NC1: delta c = delta d = [!-14!]
NC1: delta b           = [!-3,-14!]
NC2: delta c = delta d = [!23!]
NC2: delta b           = [!12,23!]
NC3: delta c = delta d = [!26!]
NC3: delta b           = [!15,26!]
NC4: delta c = delta d = [!-29!]
NC4: delta b           = [!20,-29!]
NC0: prob=-5.86068
NC1: prob=-5.83566
NC2: prob=-5.84312
NC3: prob=-5.88497
NC4: prob=-7.49211
delta m_11 = [!-4!]
Q-3:	|11001010 11001010 01000110 01110101|
Q-2:	|+--0-+11 -1101010 +-100100 1010011-|
Q-1:	|001+++-+ +11110+- --100000 0111100-|
Q0:	|11+11-0- 1+-1++++ +0++0110 1011+00-| ok p=0.735352
Q1:	|..-..-.- ...+.... .-.-.+.. -.+.-.-.|
Saved lower diff. path to 'workdir4/lowerpath.bin.gz'.

Q32:	|........ ........ ........ ........|
Q33:	|........ ........ ........ ........|
Q34:	|........ ........ ........ ........|
Q35:	|........ ........ ........ ........| ok p=1
Q36:	|........ ........ ........ ........| ok p=1
Q37:	|........ ........ ........ ........| ok p=1
Q38:	|........ ........ ........ ........| ok p=1
Q39:	|........ ........ ........ ........| ok p=1
Q40:	|........ ........ ........ ........| ok p=1
Q41:	|........ ........ ........ ........| ok p=1
Q42:	|........ ........ ........ ........| ok p=1
Q43:	|........ ........ ........ ........| ok p=1
Q44:	|........ ........ ........ ........| ok p=1
Q45:	|........ ........ ........ ........| ok p=1
Q46:	|........ ........ ........ ........| ok p=1
Q47:	|........ ........ ........ ........| ok p=1
Q48:	|........ ........ ........ ........| ok p=1
Q49:	|........ ........ ........ ........| ok p=1
Q50:	|........ ........ ........ ........| ok p=1
Q51:	|........ ........ ........ ........| ok p=1
Q52:	|........ ........ ........ ........| ok p=1
Q53:	|........ ........ ........ ........| ok p=1
Q54:	|........ ........ ........ ........| ok p=1
Q55:	|........ ........ ........ ........| ok p=1
Q56:	|........ ........ ........ ........| ok p=1
Q57:	|........ ........ ........ ........| ok p=1
Q58:	|........ ........ ........ ........| ok p=1
Q59:	|........ ........ ........ ........| ok p=1
Q60:	|........ ........ .0...... ........| ok p=1
Q61:	|........ ........ 10...... ........| ok p=1
Q62:	|........ ........ 0-...... ........| ok p=1
Q63:	|........ ........ -+...... ........| ok p=1
Q64:	|........ ........ .-...... ....-...|
Saved upper diff. path to 'workdir4/upperpath.bin.gz'.
Saved 'md5diffpathforward.cfg'.
Saved 'md5diffpathbackward.cfg'.
Saved 'md5diffpathconnect.cfg'.
Saved 'md5diffpathhelper.cfg'.
