MD5 differential path toolbox
Copyright (C) 2009 Marc Stevens
http://homepages.cwi.nl/~stevens/

delta_m[11] = [!22!]
Q-3:	|10011010 01000001 00110000 01001111|
Q-2:	|010+++10 00100010 01001100 00001-++|
Q-1:	|0+-00-11 10000000 01111000 0101000-|
Q0:	|01+0-+00 -+1-01-+ +0100010 0111001-| ok p=0.370117
Q1:	|.1-.0-.. ++0-..1- +...1.-. ..+.+.++| ok p=0.638672
Q2:	|.-1.1+.. +0+-..1+ +...0.0. ..-.+.-0| ok p=1
Q3:	|.-0..+.^ +++....+ +!.0-.0. ..1.+.0-| ok p=1
Q4:	|!+0....- 0++0.!.. +..0+... ..0.+.01| ok p=1
Q5:	|!10..1.1 0.-....1 -..+0... .!-.-..+| ok p=1
Q6:	|.0+....- +1-..... +..-0!.. ..+.0^.1| ok p=1
Q7:	|.+-....1 -....... +..1-... ..-.1+.-| ok p=1
Q8:	|!+-.1..+ +.0.!... ...0+^.. ..0.00.+| ok p=1
Q9:	|!...0..+ +....... 1...0+1. .!+.01.+| ok p=1
Q10:	|!000+00. 0001^.11 0.0.+11. ..+.-.0-| ok p=1
Q11:	|01111111 0110+.00 +.1^0--0 ..+.-010| ok p=1
Q12:	|1+----+. ++--0.++ 1^+--0+1 .1..-1+0| ok p=1
Q13:	|+++-+++. --+0+.+- ---0+-++ .01..+-.| ok p=1
Q14:	|0.1.000. 0100-.+0 -11001-- .-..0+0.| ok p=1
Q15:	|01110+-. +0+.0.-1 000.+11+ .0...--.| ok p=0.489258
Q16:	|.....+-0 ....1.+. 0...1.10 .0..0+..| ok p=0.890625
Q17:	|.....1+. ^0^.+.0. 1...1..0 .0..01^.| ok p=0.947266
Q18:	|0....--- .1....+. -...+... .0..+1..| ok p=0.979492
Q19:	|......-- .+..^... ...0+... .-......| ok p=0.460938
Q20:	|-....^-0 ...0..^. ^..0-..0 ...0^...| ok p=0.973633
Q21:	|-.....0- .^.1.... ...-1..1 .^.1....| ok p=0.56543
Q22:	|+.....+. ...+.... ....1..+ ...-....| ok p=0.948242
Q23:	|+.0....^ ......0. ...^.... ........| ok p=0.739258
Q24:	|1.1...^. ...^..1. ..0....^ ...^.0..| ok p=1
Q25:	|0.-..... ......-. ..1..... ........| ok p=0.875977
Q26:	|........ .0...... ..-..... ....0+..| ok p=0.49707
Q27:	|..^..... .1....^. ........ ....1+..| ok p=0.998047
Q28:	|........ .+...... ..^..... ....+-..| ok p=0.90918
Q29:	|........ .0...... ........ .....0..| ok p=0.998047
Q30:	|........ .-...... ........ ....^1..| ok p=1
Q31:	|........ .-...... ........ ........| ok p=0.999023
Q32:	|........ ........ ........ ........| ok p=1
Q33:	|........ .!...... ........ ........| ok p=1
Q34:	|........ ........ ........ ........| ok p=1
Q35:	|........ ........ ........ ........| ok p=1
Q36:	|........ ........ ........ ........| ok p=1
Q37:	|........ ........ ........ ........| ok p=1
Q38:	|........ ........ ........ ........| ok p=1
Q39:	|........ ........ ........ ........| ok p=1
Q40:	|........ ........ ........ ........| ok p=1
Q41:	|........ ........ ........ ........| ok p=1
Q42:	|........ ........ ........ ........| ok p=1
Q43:	|........ ........ ........ ........| ok p=1
Q44:	|........ ........ ........ ........| ok p=1
Q45:	|........ ........ ........ ........| ok p=1
Q46:	|........ ........ ........ ........| ok p=1
Q47:	|........ ........ ........ ........| ok p=1
Q48:	|........ ........ ........ ........| ok p=1
Q49:	|........ ........ ........ ........| ok p=1
Q50:	|........ ........ ........ ........| ok p=1
Q51:	|........ ........ ........ ........| ok p=1
Q52:	|........ ........ ........ ........| ok p=1
Q53:	|........ ........ ........ ........| ok p=1
Q54:	|........ ........ ........ ........| ok p=1
Q55:	|........ ........ ........ ........| ok p=1
Q56:	|........ ........ ........ ........| ok p=1
Q57:	|........ ........ ........ ........| ok p=1
Q58:	|........ ........ ........ ........| ok p=1
Q59:	|........ ........ ........ ........| ok p=1
Q60:	|........ ........ ........ .......0| ok p=1
Q61:	|........ ........ ........ ......11| ok p=1
Q62:	|........ ........ ........ ......0+| ok p=1
Q63:	|........ ........ ........ ......+-| ok p=0.999023
Q64:	|........ .+...... ........ .......+|
Starting...
20: Q5m5tunnel      = 3
20: Q4m5tunnel      = 3
20: Q14m6Q3m5tunnel = 1
21: Q10m10tunnel    = 3
21: Q9m10tunnel     = 2
22: Q8Q12m15tunnel  = 2
23: Q4m4tunnel      = 10
24: Q9m9tunnel      = 12
25: Q14Q3m14tunnel  = 2
.20: Q5m5tunnel      = 3
20: Q4m5tunnel      = 3
20: Q14m6Q3m5tunnel = 1
21: Q10m10tunnel    = 3
21: Q9m10tunnel     = 2
22: Q8Q12m15tunnel  = 2
23: Q4m4tunnel      = 10
24: Q9m9tunnel      = 12
25: Q14Q3m14tunnel  = 2
.20: Q5m5tunnel      = 3
20: Q4m5tunnel      = 3
20: Q14m6Q3m5tunnel = 1
21: Q10m10tunnel    = 3
21: Q9m10tunnel     = 2
22: Q8Q12m15tunnel  = 2
23: Q4m4tunnel      = 10
24: Q9m9tunnel      = 12
25: Q14Q3m14tunnel  = 2
.20: Q5m5tunnel      = 3
20: Q4m5tunnel      = 3
20: Q14m6Q3m5tunnel = 1
21: Q10m10tunnel    = 3
21: Q9m10tunnel     = 2
22: Q8Q12m15tunnel  = 2
23: Q4m4tunnel      = 10
24: Q9m9tunnel      = 12
25: Q14Q3m14tunnel  = 2
.20: Q5m5tunnel      = 3
20: Q4m5tunnel      = 3
20: Q14m6Q3m5tunnel = 1
21: Q10m10tunnel    = 3
21: Q9m10tunnel     = 2
22: Q8Q12m15tunnel  = 2
23: Q4m4tunnel      = 10
24: Q9m9tunnel      = 12
25: Q14Q3m14tunnel  = 2
.20: Q5m5tunnel      = 3
20: Q4m5tunnel      = 3
20: Q14m6Q3m5tunnel = 1
21: Q10m10tunnel    = 3
21: Q9m10tunnel     = 2
22: Q8Q12m15tunnel  = 2
23: Q4m4tunnel      = 10
24: Q9m9tunnel      = 12
25: Q14Q3m14tunnel  = 2
.20: Q5m5tunnel      = 3
20: Q4m5tunnel      = 3
20: Q14m6Q3m5tunnel = 1
21: Q10m10tunnel    = 3
21: Q9m10tunnel     = 2
22: Q8Q12m15tunnel  = 2
23: Q4m4tunnel      = 10
24: Q9m9tunnel      = 12
25: Q14Q3m14tunnel  = 2
.20: Q5m5tunnel      = 3
20: Q4m5tunnel      = 3
20: Q14m6Q3m5tunnel = 1
21: Q10m10tunnel    = 3
21: Q9m10tunnel     = 2
22: Q8Q12m15tunnel  = 2
23: Q4m4tunnel      = 10
24: Q9m9tunnel      = 12
25: Q14Q3m14tunnel  = 2
.1 0
2 0
4 0
8 0
16 0
32 0
64 0
128 0
256 0
512 0
1024 0
2048 0
4096 0
8192 0
16384 0
32768 0
65536 0
131072 0
262144 0
327769 1
432393 2
502704 4
524288 4
1048576 5
1464251 8
2006941 16
2097152 16
3858298 32
4194304 35
7490934 64
8388608 67
Block 1: workdir6/coll1_1200572420
6b 81 2c 27 79 1a a7 35 89 9f 22 60 83 69 cf 93 
55 9d c2 9a fe 5c f4 b9 e4 6f c3 04 7e ca 19 b5 
98 c5 66 b7 8e f4 eb fc e8 05 a1 ad 5d 19 02 fe 
54 10 ac 2f 8c 5c 18 b4 2b f3 0f 4c 60 a9 a6 6c 
Block 2: workdir6/coll2_1200572420
6b 81 2c 27 79 1a a7 35 89 9f 22 60 83 69 cf 93 
55 9d c2 9a fe 5c f4 b9 e4 6f c3 04 7e ca 19 b5 
98 c5 66 b7 8e f4 eb fc e8 05 a1 ad 5d 19 42 fe 
54 10 ac 2f 8c 5c 18 b4 2b f3 0f 4c 60 a9 a6 6c 
Found collision!
