[*] Starting step 2
MD5 differential path toolbox
Copyright (C) 2009 Marc Stevens
http://homepages.cwi.nl/~stevens/

IHV1   = {578500081,3639922056,1286537109,1064837338}
IHV1   = f1357b2288cdf4d895ffae4cda20783f

IHV2   = {578500081,3559226991,1747992724,1526292953}
IHV2   = f1357b226f7e25d494403068d961f95a

dIHV   = {0,4214272231,461455615,461455615}
NC0: delta c = delta d = [!0!]
NC0: delta b           = [!0,22!]
NC1: delta c = delta d = [!-8!]
NC1: delta b           = [!-8,29!]
NC2: delta c = delta d = [!-14!]
NC2: delta b           = [!-3,-14!]
NC3: delta c = delta d = [!-16!]
NC3: delta b           = [!5,-16!]
NC4: delta c = delta d = [!23!]
NC4: delta b           = [!12,23!]
NC5: delta c = delta d = [!26!]
NC5: delta b           = [!15,26!]
NC6: delta c = delta d = [!-29!]
NC6: delta b           = [!20,-29!]
NC0: prob=-5.87087
NC1: prob=-3.83356
NC2: prob=-5.84766
NC3: prob=-3.26104
NC4: prob=-5.84681
NC5: prob=-5.87858
NC6: prob=-7.50115
delta m_11 = [!-6!]
Q-3:	|00100010 01111011 00110101 11110001|
Q-2:	|0+-11-1- +111100+ 0+10000+ 110110-+|
Q-1:	|01+01-00 -01+---0 -1------ 1001010-|
Q0:	|1101-+00 --1-010+ -1++11+- -++01+++| ok p=0.508789
Q1:	|+.+....+ ..-.-.+. +..+..+. .-.+.+.+|
Saved lower diff. path to 'workdir2/lowerpath.bin.gz'.

Q32:	|........ ........ ........ ........|
Q33:	|........ ........ ........ ........|
Q34:	|........ ........ ........ ........|
Q35:	|........ ........ ........ ........| ok p=1
Q36:	|........ ........ ........ ........| ok p=1
Q37:	|........ ........ ........ ........| ok p=1
Q38:	|........ ........ ........ ........| ok p=1
Q39:	|........ ........ ........ ........| ok p=1
Q40:	|........ ........ ........ ........| ok p=1
Q41:	|........ ........ ........ ........| ok p=1
Q42:	|........ ........ ........ ........| ok p=1
Q43:	|........ ........ ........ ........| ok p=1
Q44:	|........ ........ ........ ........| ok p=1
Q45:	|........ ........ ........ ........| ok p=1
Q46:	|........ ........ ........ ........| ok p=1
Q47:	|........ ........ ........ ........| ok p=1
Q48:	|........ ........ ........ ........| ok p=1
Q49:	|........ ........ ........ ........| ok p=1
Q50:	|........ ........ ........ ........| ok p=1
Q51:	|........ ........ ........ ........| ok p=1
Q52:	|........ ........ ........ ........| ok p=1
Q53:	|........ ........ ........ ........| ok p=1
Q54:	|........ ........ ........ ........| ok p=1
Q55:	|........ ........ ........ ........| ok p=1
Q56:	|........ ........ ........ ........| ok p=1
Q57:	|........ ........ ........ ........| ok p=1
Q58:	|........ ........ ........ ........| ok p=1
Q59:	|........ ........ ........ ........| ok p=1
Q60:	|........ .......0 ........ ........| ok p=1
Q61:	|........ .......0 ........ ........| ok p=1
Q62:	|........ .......- ........ ........| ok p=1
Q63:	|........ .......- ........ ........| ok p=1
Q64:	|........ .......- ........ ..+.....|
Saved upper diff. path to 'workdir2/upperpath.bin.gz'.
Saved 'md5diffpathforward.cfg'.
Saved 'md5diffpathbackward.cfg'.
Saved 'md5diffpathconnect.cfg'.
Saved 'md5diffpathhelper.cfg'.
Extend MD5 differential paths forward
Copyright (C) 2009 Marc Stevens
http://homepages.cwi.nl/~stevens/

delta_m[11] = [!-6!]
Loading workdir2/lowerpath.bin.gz...done: 1.
Estimating maxcond for upper bound 8000000 (=2000000 * 4)...
t=1:  0%   10   20   30   40   50   60   70   80   90   100%
      |----|----|----|----|----|----|----|----|----|----|
e     ***************************************************
Found maxcond = 2176
t=1:  0%   10   20   30   40   50   60   70   80   90   100%
      |----|----|----|----|----|----|----|----|----|----|
      ***************************************************
Q-3:	|00100010 01111011 00110101 11110001|
Q-2:	|0+-11-1- +111100+ 0+10000+ 110110-+|
Q-1:	|01+01-00 -01+---0 -1------ 1001010-|
Q0:	|1101-+00 --1-010+ -1++11+- -++01+++| ok p=0.516602
Q1:	|+.+.01.. ++.++1+0 +.1+11+. 00-.-0--| ok p=0.293945
Q2:	|...+...- ..-.-.+. .....-.. .-...+..|
Saving 1161216 paths...done.
Autobalance parameters: maxcond=2176
Verified: 12288 bad out of 1173504
Estimating maxcond for upper bound 8000000 (=2000000 * 4)...
t=2:  0%   10   20   30   40   50   60   70   80   90   100%
      |----|----|----|----|----|----|----|----|----|----|
e     **************************************************Found maxcond = 172
t=2:  0%   10   20   30   40   50   60   70   80   90   100%
      |----|----|----|----|----|----|----|----|----|----|
      **************************************************Q-3:	|00100010 01111011 00110101 11110001|
Q-2:	|0+-11-1- +111100+ 0+10000+ 110110-+|
Q-1:	|01+01-00 -01+---0 -1------ 1001010-|
Q0:	|1101-+00 --1-010+ -1++11+- -++01+++| ok p=0.514648
Q1:	|+.+.11.+ .-.++1+1 +.1+11+. 10--.+0+| ok p=0.27832
Q2:	|0.+.11.- 1-.+0.++ +.1..-.1 --00..1.| ok p=0.463867
Q3:	|.-...+.. +.+..-.. ...-..+. .-..+..+|
Saving 1418592 paths...done.
Autobalance parameters: maxcond=172
Verified: 0 bad out of 1418592
Estimating maxcond for upper bound 8000000 (=2000000 * 4)...
t=3:  0%   10   20   30   40   50   60   70   80   90   100%
      |----|----|----|----|----|----|----|----|----|----|
e     ***************************************************
Found maxcond = 189
t=3:  0%   10   20   30   40   50   60   70   80   90   100%
      |----|----|----|----|----|----|----|----|----|----|
      ***************************************************
Q-3:	|00100010 01111011 00110101 11110001|
Q-2:	|0+-11-1- +111100+ 0+10000+ 110110-+|
Q-1:	|01+01-00 -01+---0 -1------ 1001010-|
Q0:	|1101-+00 --1-010+ -1++11+- -++01+++| ok p=0.496094
Q1:	|+.+.01.+ .-.++1+1 +.1+11+. 0-0+.+0+| ok p=0.30957
Q2:	|0.+.10.- 1-.++.0+ +.0..-11 0-11.010| ok p=0.831055
Q3:	|1....+.0 ......+0 ...1.--. .+.+.+.+| ok p=0.753906
Q4:	|.+.-..+. .-..+... .....-.. +.+....+|
Saving 2000000 paths...done.
Autobalance parameters: maxcond=188
Verified: 6272 bad out of 2032132
Estimating maxcond for upper bound 8000000 (=2000000 * 4)...
t=4:  0%   10   20   30   40   50   60   70   80   90   100%
      |----|----|----|----|----|----|----|----|----|----|
e     ***************************************************
Found maxcond = 206
t=4:  0%   10   20   30   40   50   60   70   80   90   100%
      |----|----|----|----|----|----|----|----|----|----|
      ***************************************************
Q-3:	|00100010 01111011 00110101 11110001|
Q-2:	|0+-11-1- +111100+ 0+10000+ 110110-+|
Q-1:	|01+01-00 -01+---0 -1------ 1001010-|
Q0:	|1101-+00 --1-010+ -1++11+- -++01+++| ok p=1
Q1:	|-.+.00.+ .-.++1+1 +.1+11+. 1-0+.+0+| ok p=0.30957
Q2:	|1.+V10.- 1-.+0.0+ +.0..-11 --11.111| ok p=0.4375
Q3:	|1....+.0 ....-.0+ ...0.--. 1-.0.+.+| ok p=0.802734
Q4:	|..1+.+.- .1.10... 1....-0. +..+.+.+| ok p=0.395508
Q5:	|+......+ .-..+..- .-.....- ..-.+..-|
Saving 2000000 paths...done.
Autobalance parameters: maxcond=205
Verified: 2304 bad out of 2008739
Estimating maxcond for upper bound 8000000 (=2000000 * 4)...
t=5:  0%   10   20   30   40   50   60   70   80   90   100%
      |----|----|----|----|----|----|----|----|----|----|
e     ***************************************************
Found maxcond = 221
t=5:  0%   10   20   30   40   50   60   70   80   90   100%
      |----|----|----|----|----|----|----|----|----|----|
      ***************************************************
Q-3:	|00100010 01111011 00110101 11110001|
Q-2:	|0+-11-1- +111100+ 0+10000+ 110110-+|
Q-1:	|01+01-00 -01+---0 -1------ 1001010-|
Q0:	|1101-+00 --1-010+ -1++11+- -++01+++| ok p=0.521484
Q1:	|+.+.11.+ .-.++1+1 +.1+11+. 11--.+0+| ok p=0.237305
Q2:	|0.+.01.- 0-.++.00 -.0..-.1 --01.111| ok p=0.78418
Q3:	|1....+.1 ....1.0. 0.-0.11. +++-.+.+| ok p=0.838867
Q4:	|..1..+.- .1.0+.-. +.-..+.. -+1-.-.1| ok p=0.706055
Q5:	|.....-.0 ....0.0. -.-..0.. +.1..-.1| ok p=0.478516
Q6:	|+..-..+. .-..-.-. +.-...+. +.+.+..+|
Saving 2000000 paths...done.
Autobalance parameters: maxcond=220
Verified: 208930 bad out of 3387777
Estimating maxcond for upper bound 8000000 (=2000000 * 4)...
t=6:  0%   10   20   30   40   50   60   70   80   90   100%
      |----|----|----|----|----|----|----|----|----|----|
e     ***************************************************
Found maxcond = 236
t=6:  0%   10   20   30   40   50   60   70   80   90   100%
      |----|----|----|----|----|----|----|----|----|----|
      ***************************************************
Q-3:	|00100010 01111011 00110101 11110001|
Q-2:	|0+-11-1- +111100+ 0+10000+ 110110-+|
Q-1:	|01+01-00 -01+---0 -1------ 1001010-|
Q0:	|1101-+00 --1-010+ -1++11+- -++01+++| ok p=0.74707
Q1:	|-.+.11.+ .-.++1+1 +.1+11+. 1-0+.+0+| ok p=0.285156
Q2:	|1.+V11.- 0-.+0.0+ +.01.-.1 --11.111| ok p=0.331055
Q3:	|1....+.1 ....-.0+ 0..-.11. ++.1.+.+| ok p=0.873047
Q4:	|..0+.0.- .1.01..0 -..-.+.. -1.+.1.1| ok p=0.949219
Q5:	|...1.0.+ ....+..+ -....1.. +0.-.1.1| ok p=0.782227
Q6:	|...+...1 ....0..+ +..1.+.. -..+.-.+| ok p=0.84375
Q7:	|....-.+. -..+.-.. .-.-..-. -.......|
Saving 950510 paths...done.
Autobalance parameters: maxcond=236
Verified: 16916 bad out of 967426
Estimating maxcond for upper bound 8000000 (=2000000 * 4)...
t=7:  0%   10   20   30   40   50   60   70   80   90   100%
      |----|----|----|----|----|----|----|----|----|----|
e     **************************************************Found maxcond = 250
t=7:  0%   10   20   30   40   50   60   70   80   90   100%
      |----|----|----|----|----|----|----|----|----|----|
      **************************************************Q-3:	|00100010 01111011 00110101 11110001|
Q-2:	|0+-11-1- +111100+ 0+10000+ 110110-+|
Q-1:	|01+01-00 -01+---0 -1------ 1001010-|
Q0:	|1101-+00 --1-010+ -1++11+- -++01+++| ok p=1
Q1:	|-.+.00.+ .-.++1+1 +.1+11+. 11--.+1+| ok p=0.242188
Q2:	|0.+.01.- 0-.++.00 -.+..-.1 --01.111| ok p=0.779297
Q3:	|1....+.1 1.0.1.0. 0.10.11. +++-.+.+| ok p=1
Q4:	|..1.V+.- 0110+... -.0..+V. -+1-.-.0| ok p=0.660156
Q5:	|.....-.1 +.-.1..V +....1.. 0.11.-.1| ok p=0.972656
Q6:	|....-1.- -.-.1... -....0+. 10.+....| ok p=0.956055
Q7:	|....01.0 +......+ +.....0. ...+.1..| ok p=0.888672
Q8:	|...-.-.. -.....+. .+..-.+. ...-...+|
Saving 2000000 paths...done.
Autobalance parameters: maxcond=249
Verified: 2580 bad out of 2261064
Estimating maxcond for upper bound 8000000 (=2000000 * 4)...
t=8:  0%   10   20   30   40   50   60   70   80   90   100%
      |----|----|----|----|----|----|----|----|----|----|
e     ***************************************************
Found maxcond = 262
t=8:  0%   10   20   30   40   50   60   70   80   90   100%
      |----|----|----|----|----|----|----|----|----|----|
      ***************************************************
Q-3:	|00100010 01111011 00110101 11110001|
Q-2:	|0+-11-1- +111100+ 0+10000+ 110110-+|
Q-1:	|01+01-00 -01+---0 -1------ 1001010-|
Q0:	|1101-+00 --1-010+ -1++11+- -++01+++| ok p=1
Q1:	|-.+.00.+ .-.++1+1 +.1+11+. 11--.+1+| ok p=0.245117
Q2:	|0.+.01.- 0-.++.00 -.+..-.1 --01.111| ok p=0.787109
Q3:	|1....+.1 1.0.1.0. 0.10.11. +++-.+.+| ok p=1
Q4:	|..1.V+.- 0110+... -.0..+V. -+1-.-.0| ok p=0.728516
Q5:	|.....-.0 +.-.1.V. +....10. 0.1..-.1| ok p=0.976562
Q6:	|...V-1.- -.-.1... -....0+. 00+1....| ok p=0.938477
Q7:	|....11.1 -.....+. -....+-. ..+..0..| ok p=0.892578
Q8:	|...--..+ +.1...0. .....-0. ........| ok p=0.901367
Q9:	|..-.-.+. -......+ ....+.+. ....-.+.|
Saving 2000000 paths...done.
Autobalance parameters: maxcond=261
Verified: 0 bad out of 2521612
Estimating maxcond for upper bound 8000000 (=2000000 * 4)...
t=9:  0%   10   20   30   40   50   60   70   80   90   100%
      |----|----|----|----|----|----|----|----|----|----|
e     ***************************************************
Found maxcond = 274
t=9:  0%   10   20   30   40   50   60   70   80   90   100%
      |----|----|----|----|----|----|----|----|----|----|
      ***************************************************
Q-3:	|00100010 01111011 00110101 11110001|
Q-2:	|0+-11-1- +111100+ 0+10000+ 110110-+|
Q-1:	|01+01-00 -01+---0 -1------ 1001010-|
Q0:	|1101-+00 --1-010+ -1++11+- -++01+++| ok p=1
Q1:	|-.+.00.+ .-.++1+1 +.1+11+. 11--.+1+| ok p=0.225586
Q2:	|0.+.01.- 0-.++.00 -.+..-.1 --01.111| ok p=0.770508
Q3:	|1....+.1 1.0.1.0. 0.10.11. +++-.+.+| ok p=1
Q4:	|..1.V+.- 0110+... -.0..+V. -+1-.-.0| ok p=0.624023
Q5:	|.....-.1 +.-.1.V. +....1.. 0.11.-.1| ok p=0.914062
Q6:	|..V.-1.- -.-.1... -....+-. 00.+..V.| ok p=0.958984
Q7:	|..1.11.1 -.....+. -....10. ...+.0..| ok p=0.90625
Q8:	|..-.+..+ +.1...0. .....--. ...-..+.| ok p=0.841797
Q9:	|..-.-..+ +.....1. 1....00. ...-..0.| ok p=0.969727
Q10:	|.-.+..+. -.+....+ ........ ..-.-.-.|
Saving 2000000 paths...done.
Autobalance parameters: maxcond=273
Verified: 208 bad out of 3130078
Estimating maxcond for upper bound 8000000 (=2000000 * 4)...
t=10: 0%   10   20   30   40   50   60   70   80   90   100%
      |----|----|----|----|----|----|----|----|----|----|
e     ***************************************************
Found maxcond = 285
t=10: 0%   10   20   30   40   50   60   70   80   90   100%
      |----|----|----|----|----|----|----|----|----|----|
      ***************************************************
Q-3:	|00100010 01111011 00110101 11110001|
Q-2:	|0+-11-1- +111100+ 0+10000+ 110110-+|
Q-1:	|01+01-00 -01+---0 -1------ 1001010-|
Q0:	|1101-+00 --1-010+ -1++11+- -++01+++| ok p=1
Q1:	|-.+.00.+ .-.++1+1 +.1+11+. 11--.+1+| ok p=0.224609
Q2:	|0.+.01.- 0-.++.00 -.+..-.1 --01.111| ok p=0.786133
Q3:	|1....+.1 1.0.1.0. 0.10.11. +++-.+.+| ok p=1
Q4:	|..1.V+.- 0110+... -.0..+V. -+1-.-.0| ok p=0.647461
Q5:	|.....-.1 +.-.1..V +....1.. 0.11.-.1| ok p=0.779297
Q6:	|...V-1.- -.-.1..1 -....+-. 10.+..V.| ok p=0.939453
Q7:	|...110.1 +......+ +....10. ...+.11.| ok p=0.823242
Q8:	|...-1-.1 -.0....- 0....--. ...-..+.| ok p=0.870117
Q9:	|...+.-.. 1......- 0....01. ...-..+.| ok p=1
Q10:	|...+.-.. 1....... .....1-. ...+....| ok p=0.980469
Q11:	|....+... .....+.. ....-..- ...+...+|
Saving 2000000 paths...done.
Autobalance parameters: maxcond=284
Verified: 728 bad out of 2304870
Runtime: 384.508
Extend MD5 differential paths forward
Copyright (C) 2009 Marc Stevens
http://homepages.cwi.nl/~stevens/

delta_m[11] = [!-6!]
Loading workdir2/paths10_0of1...done: 2000000 (work:2000000).
Estimating maxcond for upper bound 2000000 (=500000 * 4)...
t=11: 0%   10   20   30   40   50   60   70   80   90   100%
      |----|----|----|----|----|----|----|----|----|----|
e     ***************************************************
Found maxcond = 294
t=11: 0%   10   20   30   40   50   60   70   80   90   100%
      |----|----|----|----|----|----|----|----|----|----|
      ***************************************************
Q-3:	|00100010 01111011 00110101 11110001|
Q-2:	|0+-11-1- +111100+ 0+10000+ 110110-+|
Q-1:	|01+01-00 -01+---0 -1------ 1001010-|
Q0:	|1101-+00 --1-010+ -1++11+- -++01+++| ok p=1
Q1:	|-.+.00.+ .-.++1+1 +.1+11+. 11--.+1+| ok p=0.224609
Q2:	|0.+.01.- 0-.++.00 -.+..-.1 --01.111| ok p=0.759766
Q3:	|1....+.1 1.0.1.0. 0.10.11. +++-.+.+| ok p=1
Q4:	|..1.V+.- 0110+... -.0..+V. -+1-.-.0| ok p=0.666992
Q5:	|.....-.1 +.-.1..V +....1.. 0.11.-.1| ok p=0.979492
Q6:	|...V-1.- -.-.1... -....0+. 10.+...V| ok p=0.905273
Q7:	|....11.1 +......+ +....10. ...+.1.0| ok p=0.858398
Q8:	|...-1-.1 -.0....1 0....--. ...-..V+| ok p=0.816406
Q9:	|...1++.. 1......- 0....01. ...-...-| ok p=0.763672
Q10:	|...1++.. 0......0 .....0-. ...+..--| ok p=0.949219
Q11:	|........ .......1 ......-. ...+..0.| ok p=0.577148
Q12:	|+..-.-.. ......-. ..-...-. ...+..-.|
Saving 500000 paths...done.
Autobalance parameters: maxcond=293
Verified: 416 bad out of 840453
Runtime: 32.7717
Extend MD5 differential paths backward
Copyright (C) 2009 Marc Stevens
http://homepages.cwi.nl/~stevens/

delta_m[11] = [!-6!]
Loading workdir2/upperpath.bin.gz...done: 1.
Estimating maxcond for upper bound 262144 (=65536 * 4)...
t=34: 0%   10   20   30   40   50   60   70   80   90   100%
      |----|----|----|----|----|----|----|----|----|----|
e     ***************************************************
Found maxcond = 2176
t=34: 0%   10   20   30   40   50   60   70   80   90   100%
      |----|----|----|----|----|----|----|----|----|----|
      ***************************************************
Q31:	|........ ........ ........ .+......|
Q32:	|........ ........ ........ ........|
Q33:	|........ ........ ........ ........|
Q34:	|........ ........ ........ ........| ok p=1
Q35:	|........ ........ ........ ........| ok p=1
Q36:	|........ ........ ........ ........| ok p=1
Q37:	|........ ........ ........ ........| ok p=1
Q38:	|........ ........ ........ ........| ok p=1
Q39:	|........ ........ ........ ........| ok p=1
Q40:	|........ ........ ........ ........| ok p=1
Q41:	|........ ........ ........ ........| ok p=1
Q42:	|........ ........ ........ ........| ok p=1
Q43:	|........ ........ ........ ........| ok p=1
Q44:	|........ ........ ........ ........| ok p=1
Q45:	|........ ........ ........ ........| ok p=1
Q46:	|........ ........ ........ ........| ok p=1
Q47:	|........ ........ ........ ........| ok p=1
Q48:	|........ ........ ........ ........| ok p=1
Q49:	|........ ........ ........ ........| ok p=1
Q50:	|........ ........ ........ ........| ok p=1
Q51:	|........ ........ ........ ........| ok p=1
Q52:	|........ ........ ........ ........| ok p=1
Q53:	|........ ........ ........ ........| ok p=1
Q54:	|........ ........ ........ ........| ok p=1
Q55:	|........ ........ ........ ........| ok p=1
Q56:	|........ ........ ........ ........| ok p=1
Q57:	|........ ........ ........ ........| ok p=1
Q58:	|........ ........ ........ ........| ok p=1
Q59:	|........ ........ ........ ........| ok p=1
Q60:	|........ .......0 ........ ........| ok p=1
Q61:	|........ .......0 ........ ........| ok p=1
Q62:	|........ .......- ........ ........| ok p=1
Q63:	|........ .......- ........ ........| ok p=1
Q64:	|........ .......- ........ ..+.....|
Saving 1 paths...done.
Autobalance parameters: maxcond=2176
Verified: 0 bad out of 1
Estimating maxcond for upper bound 262144 (=65536 * 4)...
t=33: 0%   10   20   30   40   50   60   70   80   90   100%
      |----|----|----|----|----|----|----|----|----|----|
e     ***************************************************
Found maxcond = 35
t=33: 0%   10   20   30   40   50   60   70   80   90   100%
      |----|----|----|----|----|----|----|----|----|----|
      ***************************************************
Q30:	|........ ........ ........ .-......|
Q31:	|........ ........ ........ .+......|
Q32:	|........ ........ ........ ........|
Q33:	|........ ........ ........ .^......| ok p=1
Q34:	|........ ........ ........ ........| ok p=1
Q35:	|........ ........ ........ ........| ok p=1
Q36:	|........ ........ ........ ........| ok p=1
Q37:	|........ ........ ........ ........| ok p=1
Q38:	|........ ........ ........ ........| ok p=1
Q39:	|........ ........ ........ ........| ok p=1
Q40:	|........ ........ ........ ........| ok p=1
Q41:	|........ ........ ........ ........| ok p=1
Q42:	|........ ........ ........ ........| ok p=1
Q43:	|........ ........ ........ ........| ok p=1
Q44:	|........ ........ ........ ........| ok p=1
Q45:	|........ ........ ........ ........| ok p=1
Q46:	|........ ........ ........ ........| ok p=1
Q47:	|........ ........ ........ ........| ok p=1
Q48:	|........ ........ ........ ........| ok p=1
Q49:	|........ ........ ........ ........| ok p=1
Q50:	|........ ........ ........ ........| ok p=1
Q51:	|........ ........ ........ ........| ok p=1
Q52:	|........ ........ ........ ........| ok p=1
Q53:	|........ ........ ........ ........| ok p=1
Q54:	|........ ........ ........ ........| ok p=1
Q55:	|........ ........ ........ ........| ok p=1
Q56:	|........ ........ ........ ........| ok p=1
Q57:	|........ ........ ........ ........| ok p=1
Q58:	|........ ........ ........ ........| ok p=1
Q59:	|........ ........ ........ ........| ok p=1
Q60:	|........ .......0 ........ ........| ok p=1
Q61:	|........ .......0 ........ ........| ok p=1
Q62:	|........ .......- ........ ........| ok p=1
Q63:	|........ .......- ........ ........| ok p=1
Q64:	|........ .......- ........ ..+.....|
Saving 65536 paths...done.
Autobalance parameters: maxcond=31
Verified: 0 bad out of 65537
Estimating maxcond for upper bound 262144 (=65536 * 4)...
t=32: 0%   10   20   30   40   50   60   70   80   90   100%
      |----|----|----|----|----|----|----|----|----|----|
e     ***************************************************
Found maxcond = 25
t=32: 0%   10   20   30   40   50   60   70   80   90   100%
      |----|----|----|----|----|----|----|----|----|----|
      ***************************************************
Q29:	|........ ........ ........ ........|
Q30:	|........ ........ ........ .+......|
Q31:	|........ ........ ........ .+......|
Q32:	|........ ........ ........ ........| ok p=1
Q33:	|........ ........ ........ .!......| ok p=1
Q34:	|........ ........ ........ ........| ok p=1
Q35:	|........ ........ ........ ........| ok p=1
Q36:	|........ ........ ........ ........| ok p=1
Q37:	|........ ........ ........ ........| ok p=1
Q38:	|........ ........ ........ ........| ok p=1
Q39:	|........ ........ ........ ........| ok p=1
Q40:	|........ ........ ........ ........| ok p=1
Q41:	|........ ........ ........ ........| ok p=1
Q42:	|........ ........ ........ ........| ok p=1
Q43:	|........ ........ ........ ........| ok p=1
Q44:	|........ ........ ........ ........| ok p=1
Q45:	|........ ........ ........ ........| ok p=1
Q46:	|........ ........ ........ ........| ok p=1
Q47:	|........ ........ ........ ........| ok p=1
Q48:	|........ ........ ........ ........| ok p=1
Q49:	|........ ........ ........ ........| ok p=1
Q50:	|........ ........ ........ ........| ok p=1
Q51:	|........ ........ ........ ........| ok p=1
Q52:	|........ ........ ........ ........| ok p=1
Q53:	|........ ........ ........ ........| ok p=1
Q54:	|........ ........ ........ ........| ok p=1
Q55:	|........ ........ ........ ........| ok p=1
Q56:	|........ ........ ........ ........| ok p=1
Q57:	|........ ........ ........ ........| ok p=1
Q58:	|........ ........ ........ ........| ok p=1
Q59:	|........ ........ ........ ........| ok p=1
Q60:	|........ .......0 ........ ........| ok p=1
Q61:	|........ .......0 ........ ........| ok p=1
Q62:	|........ .......- ........ ........| ok p=1
Q63:	|........ .......- ........ ........| ok p=1
Q64:	|........ .......- ........ ..+.....|
Saving 65536 paths...done.
Autobalance parameters: maxcond=22
Verified: 0 bad out of 122210
Estimating maxcond for upper bound 262144 (=65536 * 4)...
t=31: 0%   10   20   30   40   50   60   70   80   90   100%
      |----|----|----|----|----|----|----|----|----|----|
e     ***************************************************
Found maxcond = 22
t=31: 0%   10   20   30   40   50   60   70   80   90   100%
      |----|----|----|----|----|----|----|----|----|----|
      ***************************************************
Q28:	|........ .....-.. ........ .-......|
Q29:	|........ ........ ........ ........|
Q30:	|........ ........ ........ .+......|
Q31:	|........ ........ ........ .+......| ok p=1
Q32:	|........ ........ ........ ........| ok p=1
Q33:	|........ ........ ........ .!......| ok p=1
Q34:	|........ ........ ........ ........| ok p=1
Q35:	|........ ........ ........ ........| ok p=1
Q36:	|........ ........ ........ ........| ok p=1
Q37:	|........ ........ ........ ........| ok p=1
Q38:	|........ ........ ........ ........| ok p=1
Q39:	|........ ........ ........ ........| ok p=1
Q40:	|........ ........ ........ ........| ok p=1
Q41:	|........ ........ ........ ........| ok p=1
Q42:	|........ ........ ........ ........| ok p=1
Q43:	|........ ........ ........ ........| ok p=1
Q44:	|........ ........ ........ ........| ok p=1
Q45:	|........ ........ ........ ........| ok p=1
Q46:	|........ ........ ........ ........| ok p=1
Q47:	|........ ........ ........ ........| ok p=1
Q48:	|........ ........ ........ ........| ok p=1
Q49:	|........ ........ ........ ........| ok p=1
Q50:	|........ ........ ........ ........| ok p=1
Q51:	|........ ........ ........ ........| ok p=1
Q52:	|........ ........ ........ ........| ok p=1
Q53:	|........ ........ ........ ........| ok p=1
Q54:	|........ ........ ........ ........| ok p=1
Q55:	|........ ........ ........ ........| ok p=1
Q56:	|........ ........ ........ ........| ok p=1
Q57:	|........ ........ ........ ........| ok p=1
Q58:	|........ ........ ........ ........| ok p=1
Q59:	|........ ........ ........ ........| ok p=1
Q60:	|........ .......0 ........ ........| ok p=1
Q61:	|........ .......0 ........ ........| ok p=1
Q62:	|........ .......- ........ ........| ok p=1
Q63:	|........ .......- ........ ........| ok p=1
Q64:	|........ .......- ........ ..+.....|
Saving 65536 paths...done.
Autobalance parameters: maxcond=20
Verified: 0 bad out of 115137
Estimating maxcond for upper bound 262144 (=65536 * 4)...
t=30: 0%   10   20   30   40   50   60   70   80   90   100%
      |----|----|----|----|----|----|----|----|----|----|
e     ***************************************************
Found maxcond = 22
t=30: 0%   10   20   30   40   50   60   70   80   90   100%
      |----|----|----|----|----|----|----|----|----|----|
      ***************************************************
Q27:	|......+. ........ ........ ........|
Q28:	|........ .....-.. ........ .-......|
Q29:	|........ ........ ........ .1......|
Q30:	|........ .....^.. ........ .-......| ok p=0.987305
Q31:	|........ ........ ........ .+......| ok p=1
Q32:	|........ ........ ........ ........| ok p=1
Q33:	|........ ........ ........ .^......| ok p=1
Q34:	|........ ........ ........ ........| ok p=1
Q35:	|........ ........ ........ ........| ok p=1
Q36:	|........ ........ ........ ........| ok p=1
Q37:	|........ ........ ........ ........| ok p=1
Q38:	|........ ........ ........ ........| ok p=1
Q39:	|........ ........ ........ ........| ok p=1
Q40:	|........ ........ ........ ........| ok p=1
Q41:	|........ ........ ........ ........| ok p=1
Q42:	|........ ........ ........ ........| ok p=1
Q43:	|........ ........ ........ ........| ok p=1
Q44:	|........ ........ ........ ........| ok p=1
Q45:	|........ ........ ........ ........| ok p=1
Q46:	|........ ........ ........ ........| ok p=1
Q47:	|........ ........ ........ ........| ok p=1
Q48:	|........ ........ ........ ........| ok p=1
Q49:	|........ ........ ........ ........| ok p=1
Q50:	|........ ........ ........ ........| ok p=1
Q51:	|........ ........ ........ ........| ok p=1
Q52:	|........ ........ ........ ........| ok p=1
Q53:	|........ ........ ........ ........| ok p=1
Q54:	|........ ........ ........ ........| ok p=1
Q55:	|........ ........ ........ ........| ok p=1
Q56:	|........ ........ ........ ........| ok p=1
Q57:	|........ ........ ........ ........| ok p=1
Q58:	|........ ........ ........ ........| ok p=1
Q59:	|........ ........ ........ ........| ok p=1
Q60:	|........ .......0 ........ ........| ok p=1
Q61:	|........ .......0 ........ ........| ok p=1
Q62:	|........ .......- ........ ........| ok p=1
Q63:	|........ .......- ........ ........| ok p=1
Q64:	|........ .......- ........ ..+.....|
Saving 65536 paths...done.
Autobalance parameters: maxcond=19
Verified: 0 bad out of 133619
Runtime: 8.76098
Extend MD5 differential paths backward
Copyright (C) 2009 Marc Stevens
http://homepages.cwi.nl/~stevens/

delta_m[11] = [!-6!]
Loading workdir2/paths30_0of1...done: 65536 (work:65536).
Estimating maxcond for upper bound 400000 (=100000 * 4)...
t=29: 0%   10   20   30   40   50   60   70   80   90   100%
      |----|----|----|----|----|----|----|----|----|----|
e     ***************************************************
Found maxcond = 23
t=29: 0%   10   20   30   40   50   60   70   80   90   100%
      |----|----|----|----|----|----|----|----|----|----|
      ***************************************************
Q26:	|..+..... ........ ........ .+......|
Q27:	|........ .....1.. ........ .-......|
Q28:	|........ .....-.. ........ .-......|
Q29:	|........ ........ ........ .1......| ok p=0.87207
Q30:	|........ .....^.. ........ .+......| ok p=1
Q31:	|........ ........ ........ .+......| ok p=1
Q32:	|........ ........ ........ ........| ok p=1
Q33:	|........ ........ ........ .!......| ok p=1
Q34:	|........ ........ ........ ........| ok p=1
Q35:	|........ ........ ........ ........| ok p=1
Q36:	|........ ........ ........ ........| ok p=1
Q37:	|........ ........ ........ ........| ok p=1
Q38:	|........ ........ ........ ........| ok p=1
Q39:	|........ ........ ........ ........| ok p=1
Q40:	|........ ........ ........ ........| ok p=1
Q41:	|........ ........ ........ ........| ok p=1
Q42:	|........ ........ ........ ........| ok p=1
Q43:	|........ ........ ........ ........| ok p=1
Q44:	|........ ........ ........ ........| ok p=1
Q45:	|........ ........ ........ ........| ok p=1
Q46:	|........ ........ ........ ........| ok p=1
Q47:	|........ ........ ........ ........| ok p=1
Q48:	|........ ........ ........ ........| ok p=1
Q49:	|........ ........ ........ ........| ok p=1
Q50:	|........ ........ ........ ........| ok p=1
Q51:	|........ ........ ........ ........| ok p=1
Q52:	|........ ........ ........ ........| ok p=1
Q53:	|........ ........ ........ ........| ok p=1
Q54:	|........ ........ ........ ........| ok p=1
Q55:	|........ ........ ........ ........| ok p=1
Q56:	|........ ........ ........ ........| ok p=1
Q57:	|........ ........ ........ ........| ok p=1
Q58:	|........ ........ ........ ........| ok p=1
Q59:	|........ ........ ........ ........| ok p=1
Q60:	|........ .......0 ........ ........| ok p=1
Q61:	|........ .......0 ........ ........| ok p=1
Q62:	|........ .......- ........ ........| ok p=1
Q63:	|........ .......- ........ ........| ok p=1
Q64:	|........ .......- ........ ..+.....|
Saving 100000 paths...done.
Autobalance parameters: maxcond=21
Verified: 6673 bad out of 162490
Estimating maxcond for upper bound 400000 (=100000 * 4)...
t=28: 0%   10   20   30   40   50   60   70   80   90   100%
      |----|----|----|----|----|----|----|----|----|----|
e     ***************************************************
Found maxcond = 25
t=28: 0%   10   20   30   40   50   60   70   80   90   100%
      |----|----|----|----|----|----|----|----|----|----|
      ***************************************************
Q25:	|........ ........ ..+..... .+....+.|
Q26:	|..+..... .....+.. ........ .+......|
Q27:	|........ .....0.. ........ .-......|
Q28:	|..^..... .....-.. ........ .-......| ok p=1
Q29:	|........ ........ ........ .1......| ok p=0.881836
Q30:	|........ .....^.. ........ .+......| ok p=1
Q31:	|........ ........ ........ .+......| ok p=1
Q32:	|........ ........ ........ ........| ok p=1
Q33:	|........ ........ ........ .!......| ok p=1
Q34:	|........ ........ ........ ........| ok p=1
Q35:	|........ ........ ........ ........| ok p=1
Q36:	|........ ........ ........ ........| ok p=1
Q37:	|........ ........ ........ ........| ok p=1
Q38:	|........ ........ ........ ........| ok p=1
Q39:	|........ ........ ........ ........| ok p=1
Q40:	|........ ........ ........ ........| ok p=1
Q41:	|........ ........ ........ ........| ok p=1
Q42:	|........ ........ ........ ........| ok p=1
Q43:	|........ ........ ........ ........| ok p=1
Q44:	|........ ........ ........ ........| ok p=1
Q45:	|........ ........ ........ ........| ok p=1
Q46:	|........ ........ ........ ........| ok p=1
Q47:	|........ ........ ........ ........| ok p=1
Q48:	|........ ........ ........ ........| ok p=1
Q49:	|........ ........ ........ ........| ok p=1
Q50:	|........ ........ ........ ........| ok p=1
Q51:	|........ ........ ........ ........| ok p=1
Q52:	|........ ........ ........ ........| ok p=1
Q53:	|........ ........ ........ ........| ok p=1
Q54:	|........ ........ ........ ........| ok p=1
Q55:	|........ ........ ........ ........| ok p=1
Q56:	|........ ........ ........ ........| ok p=1
Q57:	|........ ........ ........ ........| ok p=1
Q58:	|........ ........ ........ ........| ok p=1
Q59:	|........ ........ ........ ........| ok p=1
Q60:	|........ .......0 ........ ........| ok p=1
Q61:	|........ .......0 ........ ........| ok p=1
Q62:	|........ .......- ........ ........| ok p=1
Q63:	|........ .......- ........ ........| ok p=1
Q64:	|........ .......- ........ ..+.....|
Saving 100000 paths...done.
Autobalance parameters: maxcond=23
Verified: 0 bad out of 169538
Estimating maxcond for upper bound 400000 (=100000 * 4)...
t=27: 0%   10   20   30   40   50   60   70   80   90   100%
      |----|----|----|----|----|----|----|----|----|----|
e     ***************************************************
Found maxcond = 28
t=27: 0%   10   20   30   40   50   60   70   80   90   100%
      |----|----|----|----|----|----|----|----|----|----|
      ***************************************************
Q24:	|.-...... .....-.. ........ ........|
Q25:	|..1..... ........ ..+..... ......+.|
Q26:	|..+..... .....0.. ........ .0......|
Q27:	|........ .....1.. ..^..... .1....^.| ok p=0.754883
Q28:	|..^..... .....-.. ........ .-......| ok p=1
Q29:	|........ ........ ........ .0......| ok p=0.896484
Q30:	|........ .....^.. ........ .+......| ok p=1
Q31:	|........ ........ ........ .+......| ok p=0.999023
Q32:	|........ ........ ........ ........| ok p=1
Q33:	|........ ........ ........ .!......| ok p=1
Q34:	|........ ........ ........ ........| ok p=1
Q35:	|........ ........ ........ ........| ok p=1
Q36:	|........ ........ ........ ........| ok p=1
Q37:	|........ ........ ........ ........| ok p=1
Q38:	|........ ........ ........ ........| ok p=1
Q39:	|........ ........ ........ ........| ok p=1
Q40:	|........ ........ ........ ........| ok p=1
Q41:	|........ ........ ........ ........| ok p=1
Q42:	|........ ........ ........ ........| ok p=1
Q43:	|........ ........ ........ ........| ok p=1
Q44:	|........ ........ ........ ........| ok p=1
Q45:	|........ ........ ........ ........| ok p=1
Q46:	|........ ........ ........ ........| ok p=1
Q47:	|........ ........ ........ ........| ok p=1
Q48:	|........ ........ ........ ........| ok p=1
Q49:	|........ ........ ........ ........| ok p=1
Q50:	|........ ........ ........ ........| ok p=1
Q51:	|........ ........ ........ ........| ok p=1
Q52:	|........ ........ ........ ........| ok p=1
Q53:	|........ ........ ........ ........| ok p=1
Q54:	|........ ........ ........ ........| ok p=1
Q55:	|........ ........ ........ ........| ok p=1
Q56:	|........ ........ ........ ........| ok p=1
Q57:	|........ ........ ........ ........| ok p=1
Q58:	|........ ........ ........ ........| ok p=1
Q59:	|........ ........ ........ ........| ok p=1
Q60:	|........ .......0 ........ ........| ok p=1
Q61:	|........ .......0 ........ ........| ok p=1
Q62:	|........ .......- ........ ........| ok p=1
Q63:	|........ .......- ........ ........| ok p=1
Q64:	|........ .......- ........ ..+.....|
Saving 100000 paths...done.
Autobalance parameters: maxcond=26
Verified: 4573 bad out of 186846
Estimating maxcond for upper bound 400000 (=100000 * 4)...
t=26: 0%   10   20   30   40   50   60   70   80   90   100%
      |----|----|----|----|----|----|----|----|----|----|
e     ***************************************************
Found maxcond = 31
t=26: 0%   10   20   30   40   50   60   70   80   90   100%
      |----|----|----|----|----|----|----|----|----|----|
      ***************************************************
Q23:	|........ .....-.. -....... ..-.....|
Q24:	|..-..... .....-.. ..1..... ......1.|
Q25:	|..0..... .....+.. ..+..... ......+.|
Q26:	|..+..... .....+.. ........ .0......| ok p=0.887695
Q27:	|........ .....-.. ..^..... .1....^.| ok p=1
Q28:	|..^..... .....-.. ........ .-......| ok p=1
Q29:	|........ .....1.. ........ .0......| ok p=0.871094
Q30:	|........ .....0.. ........ .+......| ok p=1
Q31:	|........ ........ ........ .+......| ok p=1
Q32:	|........ ........ ........ ........| ok p=1
Q33:	|........ ........ ........ .!......| ok p=1
Q34:	|........ ........ ........ ........| ok p=1
Q35:	|........ ........ ........ ........| ok p=1
Q36:	|........ ........ ........ ........| ok p=1
Q37:	|........ ........ ........ ........| ok p=1
Q38:	|........ ........ ........ ........| ok p=1
Q39:	|........ ........ ........ ........| ok p=1
Q40:	|........ ........ ........ ........| ok p=1
Q41:	|........ ........ ........ ........| ok p=1
Q42:	|........ ........ ........ ........| ok p=1
Q43:	|........ ........ ........ ........| ok p=1
Q44:	|........ ........ ........ ........| ok p=1
Q45:	|........ ........ ........ ........| ok p=1
Q46:	|........ ........ ........ ........| ok p=1
Q47:	|........ ........ ........ ........| ok p=1
Q48:	|........ ........ ........ ........| ok p=1
Q49:	|........ ........ ........ ........| ok p=1
Q50:	|........ ........ ........ ........| ok p=1
Q51:	|........ ........ ........ ........| ok p=1
Q52:	|........ ........ ........ ........| ok p=1
Q53:	|........ ........ ........ ........| ok p=1
Q54:	|........ ........ ........ ........| ok p=1
Q55:	|........ ........ ........ ........| ok p=1
Q56:	|........ ........ ........ ........| ok p=1
Q57:	|........ ........ ........ ........| ok p=1
Q58:	|........ ........ ........ ........| ok p=1
Q59:	|........ ........ ........ ........| ok p=1
Q60:	|........ .......0 ........ ........| ok p=1
Q61:	|........ .......0 ........ ........| ok p=1
Q62:	|........ .......- ........ ........| ok p=1
Q63:	|........ .......- ........ ........| ok p=1
Q64:	|........ .......- ........ ..+.....|
Saving 100000 paths...done.
Autobalance parameters: maxcond=29
Verified: 0 bad out of 173691
Estimating maxcond for upper bound 400000 (=100000 * 4)...
t=25: 0%   10   20   30   40   50   60   70   80   90   100%
      |----|----|----|----|----|----|----|----|----|----|
e     ***************************************************
Found maxcond = 36
t=25: 0%   10   20   30   40   50   60   70   80   90   100%
      |----|----|----|----|----|----|----|----|----|----|
      ***************************************************
Q22:	|.......- ...+.... ......-. ...-....|
Q23:	|........ ........ -.-..... ......-.|
Q24:	|..0..... .....0.. ..0..... ......0.|
Q25:	|..1..... ........ ^.+..... ......+.| ok p=0.859375
Q26:	|..+..... ....0-.. ........ .0......| ok p=0.890625
Q27:	|........ ....1-.. ..^..... .1....^.| ok p=1
Q28:	|..^..... ....-+.. ........ .-......| ok p=1
Q29:	|........ .....0.. ........ .0......| ok p=0.864258
Q30:	|........ ....^1.. ........ .+......| ok p=1
Q31:	|........ ........ ........ .+......| ok p=1
Q32:	|........ ........ ........ ........| ok p=1
Q33:	|........ ........ ........ .!......| ok p=1
Q34:	|........ ........ ........ ........| ok p=1
Q35:	|........ ........ ........ ........| ok p=1
Q36:	|........ ........ ........ ........| ok p=1
Q37:	|........ ........ ........ ........| ok p=1
Q38:	|........ ........ ........ ........| ok p=1
Q39:	|........ ........ ........ ........| ok p=1
Q40:	|........ ........ ........ ........| ok p=1
Q41:	|........ ........ ........ ........| ok p=1
Q42:	|........ ........ ........ ........| ok p=1
Q43:	|........ ........ ........ ........| ok p=1
Q44:	|........ ........ ........ ........| ok p=1
Q45:	|........ ........ ........ ........| ok p=1
Q46:	|........ ........ ........ ........| ok p=1
Q47:	|........ ........ ........ ........| ok p=1
Q48:	|........ ........ ........ ........| ok p=1
Q49:	|........ ........ ........ ........| ok p=1
Q50:	|........ ........ ........ ........| ok p=1
Q51:	|........ ........ ........ ........| ok p=1
Q52:	|........ ........ ........ ........| ok p=1
Q53:	|........ ........ ........ ........| ok p=1
Q54:	|........ ........ ........ ........| ok p=1
Q55:	|........ ........ ........ ........| ok p=1
Q56:	|........ ........ ........ ........| ok p=1
Q57:	|........ ........ ........ ........| ok p=1
Q58:	|........ ........ ........ ........| ok p=1
Q59:	|........ ........ ........ ........| ok p=1
Q60:	|........ .......0 ........ ........| ok p=1
Q61:	|........ .......0 ........ ........| ok p=1
Q62:	|........ .......- ........ ........| ok p=1
Q63:	|........ .......- ........ ........| ok p=1
Q64:	|........ .......- ........ ..+.....|
Saving 100000 paths...done.
Autobalance parameters: maxcond=35
Verified: 836 bad out of 153580
Estimating maxcond for upper bound 400000 (=100000 * 4)...
t=24: 0%   10   20   30   40   50   60   70   80   90   100%
      |----|----|----|----|----|----|----|----|----|----|
e     ***************************************************
Found maxcond = 44
t=24: 0%   10   20   30   40   50   60   70   80   90   100%
      |----|----|----|----|----|----|----|----|----|----|
      ***************************************************
Q21:	|.+.-..+. .....+.. .+.....+ ........|
Q22:	|.......- ........ 1....... ..1-....|
Q23:	|..-..... .....-.. -.0..... ..-...0.|
Q24:	|..-....^ .....-.. ..1..... ...^..1.| ok p=0.676758
Q25:	|..+..... .....+.. ^.+..... ..^...+.| ok p=0.993164
Q26:	|..+..... .....+.. ........ .0......| ok p=0.865234
Q27:	|..1..... .....-.. ..^..... .1....^.| ok p=1
Q28:	|..0..... .....-.. ........ .-......| ok p=1
Q29:	|........ .....1.. ........ .0......| ok p=0.875
Q30:	|........ .....0.. ........ .+......| ok p=1
Q31:	|........ ........ ........ .+......| ok p=0.999023
Q32:	|........ ........ ........ ........| ok p=1
Q33:	|........ ........ ........ .!......| ok p=1
Q34:	|........ ........ ........ ........| ok p=1
Q35:	|........ ........ ........ ........| ok p=1
Q36:	|........ ........ ........ ........| ok p=1
Q37:	|........ ........ ........ ........| ok p=1
Q38:	|........ ........ ........ ........| ok p=1
Q39:	|........ ........ ........ ........| ok p=1
Q40:	|........ ........ ........ ........| ok p=1
Q41:	|........ ........ ........ ........| ok p=1
Q42:	|........ ........ ........ ........| ok p=1
Q43:	|........ ........ ........ ........| ok p=1
Q44:	|........ ........ ........ ........| ok p=1
Q45:	|........ ........ ........ ........| ok p=1
Q46:	|........ ........ ........ ........| ok p=1
Q47:	|........ ........ ........ ........| ok p=1
Q48:	|........ ........ ........ ........| ok p=1
Q49:	|........ ........ ........ ........| ok p=1
Q50:	|........ ........ ........ ........| ok p=1
Q51:	|........ ........ ........ ........| ok p=1
Q52:	|........ ........ ........ ........| ok p=1
Q53:	|........ ........ ........ ........| ok p=1
Q54:	|........ ........ ........ ........| ok p=1
Q55:	|........ ........ ........ ........| ok p=1
Q56:	|........ ........ ........ ........| ok p=1
Q57:	|........ ........ ........ ........| ok p=1
Q58:	|........ ........ ........ ........| ok p=1
Q59:	|........ ........ ........ ........| ok p=1
Q60:	|........ .......0 ........ ........| ok p=1
Q61:	|........ .......0 ........ ........| ok p=1
Q62:	|........ .......- ........ ........| ok p=1
Q63:	|........ .......- ........ ........| ok p=1
Q64:	|........ .......- ........ ..+.....|
Saving 100000 paths...done.
Autobalance parameters: maxcond=43
Verified: 80 bad out of 157881
Estimating maxcond for upper bound 400000 (=100000 * 4)...
t=23: 0%   10   20   30   40   50   60   70   80   90   100%
      |----|----|----|----|----|----|----|----|----|----|
e     ***************************************************
Found maxcond = 53
t=23: 0%   10   20   30   40   50   60   70   80   90   100%
      |----|----|----|----|----|----|----|----|----|----|
      ***************************************************
Q20:	|....+... ........ .+...... ......+.|
Q21:	|.......1 ...1.... +.....1+ ...1....|
Q22:	|.......- ...+.... 0.....-. ...-..-.|
Q23:	|........ ........ -.0....^ ......-.| ok p=0.969727
Q24:	|..0....^ ...^.0.. ..1...^. ...^..+.| ok p=1
Q25:	|..1..... ........ ^.+..... ......+.| ok p=0.87793
Q26:	|..+..... ....0-.. ........ .0....1.| ok p=0.881836
Q27:	|........ ....1-.. ..^..... .1....0.| ok p=1
Q28:	|..^..... ....-+.. ........ .-......| ok p=1
Q29:	|........ .....0.. ........ .0......| ok p=0.876953
Q30:	|........ ....^1.. ........ .+......| ok p=1
Q31:	|........ ........ ........ .+......| ok p=1
Q32:	|........ ........ ........ ........| ok p=1
Q33:	|........ ........ ........ .!......| ok p=1
Q34:	|........ ........ ........ ........| ok p=1
Q35:	|........ ........ ........ ........| ok p=1
Q36:	|........ ........ ........ ........| ok p=1
Q37:	|........ ........ ........ ........| ok p=1
Q38:	|........ ........ ........ ........| ok p=1
Q39:	|........ ........ ........ ........| ok p=1
Q40:	|........ ........ ........ ........| ok p=1
Q41:	|........ ........ ........ ........| ok p=1
Q42:	|........ ........ ........ ........| ok p=1
Q43:	|........ ........ ........ ........| ok p=1
Q44:	|........ ........ ........ ........| ok p=1
Q45:	|........ ........ ........ ........| ok p=1
Q46:	|........ ........ ........ ........| ok p=1
Q47:	|........ ........ ........ ........| ok p=1
Q48:	|........ ........ ........ ........| ok p=1
Q49:	|........ ........ ........ ........| ok p=1
Q50:	|........ ........ ........ ........| ok p=1
Q51:	|........ ........ ........ ........| ok p=1
Q52:	|........ ........ ........ ........| ok p=1
Q53:	|........ ........ ........ ........| ok p=1
Q54:	|........ ........ ........ ........| ok p=1
Q55:	|........ ........ ........ ........| ok p=1
Q56:	|........ ........ ........ ........| ok p=1
Q57:	|........ ........ ........ ........| ok p=1
Q58:	|........ ........ ........ ........| ok p=1
Q59:	|........ ........ ........ ........| ok p=1
Q60:	|........ .......0 ........ ........| ok p=1
Q61:	|........ .......0 ........ ........| ok p=1
Q62:	|........ .......- ........ ........| ok p=1
Q63:	|........ .......- ........ ........| ok p=1
Q64:	|........ .......- ........ ..+.....|
Saving 100000 paths...done.
Autobalance parameters: maxcond=52
Verified: 0 bad out of 106664
Estimating maxcond for upper bound 400000 (=100000 * 4)...
t=22: 0%   10   20   30   40   50   60   70   80   90   100%
      |----|----|----|----|----|----|----|----|----|----|
e     ***************************************************
Found maxcond = 60
t=22: 0%   10   20   30   40   50   60   70   80   90   100%
      |----|----|----|----|----|----|----|----|----|----|
      ***************************************************
Q19:	|....+... .+...... .....+.. .-....-.|
Q20:	|...1+..0 ...-.... ......01 ...0....|
Q21:	|...+...1 ...0.... 0.....1+ ...1....|
Q22:	|....^..- ...+.... 1.....-. ...-....| ok p=0.956055
Q23:	|...^.... ........ -.0....^ ......0.| ok p=0.962891
Q24:	|..0....^ ...^.0.. ..1...^. ...^..1.| ok p=0.919922
Q25:	|..1..... ........ ^.+..... ......+.| ok p=0.857422
Q26:	|..+..... ....0-.. ........ .0......| ok p=0.875977
Q27:	|........ ....1-.. ..^..... .1....^.| ok p=1
Q28:	|..^..... ....-+.. ........ .-......| ok p=1
Q29:	|........ .....0.. ........ .0......| ok p=0.883789
Q30:	|........ ....^1.. ........ .+......| ok p=1
Q31:	|........ ........ ........ .+......| ok p=1
Q32:	|........ ........ ........ ........| ok p=1
Q33:	|........ ........ ........ .!......| ok p=1
Q34:	|........ ........ ........ ........| ok p=1
Q35:	|........ ........ ........ ........| ok p=1
Q36:	|........ ........ ........ ........| ok p=1
Q37:	|........ ........ ........ ........| ok p=1
Q38:	|........ ........ ........ ........| ok p=1
Q39:	|........ ........ ........ ........| ok p=1
Q40:	|........ ........ ........ ........| ok p=1
Q41:	|........ ........ ........ ........| ok p=1
Q42:	|........ ........ ........ ........| ok p=1
Q43:	|........ ........ ........ ........| ok p=1
Q44:	|........ ........ ........ ........| ok p=1
Q45:	|........ ........ ........ ........| ok p=1
Q46:	|........ ........ ........ ........| ok p=1
Q47:	|........ ........ ........ ........| ok p=1
Q48:	|........ ........ ........ ........| ok p=1
Q49:	|........ ........ ........ ........| ok p=1
Q50:	|........ ........ ........ ........| ok p=1
Q51:	|........ ........ ........ ........| ok p=1
Q52:	|........ ........ ........ ........| ok p=1
Q53:	|........ ........ ........ ........| ok p=1
Q54:	|........ ........ ........ ........| ok p=1
Q55:	|........ ........ ........ ........| ok p=1
Q56:	|........ ........ ........ ........| ok p=1
Q57:	|........ ........ ........ ........| ok p=1
Q58:	|........ ........ ........ ........| ok p=1
Q59:	|........ ........ ........ ........| ok p=1
Q60:	|........ .......0 ........ ........| ok p=1
Q61:	|........ .......0 ........ ........| ok p=1
Q62:	|........ .......- ........ ........| ok p=1
Q63:	|........ .......- ........ ........| ok p=1
Q64:	|........ .......- ........ ..+.....|
Saving 100000 paths...done.
Autobalance parameters: maxcond=59
Verified: 0 bad out of 120036
Estimating maxcond for upper bound 400000 (=100000 * 4)...
t=21: 0%   10   20   30   40   50   60   70   80   90   100%
      |----|----|----|----|----|----|----|----|----|----|
e     ***************************************************
Found maxcond = 71
t=21: 0%   10   20   30   40   50   60   70   80   90   100%
      |----|----|----|----|----|----|----|----|----|----|
      ***************************************************
Q18:	|+.-.+... ....-... -...+..- ......-.|
Q19:	|....-... .+...... ......++ .-....-.|
Q20:	|...++..0 ...0.... ......+0 ...0....|
Q21:	|...+1..1 .^.1.... 0.....0+ .^.1..^.| ok p=0.536133
Q22:	|...1^..- ...+.... 1.....-. ...-....| ok p=0.97168
Q23:	|...0.... ........ -.0....^ ......0.| ok p=0.97168
Q24:	|..0....^ ...^.0.. ..1...^. ...^..1.| ok p=0.915039
Q25:	|..1..... ........ ^.+..... ......+.| ok p=0.868164
Q26:	|..+..... ....0-.. ........ .0......| ok p=0.876953
Q27:	|........ ....1-.. ..^..... .1....^.| ok p=1
Q28:	|..^..... ....-+.. ........ .-......| ok p=1
Q29:	|........ .....0.. ........ .0......| ok p=0.891602
Q30:	|........ ....^1.. ........ .+......| ok p=1
Q31:	|........ ........ ........ .+......| ok p=1
Q32:	|........ ........ ........ ........| ok p=1
Q33:	|........ ........ ........ .!......| ok p=1
Q34:	|........ ........ ........ ........| ok p=1
Q35:	|........ ........ ........ ........| ok p=1
Q36:	|........ ........ ........ ........| ok p=1
Q37:	|........ ........ ........ ........| ok p=1
Q38:	|........ ........ ........ ........| ok p=1
Q39:	|........ ........ ........ ........| ok p=1
Q40:	|........ ........ ........ ........| ok p=1
Q41:	|........ ........ ........ ........| ok p=1
Q42:	|........ ........ ........ ........| ok p=1
Q43:	|........ ........ ........ ........| ok p=1
Q44:	|........ ........ ........ ........| ok p=1
Q45:	|........ ........ ........ ........| ok p=1
Q46:	|........ ........ ........ ........| ok p=1
Q47:	|........ ........ ........ ........| ok p=1
Q48:	|........ ........ ........ ........| ok p=1
Q49:	|........ ........ ........ ........| ok p=1
Q50:	|........ ........ ........ ........| ok p=1
Q51:	|........ ........ ........ ........| ok p=1
Q52:	|........ ........ ........ ........| ok p=1
Q53:	|........ ........ ........ ........| ok p=1
Q54:	|........ ........ ........ ........| ok p=1
Q55:	|........ ........ ........ ........| ok p=1
Q56:	|........ ........ ........ ........| ok p=1
Q57:	|........ ........ ........ ........| ok p=1
Q58:	|........ ........ ........ ........| ok p=1
Q59:	|........ ........ ........ ........| ok p=1
Q60:	|........ .......0 ........ ........| ok p=1
Q61:	|........ .......0 ........ ........| ok p=1
Q62:	|........ .......- ........ ........| ok p=1
Q63:	|........ .......- ........ ........| ok p=1
Q64:	|........ .......- ........ ..+.....|
Saving 100000 paths...done.
Autobalance parameters: maxcond=70
Verified: 0 bad out of 158761
Runtime: 26.9619
Extend MD5 differential paths backward
Copyright (C) 2009 Marc Stevens
http://homepages.cwi.nl/~stevens/

delta_m[11] = [!-6!]
Loading workdir2/paths21_0of1...done: 100000 (work:100000).
Estimating maxcond for upper bound 65536 (=16384 * 4)...
t=20: 0%   10   20   30   40   50   60   70   80   90   100%
      |----|----|----|----|----|----|----|----|----|----|
e     ***************************************************
Found maxcond = 84
t=20: 0%   10   20   30   40   50   60   70   80   90   100%
      |----|----|----|----|----|----|----|----|----|----|
      ***************************************************
Q17:	|....-... .+...... ........ ....+...|
Q18:	|+...-... .1..-... -....+.. .1....-.|
Q19:	|...01... .+...... .....+.0 .-....-.|
Q20:	|^..1+..0 ...0^... ^....001 ...0..0.| ok p=1
Q21:	|...+0..1 .^.1.... 0....11+ .^.1..^.| ok p=0.510742
Q22:	|....1..- ...+.... 1.....-. ...-....| ok p=0.961914
Q23:	|...^.... ........ -.0....^ ......0.| ok p=0.974609
Q24:	|..0....^ ...^.0.. ..1...^. ...^..1.| ok p=0.907227
Q25:	|..1..... ........ ^.+..... ......+.| ok p=0.883789
Q26:	|..+..... ....0-.. ........ .0......| ok p=0.887695
Q27:	|........ ....1-.. ..^..... .1....^.| ok p=1
Q28:	|..^..... ....-+.. ........ .-......| ok p=1
Q29:	|........ .....0.. ........ .0......| ok p=0.882812
Q30:	|........ ....^1.. ........ .+......| ok p=1
Q31:	|........ ........ ........ .+......| ok p=1
Q32:	|........ ........ ........ ........| ok p=1
Q33:	|........ ........ ........ .!......| ok p=1
Q34:	|........ ........ ........ ........| ok p=1
Q35:	|........ ........ ........ ........| ok p=1
Q36:	|........ ........ ........ ........| ok p=1
Q37:	|........ ........ ........ ........| ok p=1
Q38:	|........ ........ ........ ........| ok p=1
Q39:	|........ ........ ........ ........| ok p=1
Q40:	|........ ........ ........ ........| ok p=1
Q41:	|........ ........ ........ ........| ok p=1
Q42:	|........ ........ ........ ........| ok p=1
Q43:	|........ ........ ........ ........| ok p=1
Q44:	|........ ........ ........ ........| ok p=1
Q45:	|........ ........ ........ ........| ok p=1
Q46:	|........ ........ ........ ........| ok p=1
Q47:	|........ ........ ........ ........| ok p=1
Q48:	|........ ........ ........ ........| ok p=1
Q49:	|........ ........ ........ ........| ok p=1
Q50:	|........ ........ ........ ........| ok p=1
Q51:	|........ ........ ........ ........| ok p=1
Q52:	|........ ........ ........ ........| ok p=1
Q53:	|........ ........ ........ ........| ok p=1
Q54:	|........ ........ ........ ........| ok p=1
Q55:	|........ ........ ........ ........| ok p=1
Q56:	|........ ........ ........ ........| ok p=1
Q57:	|........ ........ ........ ........| ok p=1
Q58:	|........ ........ ........ ........| ok p=1
Q59:	|........ ........ ........ ........| ok p=1
Q60:	|........ .......0 ........ ........| ok p=1
Q61:	|........ .......0 ........ ........| ok p=1
Q62:	|........ .......- ........ ........| ok p=1
Q63:	|........ .......- ........ ........| ok p=1
Q64:	|........ .......- ........ ..+.....|
Saving 16384 paths...done.
Autobalance parameters: maxcond=83
Verified: 0 bad out of 29791
Runtime: 5.04648
Extend MD5 differential paths backward
Copyright (C) 2009 Marc Stevens
http://homepages.cwi.nl/~stevens/

delta_m[11] = [!-6!]
Loading workdir2/paths20_0of1...done: 16384 (work:16384).
Estimating maxcond for upper bound 2000000 (=500000 * 4)...
t=19: 0%   10   20   30   40   50   60   70   80   90   100%
      |----|----|----|----|----|----|----|----|----|----|
e     ***************************************************
Found maxcond = 95
t=19: 0%   10   20   30   40   50   60   70   80   90   100%
      |----|----|----|----|----|----|----|----|----|----|
      ***************************************************
Q16:	|....+... .-...+.. ..+..-.+ ......-.|
Q17:	|1....... .+..1... 1....... .+..+...|
Q18:	|+...-... .1..-... -....+.. .0....-.|
Q19:	|...0-... .+...... .....+.0 .-..^.-.| ok p=0.754883
Q20:	|^..0+..0 ...0^... ^....001 ...0..0.| ok p=1
Q21:	|...+1..1 .^.1.... 0....11+ .^.1..^.| ok p=0.491211
Q22:	|....^..- ...+.... 1.....-. ...-....| ok p=0.952148
Q23:	|...^.... ........ -.0....^ ......0.| ok p=0.974609
Q24:	|..0....^ ...^.0.. ..1...^. ...^..1.| ok p=0.907227
Q25:	|..1..... ........ ^.+..... ......+.| ok p=0.873047
Q26:	|..+..... ....0-.. ........ .0......| ok p=0.891602
Q27:	|........ ....1-.. ..^..... .1....^.| ok p=1
Q28:	|..^..... ....-+.. ........ .-......| ok p=0.999023
Q29:	|........ .....0.. ........ .0......| ok p=0.871094
Q30:	|........ ....^1.. ........ .+......| ok p=1
Q31:	|........ ........ ........ .+......| ok p=1
Q32:	|........ ........ ........ ........| ok p=1
Q33:	|........ ........ ........ .!......| ok p=1
Q34:	|........ ........ ........ ........| ok p=1
Q35:	|........ ........ ........ ........| ok p=1
Q36:	|........ ........ ........ ........| ok p=1
Q37:	|........ ........ ........ ........| ok p=1
Q38:	|........ ........ ........ ........| ok p=1
Q39:	|........ ........ ........ ........| ok p=1
Q40:	|........ ........ ........ ........| ok p=1
Q41:	|........ ........ ........ ........| ok p=1
Q42:	|........ ........ ........ ........| ok p=1
Q43:	|........ ........ ........ ........| ok p=1
Q44:	|........ ........ ........ ........| ok p=1
Q45:	|........ ........ ........ ........| ok p=1
Q46:	|........ ........ ........ ........| ok p=1
Q47:	|........ ........ ........ ........| ok p=1
Q48:	|........ ........ ........ ........| ok p=1
Q49:	|........ ........ ........ ........| ok p=1
Q50:	|........ ........ ........ ........| ok p=1
Q51:	|........ ........ ........ ........| ok p=1
Q52:	|........ ........ ........ ........| ok p=1
Q53:	|........ ........ ........ ........| ok p=1
Q54:	|........ ........ ........ ........| ok p=1
Q55:	|........ ........ ........ ........| ok p=1
Q56:	|........ ........ ........ ........| ok p=1
Q57:	|........ ........ ........ ........| ok p=1
Q58:	|........ ........ ........ ........| ok p=1
Q59:	|........ ........ ........ ........| ok p=1
Q60:	|........ .......0 ........ ........| ok p=1
Q61:	|........ .......0 ........ ........| ok p=1
Q62:	|........ .......- ........ ........| ok p=1
Q63:	|........ .......- ........ ........| ok p=1
Q64:	|........ .......- ........ ..+.....|
Saving 500000 paths...done.
Autobalance parameters: maxcond=93
Verified: 0 bad out of 871611
Estimating maxcond for upper bound 2000000 (=500000 * 4)...
t=18: 0%   10   20   30   40   50   60   70   80   90   100%
      |----|----|----|----|----|----|----|----|----|----|
e     ***************************************************
Found maxcond = 106
t=18: 0%   10   20   30   40   50   60   70   80   90   100%
      |----|----|----|----|----|----|----|----|----|----|
      ***************************************************
Q15:	|+...+..- ......-. .+....+. -.-...+.|
Q16:	|........ .-..0+.. 0.+..-.. ....1.-.|
Q17:	|-...-... .0..1... 1....0.. .0..+.1.|
Q18:	|-...-... .0..-^.. -.^..+.. .1....-.| ok p=0.474609
Q19:	|0..0+... .+...... .....+.0 .-..^.-.| ok p=0.994141
Q20:	|1..1+..0 ...0^... ^....001 ...0..0.| ok p=1
Q21:	|...+0..1 .^.1.... 0....11+ .^.1..^.| ok p=0.512695
Q22:	|....^..- ...+.... 1.....-. ...-....| ok p=0.97168
Q23:	|...^.... ........ -.0....^ ......0.| ok p=0.963867
Q24:	|..0....^ ...^.0.. ..1...^. ...^..1.| ok p=0.895508
Q25:	|..1..... ........ ^.+..... ......+.| ok p=0.884766
Q26:	|..+..... ....0-.. ........ .0......| ok p=0.889648
Q27:	|........ ....1-.. ..^..... .1....^.| ok p=1
Q28:	|..^..... ....-+.. ........ .-......| ok p=1
Q29:	|........ .....0.. ........ .0......| ok p=0.878906
Q30:	|........ ....^1.. ........ .+......| ok p=1
Q31:	|........ ........ ........ .+......| ok p=1
Q32:	|........ ........ ........ ........| ok p=1
Q33:	|........ ........ ........ .!......| ok p=1
Q34:	|........ ........ ........ ........| ok p=1
Q35:	|........ ........ ........ ........| ok p=1
Q36:	|........ ........ ........ ........| ok p=1
Q37:	|........ ........ ........ ........| ok p=1
Q38:	|........ ........ ........ ........| ok p=1
Q39:	|........ ........ ........ ........| ok p=1
Q40:	|........ ........ ........ ........| ok p=1
Q41:	|........ ........ ........ ........| ok p=1
Q42:	|........ ........ ........ ........| ok p=1
Q43:	|........ ........ ........ ........| ok p=1
Q44:	|........ ........ ........ ........| ok p=1
Q45:	|........ ........ ........ ........| ok p=1
Q46:	|........ ........ ........ ........| ok p=1
Q47:	|........ ........ ........ ........| ok p=1
Q48:	|........ ........ ........ ........| ok p=1
Q49:	|........ ........ ........ ........| ok p=1
Q50:	|........ ........ ........ ........| ok p=1
Q51:	|........ ........ ........ ........| ok p=1
Q52:	|........ ........ ........ ........| ok p=1
Q53:	|........ ........ ........ ........| ok p=1
Q54:	|........ ........ ........ ........| ok p=1
Q55:	|........ ........ ........ ........| ok p=1
Q56:	|........ ........ ........ ........| ok p=1
Q57:	|........ ........ ........ ........| ok p=1
Q58:	|........ ........ ........ ........| ok p=1
Q59:	|........ ........ ........ ........| ok p=1
Q60:	|........ .......0 ........ ........| ok p=1
Q61:	|........ .......0 ........ ........| ok p=1
Q62:	|........ .......- ........ ........| ok p=1
Q63:	|........ .......- ........ ........| ok p=1
Q64:	|........ .......- ........ ..+.....|
Saving 500000 paths...done.
Autobalance parameters: maxcond=105
Verified: 0 bad out of 787356
Estimating maxcond for upper bound 2000000 (=500000 * 4)...
t=17: 0%   10   20   30   40   50   60   70   80   90   100%
      |----|----|----|----|----|----|----|----|----|----|
e     ***************************************************
Found maxcond = 123
t=17: 0%   10   20   30   40   50   60   70   80   90   100%
      |----|----|----|----|----|----|----|----|----|----|
      ***************************************************
Q14:	|+.....+. .-...-.. .....-.. .-..+.+.|
Q15:	|+...-..- .....1-. ..1...+. .++..+..|
Q16:	|+...+... ....0-.. 0.+.0.01 .0...1-.|
Q17:	|0...1..^ .0..0.^. 1...1.-. .0^..--.| ok p=0.242188
Q18:	|+...-... .0..-^.. -.^.+.-+ .1....-.| ok p=0.475586
Q19:	|...0-... .+...... ......++ .-...^-.| ok p=0.767578
Q20:	|^..0+..0 ...0^... ^...^.+0 ...0..1.| ok p=1
Q21:	|...+1..1 .^.1.... 0.....0+ .^.1..^.| ok p=0.494141
Q22:	|....^..- ...+.... 1.....-. ...-....| ok p=0.957031
Q23:	|...^.... ........ -.0....^ ......0.| ok p=0.959961
Q24:	|..0....^ ...^.0.. ..1...^. ...^..1.| ok p=0.904297
Q25:	|..1..... ........ ^.+..... ......+.| ok p=0.868164
Q26:	|..+..... ....0-.. ........ .0......| ok p=0.875977
Q27:	|........ ....1-.. ..^..... .1....^.| ok p=1
Q28:	|..^..... ....-+.. ........ .-......| ok p=1
Q29:	|........ .....0.. ........ .0......| ok p=0.871094
Q30:	|........ ....^1.. ........ .+......| ok p=1
Q31:	|........ ........ ........ .+......| ok p=1
Q32:	|........ ........ ........ ........| ok p=1
Q33:	|........ ........ ........ .!......| ok p=1
Q34:	|........ ........ ........ ........| ok p=1
Q35:	|........ ........ ........ ........| ok p=1
Q36:	|........ ........ ........ ........| ok p=1
Q37:	|........ ........ ........ ........| ok p=1
Q38:	|........ ........ ........ ........| ok p=1
Q39:	|........ ........ ........ ........| ok p=1
Q40:	|........ ........ ........ ........| ok p=1
Q41:	|........ ........ ........ ........| ok p=1
Q42:	|........ ........ ........ ........| ok p=1
Q43:	|........ ........ ........ ........| ok p=1
Q44:	|........ ........ ........ ........| ok p=1
Q45:	|........ ........ ........ ........| ok p=1
Q46:	|........ ........ ........ ........| ok p=1
Q47:	|........ ........ ........ ........| ok p=1
Q48:	|........ ........ ........ ........| ok p=1
Q49:	|........ ........ ........ ........| ok p=1
Q50:	|........ ........ ........ ........| ok p=1
Q51:	|........ ........ ........ ........| ok p=1
Q52:	|........ ........ ........ ........| ok p=1
Q53:	|........ ........ ........ ........| ok p=1
Q54:	|........ ........ ........ ........| ok p=1
Q55:	|........ ........ ........ ........| ok p=1
Q56:	|........ ........ ........ ........| ok p=1
Q57:	|........ ........ ........ ........| ok p=1
Q58:	|........ ........ ........ ........| ok p=1
Q59:	|........ ........ ........ ........| ok p=1
Q60:	|........ .......0 ........ ........| ok p=1
Q61:	|........ .......0 ........ ........| ok p=1
Q62:	|........ .......- ........ ........| ok p=1
Q63:	|........ .......- ........ ........| ok p=1
Q64:	|........ .......- ........ ..+.....|
Saving 500000 paths...done.
Autobalance parameters: maxcond=122
Verified: 0 bad out of 557042
Estimating maxcond for upper bound 2000000 (=500000 * 4)...
t=16: 0%   10   20   30   40   50   60   70   80   90   100%
      |----|----|----|----|----|----|----|----|----|----|
e     ***************************************************
Found maxcond = 135
t=16: 0%   10   20   30   40   50   60   70   80   90   100%
      |----|----|----|----|----|----|----|----|----|----|
      ***************************************************
Q13:	|+.-..... .-....+. .-...+.- ..+.....|
Q14:	|....1..+ .0...-1. .......1 .11...+.|
Q15:	|....+..- .0...0+. ..+..-.+ .++.0.+.|
Q16:	|0...1..1 .-..0+.. 0.+..-.. .1..1.-.| ok p=0.621094
Q17:	|1...-..0 .0..1.^. 1.0..1.^ .0^.+.+.| ok p=0.500977
Q18:	|+...-... .0..-^.. -.1..+.. .1....-.| ok p=0.449219
Q19:	|...0+... .+...... .....+.0 .-..^.-.| ok p=0.999023
Q20:	|^..1+..0 ...0^... ^....001 ...0..1.| ok p=1
Q21:	|...+0..1 .^.1.... 0....11+ .^.1..^.| ok p=0.488281
Q22:	|....^..- ...+.... 1.....-. ...-....| ok p=0.96582
Q23:	|...^.... ........ -.0....^ ......0.| ok p=0.963867
Q24:	|..0....^ ...^.0.. ..1...^. ...^..1.| ok p=0.90332
Q25:	|..1..... ........ ^.+..... ......+.| ok p=0.870117
Q26:	|..+..... ....0-.. ........ .0......| ok p=0.890625
Q27:	|........ ....1-.. ..^..... .1....^.| ok p=1
Q28:	|..^..... ....-+.. ........ .-......| ok p=1
Q29:	|........ .....0.. ........ .0......| ok p=0.883789
Q30:	|........ ....^1.. ........ .+......| ok p=1
Q31:	|........ ........ ........ .+......| ok p=1
Q32:	|........ ........ ........ ........| ok p=1
Q33:	|........ ........ ........ .!......| ok p=1
Q34:	|........ ........ ........ ........| ok p=1
Q35:	|........ ........ ........ ........| ok p=1
Q36:	|........ ........ ........ ........| ok p=1
Q37:	|........ ........ ........ ........| ok p=1
Q38:	|........ ........ ........ ........| ok p=1
Q39:	|........ ........ ........ ........| ok p=1
Q40:	|........ ........ ........ ........| ok p=1
Q41:	|........ ........ ........ ........| ok p=1
Q42:	|........ ........ ........ ........| ok p=1
Q43:	|........ ........ ........ ........| ok p=1
Q44:	|........ ........ ........ ........| ok p=1
Q45:	|........ ........ ........ ........| ok p=1
Q46:	|........ ........ ........ ........| ok p=1
Q47:	|........ ........ ........ ........| ok p=1
Q48:	|........ ........ ........ ........| ok p=1
Q49:	|........ ........ ........ ........| ok p=1
Q50:	|........ ........ ........ ........| ok p=1
Q51:	|........ ........ ........ ........| ok p=1
Q52:	|........ ........ ........ ........| ok p=1
Q53:	|........ ........ ........ ........| ok p=1
Q54:	|........ ........ ........ ........| ok p=1
Q55:	|........ ........ ........ ........| ok p=1
Q56:	|........ ........ ........ ........| ok p=1
Q57:	|........ ........ ........ ........| ok p=1
Q58:	|........ ........ ........ ........| ok p=1
Q59:	|........ ........ ........ ........| ok p=1
Q60:	|........ .......0 ........ ........| ok p=1
Q61:	|........ .......0 ........ ........| ok p=1
Q62:	|........ .......- ........ ........| ok p=1
Q63:	|........ .......- ........ ........| ok p=1
Q64:	|........ .......- ........ ..+.....|
Saving 500000 paths...done.
Autobalance parameters: maxcond=134
Verified: 0 bad out of 657491
Runtime: 112.48
Connect MD5 differential paths
Copyright (C) 2009 Marc Stevens
http://homepages.cwi.nl/~stevens/

delta_m[11] = [!-6!]
Loading workdir2/paths16_0of1.bin.gz...done: 500000.
Loading workdir2/paths11_0of1.bin.gz...done: 500000.
t=12: 0%   10   20   30   40   50   60   70   80   90   100%
      |----|----|----|----|----|----|----|----|----|----|
      *****************************Q-3:	|00100010 01111011 00110101 11110001|
Q-2:	|0+-11-1- +111100+ 0+10000+ 110110-+|
Q-1:	|01+01-00 -01+---0 -1------ 1001010-|
Q0:	|1101-+00 --1-010+ -1++11+- -++01+++| ok p=1
Q1:	|-.+.00.+ .-.++1+1 +.1+11+. 11--.+1+| ok p=0.229492
Q2:	|0.+.01.- 0-.++.00 -.+..-.1 --01.111| ok p=1
Q3:	|1....+.1 1.0.1.01 0.10.11. +++-.+.+| ok p=1
Q4:	|..1..+.- 0110+... -.0..+.. -+1-.-.0| ok p=1
Q5:	|.!..^-.1 +.-.1... +....1^. 0111.-.1| ok p=1
Q6:	|.!1.-1.- -.-.1..^ -....0+. 10.+...0| ok p=1
Q7:	|.!1.11.1 +......+ +....10. ...+.1.0| ok p=1
Q8:	|!.-.++.1 -.1!...1 0....--. ...-...+| ok p=1
Q9:	|!.+.1-.. 1......- 0..1101. ..!-..^-| ok p=1
Q10:	|.0+10-10 0..011.0 ...00-+0 010+10--| ok p=1
Q11:	|01+10-01 010110^0 00.+10-1 111+0111| ok p=1
Q12:	|0+---1-+ +11+---0 11.--+0+ +++--+0-| ok p=1
Q13:	|+01+1011 ++++++1+ ++.110+0 0+---01+| ok p=1
Q14:	|01101-0- .+1.0110 00^01010 010.10+1| ok p=1
Q15:	|1..0+0.- 110001-1 01+..-0+ .++1-.+1| ok p=0.858398
Q16:	|0...00.1 .-..0+.. 0.+..-.. .1..-.-.| ok p=0.537109
Q17:	|1...-..1 .0..1.^. 1.0..1.^ .0^.+.1.| ok p=0.498047
Q18:	|+...-... .0..-^.. -.1..+.. .1..0.-.| ok p=0.571289
Q19:	|...0+... .+...... .....+.0 .-..1.-.| ok p=0.99707
Q20:	|^..1+..0 ...0^... ^....001 ...0..0.| ok p=1
Q21:	|...+0..1 .^.1.... 0....11+ .^.1..0.| ok p=0.498047
Q22:	|....0..- ...+.... 1.....-. ...-....| ok p=0.962891
Q23:	|...^.... ........ -.0....^ ......0.| ok p=0.970703
Q24:	|..0....^ ...^.0.. ..1...^. ...^..1.| ok p=0.90918
Q25:	|..1..... ........ ^.+..... ......+.| ok p=0.874023
Q26:	|..+..... ....0-.. ........ .0......| ok p=0.879883
Q27:	|........ ....1-.. ..^..... .1....^.| ok p=1
Q28:	|..^..... ....-+.. ........ .-......| ok p=1
Q29:	|........ .....0.. ........ .0......| ok p=0.880859
Q30:	|........ ....^1.. ........ .+......| ok p=1
Q31:	|........ ........ ........ .+......| ok p=1
Q32:	|........ ........ ........ ........| ok p=1
Q33:	|........ ........ ........ .!......| ok p=1
Q34:	|........ ........ ........ ........| ok p=1
Q35:	|........ ........ ........ ........| ok p=1
Q36:	|........ ........ ........ ........| ok p=1
Q37:	|........ ........ ........ ........| ok p=1
Q38:	|........ ........ ........ ........| ok p=1
Q39:	|........ ........ ........ ........| ok p=1
Q40:	|........ ........ ........ ........| ok p=1
Q41:	|........ ........ ........ ........| ok p=1
Q42:	|........ ........ ........ ........| ok p=1
Q43:	|........ ........ ........ ........| ok p=1
Q44:	|........ ........ ........ ........| ok p=1
Q45:	|........ ........ ........ ........| ok p=1
Q46:	|........ ........ ........ ........| ok p=1
Q47:	|........ ........ ........ ........| ok p=1
Q48:	|........ ........ ........ ........| ok p=1
Q49:	|........ ........ ........ ........| ok p=1
Q50:	|........ ........ ........ ........| ok p=1
Q51:	|........ ........ ........ ........| ok p=1
Q52:	|........ ........ ........ ........| ok p=1
Q53:	|........ ........ ........ ........| ok p=1
Q54:	|........ ........ ........ ........| ok p=1
Q55:	|........ ........ ........ ........| ok p=1
Q56:	|........ ........ ........ ........| ok p=1
Q57:	|........ ........ ........ ........| ok p=1
Q58:	|........ ........ ........ ........| ok p=1
Q59:	|........ ........ ........ ........| ok p=1
Q60:	|........ .......0 ........ ........| ok p=1
Q61:	|........ .......0 ........ ........| ok p=1
Q62:	|........ .......- ........ ........| ok p=1
Q63:	|........ .......- ........ ........| ok p=1
Q64:	|........ .......- ........ ..+.....|
Best path: totcompl=-25 tottunnel=34, totcond=575, p=0.00776195
Best paths: 2
Q-3:	|00100010 01111011 00110101 11110001|
Q-2:	|0+-11-1- +111100+ 0+10000+ 110110-+|
Q-1:	|01+01-00 -01+---0 -1------ 1001010-|
Q0:	|1101-+00 --1-010+ -1++11+- -++01+++| ok p=1
Q1:	|-.+.00.+ .-.++1+1 +.1+11+. 11--.+1+| ok p=0.209961
Q2:	|0.+.01.- 0-.++.00 -.+..-.1 --01.111| ok p=1
Q3:	|1....+.1 1.0.1.01 0.10.11. +++-.+.+| ok p=1
Q4:	|..1..+.- 0110+... -.0..+.. -+1-.-.0| ok p=1
Q5:	|!...^-.1 +.-.1... +....1^. 0111.-.1| ok p=1
Q6:	|!.0.-1.- -.-.1..^ -....0+. 10.+...0| ok p=1
Q7:	|!.0.11.1 +......+ +....10. ...+.1.0| ok p=1
Q8:	|!.-.++.1 -.1.!..1 0....--. ...-..0+| ok p=1
Q9:	|.!+.1-.. 1......- 0..0.01. .!.-..0-| ok p=1
Q10:	|.0+10-01 0..01011 ...00110 01^+00--| ok p=1
Q11:	|.1+10-11 01011000 .0.+1101 11+-10-1| ok p=1
Q12:	|^-----++ +11+---1 ^1.--+++ ++10++10| ok p=1
Q13:	|+01+1.1- ++++++1+ ++.1010+ ++0+1---| ok p=1
Q14:	|011011++ .+1.0110 00^01110 .00101+1| ok p=1
Q15:	|0..0+.0- 110001-1 01+..-.+ 1++0-1+0| ok p=0.829102
Q16:	|0...1.01 .-..0+.. 0.+..-.. .1..-.-.| ok p=0.504883
Q17:	|1...-..1 .0..1.^. 1.0..1.^ .0^.+.1.| ok p=0.511719
Q18:	|+...-... .0..-^.. -.1..+.. .1..0.-.| ok p=0.556641
Q19:	|...0+... .+...... .....+.0 .-..1.-.| ok p=0.994141
Q20:	|^..1+..0 ...0^... ^....001 ...0..0.| ok p=1
Q21:	|...+0..1 .^.1.... 0....11+ .^.1..0.| ok p=0.480469
Q22:	|....0..- ...+.... 1.....-. ...-....| ok p=0.961914
Q23:	|...^.... ........ -.0....^ ......0.| ok p=0.964844
Q24:	|..0....^ ...^.0.. ..1...^. ...^..1.| ok p=0.914062
Q25:	|..1..... ........ ^.+..... ......+.| ok p=0.876953
Q26:	|..+..... ....0-.. ........ .0......| ok p=0.87793
Q27:	|........ ....1-.. ..^..... .1....^.| ok p=1
Q28:	|..^..... ....-+.. ........ .-......| ok p=1
Q29:	|........ .....0.. ........ .0......| ok p=0.900391
Q30:	|........ ....^1.. ........ .+......| ok p=1
Q31:	|........ ........ ........ .+......| ok p=1
Q32:	|........ ........ ........ ........| ok p=1
Q33:	|........ ........ ........ .!......| ok p=1
Q34:	|........ ........ ........ ........| ok p=1
Q35:	|........ ........ ........ ........| ok p=1
Q36:	|........ ........ ........ ........| ok p=1
Q37:	|........ ........ ........ ........| ok p=1
Q38:	|........ ........ ........ ........| ok p=1
Q39:	|........ ........ ........ ........| ok p=1
Q40:	|........ ........ ........ ........| ok p=1
Q41:	|........ ........ ........ ........| ok p=1
Q42:	|........ ........ ........ ........| ok p=1
Q43:	|........ ........ ........ ........| ok p=1
Q44:	|........ ........ ........ ........| ok p=1
Q45:	|........ ........ ........ ........| ok p=1
Q46:	|........ ........ ........ ........| ok p=1
Q47:	|........ ........ ........ ........| ok p=1
Q48:	|........ ........ ........ ........| ok p=1
Q49:	|........ ........ ........ ........| ok p=1
Q50:	|........ ........ ........ ........| ok p=1
Q51:	|........ ........ ........ ........| ok p=1
Q52:	|........ ........ ........ ........| ok p=1
Q53:	|........ ........ ........ ........| ok p=1
Q54:	|........ ........ ........ ........| ok p=1
Q55:	|........ ........ ........ ........| ok p=1
Q56:	|........ ........ ........ ........| ok p=1
Q57:	|........ ........ ........ ........| ok p=1
Q58:	|........ ........ ........ ........| ok p=1
Q59:	|........ ........ ........ ........| ok p=1
Q60:	|........ .......0 ........ ........| ok p=1
Q61:	|........ .......0 ........ ........| ok p=1
Q62:	|........ .......- ........ ........| ok p=1
Q63:	|........ .......- ........ ........| ok p=1
Q64:	|........ .......- ........ ..+.....|
Best path: totcompl=-25 tottunnel=34, totcond=574, p=0.00723277
Q-3:	|00100010 01111011 00110101 11110001|
Q-2:	|0+-11-1- +111100+ 0+10000+ 110110-+|
Q-1:	|01+01-00 -01+---0 -1------ 1001010-|
Q0:	|1101-+00 --1-010+ -1++11+- -++01+++| ok p=1
Q1:	|-.+.00.+ .-.++1+1 +.1+11+. 11--.+1+| ok p=0.219727
Q2:	|0.+.01.- 0-.++.00 -.+..-.1 --01.111| ok p=1
Q3:	|1....+.1 1.0.1.01 0.10.11. +++-.+.+| ok p=1
Q4:	|..1..+.- 0110+... -.0..+.. -+1-.-.0| ok p=1
Q5:	|.!..^-.1 +.-.1... +....1^. 0111.-.1| ok p=1
Q6:	|!.0.-1.- -.-.1..^ -....0+. 10.+...0| ok p=1
Q7:	|.!0.11.1 +......+ +....10. ...+.1.0| ok p=1
Q8:	|!.-.++.1 -.1!...1 0....--. ...-..0+| ok p=1
Q9:	|.!+.1-.. 1......- 0..0.01. ..!-..0-| ok p=1
Q10:	|.0+10-0. 0..01011 ...00110 01^+00--| ok p=1
Q11:	|.1+10-1^ 00011000 .0.+1101 11+-10-1| ok p=1
Q12:	|^-----++ +01+---1 ^1.--+++ ++10++10| ok p=1
Q13:	|-10+1111 1-++++1+ ++.1010+ ++0+1---| ok p=1
Q14:	|01011+0- 0+1.0110 00^01110 .00101+1| ok p=1
Q15:	|0..0+0.- .10001-1 01+..-.+ 1++0-1+0| ok p=0.789062
Q16:	|0...10.0 .-..0+.. 0.+..-.. .1..-.-.| ok p=0.518555
Q17:	|1...-..0 .0..1.^. 1.0..1.^ .0^.+.1.| ok p=0.484375
Q18:	|+...-... .0..-^.. -.1..+.. .1..0.-.| ok p=0.558594
Q19:	|...0+... .+...... .....+.0 .-..1.-.| ok p=0.996094
Q20:	|^..1+..0 ...0^... ^....001 ...0..0.| ok p=1
Q21:	|...+0..1 .^.1.... 0....11+ .^.1..0.| ok p=0.496094
Q22:	|....0..- ...+.... 1.....-. ...-....| ok p=0.960938
Q23:	|...^.... ........ -.0....^ ......0.| ok p=0.966797
Q24:	|..0....^ ...^.0.. ..1...^. ...^..1.| ok p=0.917969
Q25:	|..1..... ........ ^.+..... ......+.| ok p=0.876953
Q26:	|..+..... ....0-.. ........ .0......| ok p=0.844727
Q27:	|........ ....1-.. ..^..... .1....^.| ok p=1
Q28:	|..^..... ....-+.. ........ .-......| ok p=1
Q29:	|........ .....0.. ........ .0......| ok p=0.873047
Q30:	|........ ....^1.. ........ .+......| ok p=1
Q31:	|........ ........ ........ .+......| ok p=1
Q32:	|........ ........ ........ ........| ok p=1
Q33:	|........ ........ ........ .!......| ok p=1
Q34:	|........ ........ ........ ........| ok p=1
Q35:	|........ ........ ........ ........| ok p=1
Q36:	|........ ........ ........ ........| ok p=1
Q37:	|........ ........ ........ ........| ok p=1
Q38:	|........ ........ ........ ........| ok p=1
Q39:	|........ ........ ........ ........| ok p=1
Q40:	|........ ........ ........ ........| ok p=1
Q41:	|........ ........ ........ ........| ok p=1
Q42:	|........ ........ ........ ........| ok p=1
Q43:	|........ ........ ........ ........| ok p=1
Q44:	|........ ........ ........ ........| ok p=1
Q45:	|........ ........ ........ ........| ok p=1
Q46:	|........ ........ ........ ........| ok p=1
Q47:	|........ ........ ........ ........| ok p=1
Q48:	|........ ........ ........ ........| ok p=1
Q49:	|........ ........ ........ ........| ok p=1
Q50:	|........ ........ ........ ........| ok p=1
Q51:	|........ ........ ........ ........| ok p=1
Q52:	|........ ........ ........ ........| ok p=1
Q53:	|........ ........ ........ ........| ok p=1
Q54:	|........ ........ ........ ........| ok p=1
Q55:	|........ ........ ........ ........| ok p=1
Q56:	|........ ........ ........ ........| ok p=1
Q57:	|........ ........ ........ ........| ok p=1
Q58:	|........ ........ ........ ........| ok p=1
Q59:	|........ ........ ........ ........| ok p=1
Q60:	|........ .......0 ........ ........| ok p=1
Q61:	|........ .......0 ........ ........| ok p=1
Q62:	|........ .......- ........ ........| ok p=1
Q63:	|........ .......- ........ ........| ok p=1
Q64:	|........ .......- ........ ..+.....|
Best path: totcompl=-24 tottunnel=35, totcond=574, p=0.0076132
Q-3:	|00100010 01111011 00110101 11110001|
Q-2:	|0+-11-1- +111100+ 0+10000+ 110110-+|
Q-1:	|01+01-00 -01+---0 -1------ 1001010-|
Q0:	|1101-+00 --1-010+ -1++11+- -++01+++| ok p=1
Q1:	|-.+.00.+ .-.++1+1 +.1+11+. 11--.+1+| ok p=0.228516
Q2:	|0.+.01.- 0-.++.00 -.+..-.1 --01.111| ok p=1
Q3:	|1....+.1 1.0.1.01 0.10.11. +++-.+.+| ok p=1
Q4:	|..1..+.- 0110+... -.0..+.. -+1-.-.0| ok p=1
Q5:	|.!..^-.1 +.-.1... +....1^. 0111.-.1| ok p=1
Q6:	|!.0.-1.- -.-.1..^ -....0+. 10.+...0| ok p=1
Q7:	|!.0.11.1 +......+ +....10. ...+.1.0| ok p=1
Q8:	|.!-.++.1 -.1!...1 0....--. ...-..0+| ok p=1
Q9:	|.!+.1-.. 1......- 0..0.01. ..!-..0-| ok p=1
Q10:	|.0+10-01 0..01101 ...00110 01^+00--| ok p=1
Q11:	|.1+10-11 01011010 .0.+1101 11+-10-1| ok p=1
Q12:	|^-----++ +11+---1 ^1.--+++ ++10++10| ok p=1
Q13:	|+01+1.1- ++++++1+ ++.1010+ ++0+1---| ok p=1
Q14:	|011011++ .+1.0110 00^01110 .00101+1| ok p=1
Q15:	|0..0+.0- 110001-1 01+..-.+ 1++0-1+0| ok p=0.832031
Q16:	|0...1.01 .-..0+.. 0.+..-.. .1..-.-.| ok p=0.494141
Q17:	|1...-..1 .0..1.^. 1.0..1.^ .0^.+.1.| ok p=0.523438
Q18:	|+...-... .0..-^.. -.1..+.. .1..0.-.| ok p=0.573242
Q19:	|...0+... .+...... .....+.0 .-..1.-.| ok p=0.996094
Q20:	|^..1+..0 ...0^... ^....001 ...0..0.| ok p=1
Q21:	|...+0..1 .^.1.... 0....11+ .^.1..0.| ok p=0.491211
Q22:	|....0..- ...+.... 1.....-. ...-....| ok p=0.955078
Q23:	|...^.... ........ -.0....^ ......0.| ok p=0.960938
Q24:	|..0....^ ...^.0.. ..1...^. ...^..1.| ok p=0.905273
Q25:	|..1..... ........ ^.+..... ......+.| ok p=0.850586
Q26:	|..+..... ....0-.. ........ .0......| ok p=0.861328
Q27:	|........ ....1-.. ..^..... .1....^.| ok p=1
Q28:	|..^..... ....-+.. ........ .-......| ok p=1
Q29:	|........ .....0.. ........ .0......| ok p=0.875977
Q30:	|........ ....^1.. ........ .+......| ok p=1
Q31:	|........ ........ ........ .+......| ok p=1
Q32:	|........ ........ ........ ........| ok p=1
Q33:	|........ ........ ........ .!......| ok p=1
Q34:	|........ ........ ........ ........| ok p=1
Q35:	|........ ........ ........ ........| ok p=1
Q36:	|........ ........ ........ ........| ok p=1
Q37:	|........ ........ ........ ........| ok p=1
Q38:	|........ ........ ........ ........| ok p=1
Q39:	|........ ........ ........ ........| ok p=1
Q40:	|........ ........ ........ ........| ok p=1
Q41:	|........ ........ ........ ........| ok p=1
Q42:	|........ ........ ........ ........| ok p=1
Q43:	|........ ........ ........ ........| ok p=1
Q44:	|........ ........ ........ ........| ok p=1
Q45:	|........ ........ ........ ........| ok p=1
Q46:	|........ ........ ........ ........| ok p=1
Q47:	|........ ........ ........ ........| ok p=1
Q48:	|........ ........ ........ ........| ok p=1
Q49:	|........ ........ ........ ........| ok p=1
Q50:	|........ ........ ........ ........| ok p=1
Q51:	|........ ........ ........ ........| ok p=1
Q52:	|........ ........ ........ ........| ok p=1
Q53:	|........ ........ ........ ........| ok p=1
Q54:	|........ ........ ........ ........| ok p=1
Q55:	|........ ........ ........ ........| ok p=1
Q56:	|........ ........ ........ ........| ok p=1
Q57:	|........ ........ ........ ........| ok p=1
Q58:	|........ ........ ........ ........| ok p=1
Q59:	|........ ........ ........ ........| ok p=1
Q60:	|........ .......0 ........ ........| ok p=1
Q61:	|........ .......0 ........ ........| ok p=1
Q62:	|........ .......- ........ ........| ok p=1
Q63:	|........ .......- ........ ........| ok p=1
Q64:	|........ .......- ........ ..+.....|
Best path: totcompl=-23 tottunnel=36, totcond=574, p=0.00962359
Best paths: 2
Best paths: 4
Q-3:	|00100010 01111011 00110101 11110001|
Q-2:	|0+-11-1- +111100+ 0+10000+ 110110-+|
Q-1:	|01+01-00 -01+---0 -1------ 1001010-|
Q0:	|1101-+00 --1-010+ -1++11+- -++01+++| ok p=1
Q1:	|-.+.00.+ .-.++1+1 +.1+11+. 11--.+1+| ok p=0.231445
Q2:	|0.+.01.- 0-.++.00 -.+..-.1 --01.111| ok p=1
Q3:	|1....+.1 1.0.1.01 0.10.11. +++-.+.+| ok p=1
Q4:	|..1..+.- 0110+... -.0..+.. -+1-.-.0| ok p=1
Q5:	|!...^-.1 +.-.1... +....1^. 0111.-.1| ok p=1
Q6:	|!.0.-1.- -.-.1..^ -....0+. 10.+...0| ok p=1
Q7:	|.!0.11.1 +......+ +....10. ...+.1.0| ok p=1
Q8:	|.!-.++.1 -.1.!..1 0....--. ...-..0+| ok p=1
Q9:	|!.+.1-.. 1......- 0..0.01. ..!-..0-| ok p=1
Q10:	|.0+10-01 0..01101 ...00110 01^+00--| ok p=1
Q11:	|.1+10-11 00111010 .0.+1101 11+-10-1| ok p=1
Q12:	|^-----++ +10+---1 ^1.--+++ ++10++10| ok p=1
Q13:	|+01+1.1- ++++++1+ ++.1010+ ++0+1---| ok p=1
Q14:	|011011++ .+1.0110 00^01110 .00101+1| ok p=1
Q15:	|0..0+.0- 110001-1 01+..-.+ 1++0-1+0| ok p=0.825195
Q16:	|0...1.01 .-..0+.. 0.+..-.. .1..-.-.| ok p=0.509766
Q17:	|1...-..1 .0..1.^. 1.0..1.^ .0^.+.1.| ok p=0.521484
Q18:	|+...-... .0..-^.. -.1..+.. .1..0.-.| ok p=0.581055
Q19:	|...0+... .+...... .....+.0 .-..1.-.| ok p=0.99707
Q20:	|^..1+..0 ...0^... ^....001 ...0..0.| ok p=1
Q21:	|...+0..1 .^.1.... 0....11+ .^.1..0.| ok p=0.483398
Q22:	|....0..- ...+.... 1.....-. ...-....| ok p=0.960938
Q23:	|...^.... ........ -.0....^ ......0.| ok p=0.96582
Q24:	|..0....^ ...^.0.. ..1...^. ...^..1.| ok p=0.910156
Q25:	|..1..... ........ ^.+..... ......+.| ok p=0.87793
Q26:	|..+..... ....0-.. ........ .0......| ok p=0.891602
Q27:	|........ ....1-.. ..^..... .1....^.| ok p=1
Q28:	|..^..... ....-+.. ........ .-......| ok p=1
Q29:	|........ .....0.. ........ .0......| ok p=0.867188
Q30:	|........ ....^1.. ........ .+......| ok p=1
Q31:	|........ ........ ........ .+......| ok p=1
Q32:	|........ ........ ........ ........| ok p=1
Q33:	|........ ........ ........ .!......| ok p=1
Q34:	|........ ........ ........ ........| ok p=1
Q35:	|........ ........ ........ ........| ok p=1
Q36:	|........ ........ ........ ........| ok p=1
Q37:	|........ ........ ........ ........| ok p=1
Q38:	|........ ........ ........ ........| ok p=1
Q39:	|........ ........ ........ ........| ok p=1
Q40:	|........ ........ ........ ........| ok p=1
Q41:	|........ ........ ........ ........| ok p=1
Q42:	|........ ........ ........ ........| ok p=1
Q43:	|........ ........ ........ ........| ok p=1
Q44:	|........ ........ ........ ........| ok p=1
Q45:	|........ ........ ........ ........| ok p=1
Q46:	|........ ........ ........ ........| ok p=1
Q47:	|........ ........ ........ ........| ok p=1
Q48:	|........ ........ ........ ........| ok p=1
Q49:	|........ ........ ........ ........| ok p=1
Q50:	|........ ........ ........ ........| ok p=1
Q51:	|........ ........ ........ ........| ok p=1
Q52:	|........ ........ ........ ........| ok p=1
Q53:	|........ ........ ........ ........| ok p=1
Q54:	|........ ........ ........ ........| ok p=1
Q55:	|........ ........ ........ ........| ok p=1
Q56:	|........ ........ ........ ........| ok p=1
Q57:	|........ ........ ........ ........| ok p=1
Q58:	|........ ........ ........ ........| ok p=1
Q59:	|........ ........ ........ ........| ok p=1
Q60:	|........ .......0 ........ ........| ok p=1
Q61:	|........ .......0 ........ ........| ok p=1
Q62:	|........ .......- ........ ........| ok p=1
Q63:	|........ .......- ........ ........| ok p=1
Q64:	|........ .......- ........ ..+.....|
Best path: totcompl=-22 tottunnel=37, totcond=574, p=0.00825459
Best paths: 2
Best paths: 4
**MD5 differential path toolbox
Copyright (C) 2009 Marc Stevens
http://homepages.cwi.nl/~stevens/

delta_m[11] = [!-6!]
Q-3:	|00100010 01111011 00110101 11110001|
Q-2:	|0+-11-1- +111100+ 0+10000+ 110110-+|
Q-1:	|01+01-00 -01+---0 -1------ 1001010-|
Q0:	|1101-+00 --1-010+ -1++11+- -++01+++| ok p=1
Q1:	|-.+.00.+ .-.++1+1 +.1+11+. 11--.+1+| ok p=0.242188
Q2:	|0.+.01.- 0-.++.00 -.+..-.1 --01.111| ok p=1
Q3:	|1....+.1 1.0.1.01 0.10.11. +++-.+.+| ok p=1
Q4:	|..1..+.- 0110+... -.0..+.. -+1-.-.0| ok p=1
Q5:	|!...^-.1 +.-.1... +....1^. 0111.-.1| ok p=1
Q6:	|!.0.-1.- -.-.1..^ -....0+. 10.+...0| ok p=1
Q7:	|.!0.11.1 +......+ +....10. ...+.1.0| ok p=1
Q8:	|.!-.++.1 -.1.!..1 0....--. ...-..0+| ok p=1
Q9:	|!.+.1-.. 1......- 0..0.01. ..!-..0-| ok p=1
Q10:	|.0+10-01 0..01101 ...00110 01^+00--| ok p=1
Q11:	|.1+10-11 00111010 .0.+1101 11+-10-1| ok p=1
Q12:	|^-----++ +10+---1 ^1.--+++ ++10++10| ok p=1
Q13:	|+01+1.1- ++++++1+ ++.1010+ ++0+1---| ok p=1
Q14:	|011011++ .+1.0110 00^01110 .00101+1| ok p=1
Q15:	|0..0+.0- 110001-1 01+..-.+ 1++0-1+0| ok p=0.841797
Q16:	|0...1.01 .-..0+.. 0.+..-.. .1..-.-.| ok p=0.487305
Q17:	|1...-..1 .0..1.^. 1.0..1.^ .0^.+.1.| ok p=0.544922
Q18:	|+...-... .0..-^.. -.1..+.. .1..0.-.| ok p=0.56543
Q19:	|...0+... .+...... .....+.0 .-..1.-.| ok p=0.99707
Q20:	|^..1+..0 ...0^... ^....001 ...0..0.| ok p=1
Q21:	|...+0..1 .^.1.... 0....11+ .^.1..0.| ok p=0.490234
Q22:	|....0..- ...+.... 1.....-. ...-....| ok p=0.959961
Q23:	|...^.... ........ -.0....^ ......0.| ok p=0.961914
Q24:	|..0....^ ...^.0.. ..1...^. ...^..1.| ok p=0.917969
Q25:	|..1..... ........ ^.+..... ......+.| ok p=0.867188
Q26:	|..+..... ....0-.. ........ .0......| ok p=0.873047
Q27:	|........ ....1-.. ..^..... .1....^.| ok p=1
Q28:	|..^..... ....-+.. ........ .-......| ok p=1
Q29:	|........ .....0.. ........ .0......| ok p=0.871094
Q30:	|........ ....^1.. ........ .+......| ok p=1
Q31:	|........ ........ ........ .+......| ok p=1
Q32:	|........ ........ ........ ........| ok p=1
Q33:	|........ ........ ........ .!......| ok p=1
Q34:	|........ ........ ........ ........| ok p=1
Q35:	|........ ........ ........ ........| ok p=1
Q36:	|........ ........ ........ ........| ok p=1
Q37:	|........ ........ ........ ........| ok p=1
Q38:	|........ ........ ........ ........| ok p=1
Q39:	|........ ........ ........ ........| ok p=1
Q40:	|........ ........ ........ ........| ok p=1
Q41:	|........ ........ ........ ........| ok p=1
Q42:	|........ ........ ........ ........| ok p=1
Q43:	|........ ........ ........ ........| ok p=1
Q44:	|........ ........ ........ ........| ok p=1
Q45:	|........ ........ ........ ........| ok p=1
Q46:	|........ ........ ........ ........| ok p=1
Q47:	|........ ........ ........ ........| ok p=1
Q48:	|........ ........ ........ ........| ok p=1
Q49:	|........ ........ ........ ........| ok p=1
Q50:	|........ ........ ........ ........| ok p=1
Q51:	|........ ........ ........ ........| ok p=1
Q52:	|........ ........ ........ ........| ok p=1
Q53:	|........ ........ ........ ........| ok p=1
Q54:	|........ ........ ........ ........| ok p=1
Q55:	|........ ........ ........ ........| ok p=1
Q56:	|........ ........ ........ ........| ok p=1
Q57:	|........ ........ ........ ........| ok p=1
Q58:	|........ ........ ........ ........| ok p=1
Q59:	|........ ........ ........ ........| ok p=1
Q60:	|........ .......0 ........ ........| ok p=1
Q61:	|........ .......0 ........ ........| ok p=1
Q62:	|........ .......- ........ ........| ok p=1
Q63:	|........ .......- ........ ........| ok p=1
Q64:	|........ .......- ........ ..+.....|
Starting...
20: Q5m5tunnel      = 3
20: Q4m5tunnel      = 1
20: Q14m6Q3m5tunnel = 0
21: Q10m10tunnel    = 4
21: Q9m10tunnel     = 4
22: Q8Q12m15tunnel  = 0
23: Q4m4tunnel      = 11
24: Q9m9tunnel      = 10
25: Q14Q3m14tunnel  = 1
.20: Q5m5tunnel      = 3
20: Q4m5tunnel      = 1
20: Q14m6Q3m5tunnel = 0
21: Q10m10tunnel    = 3
21: Q9m10tunnel     = 4
22: Q8Q12m15tunnel  = 0
23: Q4m4tunnel      = 11
24: Q9m9tunnel      = 11
25: Q14Q3m14tunnel  = 1
.20: Q5m5tunnel      = 3
20: Q4m5tunnel      = 1
20: Q14m6Q3m5tunnel = 0
21: Q10m10tunnel    = 3
21: Q9m10tunnel     = 4
22: Q8Q12m15tunnel  = 0
23: Q4m4tunnel      = 11
24: Q9m9tunnel      = 11
25: Q14Q3m14tunnel  = 1
.20: Q5m5tunnel      = 3
20: Q4m5tunnel      = 1
20: Q14m6Q3m5tunnel = 0
21: Q10m10tunnel    = 4
21: Q9m10tunnel     = 4
22: Q8Q12m15tunnel  = 0
23: Q4m4tunnel      = 11
24: Q9m9tunnel      = 10
25: Q14Q3m14tunnel  = 1
.20: Q5m5tunnel      = 3
20: Q4m5tunnel      = 1
20: Q14m6Q3m5tunnel = 0
21: Q10m10tunnel    = 4
21: Q9m10tunnel     = 4
22: Q8Q12m15tunnel  = 0
23: Q4m4tunnel      = 11
24: Q9m9tunnel      = 10
25: Q14Q3m14tunnel  = 1
.20: Q5m5tunnel      = 3
20: Q4m5tunnel      = 1
20: Q14m6Q3m5tunnel = 0
21: Q10m10tunnel    = 4
21: Q9m10tunnel     = 4
22: Q8Q12m15tunnel  = 0
23: Q4m4tunnel      = 11
24: Q9m9tunnel      = 10
25: Q14Q3m14tunnel  = 1
.20: Q5m5tunnel      = 3
20: Q4m5tunnel      = 1
20: Q14m6Q3m5tunnel = 0
21: Q10m10tunnel    = 3
21: Q9m10tunnel     = 4
22: Q8Q12m15tunnel  = 0
23: Q4m4tunnel      = 11
24: Q9m9tunnel      = 11
25: Q14Q3m14tunnel  = 1
20: Q5m5tunnel      = 3
20: Q4m5tunnel      = 1
20: Q14m6Q3m5tunnel = 0
21: Q10m10tunnel    = 4
21: Q9m10tunnel     = 4
22: Q8Q12m15tunnel  = 0
23: Q4m4tunnel      = 11
24: Q9m9tunnel      = 10
25: Q14Q3m14tunnel  = 1
..1 0
2 0
4 0
8 0
16 0
32 0
64 0
128 0
256 0
512 0
1024 0
1322 1
2048 1
4096 1
8192 1
16384 1
32768 1
48268 2
65536 2
131072 2
262144 3
263214 4
Block 1: workdir2/coll1_1784323144
05 19 3c 6c fc b5 25 09 e2 16 5a 26 7f 01 40 40 
11 25 22 18 36 69 32 2b 63 a1 8c 8e 10 87 e3 94 
1f 73 8f 9c 2d b2 8f bf b4 ed d1 ff 59 a8 7f cb 
d5 e2 99 fd 77 e5 22 91 b8 9f 3c 69 12 82 f3 58 
Block 2: workdir2/coll2_1784323144
05 19 3c 6c fc b5 25 09 e2 16 5a 26 7f 01 40 40 
11 25 22 18 36 69 32 2b 63 a1 8c 8e 10 87 e3 94 
1f 73 8f 9c 2d b2 8f bf b4 ed d1 ff 19 a8 7f cb 
d5 e2 99 fd 77 e5 22 91 b8 9f 3c 69 12 82 f3 58 
Found collision!
