Connect MD5 differential paths
Copyright (C) 2009 Marc Stevens
http://homepages.cwi.nl/~stevens/

delta_m[11] = [!16!]
Loading workdir7/paths16_0of1.bin.gz...done: 500000.
Loading workdir7/paths11_0of1.bin.gz...done: 500000.
t=12: 0%   10   20   30   40   50   60   70   80   90   100%
      |----|----|----|----|----|----|----|----|----|----|
      *Q-3:	|10010000 01011111 10000110 00000010|
Q-2:	|---01-11 10101100 01011101 00101001|
Q-1:	|11+10-00 10100000 11011101 00010101|
Q0:	|1+--++11 110-1001 -1000101 00110000| ok p=1
Q1:	|.0+10-.. .-.-...- +...1... 1.0-..+0| ok p=0.795898
Q2:	|.001+-.. .-0-...0 -00.0... +.++..--| ok p=1
Q3:	|..0.1+.. .+0+...0 1.0^-... +.0+..--| ok p=1
Q4:	|....0+.. .1+1..1. 1.-.0... 1.1+...-| ok p=1
Q5:	|..0.1+.. .0-1..1. ..+.1... -!+...1+| ok p=1
Q6:	|..1.-+.. ..1-.^-. 0.-..!.. 1.+1...0| ok p=0.998047
Q7:	|0!-.++.. ..00.++. ..-..... +...^1.0| ok p=1
Q8:	|1.0.-1.. ...0!0-. ..-....^ 1.0.-1.1| ok p=1
Q9:	|0.-010.. .....0-. 0...1..+ -...0-.0| ok p=1
Q10:	|0111-+.. 00....01 01000100 1.011-1-| ok p=1
Q11:	|+010-+11 11....+0 -0101100 10011+0-| ok p=1
Q12:	|0-0-+100 ++..^.11 +-++++++ 11+++0++| ok p=1
Q13:	|---0-+-- 01..-^-- 0--+++-- +++-1+--| ok p=1
Q14:	|0.010000 11.10-10 1.0-1010 10.00+0+| ok p=1
Q15:	|1001-101 -...001- -100-111 0101.+11| ok p=0.645508
Q16:	|..0-..0. -..+.+.1 ...0+.-. .....0.1| ok p=1
Q17:	|..1.^.1. 0..+0-.0 ^...1.0. ..+..0.0| ok p=0.866211
Q18:	|..+^..+. 1..-.-.1 ....+.+. ..+....0| ok p=0.825195
Q19:	|........ ...0--.+ ....+... .0-....-| ok p=0.714844
Q20:	|.0^...^. ...0--.. .0..0.^. .1-..0..| ok p=1
Q21:	|.1....0. ....--.^ .1..0... .-0..1.^| ok p=0.625977
Q22:	|.-....1. ....+1.. .+...... ..0..+..| ok p=0.741211
Q23:	|......+. 0...00.. ....0... .^......| ok p=0.987305
Q24:	|.^.0.... 1...1... .^..1... 0....^..| ok p=0.998047
Q25:	|......^. -....... ....-... 1.......| ok p=0.681641
Q26:	|..0+.... .......0 ........ -.......| ok p=0.980469
Q27:	|..1+.... ^......1 ....^... ........| ok p=0.941406
Q28:	|..+-.... .......+ ........ ^.......| ok p=0.929688
Q29:	|...0.... .......0 ........ ........| ok p=1
Q30:	|..^1.... .......- ........ ........| ok p=1
Q31:	|........ .......- ........ ........| ok p=0.932617
Q32:	|........ ........ ........ ........| ok p=1
Q33:	|........ .......! ........ ........| ok p=1
Q34:	|........ ........ ........ ........| ok p=1
Q35:	|........ ........ ........ ........| ok p=1
Q36:	|........ ........ ........ ........| ok p=1
Q37:	|........ ........ ........ ........| ok p=1
Q38:	|........ ........ ........ ........| ok p=1
Q39:	|........ ........ ........ ........| ok p=1
Q40:	|........ ........ ........ ........| ok p=1
Q41:	|........ ........ ........ ........| ok p=1
Q42:	|........ ........ ........ ........| ok p=1
Q43:	|........ ........ ........ ........| ok p=1
Q44:	|........ ........ ........ ........| ok p=1
Q45:	|........ ........ ........ ........| ok p=1
Q46:	|........ ........ ........ ........| ok p=1
Q47:	|........ ........ ........ ........| ok p=1
Q48:	|........ ........ ........ ........| ok p=1
Q49:	|........ ........ ........ ........| ok p=1
Q50:	|........ ........ ........ ........| ok p=1
Q51:	|........ ........ ........ ........| ok p=1
Q52:	|........ ........ ........ ........| ok p=1
Q53:	|........ ........ ........ ........| ok p=1
Q54:	|........ ........ ........ ........| ok p=1
Q55:	|........ ........ ........ ........| ok p=1
Q56:	|........ ........ ........ ........| ok p=1
Q57:	|........ ........ ........ ........| ok p=1
Q58:	|........ ........ ........ ........| ok p=1
Q59:	|........ ........ ........ ........| ok p=1
Q60:	|.....0.. ........ ........ ........| ok p=1
Q61:	|....10.. ........ ........ ........| ok p=1
Q62:	|....0+.. ........ ........ ........| ok p=1
Q63:	|....+-.. ........ ........ ........| ok p=0.989258
Q64:	|.....+.. ........ +....... ........|
Best path: totcompl=-26 tottunnel=37, totcond=551, p=0.0581057
Best paths: 2
Q-3:	|10010000 01011111 10000110 00000010|
Q-2:	|---01-11 10101100 01011101 00101001|
Q-1:	|11+10-00 10100000 11011101 00010101|
Q0:	|1+--++11 110-1001 -1000101 00110000| ok p=1
Q1:	|.0+10-.. .-.-...- +...1... 1.0-..+0| ok p=0.74707
Q2:	|.001+-.. .-0-...0 -.0.0... +.++..--| ok p=1
Q3:	|..0.1+.. .+0+...0 1^0^-... +.0+..--| ok p=1
Q4:	|....0+.. .1+1..1. 1.-.0... 1.1+...-| ok p=1
Q5:	|..0.1+.. .0-1..1. ..+.1... -.+0..1+| ok p=1
Q6:	|..1.-+.. ..1-.^-. ..-..!.. 1.+1...0| ok p=1
Q7:	|.!-.++.. ..00.++. ..-..... +...^1.0| ok p=1
Q8:	|.!0.-1.. ..10.0-. ..-....^ 1.0.-1.1| ok p=1
Q9:	|1!-010.. .....0-. 0...1..+ -...0-.0| ok p=1
Q10:	|1011-+.. 00....01 01000100 1.011-1-| ok p=1
Q11:	|+110-+.0 11....+0 -0101100 10011+0-| ok p=1
Q12:	|1-1-+1^1 ++..^.11 +-++++++ 11+++0++| ok p=1
Q13:	|+--10--- 01..-^-- 0--+++-- +++-1+--| ok p=1
Q14:	|0.010000 11.10-10 1.0-1010 10.00+0+| ok p=1
Q15:	|1001-101 -...001- -111-111 0101.+11| ok p=0.613281
Q16:	|..0-..0. -..+.+.1 ...1+.-. .....0.1| ok p=1
Q17:	|..1.^.1. 0..+0-.0 ^...1.0. ..+..0.0| ok p=0.878906
Q18:	|..+^..+. 1..-.-.1 ....+.+. ..+....0| ok p=0.817383
Q19:	|........ ...0--.+ ....+... .0-....-| ok p=0.730469
Q20:	|.0^...^. ...0--.. .0..0.^. .1-..0..| ok p=1
Q21:	|.1....0. ....--.^ .1..0... .-0..1.^| ok p=0.607422
Q22:	|.-....1. ....+1.. .+...... ..0..+..| ok p=0.754883
Q23:	|......+. 0...00.. ....0... .^......| ok p=0.979492
Q24:	|.^.0.... 1...1... .^..1... 0....^..| ok p=0.999023
Q25:	|......^. -....... ....-... 1.......| ok p=0.675781
Q26:	|..0+.... .......0 ........ -.......| ok p=0.981445
Q27:	|..1+.... ^......1 ....^... ........| ok p=0.94043
Q28:	|..+-.... .......+ ........ ^.......| ok p=0.935547
Q29:	|...0.... .......0 ........ ........| ok p=1
Q30:	|..^1.... .......- ........ ........| ok p=1
Q31:	|........ .......- ........ ........| ok p=0.941406
Q32:	|........ ........ ........ ........| ok p=1
Q33:	|........ .......! ........ ........| ok p=1
Q34:	|........ ........ ........ ........| ok p=1
Q35:	|........ ........ ........ ........| ok p=1
Q36:	|........ ........ ........ ........| ok p=1
Q37:	|........ ........ ........ ........| ok p=1
Q38:	|........ ........ ........ ........| ok p=1
Q39:	|........ ........ ........ ........| ok p=1
Q40:	|........ ........ ........ ........| ok p=1
Q41:	|........ ........ ........ ........| ok p=1
Q42:	|........ ........ ........ ........| ok p=1
Q43:	|........ ........ ........ ........| ok p=1
Q44:	|........ ........ ........ ........| ok p=1
Q45:	|........ ........ ........ ........| ok p=1
Q46:	|........ ........ ........ ........| ok p=1
Q47:	|........ ........ ........ ........| ok p=1
Q48:	|........ ........ ........ ........| ok p=1
Q49:	|........ ........ ........ ........| ok p=1
Q50:	|........ ........ ........ ........| ok p=1
Q51:	|........ ........ ........ ........| ok p=1
Q52:	|........ ........ ........ ........| ok p=1
Q53:	|........ ........ ........ ........| ok p=1
Q54:	|........ ........ ........ ........| ok p=1
Q55:	|........ ........ ........ ........| ok p=1
Q56:	|........ ........ ........ ........| ok p=1
Q57:	|........ ........ ........ ........| ok p=1
Q58:	|........ ........ ........ ........| ok p=1
Q59:	|........ ........ ........ ........| ok p=1
Q60:	|.....0.. ........ ........ ........| ok p=1
Q61:	|....10.. ........ ........ ........| ok p=1
Q62:	|....0+.. ........ ........ ........| ok p=1
Q63:	|....+-.. ........ ........ ........| ok p=0.983398
Q64:	|.....+.. ........ +....... ........|
Best path: totcompl=-26 tottunnel=37, totcond=549, p=0.0654606
Q-3:	|10010000 01011111 10000110 00000010|
Q-2:	|---01-11 10101100 01011101 00101001|
Q-1:	|11+10-00 10100000 11011101 00010101|
Q0:	|1+--++11 110-1001 -1000101 00110000| ok p=1
Q1:	|.0+10-.. .-.-...- +...1... 1.0-..+0| ok p=0.774414
Q2:	|.001+-.. .-0-...0 -0000... +.++..--| ok p=1
Q3:	|..0.1+.. .+0+...0 1.0.-... +.0+..--| ok p=1
Q4:	|....0+.. .1+1..1. 1.-.0... 1.1+...-| ok p=1
Q5:	|..0.1+.. .0-1..1. ..+.1... -.+0..1+| ok p=1
Q6:	|..1.-+.. ..1-.^-. ..-...!. 1.+1...0| ok p=1
Q7:	|0!-.++.. ..00.++. ..-..... +...^1.0| ok p=1
Q8:	|1.0.-1.. ...0!0-. ..-....^ 1.0.-1.1| ok p=1
Q9:	|0.-010.. .....0-. 0.....1+ -...0-.0| ok p=1
Q10:	|0111-+.. 00....01 01000100 1.011-1-| ok p=1
Q11:	|+010-+.0 11....+0 -0101100 10011+0-| ok p=1
Q12:	|++1-+1^1 ++..^.11 +-++++++ 11+++0++| ok p=1
Q13:	|+--10--- 01..-^-- 0--+++-- +++-1+--| ok p=1
Q14:	|.0010000 11.10-10 1.0-1010 10.00+0+| ok p=1
Q15:	|1001-101 -...001- -100-111 0101.+11| ok p=0.619141
Q16:	|..0-..0. -..+.+.1 ...0+.-. .....0.1| ok p=1
Q17:	|..1.^.1. 0..+0-.0 ^...1.0. ..+..0.0| ok p=0.858398
Q18:	|..+^..+. 1..-.-.1 ....+.+. ..+....0| ok p=0.822266
Q19:	|........ ...0--.+ ....+... .0-....-| ok p=0.720703
Q20:	|.0^...^. ...0--.. .0..0.^. .1-..0..| ok p=1
Q21:	|.1....0. ....--.^ .1..0... .-0..1.^| ok p=0.603516
Q22:	|.-....1. ....+1.. .+...... ..0..+..| ok p=0.736328
Q23:	|......+. 0...00.. ....0... .^......| ok p=0.990234
Q24:	|.^.0.... 1...1... .^..1... 0....^..| ok p=0.995117
Q25:	|......^. -....... ....-... 1.......| ok p=0.689453
Q26:	|..0+.... .......0 ........ -.......| ok p=0.982422
Q27:	|..1+.... ^......1 ....^... ........| ok p=0.93457
Q28:	|..+-.... .......+ ........ ^.......| ok p=0.931641
Q29:	|...0.... .......0 ........ ........| ok p=1
Q30:	|..^1.... .......- ........ ........| ok p=1
Q31:	|........ .......- ........ ........| ok p=0.926758
Q32:	|........ ........ ........ ........| ok p=1
Q33:	|........ .......! ........ ........| ok p=1
Q34:	|........ ........ ........ ........| ok p=1
Q35:	|........ ........ ........ ........| ok p=1
Q36:	|........ ........ ........ ........| ok p=1
Q37:	|........ ........ ........ ........| ok p=1
Q38:	|........ ........ ........ ........| ok p=1
Q39:	|........ ........ ........ ........| ok p=1
Q40:	|........ ........ ........ ........| ok p=1
Q41:	|........ ........ ........ ........| ok p=1
Q42:	|........ ........ ........ ........| ok p=1
Q43:	|........ ........ ........ ........| ok p=1
Q44:	|........ ........ ........ ........| ok p=1
Q45:	|........ ........ ........ ........| ok p=1
Q46:	|........ ........ ........ ........| ok p=1
Q47:	|........ ........ ........ ........| ok p=1
Q48:	|........ ........ ........ ........| ok p=1
Q49:	|........ ........ ........ ........| ok p=1
Q50:	|........ ........ ........ ........| ok p=1
Q51:	|........ ........ ........ ........| ok p=1
Q52:	|........ ........ ........ ........| ok p=1
Q53:	|........ ........ ........ ........| ok p=1
Q54:	|........ ........ ........ ........| ok p=1
Q55:	|........ ........ ........ ........| ok p=1
Q56:	|........ ........ ........ ........| ok p=1
Q57:	|........ ........ ........ ........| ok p=1
Q58:	|........ ........ ........ ........| ok p=1
Q59:	|........ ........ ........ ........| ok p=1
Q60:	|.....0.. ........ ........ ........| ok p=1
Q61:	|....10.. ........ ........ ........| ok p=1
Q62:	|....0+.. ........ ........ ........| ok p=1
Q63:	|....+-.. ........ ........ ........| ok p=0.989258
Q64:	|.....+.. ........ +....... ........|
Best path: totcompl=-23 tottunnel=40, totcond=549, p=0.0591231
Best paths: 2
Q-3:	|10010000 01011111 10000110 00000010|
Q-2:	|---01-11 10101100 01011101 00101001|
Q-1:	|11+10-00 10100000 11011101 00010101|
Q0:	|1+--++11 110-1001 -1000101 00110000| ok p=1
Q1:	|.0+10-.. .-.-...- +...1... 1.0-..+0| ok p=0.766602
Q2:	|.001+-.. .-0-...0 -00.0... +.++..--| ok p=1
Q3:	|..0.1+.. .+0+...0 1.0^-... +.0+..--| ok p=1
Q4:	|....0+.. .1+1..1. 1.-.0... 1.1+...-| ok p=1
Q5:	|..0.1+.. .0-1..1. ..+.1... -.+0..1+| ok p=1
Q6:	|..1.-+.. ..1-.^-. ..-..!.. 1.+1...0| ok p=0.99707
Q7:	|.!-.++.. ..00.++. ..-..... +...^1.0| ok p=1
Q8:	|1!0.-1.. ...0!0-. ..-....^ 1.0.-1.0| ok p=1
Q9:	|00-.10.. .....0-. 1......+ -...0-.0| ok p=1
Q10:	|0110-+.. 1.00.1.0 1.0..!10 11.11-1-| ok p=1
Q11:	|+0011-01 0^00^001 -110..01 01.11+0-| ok p=1
Q12:	|1+1++110 ++-++-.- +001^.-+ 1+^-+0++| ok p=1
Q13:	|+--0-+-- 010-0+.+ 0+-++.+- +++-0+--| ok p=1
Q14:	|00010000 111+1-.+ 101-1^10 1.0.0+0+| ok p=1
Q15:	|0111-101 -..+.0.- -100-.11 0101.+11| ok p=0.870117
Q16:	|..0-..0. -..1.+.0 ...0+.-. .....0.1| ok p=1
Q17:	|..1.^.1. 0..+0-.0 ^...1.0. ..+..0.0| ok p=0.852539
Q18:	|..+^..+. 1..-.-.1 ....+.+. ..+....0| ok p=0.818359
Q19:	|........ ...1--.+ ....+... .0-....-| ok p=0.730469
Q20:	|.0^...^. ...1--.. .0..0.^. .1-..0..| ok p=1
Q21:	|.1....0. ....--.^ .1..0... .-0..1.^| ok p=0.62207
Q22:	|.-....1. ....+1.. .+...... ..0..+..| ok p=0.727539
Q23:	|......+. 0...00.. ....0... .^......| ok p=0.983398
Q24:	|.^.0.... 1...1... .^..1... 0....^..| ok p=0.996094
Q25:	|......^. -....... ....-... 1.......| ok p=0.688477
Q26:	|..0+.... .......0 ........ -.......| ok p=0.983398
Q27:	|..1+.... ^......1 ....^... ........| ok p=0.949219
Q28:	|..+-.... .......+ ........ ^.......| ok p=0.93457
Q29:	|...0.... .......0 ........ ........| ok p=1
Q30:	|..^1.... .......- ........ ........| ok p=1
Q31:	|........ .......- ........ ........| ok p=0.947266
Q32:	|........ ........ ........ ........| ok p=1
Q33:	|........ .......! ........ ........| ok p=1
Q34:	|........ ........ ........ ........| ok p=1
Q35:	|........ ........ ........ ........| ok p=1
Q36:	|........ ........ ........ ........| ok p=1
Q37:	|........ ........ ........ ........| ok p=1
Q38:	|........ ........ ........ ........| ok p=1
Q39:	|........ ........ ........ ........| ok p=1
Q40:	|........ ........ ........ ........| ok p=1
Q41:	|........ ........ ........ ........| ok p=1
Q42:	|........ ........ ........ ........| ok p=1
Q43:	|........ ........ ........ ........| ok p=1
Q44:	|........ ........ ........ ........| ok p=1
Q45:	|........ ........ ........ ........| ok p=1
Q46:	|........ ........ ........ ........| ok p=1
Q47:	|........ ........ ........ ........| ok p=1
Q48:	|........ ........ ........ ........| ok p=1
Q49:	|........ ........ ........ ........| ok p=1
Q50:	|........ ........ ........ ........| ok p=1
Q51:	|........ ........ ........ ........| ok p=1
Q52:	|........ ........ ........ ........| ok p=1
Q53:	|........ ........ ........ ........| ok p=1
Q54:	|........ ........ ........ ........| ok p=1
Q55:	|........ ........ ........ ........| ok p=1
Q56:	|........ ........ ........ ........| ok p=1
Q57:	|........ ........ ........ ........| ok p=1
Q58:	|........ ........ ........ ........| ok p=1
Q59:	|........ ........ ........ ........| ok p=1
Q60:	|.....0.. ........ ........ ........| ok p=1
Q61:	|....10.. ........ ........ ........| ok p=1
Q62:	|....0+.. ........ ........ ........| ok p=1
Q63:	|....+-.. ........ ........ ........| ok p=0.990234
Q64:	|.....+.. ........ +....... ........|
Best path: totcompl=-23 tottunnel=40, totcond=548, p=0.0963771
Q-3:	|10010000 01011111 10000110 00000010|
Q-2:	|---01-11 10101100 01011101 00101001|
Q-1:	|11+10-00 10100000 11011101 00010101|
Q0:	|1+--++11 110-1001 -1000101 00110000| ok p=1
Q1:	|.0+10-.. .-.-...- +...1... 1.0-..+0| ok p=0.764648
Q2:	|.001+-.. .-0-...0 -0000... +.++..--| ok p=1
Q3:	|..0.1+.. .+0+...0 1.0.-... +.0+..--| ok p=1
Q4:	|....0+.. .1+1..1. 1.-.0... 1.1+...-| ok p=1
Q5:	|..0.1+.. .0-1..1. ..+.1... -.+0..1+| ok p=1
Q6:	|1.1.-+.. ..1-.^-. ..-.0... 1.+1...0| ok p=0.998047
Q7:	|0.-.++.. ..00.++. ..-..... +...^1.0| ok p=1
Q8:	|1.0.-1.. ..10.0-. ..-....^ 1.0.-1.0| ok p=1
Q9:	|00-.10.. .....0-. 1......+ -...0-.0| ok p=1
Q10:	|0110-+.. 1..011.0 1.0..!10 11.11-1-| ok p=1
Q11:	|+0011-01 0^^01001 -110..01 01.11+0-| ok p=1
Q12:	|1+1++110 ++-++-.- +001^.-+ 1+^-+0++| ok p=1
Q13:	|+--0-+-- 010-0+.+ 0+-++.+- +++-0+--| ok p=1
Q14:	|00010000 111+1-.+ 101-1^10 1.0.0+0+| ok p=1
Q15:	|0111-101 -..+.0.- -111-.11 0101.+11| ok p=0.891602
Q16:	|..0-..0. -..1.+.0 ...1+.-. .....0.1| ok p=1
Q17:	|..1.^.1. 0..+0-.0 ^...1.0. ..+..0.0| ok p=0.854492
Q18:	|..+^..+. 1..-.-.1 ....+.+. ..+....0| ok p=0.820312
Q19:	|........ ...1--.+ ....+... .0-....-| ok p=0.750977
Q20:	|.0^...^. ...1--.. .0..0.^. .1-..0..| ok p=1
Q21:	|.1....0. ....--.^ .1..0... .-0..1.^| ok p=0.632812
Q22:	|.-....1. ....+1.. .+...... ..0..+..| ok p=0.756836
Q23:	|......+. 0...00.. ....0... .^......| ok p=0.992188
Q24:	|.^.0.... 1...1... .^..1... 0....^..| ok p=0.99707
Q25:	|......^. -....... ....-... 1.......| ok p=0.677734
Q26:	|..0+.... .......0 ........ -.......| ok p=0.985352
Q27:	|..1+.... ^......1 ....^... ........| ok p=0.932617
Q28:	|..+-.... .......+ ........ ^.......| ok p=0.9375
Q29:	|...0.... .......0 ........ ........| ok p=1
Q30:	|..^1.... .......- ........ ........| ok p=1
Q31:	|........ .......- ........ ........| ok p=0.944336
Q32:	|........ ........ ........ ........| ok p=1
Q33:	|........ .......! ........ ........| ok p=1
Q34:	|........ ........ ........ ........| ok p=1
Q35:	|........ ........ ........ ........| ok p=1
Q36:	|........ ........ ........ ........| ok p=1
Q37:	|........ ........ ........ ........| ok p=1
Q38:	|........ ........ ........ ........| ok p=1
Q39:	|........ ........ ........ ........| ok p=1
Q40:	|........ ........ ........ ........| ok p=1
Q41:	|........ ........ ........ ........| ok p=1
Q42:	|........ ........ ........ ........| ok p=1
Q43:	|........ ........ ........ ........| ok p=1
Q44:	|........ ........ ........ ........| ok p=1
Q45:	|........ ........ ........ ........| ok p=1
Q46:	|........ ........ ........ ........| ok p=1
Q47:	|........ ........ ........ ........| ok p=1
Q48:	|........ ........ ........ ........| ok p=1
Q49:	|........ ........ ........ ........| ok p=1
Q50:	|........ ........ ........ ........| ok p=1
Q51:	|........ ........ ........ ........| ok p=1
Q52:	|........ ........ ........ ........| ok p=1
Q53:	|........ ........ ........ ........| ok p=1
Q54:	|........ ........ ........ ........| ok p=1
Q55:	|........ ........ ........ ........| ok p=1
Q56:	|........ ........ ........ ........| ok p=1
Q57:	|........ ........ ........ ........| ok p=1
Q58:	|........ ........ ........ ........| ok p=1
Q59:	|........ ........ ........ ........| ok p=1
Q60:	|.....0.. ........ ........ ........| ok p=1
Q61:	|....10.. ........ ........ ........| ok p=1
Q62:	|....0+.. ........ ........ ........| ok p=1
Q63:	|....+-.. ........ ........ ........| ok p=0.985352
Q64:	|.....+.. ........ +....... ........|
Best path: totcompl=-22 tottunnel=41, totcond=548, p=0.0933237
Q-3:	|10010000 01011111 10000110 00000010|
Q-2:	|---01-11 10101100 01011101 00101001|
Q-1:	|11+10-00 10100000 11011101 00010101|
Q0:	|1+--++11 110-1001 -1000101 00110000| ok p=1
Q1:	|.0+10-.. .-.-...- +...1... 1.0-..+0| ok p=0.755859
Q2:	|.001+-.. .-0-...0 -.000... +.++..--| ok p=1
Q3:	|..0.1+.. .+0+...0 1^0.-... +.0+..--| ok p=1
Q4:	|....0+.. .1+1..1. 1.-.0... 1.1+...-| ok p=1
Q5:	|..0.1+.. .0-1..1. ..+.1... -.+0..1+| ok p=1
Q6:	|..1.-+.. ..1-.^-. ..-.0... 1.+1...0| ok p=1
Q7:	|!.-.++.. ..00.++. !.-..... +...^1.0| ok p=1
Q8:	|1!0.-1.. ...0!0-. ..-....^ 1.0.-1.0| ok p=1
Q9:	|00-.10.. .....0-. 1......+ -...0-.0| ok p=1
Q10:	|0110-+.. 1....1.0 1.0..!10 11.11-1-| ok p=1
Q11:	|+0011-01 0^.0^001 -110..01 01.11+0-| ok p=1
Q12:	|1+1++110 ++!0--.- +001^.-+ 1+^-+0++| ok p=1
Q13:	|+--0-+-- 01.-0+.+ 0+-++1+- +++-0+--| ok p=1
Q14:	|00010000 11.+1-.+ 101-1.10 1.0.0+0+| ok p=1
Q15:	|0111-101 -..+.0.- -100-.11 0101.+11| ok p=0.879883
Q16:	|..0-..0. -..1.+.0 ...0+.-. .....0.1| ok p=1
Q17:	|..1.^.1. 0..+0-.0 ^...1.0. ..+..0.0| ok p=0.856445
Q18:	|..+^..+. 1..-.-.1 ....+.+. ..+....0| ok p=0.793945
Q19:	|........ ...1--.+ ....+... .0-....-| ok p=0.736328
Q20:	|.0^...^. ...1--.. .0..0.^. .1-..0..| ok p=1
Q21:	|.1....0. ....--.^ .1..0... .-0..1.^| ok p=0.629883
Q22:	|.-....1. ....+1.. .+...... ..0..+..| ok p=0.732422
Q23:	|......+. 0...00.. ....0... .^......| ok p=0.982422
Q24:	|.^.0.... 1...1... .^..1... 0....^..| ok p=0.998047
Q25:	|......^. -....... ....-... 1.......| ok p=0.693359
Q26:	|..0+.... .......0 ........ -.......| ok p=0.987305
Q27:	|..1+.... ^......1 ....^... ........| ok p=0.914062
Q28:	|..+-.... .......+ ........ ^.......| ok p=0.94043
Q29:	|...0.... .......0 ........ ........| ok p=1
Q30:	|..^1.... .......- ........ ........| ok p=1
Q31:	|........ .......- ........ ........| ok p=0.949219
Q32:	|........ ........ ........ ........| ok p=1
Q33:	|........ .......! ........ ........| ok p=1
Q34:	|........ ........ ........ ........| ok p=1
Q35:	|........ ........ ........ ........| ok p=1
Q36:	|........ ........ ........ ........| ok p=1
Q37:	|........ ........ ........ ........| ok p=1
Q38:	|........ ........ ........ ........| ok p=1
Q39:	|........ ........ ........ ........| ok p=1
Q40:	|........ ........ ........ ........| ok p=1
Q41:	|........ ........ ........ ........| ok p=1
Q42:	|........ ........ ........ ........| ok p=1
Q43:	|........ ........ ........ ........| ok p=1
Q44:	|........ ........ ........ ........| ok p=1
Q45:	|........ ........ ........ ........| ok p=1
Q46:	|........ ........ ........ ........| ok p=1
Q47:	|........ ........ ........ ........| ok p=1
Q48:	|........ ........ ........ ........| ok p=1
Q49:	|........ ........ ........ ........| ok p=1
Q50:	|........ ........ ........ ........| ok p=1
Q51:	|........ ........ ........ ........| ok p=1
Q52:	|........ ........ ........ ........| ok p=1
Q53:	|........ ........ ........ ........| ok p=1
Q54:	|........ ........ ........ ........| ok p=1
Q55:	|........ ........ ........ ........| ok p=1
Q56:	|........ ........ ........ ........| ok p=1
Q57:	|........ ........ ........ ........| ok p=1
Q58:	|........ ........ ........ ........| ok p=1
Q59:	|........ ........ ........ ........| ok p=1
Q60:	|.....0.. ........ ........ ........| ok p=1
Q61:	|....10.. ........ ........ ........| ok p=1
Q62:	|....0+.. ........ ........ ........| ok p=1
Q63:	|....+-.. ........ ........ ........| ok p=0.987305
Q64:	|.....+.. ........ +....... ........|
Best path: totcompl=-20 tottunnel=43, totcond=544, p=0.0924895
Best paths: 2
Q-3:	|10010000 01011111 10000110 00000010|
Q-2:	|---01-11 10101100 01011101 00101001|
Q-1:	|11+10-00 10100000 11011101 00010101|
Q0:	|1+--++11 110-1001 -1000101 00110000| ok p=1
Q1:	|.0+10-.. .-.-...- +...1... 1.0-..+0| ok p=0.757812
Q2:	|.001+-.. .-0-...0 -.0.0... +.++..--| ok p=1
Q3:	|..0.1+.. .+0+...0 1^0^-... +.0+..--| ok p=1
Q4:	|....0+.. .1+1..1. 1.-.0... 1.1+...-| ok p=1
Q5:	|..0.1+.. .0-1..1. ..+.1... -.+0..1+| ok p=1
Q6:	|..1.-+.. ..1-.^-. ..-..!.. 1.+1...0| ok p=1
Q7:	|!0-.++.. ..00.++. !.-..... +...^1.0| ok p=1
Q8:	|.10.-1.. ...0!0-. ..-....^ 1.0.-1.0| ok p=1
Q9:	|00-.10.. .....0-. 1......+ -...0-.0| ok p=1
Q10:	|0110-+.. 1....1.0 1.0.!.10 11.11-1-| ok p=1
Q11:	|+0011-.0 0^.0^001 -.00..01 01.11+0-| ok p=1
Q12:	|1+1++1^1 ++!0--.- +^11^.-+ 1+^-+0++| ok p=1
Q13:	|+--0-+-- 01.-0+.+ 0+-++1+- +++-0+--| ok p=1
Q14:	|00010000 11.+1-.+ 101-1.10 1.0.0+0+| ok p=1
Q15:	|0111-101 -..+.0.- -111-.11 0101.+11| ok p=0.857422
Q16:	|..0-..0. -..1.+.0 ...1+.-. .....0.1| ok p=1
Q17:	|..1.^.1. 0..+0-.0 ^...1.0. ..+..0.0| ok p=0.84082
Q18:	|..+^..+. 1..-.-.1 ....+.+. ..+....0| ok p=0.807617
Q19:	|........ ...1--.+ ....+... .0-....-| ok p=0.740234
Q20:	|.0^...^. ...1--.. .0..0.^. .1-..0..| ok p=1
Q21:	|.1....0. ....--.^ .1..0... .-0..1.^| ok p=0.631836
Q22:	|.-....1. ....+1.. .+...... ..0..+..| ok p=0.769531
Q23:	|......+. 0...00.. ....0... .^......| ok p=0.987305
Q24:	|.^.0.... 1...1... .^..1... 0....^..| ok p=0.994141
Q25:	|......^. -....... ....-... 1.......| ok p=0.683594
Q26:	|..0+.... .......0 ........ -.......| ok p=0.985352
Q27:	|..1+.... ^......1 ....^... ........| ok p=0.932617
Q28:	|..+-.... .......+ ........ ^.......| ok p=0.925781
Q29:	|...0.... .......0 ........ ........| ok p=1
Q30:	|..^1.... .......- ........ ........| ok p=1
Q31:	|........ .......- ........ ........| ok p=0.93457
Q32:	|........ ........ ........ ........| ok p=1
Q33:	|........ .......! ........ ........| ok p=1
Q34:	|........ ........ ........ ........| ok p=1
Q35:	|........ ........ ........ ........| ok p=1
Q36:	|........ ........ ........ ........| ok p=1
Q37:	|........ ........ ........ ........| ok p=1
Q38:	|........ ........ ........ ........| ok p=1
Q39:	|........ ........ ........ ........| ok p=1
Q40:	|........ ........ ........ ........| ok p=1
Q41:	|........ ........ ........ ........| ok p=1
Q42:	|........ ........ ........ ........| ok p=1
Q43:	|........ ........ ........ ........| ok p=1
Q44:	|........ ........ ........ ........| ok p=1
Q45:	|........ ........ ........ ........| ok p=1
Q46:	|........ ........ ........ ........| ok p=1
Q47:	|........ ........ ........ ........| ok p=1
Q48:	|........ ........ ........ ........| ok p=1
Q49:	|........ ........ ........ ........| ok p=1
Q50:	|........ ........ ........ ........| ok p=1
Q51:	|........ ........ ........ ........| ok p=1
Q52:	|........ ........ ........ ........| ok p=1
Q53:	|........ ........ ........ ........| ok p=1
Q54:	|........ ........ ........ ........| ok p=1
Q55:	|........ ........ ........ ........| ok p=1
Q56:	|........ ........ ........ ........| ok p=1
Q57:	|........ ........ ........ ........| ok p=1
Q58:	|........ ........ ........ ........| ok p=1
Q59:	|........ ........ ........ ........| ok p=1
Q60:	|.....0.. ........ ........ ........| ok p=1
Q61:	|....10.. ........ ........ ........| ok p=1
Q62:	|....0+.. ........ ........ ........| ok p=1
Q63:	|....+-.. ........ ........ ........| ok p=0.978516
Q64:	|.....+.. ........ +....... ........|
Best path: totcompl=-20 tottunnel=43, totcond=542, p=0.085311
Q-3:	|10010000 01011111 10000110 00000010|
Q-2:	|---01-11 10101100 01011101 00101001|
Q-1:	|11+10-00 10100000 11011101 00010101|
Q0:	|1+--++11 110-1001 -1000101 00110000| ok p=1
Q1:	|.0+10-.. .-.-...- +...1... 1.0-..+0| ok p=0.760742
Q2:	|.001+-.. .-0-...0 -00.0... +.++..--| ok p=1
Q3:	|..0.1+.. .+0+...0 110.-... +.0+..--| ok p=1
Q4:	|....0+.. .1+1..1. 1.-.0... 1.1+...-| ok p=1
Q5:	|..0.1+.. .0-1..1. ..+.1... -.+0..1+| ok p=1
Q6:	|..1.-+.. ..1-.^-. ..-...!. 1.+1...0| ok p=0.999023
Q7:	|.!-.++.. ..00.++. ..-..... +...^1.0| ok p=1
Q8:	|.!00-1.. ...0!0-. ..-....^ 1.0.-1.0| ok p=1
Q9:	|01-.10.. .....0-. 0.....1+ -...0-.0| ok p=1
Q10:	|0010-+.. 1.....10 0.000000 11..1-1-| ok p=1
Q11:	|-111-+11 0^....01 -.101101 010.1+0-| ok p=1
Q12:	|--0++100 ++.!^0-+ -.-+++++ 0+0^-0++| ok p=1
Q13:	|.0+0-+-- 00..-1-- 0.++++-- +++-1+--| ok p=1
Q14:	|01010000 11.10+.+ -.0-1010 1.00011+| ok p=1
Q15:	|..11-101 -...010- -.11-111 0101.+11| ok p=0.614258
Q16:	|..0-..0. -..+.+.0 1..1+.-. .....0.1| ok p=1
Q17:	|..1.^.1. 0..+0-.0 0...1.0. ..+..1.0| ok p=0.851562
Q18:	|..+^..+. 1..-.-.1 ....+.+. ..+....0| ok p=0.801758
Q19:	|........ ...0--.+ ....+... .0-....-| ok p=0.748047
Q20:	|.0^...^. ...0--.. .0..0.^. .1-..0..| ok p=1
Q21:	|.1....0. ....--.^ .1..0... .-0..1.^| ok p=0.606445
Q22:	|.-....1. ....+1.. .+...... ..0..+..| ok p=0.739258
Q23:	|......+. 0...00.. ....0... .^......| ok p=0.978516
Q24:	|.^.0.... 1...1... .^..1... 0....^..| ok p=0.998047
Q25:	|......^. -....... ....-... 1.......| ok p=0.667969
Q26:	|..0+.... .......0 ........ -.......| ok p=0.990234
Q27:	|..1+.... ^......1 ....^... ........| ok p=0.939453
Q28:	|..+-.... .......+ ........ ^.......| ok p=0.946289
Q29:	|...0.... .......0 ........ ........| ok p=1
Q30:	|..^1.... .......- ........ ........| ok p=1
Q31:	|........ .......- ........ ........| ok p=0.94043
Q32:	|........ ........ ........ ........| ok p=1
Q33:	|........ .......! ........ ........| ok p=1
Q34:	|........ ........ ........ ........| ok p=1
Q35:	|........ ........ ........ ........| ok p=1
Q36:	|........ ........ ........ ........| ok p=1
Q37:	|........ ........ ........ ........| ok p=1
Q38:	|........ ........ ........ ........| ok p=1
Q39:	|........ ........ ........ ........| ok p=1
Q40:	|........ ........ ........ ........| ok p=1
Q41:	|........ ........ ........ ........| ok p=1
Q42:	|........ ........ ........ ........| ok p=1
Q43:	|........ ........ ........ ........| ok p=1
Q44:	|........ ........ ........ ........| ok p=1
Q45:	|........ ........ ........ ........| ok p=1
Q46:	|........ ........ ........ ........| ok p=1
Q47:	|........ ........ ........ ........| ok p=1
Q48:	|........ ........ ........ ........| ok p=1
Q49:	|........ ........ ........ ........| ok p=1
Q50:	|........ ........ ........ ........| ok p=1
Q51:	|........ ........ ........ ........| ok p=1
Q52:	|........ ........ ........ ........| ok p=1
Q53:	|........ ........ ........ ........| ok p=1
Q54:	|........ ........ ........ ........| ok p=1
Q55:	|........ ........ ........ ........| ok p=1
Q56:	|........ ........ ........ ........| ok p=1
Q57:	|........ ........ ........ ........| ok p=1
Q58:	|........ ........ ........ ........| ok p=1
Q59:	|........ ........ ........ ........| ok p=1
Q60:	|.....0.. ........ ........ ........| ok p=1
Q61:	|....10.. ........ ........ ........| ok p=1
Q62:	|....0+.. ........ ........ ........| ok p=1
Q63:	|....+-.. ........ ........ ........| ok p=0.981445
Q64:	|.....+.. ........ +....... ........|
Best path: totcompl=-19 tottunnel=44, totcond=542, p=0.06579
Best paths: 2
Q-3:	|10010000 01011111 10000110 00000010|
Q-2:	|---01-11 10101100 01011101 00101001|
Q-1:	|11+10-00 10100000 11011101 00010101|
Q0:	|1+--++11 110-1001 -1000101 00110000| ok p=1
Q1:	|.0+10-.. .-.-...- +...1... 1.0-..+0| ok p=0.78125
Q2:	|.001+-.. .-0-...0 -00.0... +.++..--| ok p=1
Q3:	|..0.1+.. .+0+...0 1.0^-... +.0+..--| ok p=1
Q4:	|....0+.. .1+1..1. 1.-.0... 1.1+...-| ok p=1
Q5:	|..0.1+.. .0-1..1. ..+.1... -.+0..1+| ok p=1
Q6:	|..1.-+.. ..1-.^-. ..-.0... 1.+1...0| ok p=0.999023
Q7:	|!.-.++.. ..00.++. ..-..... +...^1.0| ok p=1
Q8:	|0!0.-1.. ...0!0-. ..-....^ 1.0.-1.0| ok p=1
Q9:	|1.-.10.. .....0-. 1.....0+ -...0-.0| ok p=1
Q10:	|0^10-+.. .0...1.0 1.101010 10.11-0-| ok p=1
Q11:	|1-111-.. ^1...001 -..11100 11101+1-| ok p=1
Q12:	|001-+1^^ ++^^!-.- +.^-++++ 1+1-+1++| ok p=1
Q13:	|---0-+-- 01-+.+.+ 0.-1+0-+ ++-00+--| ok p=1
Q14:	|00010000 1101.+.+ 1.0-110. 1.-00+0+| ok p=1
Q15:	|0011-101 -.11.0.- -.11-.11 001..+11| ok p=0.736328
Q16:	|..0-..0. -..+.-.0 ...0+.0. ..0..0.1| ok p=1
Q17:	|..1.^.1. 0..+1-.0 ^...1.1. ..+..0.0| ok p=0.867188
Q18:	|..+^..+. 1..-.-.1 ....+.+. ..+....0| ok p=0.818359
Q19:	|........ ...1--.+ ....+... .0-....-| ok p=0.741211
Q20:	|.0^...^. ...1--.. .0..0.^. .1-..0..| ok p=1
Q21:	|.1....0. ....--.^ .1..0... .-0..1.^| ok p=0.646484
Q22:	|.-....1. ....+1.. .+...... ..0..+..| ok p=0.743164
Q23:	|......+. 0...00.. ....0... .^......| ok p=0.979492
Q24:	|.^.0.... 1...1... .^..1... 0....^..| ok p=0.99707
Q25:	|......^. -....... ....-... 1.......| ok p=0.678711
Q26:	|..0+.... .......0 ........ -.......| ok p=0.981445
Q27:	|..1+.... ^......1 ....^... ........| ok p=0.927734
Q28:	|..+-.... .......+ ........ ^.......| ok p=0.939453
Q29:	|...0.... .......0 ........ ........| ok p=1
Q30:	|..^1.... .......- ........ ........| ok p=1
Q31:	|........ .......- ........ ........| ok p=0.932617
Q32:	|........ ........ ........ ........| ok p=1
Q33:	|........ .......! ........ ........| ok p=1
Q34:	|........ ........ ........ ........| ok p=1
Q35:	|........ ........ ........ ........| ok p=1
Q36:	|........ ........ ........ ........| ok p=1
Q37:	|........ ........ ........ ........| ok p=1
Q38:	|........ ........ ........ ........| ok p=1
Q39:	|........ ........ ........ ........| ok p=1
Q40:	|........ ........ ........ ........| ok p=1
Q41:	|........ ........ ........ ........| ok p=1
Q42:	|........ ........ ........ ........| ok p=1
Q43:	|........ ........ ........ ........| ok p=1
Q44:	|........ ........ ........ ........| ok p=1
Q45:	|........ ........ ........ ........| ok p=1
Q46:	|........ ........ ........ ........| ok p=1
Q47:	|........ ........ ........ ........| ok p=1
Q48:	|........ ........ ........ ........| ok p=1
Q49:	|........ ........ ........ ........| ok p=1
Q50:	|........ ........ ........ ........| ok p=1
Q51:	|........ ........ ........ ........| ok p=1
Q52:	|........ ........ ........ ........| ok p=1
Q53:	|........ ........ ........ ........| ok p=1
Q54:	|........ ........ ........ ........| ok p=1
Q55:	|........ ........ ........ ........| ok p=1
Q56:	|........ ........ ........ ........| ok p=1
Q57:	|........ ........ ........ ........| ok p=1
Q58:	|........ ........ ........ ........| ok p=1
Q59:	|........ ........ ........ ........| ok p=1
Q60:	|.....0.. ........ ........ ........| ok p=1
Q61:	|....10.. ........ ........ ........| ok p=1
Q62:	|....0+.. ........ ........ ........| ok p=1
Q63:	|....+-.. ........ ........ ........| ok p=0.981445
Q64:	|.....+.. ........ +....... ........|
Best path: totcompl=-18 tottunnel=45, totcond=541, p=0.0727978
Best paths: 2
**Best paths: 4
Q-3:	|10010000 01011111 10000110 00000010|
Q-2:	|---01-11 10101100 01011101 00101001|
Q-1:	|11+10-00 10100000 11011101 00010101|
Q0:	|1+--++11 110-1001 -1000101 00110000| ok p=1
Q1:	|.0+10-.. .-.-...- +...1... 1.0-..+0| ok p=0.745117
Q2:	|.001+-.. .-0-...0 -.000... +.++..--| ok p=1
Q3:	|..0.1+.. .+0+...0 1^0.-... +.0+..--| ok p=1
Q4:	|....0+.. .1+1..1. 1.-.0... 1.1+...-| ok p=1
Q5:	|..0.1+.. .0-1..1. ..+.1... -.+0..1+| ok p=1
Q6:	|0.1.-+.. ..1-.^-. ..-.0... 1.+1...0| ok p=1
Q7:	|1.-.++.. ..00.++. ..-..... +...^0.0| ok p=1
Q8:	|0.0.-1.. ...0!0-. ..-....^ 1.0.-0.0| ok p=1
Q9:	|10-.10.. .....0-. ..0...1+ -.1.0-.0| ok p=1
Q10:	|11001-.. 0....1.. 0.0.0.00 11.1-+0-| ok p=1
Q11:	|-0111-11 1^...00. 1^-01^01 00.01+1-| ok p=1
Q12:	|1+1++.00 -+..^-10 +++1-+++ 1+^-+0++| ok p=1
Q13:	|---0-1+- 01..-+-1 -0+--0-+ +++-10+-| ok p=1
Q14:	|00010.00 11.10+1+ 01.-010. 1.0.0+.+| ok p=1
Q15:	|1101-.10 -...010- -.0.-.11 0101.+11| ok p=0.785156
Q16:	|..0-..0. -..+.-.0 ...^+.-. .....0.1| ok p=1
Q17:	|..1.^.1. 0..+1-.0 ^...1.0. ..+..0.0| ok p=0.845703
Q18:	|..+^..+. 1..-.-.1 ....+.+. ..+....0| ok p=0.797852
Q19:	|........ ...1--.+ ....+... .0-....-| ok p=0.759766
Q20:	|.0^...^. ...1--.. .0..0.^. .1-..0..| ok p=1
Q21:	|.1....0. ....--.^ .1..0... .-0..1.^| ok p=0.643555
Q22:	|.-....1. ....+1.. .+...... ..0..+..| ok p=0.735352
Q23:	|......+. 0...00.. ....0... .^......| ok p=0.987305
Q24:	|.^.0.... 1...1... .^..1... 0....^..| ok p=1
Q25:	|......^. -....... ....-... 1.......| ok p=0.732422
Q26:	|..0+.... .......0 ........ -.......| ok p=0.988281
Q27:	|..1+.... ^......1 ....^... ........| ok p=0.936523
Q28:	|..+-.... .......+ ........ ^.......| ok p=0.942383
Q29:	|...0.... .......0 ........ ........| ok p=1
Q30:	|..^1.... .......- ........ ........| ok p=1
Q31:	|........ .......- ........ ........| ok p=0.931641
Q32:	|........ ........ ........ ........| ok p=1
Q33:	|........ .......! ........ ........| ok p=1
Q34:	|........ ........ ........ ........| ok p=1
Q35:	|........ ........ ........ ........| ok p=1
Q36:	|........ ........ ........ ........| ok p=1
Q37:	|........ ........ ........ ........| ok p=1
Q38:	|........ ........ ........ ........| ok p=1
Q39:	|........ ........ ........ ........| ok p=1
Q40:	|........ ........ ........ ........| ok p=1
Q41:	|........ ........ ........ ........| ok p=1
Q42:	|........ ........ ........ ........| ok p=1
Q43:	|........ ........ ........ ........| ok p=1
Q44:	|........ ........ ........ ........| ok p=1
Q45:	|........ ........ ........ ........| ok p=1
Q46:	|........ ........ ........ ........| ok p=1
Q47:	|........ ........ ........ ........| ok p=1
Q48:	|........ ........ ........ ........| ok p=1
Q49:	|........ ........ ........ ........| ok p=1
Q50:	|........ ........ ........ ........| ok p=1
Q51:	|........ ........ ........ ........| ok p=1
Q52:	|........ ........ ........ ........| ok p=1
Q53:	|........ ........ ........ ........| ok p=1
Q54:	|........ ........ ........ ........| ok p=1
Q55:	|........ ........ ........ ........| ok p=1
Q56:	|........ ........ ........ ........| ok p=1
Q57:	|........ ........ ........ ........| ok p=1
Q58:	|........ ........ ........ ........| ok p=1
Q59:	|........ ........ ........ ........| ok p=1
Q60:	|.....0.. ........ ........ ........| ok p=1
Q61:	|....10.. ........ ........ ........| ok p=1
Q62:	|....0+.. ........ ........ ........| ok p=1
Q63:	|....+-.. ........ ........ ........| ok p=0.985352
Q64:	|.....+.. ........ +....... ........|
Best path: totcompl=-18 tottunnel=45, totcond=538, p=0.0760984
Q-3:	|10010000 01011111 10000110 00000010|
Q-2:	|---01-11 10101100 01011101 00101001|
Q-1:	|11+10-00 10100000 11011101 00010101|
Q0:	|1+--++11 110-1001 -1000101 00110000| ok p=1
Q1:	|.0+10-.. .-.-...- +...1... 1.0-..+0| ok p=0.791992
Q2:	|.001+-.. .-0-...0 -.000... +.++..--| ok p=1
Q3:	|..0.1+.. .+0+...0 1^0.-... +.0+..--| ok p=1
Q4:	|....0+.. .1+1..1. 1.-.0... 1.1+...-| ok p=1
Q5:	|..0.1+.. .0-1..1. ..+.1... -.+0..1+| ok p=1
Q6:	|..1.-+.. ..1-.^-. ..-.0... 1.+1...0| ok p=1
Q7:	|!.-.++.. ..00.++! ..-..... +...^0.0| ok p=1
Q8:	|!.00-1.. ...0!0-. ..-....^ 1.0.-0.0| ok p=1
Q9:	|00-.10.. .....0-. ..0...1+ -.1.0-.0| ok p=1
Q10:	|01001-.. 0....1.. 0.0.0.00 11.1-+0-| ok p=1
Q11:	|+0111-.0 1^...00. 1^-01^01 00.01+1-| ok p=1
Q12:	|--1++.^1 -+..^-10 +++1-+++ 1+^-+.++| ok p=1
Q13:	|0+-0-1+- 00..-+-1 -0+--0-+ +++-10+-| ok p=1
Q14:	|00010.00 11.10+0+ 01.-010. 1.0.01.+| ok p=1
Q15:	|.101-.10 -...010- -.0.-.11 0101.+11| ok p=0.768555
Q16:	|..0-..0. -..+.-.0 ...^+.-. .....0.1| ok p=1
Q17:	|..1.^.1. 0..+1-.0 ^...1.0. ..+..1.0| ok p=0.861328
Q18:	|..+^..+. 1..-.-.1 ....+.+. ..+....0| ok p=0.799805
Q19:	|........ ...1--.+ ....+... .0-....-| ok p=0.733398
Q20:	|.0^...^. ...1--.. .0..0.^. .1-..0..| ok p=1
Q21:	|.1....0. ....--.^ .1..0... .-0..1.^| ok p=0.637695
Q22:	|.-....1. ....+1.. .+...... ..0..+..| ok p=0.741211
Q23:	|......+. 0...00.. ....0... .^......| ok p=0.983398
Q24:	|.^.0.... 1...1... .^..1... 0....^..| ok p=0.999023
Q25:	|......^. -....... ....-... 1.......| ok p=0.688477
Q26:	|..0+.... .......0 ........ -.......| ok p=0.979492
Q27:	|..1+.... ^......1 ....^... ........| ok p=0.9375
Q28:	|..+-.... .......+ ........ ^.......| ok p=0.938477
Q29:	|...0.... .......0 ........ ........| ok p=1
Q30:	|..^1.... .......- ........ ........| ok p=1
Q31:	|........ .......- ........ ........| ok p=0.94043
Q32:	|........ ........ ........ ........| ok p=1
Q33:	|........ .......! ........ ........| ok p=1
Q34:	|........ ........ ........ ........| ok p=1
Q35:	|........ ........ ........ ........| ok p=1
Q36:	|........ ........ ........ ........| ok p=1
Q37:	|........ ........ ........ ........| ok p=1
Q38:	|........ ........ ........ ........| ok p=1
Q39:	|........ ........ ........ ........| ok p=1
Q40:	|........ ........ ........ ........| ok p=1
Q41:	|........ ........ ........ ........| ok p=1
Q42:	|........ ........ ........ ........| ok p=1
Q43:	|........ ........ ........ ........| ok p=1
Q44:	|........ ........ ........ ........| ok p=1
Q45:	|........ ........ ........ ........| ok p=1
Q46:	|........ ........ ........ ........| ok p=1
Q47:	|........ ........ ........ ........| ok p=1
Q48:	|........ ........ ........ ........| ok p=1
Q49:	|........ ........ ........ ........| ok p=1
Q50:	|........ ........ ........ ........| ok p=1
Q51:	|........ ........ ........ ........| ok p=1
Q52:	|........ ........ ........ ........| ok p=1
Q53:	|........ ........ ........ ........| ok p=1
Q54:	|........ ........ ........ ........| ok p=1
Q55:	|........ ........ ........ ........| ok p=1
Q56:	|........ ........ ........ ........| ok p=1
Q57:	|........ ........ ........ ........| ok p=1
Q58:	|........ ........ ........ ........| ok p=1
Q59:	|........ ........ ........ ........| ok p=1
Q60:	|.....0.. ........ ........ ........| ok p=1
Q61:	|....10.. ........ ........ ........| ok p=1
Q62:	|....0+.. ........ ........ ........| ok p=1
Q63:	|....+-.. ........ ........ ........| ok p=0.992188
Q64:	|.....+.. ........ +....... ........|
Best path: totcompl=-18 tottunnel=45, totcond=536, p=0.073073
**