Extend MD5 differential paths forward
Copyright (C) 2009 Marc Stevens
http://homepages.cwi.nl/~stevens/

delta_m[11] = [!16!]
Loading workdir7/lowerpath.bin.gz...done: 1.
Estimating maxcond for upper bound 8000000 (=2000000 * 4)...
t=1:  0%   10   20   30   40   50   60   70   80   90   100%
      |----|----|----|----|----|----|----|----|----|----|
e     ***************************************************
Found maxcond = 2176
t=1:  0%   10   20   30   40   50   60   70   80   90   100%
      |----|----|----|----|----|----|----|----|----|----|
      ***************************************************
Q-3:	|10010000 01011111 10000110 00000010|
Q-2:	|---01-11 10101100 01011101 00101001|
Q-1:	|11+10-00 10100000 11011101 00010101|
Q0:	|1+--++11 110-1001 -1000101 00110000| ok p=0.744141
Q1:	|.0+00-.. .-.-.... -....... ...-..+.| ok p=0.881836
Q2:	|..+..-.. .-.-.... -.....+. .-.-.-.+|
Saving 76 paths...done.
Autobalance parameters: maxcond=2176
Verified: 0 bad out of 76
Estimating maxcond for upper bound 8000000 (=2000000 * 4)...
t=2:  0%   10   20   30   40   50   60   70   80   90   100%
      |----|----|----|----|----|----|----|----|----|----|
e     ***************************************************
Found maxcond = 164
t=2:  0%   10   20   30   40   50   60   70   80   90   100%
      |----|----|----|----|----|----|----|----|----|----|
      ***************************************************
Q-3:	|10010000 01011111 10000110 00000010|
Q-2:	|---01-11 10101100 01011101 00101001|
Q-1:	|11+10-00 10100000 11011101 00010101|
Q0:	|1+--++11 110-1001 -1000101 00110000| ok p=0.503906
Q1:	|.+-00-.. .-.-.... -.....0. .0.-..+0| ok p=0.900391
Q2:	|...+++.. .-.-.... -.....+. .-.-..--| ok p=0.838867
Q3:	|..+..-.. .-.-.... ..-.-.+. -..+.-..|
Saving 2000000 paths...done.
Autobalance parameters: maxcond=160
Verified: 77552 bad out of 4366702
Estimating maxcond for upper bound 8000000 (=2000000 * 4)...
t=3:  0%   10   20   30   40   50   60   70   80   90   100%
      |----|----|----|----|----|----|----|----|----|----|
e     ***************************************************
Found maxcond = 171
t=3:  0%   10   20   30   40   50   60   70   80   90   100%
      |----|----|----|----|----|----|----|----|----|----|
      ***************************************************
Q-3:	|10010000 01011111 10000110 00000010|
Q-2:	|---01-11 10101100 01011101 00101001|
Q-1:	|11+10-00 10100000 11011101 00010101|
Q0:	|1+--++11 110-1001 -1000101 00110000| ok p=0.515625
Q1:	|.+-01-.. .-.-.... -...V.1. .0.-.V+0| ok p=0.681641
Q2:	|.+-11-.. .-.-.... -.....+. .+.-..--| ok p=0.77832
Q3:	|..+..... .-.-.... ....-.+. .0.+.-00| ok p=0.775391
Q4:	|..+..-.. .+....-. ..-...+. .-.+.-..|
Saving 2000000 paths...done.
Autobalance parameters: maxcond=170
Verified: 8914 bad out of 2242616
Estimating maxcond for upper bound 8000000 (=2000000 * 4)...
t=4:  0%   10   20   30   40   50   60   70   80   90   100%
      |----|----|----|----|----|----|----|----|----|----|
e     ***************************************************
Found maxcond = 184
t=4:  0%   10   20   30   40   50   60   70   80   90   100%
      |----|----|----|----|----|----|----|----|----|----|
      ***************************************************
Q-3:	|10010000 01011111 10000110 00000010|
Q-2:	|---01-11 10101100 01011101 00101001|
Q-1:	|11+10-00 10100000 11011101 00010101|
Q0:	|1+--++11 110-1001 -1000101 00110000| ok p=1
Q1:	|.1+10-.. .-.-...- +....1.. 01.-..+0| ok p=0.697266
Q2:	|.0011+.. .-.-...- +.V..+.. ++.-..--| ok p=0.768555
Q3:	|..0..+.. .+.-...0 .....-.. +0.+..--| ok p=0.665039
Q4:	|..+..... .1.....- 1.-..+.. .+.+..-.| ok p=0.816406
Q5:	|...+.... .-.....- ..+..-.. ..-...-.|
Saving 2000000 paths...done.
Autobalance parameters: maxcond=183
Verified: 6126 bad out of 2233170
Estimating maxcond for upper bound 8000000 (=2000000 * 4)...
t=5:  0%   10   20   30   40   50   60   70   80   90   100%
      |----|----|----|----|----|----|----|----|----|----|
e     ***************************************************
Found maxcond = 197
t=5:  0%   10   20   30   40   50   60   70   80   90   100%
      |----|----|----|----|----|----|----|----|----|----|
      ***************************************************
Q-3:	|10010000 01011111 10000110 00000010|
Q-2:	|---01-11 10101100 01011101 00101001|
Q-1:	|11+10-00 10100000 11011101 00010101|
Q0:	|1+--++11 110-1001 -1000101 00110000| ok p=1
Q1:	|.0+11-.. .-.-...- +...1..1 .1.-..+0| ok p=1
Q2:	|.0111+.. .-.-...0 -.V.0..+ .+.-..--| ok p=1
Q3:	|..0V.+.. .+.-...1 +...-..+ V0.+..--| ok p=0.748047
Q4:	|........ .1...... -.-.0..+ .0.-...-| ok p=0.775391
Q5:	|...-.1.. .-.1.... 0.0.-... +..0..1-| ok p=0.967773
Q6:	|...-.... ..-..+.. .-..-..+ .-..-.+.|
Saving 2000000 paths...done.
Autobalance parameters: maxcond=196
Verified: 0 bad out of 2537367
Estimating maxcond for upper bound 8000000 (=2000000 * 4)...
t=6:  0%   10   20   30   40   50   60   70   80   90   100%
      |----|----|----|----|----|----|----|----|----|----|
e     ***************************************************
Found maxcond = 210
t=6:  0%   10   20   30   40   50   60   70   80   90   100%
      |----|----|----|----|----|----|----|----|----|----|
      ***************************************************
Q-3:	|10010000 01011111 10000110 00000010|
Q-2:	|---01-11 10101100 01011101 00101001|
Q-1:	|11+10-00 10100000 11011101 00010101|
Q0:	|1+--++11 110-1001 -1000101 00110000| ok p=1
Q1:	|.0+10-.. .-.-...- +...1... 1.0-..+0| ok p=1
Q2:	|.0111+.. .-V-...0 -.1.0... +.++..--| ok p=1
Q3:	|..0..+.. .+.+...1 +.0.-... +.0+..--| ok p=0.776367
Q4:	|.....+.. .1+1...V -.-.0... +.1-...-| ok p=0.917969
Q5:	|.....+.. .01-.... -.+.1... 0..1..1-| ok p=0.943359
Q6:	|.....-.. ..10...+ +.-..... +..1....| ok p=0.958008
Q7:	|...-.-.+ ..+.-.+. -..-...+ ..+.....|
Saving 2000000 paths...done.
Autobalance parameters: maxcond=209
Verified: 366 bad out of 2264081
Estimating maxcond for upper bound 8000000 (=2000000 * 4)...
t=7:  0%   10   20   30   40   50   60   70   80   90   100%
      |----|----|----|----|----|----|----|----|----|----|
e     ***************************************************
Found maxcond = 224
t=7:  0%   10   20   30   40   50   60   70   80   90   100%
      |----|----|----|----|----|----|----|----|----|----|
      ***************************************************
Q-3:	|10010000 01011111 10000110 00000010|
Q-2:	|---01-11 10101100 01011101 00101001|
Q-1:	|11+10-00 10100000 11011101 00010101|
Q0:	|1+--++11 110-1001 -1000101 00110000| ok p=1
Q1:	|.0+10-.. .-V-...- +...1... 01.-..+0| ok p=1
Q2:	|.0111+.. .-.-...- +.V.0... ++.-..--| ok p=0.549805
Q3:	|..0..+.. ..++.... +V..-... +0.+..--| ok p=0.868164
Q4:	|..+..... .010...1 -.-.0... +-.+.1.-| ok p=0.748047
Q5:	|..-..1V. ..01.... 0-0.-... .-.+.01-| ok p=0.970703
Q6:	|..-..... ..+-.... -10.-... 0..+.-..| ok p=0.819336
Q7:	|......+. ..--.... -1...... .1.+.-.1| ok p=0.923828
Q8:	|..+.-... +..+.... -....... .-....+.|
Saving 2000000 paths...done.
Autobalance parameters: maxcond=223
Verified: 776 bad out of 2317101
Estimating maxcond for upper bound 8000000 (=2000000 * 4)...
t=8:  0%   10   20   30   40   50   60   70   80   90   100%
      |----|----|----|----|----|----|----|----|----|----|
e     ***************************************************
Found maxcond = 237
t=8:  0%   10   20   30   40   50   60   70   80   90   100%
      |----|----|----|----|----|----|----|----|----|----|
      ***************************************************
Q-3:	|10010000 01011111 10000110 00000010|
Q-2:	|---01-11 10101100 01011101 00101001|
Q-1:	|11+10-00 10100000 11011101 00010101|
Q0:	|1+--++11 110-1001 -1000101 00110000| ok p=1
Q1:	|.0+10-.. .-V-...- +...1... 01.-..+0| ok p=1
Q2:	|.0111+.. .-.-...- +.V.0... ++.-..--| ok p=0.582031
Q3:	|..0..+.. ..++.... +V..-... +0.+..--| ok p=0.891602
Q4:	|..+..... .001...1 -.-.0... +-.+.0.-| ok p=0.744141
Q5:	|..-..1.. VV10.... 0-0.-... .-.+.11-| ok p=0.978516
Q6:	|..-.V... .1.+.... -10.-... 10.+.-.-| ok p=0.800781
Q7:	|........ ++.0.... -1...... .+.+.-.-| ok p=0.977539
Q8:	|..1.+... 0+.1.... -...1... .0.....+| ok p=0.87207
Q9:	|....+... ..-..-.. -..-.-.+ ...-...+|
Saving 2000000 paths...done.
Autobalance parameters: maxcond=235
Verified: 17442 bad out of 3558609
Estimating maxcond for upper bound 8000000 (=2000000 * 4)...
t=9:  0%   10   20   30   40   50   60   70   80   90   100%
      |----|----|----|----|----|----|----|----|----|----|
e     ***************************************************
Found maxcond = 249
t=9:  0%   10   20   30   40   50   60   70   80   90   100%
      |----|----|----|----|----|----|----|----|----|----|
      ***************************************************
Q-3:	|10010000 01011111 10000110 00000010|
Q-2:	|---01-11 10101100 01011101 00101001|
Q-1:	|11+10-00 10100000 11011101 00010101|
Q0:	|1+--++11 110-1001 -1000101 00110000| ok p=1
Q1:	|.0+10-.. .-.-...- +...1... 1.0-..+0| ok p=0.771484
Q2:	|.001+-.. .-V-...0 -.V.0... +.++..--| ok p=0.603516
Q3:	|..0.1+.. .+0+...0 1.0.-... +.0+..--| ok p=1
Q4:	|....0+.. .1+1..V. 1.-.0... 1.1+...-| ok p=0.84668
Q5:	|...01+.. .0-1.V1. ..+.1... -.+...1+| ok p=0.978516
Q6:	|...1-+.. ..1-.1-. ..-..... 1.+1V..0| ok p=0.904297
Q7:	|...-1-.. ..00.++. ..-..... +...1..0| ok p=1
Q8:	|...0-0.. ...1.+-. ..-..... 1.0.-...| ok p=1
Q9:	|...--1.. ......+. ........ +...-...| ok p=0.871094
Q10:	|.....+.. ...+.-.. ........ .+..-..-|
Saving 2000000 paths...done.
Autobalance parameters: maxcond=248
Verified: 436 bad out of 3340984
Estimating maxcond for upper bound 8000000 (=2000000 * 4)...
t=10: 0%   10   20   30   40   50   60   70   80   90   100%
      |----|----|----|----|----|----|----|----|----|----|
e     ***************************************************
Found maxcond = 259
t=10: 0%   10   20   30   40   50   60   70   80   90   100%
      |----|----|----|----|----|----|----|----|----|----|
      ***************************************************
Q-3:	|10010000 01011111 10000110 00000010|
Q-2:	|---01-11 10101100 01011101 00101001|
Q-1:	|11+10-00 10100000 11011101 00010101|
Q0:	|1+--++11 110-1001 -1000101 00110000| ok p=1
Q1:	|.0+10-.. .-.-...- +...1... 1.0-..+0| ok p=1
Q2:	|.0111+.. .-V-...0 -.1.0... +.++..--| ok p=1
Q3:	|..0..+.. .+.+...1 +.0.-... +.0+..--| ok p=0.782227
Q4:	|.....+.. .1+1.V.. -.-.0..0 +.1-...-| ok p=0.847656
Q5:	|...V.+.. .01-.0.. -.+V1..1 0V.0..1-| ok p=0.841797
Q6:	|...0.-.. ..01.+.. -.-1...+ -..1....| ok p=0.959961
Q7:	|...-.1.. V.+1.-.. -.0-...+ 0+.....1| ok p=0.867188
Q8:	|...+.-.. 0.-..-.. -.0-...+ 10......| ok p=0.972656
Q9:	|...0.+.. -.-..-.. ...-...1 +0......| ok p=0.873047
Q10:	|...-.1.. +....... 1..-...- 0.......| ok p=0.758789
Q11:	|.-.-.+.- ........ ....-..- ...-...-|
Saving 2000000 paths...done.
Autobalance parameters: maxcond=258
Verified: 209 bad out of 2467051
Runtime: 370.488
Extend MD5 differential paths forward
Copyright (C) 2009 Marc Stevens
http://homepages.cwi.nl/~stevens/

delta_m[11] = [!16!]
Loading workdir7/paths10_0of1...done: 2000000 (work:2000000).
Estimating maxcond for upper bound 2000000 (=500000 * 4)...
t=11: 0%   10   20   30   40   50   60   70   80   90   100%
      |----|----|----|----|----|----|----|----|----|----|
e     ***************************************************
Found maxcond = 270
t=11: 0%   10   20   30   40   50   60   70   80   90   100%
      |----|----|----|----|----|----|----|----|----|----|
      ***************************************************
Q-3:	|10010000 01011111 10000110 00000010|
Q-2:	|---01-11 10101100 01011101 00101001|
Q-1:	|11+10-00 10100000 11011101 00010101|
Q0:	|1+--++11 110-1001 -1000101 00110000| ok p=1
Q1:	|.0+10-.. .-.-...- +...1... 1.0-..+0| ok p=0.746094
Q2:	|.001+-.. .-V-...0 -.V.0... +.++..--| ok p=0.618164
Q3:	|..0.1+.. .+0+...0 1.0.-... +.0+..--| ok p=1
Q4:	|....0+.. .1+1..V. 1.-.0... 1.1+...-| ok p=0.818359
Q5:	|...01+.. .0-1V.1. ..+.1... -.+...1+| ok p=0.96582
Q6:	|...1-+.. ..1-1.-. ..-..... 1.+1V..1| ok p=0.874023
Q7:	|...-1-.. ..00+.+. ..-..... +...1..0| ok p=0.883789
Q8:	|.V.-+1.. ...1+.-. ..-..... 1.0.-...| ok p=0.773438
Q9:	|...--0V. ...+-.-. .V...... +...-...| ok p=0.603516
Q10:	|.+..+-.. ...+1... ..1..... -...-...| ok p=0.53125
Q11:	|.0.11++. ....1.1. .-...... -...-...| ok p=0.981445
Q12:	|......+. ........ .-...+.+ .+.-....|
Saving 500000 paths...done.
Autobalance parameters: maxcond=269
Verified: 704 bad out of 774553
Runtime: 63.4148
