MD5 differential path toolbox
Copyright (C) 2009 Marc Stevens
http://homepages.cwi.nl/~stevens/

IHV1   = {2422179330,3017393456,3567312149,4021050665}
IHV1   = 02865f9030c5d9b315dda0d4295dacef

IHV2   = {2422179330,3486074160,4037074197,195845417}
IHV2   = 02865f903045c9cf15dda0f0295dac0b

dIHV   = {0,468680704,469762048,469762048}
NC0: delta c = delta d = [!26!]
NC0: delta b           = [!15,26!]
NC1: delta c = delta d = [!-29!]
NC1: delta b           = [!20,-29!]
NC0: prob=-5.87839
NC1: prob=-7.51207
delta m_11 = [!16!]
Q-3:	|10010000 01011111 10000110 00000010|
Q-2:	|---01-11 10101100 01011101 00101001|
Q-1:	|11+10-00 10100000 11011101 00010101|
Q0:	|1+--++11 110-1001 -1000101 00110000| ok p=0.749023
Q1:	|..+..-.. .-.-.... -....... ...-..+.|
Saved lower diff. path to 'workdir7/lowerpath.bin.gz'.

Q32:	|........ ........ ........ ........|
Q33:	|........ ........ ........ ........|
Q34:	|........ ........ ........ ........|
Q35:	|........ ........ ........ ........| ok p=1
Q36:	|........ ........ ........ ........| ok p=1
Q37:	|........ ........ ........ ........| ok p=1
Q38:	|........ ........ ........ ........| ok p=1
Q39:	|........ ........ ........ ........| ok p=1
Q40:	|........ ........ ........ ........| ok p=1
Q41:	|........ ........ ........ ........| ok p=1
Q42:	|........ ........ ........ ........| ok p=1
Q43:	|........ ........ ........ ........| ok p=1
Q44:	|........ ........ ........ ........| ok p=1
Q45:	|........ ........ ........ ........| ok p=1
Q46:	|........ ........ ........ ........| ok p=1
Q47:	|........ ........ ........ ........| ok p=1
Q48:	|........ ........ ........ ........| ok p=1
Q49:	|........ ........ ........ ........| ok p=1
Q50:	|........ ........ ........ ........| ok p=1
Q51:	|........ ........ ........ ........| ok p=1
Q52:	|........ ........ ........ ........| ok p=1
Q53:	|........ ........ ........ ........| ok p=1
Q54:	|........ ........ ........ ........| ok p=1
Q55:	|........ ........ ........ ........| ok p=1
Q56:	|........ ........ ........ ........| ok p=1
Q57:	|........ ........ ........ ........| ok p=1
Q58:	|........ ........ ........ ........| ok p=1
Q59:	|........ ........ ........ ........| ok p=1
Q60:	|.....0.. ........ ........ ........| ok p=1
Q61:	|....10.. ........ ........ ........| ok p=1
Q62:	|....0+.. ........ ........ ........| ok p=1
Q63:	|....+-.. ........ ........ ........| ok p=0.985352
Q64:	|.....+.. ........ +....... ........|
Saved upper diff. path to 'workdir7/upperpath.bin.gz'.
Saved 'md5diffpathforward.cfg'.
Saved 'md5diffpathbackward.cfg'.
Saved 'md5diffpathconnect.cfg'.
Saved 'md5diffpathhelper.cfg'.
