MD5 differential path toolbox
Copyright (C) 2009 Marc Stevens
http://homepages.cwi.nl/~stevens/

delta_m[11] = [!13!]
Q-3:	|01101010 11001010 11111111 10001100|
Q-2:	|0+-1-+1- +1010111 11000001 101-++++|
Q-1:	|101+++10 -0001010 10000101 0111110-|
Q0:	|1+-0-1++ 10++000- +0-+0101 1100110-| ok p=0.416016
Q1:	|.+0+0+10 0-0-...- +00--..+ 1..-...+| ok p=0.749023
Q2:	|1+101+10 .-1-...0 1+0+11.0 -..0...+| ok p=1
Q3:	|0.-+.+.1 .-.-...- 1101+0.1 0..0.0..| ok p=1
Q4:	|111-...0 .-!....- .-.011.. 1..-.0.1| ok p=1
Q5:	|-.+1.0.- ...1...- .+..-1.0 +.!+.-.1| ok p=1
Q6:	|+.+-...1 .0.....- .+..1+.1 1..+.+.-| ok p=1
Q7:	|+.1+...+ .......0 ^0..+1.+ 0..-.0.-| ok p=1
Q8:	|1^-+.1.1 .^.!...0 .00.-1.0 +..-.0..| ok p=1
Q9:	|001-10.- .+.....0 ..0.0..1 0!.....0| ok p=1
Q10:	|.1-11+.1 .0..0.00 1.+10... 01100...| ok p=1
Q11:	|10-1+0.- ^-.01^1- 0^-0-... .01111^.| ok p=1
Q12:	|0+----^- -+^0-+-0 ++0--^.0 ^+---1-0| ok p=1
Q13:	|+0+1-++. 0---101- -101-+.0 -++-+-01| ok p=1
Q14:	|0100.001 010+1100 1110.0^- 0.1.0+0-| ok p=1
Q15:	|-11.111. +11+..+1 -.--0+.- 01101-.0| ok p=0.300781
Q16:	|..+..0-. .1.-..+. ..1..0.+ .0...0.0| ok p=0.464844
Q17:	|^.-..1.. ^1.1..1. ^.0^.-.- .1...+..| ok p=0.830078
Q18:	|..1..+^. .+.0..-. ..1....+ .-...+..| ok p=0.40918
Q19:	|..-..... ......-. 0.+..^.+ ....0-..| ok p=0.754883
Q20:	|0...0^.. .^....00 1...0..1 .^..1-..| ok p=1
Q21:	|1.^.1... .0....11 -.^.1..1 ....-0..| ok p=0.494141
Q22:	|-...-... .1.....+ ....+... .....0..| ok p=0.458008
Q23:	|........ .+.0.... ^......0 ....^...| ok p=0.995117
Q24:	|^...^.0. ...1...^ ....^..1 ...0....| ok p=0.999023
Q25:	|........ .^.-.... .......- ...1....| ok p=0.539062
Q26:	|.....0+. ........ ..0..... ...-....| ok p=1
Q27:	|.....1+. ...^.... ..1....^ ........| ok p=0.987305
Q28:	|.....+-. ........ ..+..... ...^....| ok p=0.991211
Q29:	|......0. ........ ..0..... ........| ok p=1
Q30:	|.....^1. ........ ..-..... ........| ok p=1
Q31:	|........ ........ ..-..... ........| ok p=0.984375
Q32:	|........ ........ ........ ........| ok p=1
Q33:	|........ ........ ..!..... ........| ok p=1
Q34:	|........ ........ ........ ........| ok p=1
Q35:	|........ ........ ........ ........| ok p=1
Q36:	|........ ........ ........ ........| ok p=1
Q37:	|........ ........ ........ ........| ok p=1
Q38:	|........ ........ ........ ........| ok p=1
Q39:	|........ ........ ........ ........| ok p=1
Q40:	|........ ........ ........ ........| ok p=1
Q41:	|........ ........ ........ ........| ok p=1
Q42:	|........ ........ ........ ........| ok p=1
Q43:	|........ ........ ........ ........| ok p=1
Q44:	|........ ........ ........ ........| ok p=1
Q45:	|........ ........ ........ ........| ok p=1
Q46:	|........ ........ ........ ........| ok p=1
Q47:	|........ ........ ........ ........| ok p=1
Q48:	|........ ........ ........ ........| ok p=1
Q49:	|........ ........ ........ ........| ok p=1
Q50:	|........ ........ ........ ........| ok p=1
Q51:	|........ ........ ........ ........| ok p=1
Q52:	|........ ........ ........ ........| ok p=1
Q53:	|........ ........ ........ ........| ok p=1
Q54:	|........ ........ ........ ........| ok p=1
Q55:	|........ ........ ........ ........| ok p=1
Q56:	|........ ........ ........ ........| ok p=1
Q57:	|........ ........ ........ ........| ok p=1
Q58:	|........ ........ ........ ........| ok p=1
Q59:	|........ ........ ........ ........| ok p=1
Q60:	|........ 0....... ........ ........| ok p=1
Q61:	|.......1 0....... ........ ........| ok p=1
Q62:	|.......0 +....... ........ ........| ok p=1
Q63:	|.......+ -....... ........ ........| ok p=0.998047
Q64:	|........ +....... ...+.... ........|
Starting...
20: Q5m5tunnel      = 4
20: Q4m5tunnel      = 1
20: Q14m6Q3m5tunnel = 1
21: Q10m10tunnel    = 3
21: Q9m10tunnel     = 5
22: Q8Q12m15tunnel  = 0
23: Q4m4tunnel      = 14
24: Q9m9tunnel      = 9
25: Q14Q3m14tunnel  = 0
.20: Q5m5tunnel      = 4
20: Q4m5tunnel      = 1
20: Q14m6Q3m5tunnel = 1
21: Q10m10tunnel    = 3
21: Q9m10tunnel     = 5
22: Q8Q12m15tunnel  = 0
23: Q4m4tunnel      = 14
24: Q9m9tunnel      = 9
25: Q14Q3m14tunnel  = 0
.20: Q5m5tunnel      = 4
20: Q4m5tunnel      = 1
20: Q14m6Q3m5tunnel = 1
21: Q10m10tunnel    = 3
21: Q9m10tunnel     = 5
22: Q8Q12m15tunnel  = 0
23: Q4m4tunnel      = 14
24: Q9m9tunnel      = 9
25: Q14Q3m14tunnel  = 0
20: Q5m5tunnel      = 4
20: Q4m5tunnel      = 1
20: Q14m6Q3m5tunnel = 1
21: Q10m10tunnel    = 3
21: Q9m10tunnel     = 5
22: Q8Q12m15tunnel  = 0
23: Q4m4tunnel      = 14
24: Q9m9tunnel      = 9
25: Q14Q3m14tunnel  = 0
.20: Q5m5tunnel      = 4
20: Q4m5tunnel      = 1
20: Q14m6Q3m5tunnel = 1
21: Q10m10tunnel    = 3
21: Q9m10tunnel     = 5
22: Q8Q12m15tunnel  = 0
23: Q4m4tunnel      = 14
24: Q9m9tunnel      = 9
25: Q14Q3m14tunnel  = 0
..20: Q5m5tunnel      = 4
20: Q4m5tunnel      = 1
20: Q14m6Q3m5tunnel = 1
21: Q10m10tunnel    = 3
21: Q9m10tunnel     = 5
22: Q8Q12m15tunnel  = 0
23: Q4m4tunnel      = 14
24: Q9m9tunnel      = 9
25: Q14Q3m14tunnel  = 0
.20: Q5m5tunnel      = 4
20: Q4m5tunnel      = 1
20: Q14m6Q3m5tunnel = 1
21: Q10m10tunnel    = 3
21: Q9m10tunnel     = 5
22: Q8Q12m15tunnel  = 0
23: Q4m4tunnel      = 14
24: Q9m9tunnel      = 9
25: Q14Q3m14tunnel  = 0
20: Q5m5tunnel      = 4
20: Q4m5tunnel      = 1
20: Q14m6Q3m5tunnel = 1
21: Q10m10tunnel    = 3
21: Q9m10tunnel     = 5
22: Q8Q12m15tunnel  = 0
23: Q4m4tunnel      = 14
24: Q9m9tunnel      = 9
25: Q14Q3m14tunnel  = 0
..1 0
2 0
4 0
8 0
16 0
32 0
64 0
128 0
256 0
512 0
1024 0
2048 0
4096 0
8192 0
16384 0
32768 0
65536 0
67749 1
104963 2
131072 2
139159 4
239092 8
262144 9
404840 16
524288 21
Block 1: workdir5/coll1_436755722
70 52 9f e5 84 8a e1 3d 3b 9a 13 54 c8 bf c5 35 
c4 17 5c f7 d3 c2 7e 0d 10 a0 37 b0 27 fb 6f 52 
30 62 36 0e 7f b6 84 5e fc 10 30 67 f7 46 34 80 
86 b4 f0 94 da 8a f7 d6 25 4b ca ea 5b a2 1f eb 
Block 2: workdir5/coll2_436755722
70 52 9f e5 84 8a e1 3d 3b 9a 13 54 c8 bf c5 35 
c4 17 5c f7 d3 c2 7e 0d 10 a0 37 b0 27 fb 6f 52 
30 62 36 0e 7f b6 84 5e fc 10 30 67 f7 66 34 80 
86 b4 f0 94 da 8a f7 d6 25 4b ca ea 5b a2 1f eb 
Found collision!
