Extend MD5 differential paths backward
Copyright (C) 2009 Marc Stevens
http://homepages.cwi.nl/~stevens/

delta_m[11] = [!13!]
Loading workdir5/upperpath.bin.gz...done: 1.
Estimating maxcond for upper bound 262144 (=65536 * 4)...
t=34: 0%   10   20   30   40   50   60   70   80   90   100%
      |----|----|----|----|----|----|----|----|----|----|
e     ***************************************************
Found maxcond = 2176
t=34: 0%   10   20   30   40   50   60   70   80   90   100%
      |----|----|----|----|----|----|----|----|----|----|
      ***************************************************
Q31:	|........ ........ ..-..... ........|
Q32:	|........ ........ ........ ........|
Q33:	|........ ........ ........ ........|
Q34:	|........ ........ ........ ........| ok p=1
Q35:	|........ ........ ........ ........| ok p=1
Q36:	|........ ........ ........ ........| ok p=1
Q37:	|........ ........ ........ ........| ok p=1
Q38:	|........ ........ ........ ........| ok p=1
Q39:	|........ ........ ........ ........| ok p=1
Q40:	|........ ........ ........ ........| ok p=1
Q41:	|........ ........ ........ ........| ok p=1
Q42:	|........ ........ ........ ........| ok p=1
Q43:	|........ ........ ........ ........| ok p=1
Q44:	|........ ........ ........ ........| ok p=1
Q45:	|........ ........ ........ ........| ok p=1
Q46:	|........ ........ ........ ........| ok p=1
Q47:	|........ ........ ........ ........| ok p=1
Q48:	|........ ........ ........ ........| ok p=1
Q49:	|........ ........ ........ ........| ok p=1
Q50:	|........ ........ ........ ........| ok p=1
Q51:	|........ ........ ........ ........| ok p=1
Q52:	|........ ........ ........ ........| ok p=1
Q53:	|........ ........ ........ ........| ok p=1
Q54:	|........ ........ ........ ........| ok p=1
Q55:	|........ ........ ........ ........| ok p=1
Q56:	|........ ........ ........ ........| ok p=1
Q57:	|........ ........ ........ ........| ok p=1
Q58:	|........ ........ ........ ........| ok p=1
Q59:	|........ ........ ........ ........| ok p=1
Q60:	|........ 0....... ........ ........| ok p=1
Q61:	|.......1 0....... ........ ........| ok p=1
Q62:	|.......0 +....... ........ ........| ok p=1
Q63:	|.......+ -....... ........ ........| ok p=0.998047
Q64:	|........ +....... ...+.... ........|
Saving 1 paths...done.
Autobalance parameters: maxcond=2176
Verified: 0 bad out of 1
Estimating maxcond for upper bound 262144 (=65536 * 4)...
t=33: 0%   10   20   30   40   50   60   70   80   90   100%
      |----|----|----|----|----|----|----|----|----|----|
e     ***************************************************
Found maxcond = 35
t=33: 0%   10   20   30   40   50   60   70   80   90   100%
      |----|----|----|----|----|----|----|----|----|----|
      ***************************************************
Q30:	|........ ........ ..-..... ........|
Q31:	|........ ........ ..-..... ........|
Q32:	|........ ........ ........ ........|
Q33:	|........ ........ ..!..... ........| ok p=1
Q34:	|........ ........ ........ ........| ok p=1
Q35:	|........ ........ ........ ........| ok p=1
Q36:	|........ ........ ........ ........| ok p=1
Q37:	|........ ........ ........ ........| ok p=1
Q38:	|........ ........ ........ ........| ok p=1
Q39:	|........ ........ ........ ........| ok p=1
Q40:	|........ ........ ........ ........| ok p=1
Q41:	|........ ........ ........ ........| ok p=1
Q42:	|........ ........ ........ ........| ok p=1
Q43:	|........ ........ ........ ........| ok p=1
Q44:	|........ ........ ........ ........| ok p=1
Q45:	|........ ........ ........ ........| ok p=1
Q46:	|........ ........ ........ ........| ok p=1
Q47:	|........ ........ ........ ........| ok p=1
Q48:	|........ ........ ........ ........| ok p=1
Q49:	|........ ........ ........ ........| ok p=1
Q50:	|........ ........ ........ ........| ok p=1
Q51:	|........ ........ ........ ........| ok p=1
Q52:	|........ ........ ........ ........| ok p=1
Q53:	|........ ........ ........ ........| ok p=1
Q54:	|........ ........ ........ ........| ok p=1
Q55:	|........ ........ ........ ........| ok p=1
Q56:	|........ ........ ........ ........| ok p=1
Q57:	|........ ........ ........ ........| ok p=1
Q58:	|........ ........ ........ ........| ok p=1
Q59:	|........ ........ ........ ........| ok p=1
Q60:	|........ 0....... ........ ........| ok p=1
Q61:	|.......1 0....... ........ ........| ok p=1
Q62:	|.......0 +....... ........ ........| ok p=1
Q63:	|.......+ -....... ........ ........| ok p=0.998047
Q64:	|........ +....... ...+.... ........|
Saving 65536 paths...done.
Autobalance parameters: maxcond=31
Verified: 0 bad out of 65537
Estimating maxcond for upper bound 262144 (=65536 * 4)...
t=32: 0%   10   20   30   40   50   60   70   80   90   100%
      |----|----|----|----|----|----|----|----|----|----|
e     ***************************************************
Found maxcond = 25
t=32: 0%   10   20   30   40   50   60   70   80   90   100%
      |----|----|----|----|----|----|----|----|----|----|
      ***************************************************
Q29:	|........ ........ ........ ........|
Q30:	|........ ........ ..+..... ........|
Q31:	|........ ........ ..-..... ........|
Q32:	|........ ........ ........ ........| ok p=1
Q33:	|........ ........ ..^..... ........| ok p=1
Q34:	|........ ........ ........ ........| ok p=1
Q35:	|........ ........ ........ ........| ok p=1
Q36:	|........ ........ ........ ........| ok p=1
Q37:	|........ ........ ........ ........| ok p=1
Q38:	|........ ........ ........ ........| ok p=1
Q39:	|........ ........ ........ ........| ok p=1
Q40:	|........ ........ ........ ........| ok p=1
Q41:	|........ ........ ........ ........| ok p=1
Q42:	|........ ........ ........ ........| ok p=1
Q43:	|........ ........ ........ ........| ok p=1
Q44:	|........ ........ ........ ........| ok p=1
Q45:	|........ ........ ........ ........| ok p=1
Q46:	|........ ........ ........ ........| ok p=1
Q47:	|........ ........ ........ ........| ok p=1
Q48:	|........ ........ ........ ........| ok p=1
Q49:	|........ ........ ........ ........| ok p=1
Q50:	|........ ........ ........ ........| ok p=1
Q51:	|........ ........ ........ ........| ok p=1
Q52:	|........ ........ ........ ........| ok p=1
Q53:	|........ ........ ........ ........| ok p=1
Q54:	|........ ........ ........ ........| ok p=1
Q55:	|........ ........ ........ ........| ok p=1
Q56:	|........ ........ ........ ........| ok p=1
Q57:	|........ ........ ........ ........| ok p=1
Q58:	|........ ........ ........ ........| ok p=1
Q59:	|........ ........ ........ ........| ok p=1
Q60:	|........ 0....... ........ ........| ok p=1
Q61:	|.......1 0....... ........ ........| ok p=1
Q62:	|.......0 +....... ........ ........| ok p=1
Q63:	|.......+ -....... ........ ........| ok p=1
Q64:	|........ +....... ...+.... ........|
Saving 65536 paths...done.
Autobalance parameters: maxcond=22
Verified: 0 bad out of 121228
Estimating maxcond for upper bound 262144 (=65536 * 4)...
t=31: 0%   10   20   30   40   50   60   70   80   90   100%
      |----|----|----|----|----|----|----|----|----|----|
e     ***************************************************
Found maxcond = 22
t=31: 0%   10   20   30   40   50   60   70   80   90   100%
      |----|----|----|----|----|----|----|----|----|----|
      ***************************************************
Q28:	|......+. ........ ..+..... ........|
Q29:	|........ ........ ........ ........|
Q30:	|........ ........ ..-..... ........|
Q31:	|........ ........ ..-..... ........| ok p=0.989258
Q32:	|........ ........ ........ ........| ok p=1
Q33:	|........ ........ ..!..... ........| ok p=1
Q34:	|........ ........ ........ ........| ok p=1
Q35:	|........ ........ ........ ........| ok p=1
Q36:	|........ ........ ........ ........| ok p=1
Q37:	|........ ........ ........ ........| ok p=1
Q38:	|........ ........ ........ ........| ok p=1
Q39:	|........ ........ ........ ........| ok p=1
Q40:	|........ ........ ........ ........| ok p=1
Q41:	|........ ........ ........ ........| ok p=1
Q42:	|........ ........ ........ ........| ok p=1
Q43:	|........ ........ ........ ........| ok p=1
Q44:	|........ ........ ........ ........| ok p=1
Q45:	|........ ........ ........ ........| ok p=1
Q46:	|........ ........ ........ ........| ok p=1
Q47:	|........ ........ ........ ........| ok p=1
Q48:	|........ ........ ........ ........| ok p=1
Q49:	|........ ........ ........ ........| ok p=1
Q50:	|........ ........ ........ ........| ok p=1
Q51:	|........ ........ ........ ........| ok p=1
Q52:	|........ ........ ........ ........| ok p=1
Q53:	|........ ........ ........ ........| ok p=1
Q54:	|........ ........ ........ ........| ok p=1
Q55:	|........ ........ ........ ........| ok p=1
Q56:	|........ ........ ........ ........| ok p=1
Q57:	|........ ........ ........ ........| ok p=1
Q58:	|........ ........ ........ ........| ok p=1
Q59:	|........ ........ ........ ........| ok p=1
Q60:	|........ 0....... ........ ........| ok p=1
Q61:	|.......1 0....... ........ ........| ok p=1
Q62:	|.......0 +....... ........ ........| ok p=1
Q63:	|.......+ -....... ........ ........| ok p=1
Q64:	|........ +....... ...+.... ........|
Saving 65536 paths...done.
Autobalance parameters: maxcond=20
Verified: 0 bad out of 115063
Estimating maxcond for upper bound 262144 (=65536 * 4)...
t=30: 0%   10   20   30   40   50   60   70   80   90   100%
      |----|----|----|----|----|----|----|----|----|----|
e     ***************************************************
Found maxcond = 22
t=30: 0%   10   20   30   40   50   60   70   80   90   100%
      |----|----|----|----|----|----|----|----|----|----|
      ***************************************************
Q27:	|........ ........ ........ .......-|
Q28:	|......+. ........ ..-..... ........|
Q29:	|........ ........ ..0..... ........|
Q30:	|......^. ........ ..+..... ........| ok p=1
Q31:	|........ ........ ..-..... ........| ok p=0.992188
Q32:	|........ ........ ........ ........| ok p=1
Q33:	|........ ........ ..^..... ........| ok p=1
Q34:	|........ ........ ........ ........| ok p=1
Q35:	|........ ........ ........ ........| ok p=1
Q36:	|........ ........ ........ ........| ok p=1
Q37:	|........ ........ ........ ........| ok p=1
Q38:	|........ ........ ........ ........| ok p=1
Q39:	|........ ........ ........ ........| ok p=1
Q40:	|........ ........ ........ ........| ok p=1
Q41:	|........ ........ ........ ........| ok p=1
Q42:	|........ ........ ........ ........| ok p=1
Q43:	|........ ........ ........ ........| ok p=1
Q44:	|........ ........ ........ ........| ok p=1
Q45:	|........ ........ ........ ........| ok p=1
Q46:	|........ ........ ........ ........| ok p=1
Q47:	|........ ........ ........ ........| ok p=1
Q48:	|........ ........ ........ ........| ok p=1
Q49:	|........ ........ ........ ........| ok p=1
Q50:	|........ ........ ........ ........| ok p=1
Q51:	|........ ........ ........ ........| ok p=1
Q52:	|........ ........ ........ ........| ok p=1
Q53:	|........ ........ ........ ........| ok p=1
Q54:	|........ ........ ........ ........| ok p=1
Q55:	|........ ........ ........ ........| ok p=1
Q56:	|........ ........ ........ ........| ok p=1
Q57:	|........ ........ ........ ........| ok p=1
Q58:	|........ ........ ........ ........| ok p=1
Q59:	|........ ........ ........ ........| ok p=1
Q60:	|........ 0....... ........ ........| ok p=1
Q61:	|.......1 0....... ........ ........| ok p=1
Q62:	|.......0 +....... ........ ........| ok p=1
Q63:	|.......+ -....... ........ ........| ok p=0.998047
Q64:	|........ +....... ...+.... ........|
Saving 65536 paths...done.
Autobalance parameters: maxcond=19
Verified: 0 bad out of 134306
Runtime: 8.3722
Extend MD5 differential paths backward
Copyright (C) 2009 Marc Stevens
http://homepages.cwi.nl/~stevens/

delta_m[11] = [!13!]
Loading workdir5/paths30_0of1...done: 65536 (work:65536).
Estimating maxcond for upper bound 400000 (=100000 * 4)...
t=29: 0%   10   20   30   40   50   60   70   80   90   100%
      |----|----|----|----|----|----|----|----|----|----|
e     ***************************************************
Found maxcond = 23
t=29: 0%   10   20   30   40   50   60   70   80   90   100%
      |----|----|----|----|----|----|----|----|----|----|
      ***************************************************
Q26:	|........ ........ ..-..... ...-....|
Q27:	|......1. ........ ..+..... ........|
Q28:	|......+. ........ ..+..... ........|
Q29:	|........ ........ ..1..... ........| ok p=1
Q30:	|......^. ........ ..-..... ........| ok p=1
Q31:	|........ ........ ..-..... ........| ok p=0.991211
Q32:	|........ ........ ........ ........| ok p=1
Q33:	|........ ........ ..!..... ........| ok p=1
Q34:	|........ ........ ........ ........| ok p=1
Q35:	|........ ........ ........ ........| ok p=1
Q36:	|........ ........ ........ ........| ok p=1
Q37:	|........ ........ ........ ........| ok p=1
Q38:	|........ ........ ........ ........| ok p=1
Q39:	|........ ........ ........ ........| ok p=1
Q40:	|........ ........ ........ ........| ok p=1
Q41:	|........ ........ ........ ........| ok p=1
Q42:	|........ ........ ........ ........| ok p=1
Q43:	|........ ........ ........ ........| ok p=1
Q44:	|........ ........ ........ ........| ok p=1
Q45:	|........ ........ ........ ........| ok p=1
Q46:	|........ ........ ........ ........| ok p=1
Q47:	|........ ........ ........ ........| ok p=1
Q48:	|........ ........ ........ ........| ok p=1
Q49:	|........ ........ ........ ........| ok p=1
Q50:	|........ ........ ........ ........| ok p=1
Q51:	|........ ........ ........ ........| ok p=1
Q52:	|........ ........ ........ ........| ok p=1
Q53:	|........ ........ ........ ........| ok p=1
Q54:	|........ ........ ........ ........| ok p=1
Q55:	|........ ........ ........ ........| ok p=1
Q56:	|........ ........ ........ ........| ok p=1
Q57:	|........ ........ ........ ........| ok p=1
Q58:	|........ ........ ........ ........| ok p=1
Q59:	|........ ........ ........ ........| ok p=1
Q60:	|........ 0....... ........ ........| ok p=1
Q61:	|.......1 0....... ........ ........| ok p=1
Q62:	|.......0 +....... ........ ........| ok p=1
Q63:	|.......+ -....... ........ ........| ok p=0.998047
Q64:	|........ +....... ...+.... ........|
Saving 100000 paths...done.
Autobalance parameters: maxcond=21
Verified: 0 bad out of 158584
Estimating maxcond for upper bound 400000 (=100000 * 4)...
t=28: 0%   10   20   30   40   50   60   70   80   90   100%
      |----|----|----|----|----|----|----|----|----|----|
e     ***************************************************
Found maxcond = 25
t=28: 0%   10   20   30   40   50   60   70   80   90   100%
      |----|----|----|----|----|----|----|----|----|----|
      ***************************************************
Q25:	|........ ...-.... ..-....- ........|
Q26:	|......-. ........ ..-..... ...-....|
Q27:	|......0. ........ ..+..... ........|
Q28:	|......+. ........ ..+..... ...^....| ok p=0.992188
Q29:	|........ ........ ..1..... ........| ok p=1
Q30:	|......^. ........ ..-..... ........| ok p=1
Q31:	|........ ........ ..-..... ........| ok p=0.991211
Q32:	|........ ........ ........ ........| ok p=1
Q33:	|........ ........ ..!..... ........| ok p=1
Q34:	|........ ........ ........ ........| ok p=1
Q35:	|........ ........ ........ ........| ok p=1
Q36:	|........ ........ ........ ........| ok p=1
Q37:	|........ ........ ........ ........| ok p=1
Q38:	|........ ........ ........ ........| ok p=1
Q39:	|........ ........ ........ ........| ok p=1
Q40:	|........ ........ ........ ........| ok p=1
Q41:	|........ ........ ........ ........| ok p=1
Q42:	|........ ........ ........ ........| ok p=1
Q43:	|........ ........ ........ ........| ok p=1
Q44:	|........ ........ ........ ........| ok p=1
Q45:	|........ ........ ........ ........| ok p=1
Q46:	|........ ........ ........ ........| ok p=1
Q47:	|........ ........ ........ ........| ok p=1
Q48:	|........ ........ ........ ........| ok p=1
Q49:	|........ ........ ........ ........| ok p=1
Q50:	|........ ........ ........ ........| ok p=1
Q51:	|........ ........ ........ ........| ok p=1
Q52:	|........ ........ ........ ........| ok p=1
Q53:	|........ ........ ........ ........| ok p=1
Q54:	|........ ........ ........ ........| ok p=1
Q55:	|........ ........ ........ ........| ok p=1
Q56:	|........ ........ ........ ........| ok p=1
Q57:	|........ ........ ........ ........| ok p=1
Q58:	|........ ........ ........ ........| ok p=1
Q59:	|........ ........ ........ ........| ok p=1
Q60:	|........ 0....... ........ ........| ok p=1
Q61:	|.......1 0....... ........ ........| ok p=1
Q62:	|.......0 +....... ........ ........| ok p=1
Q63:	|.......+ -....... ........ ........| ok p=0.998047
Q64:	|........ +....... ...+.... ........|
Saving 100000 paths...done.
Autobalance parameters: maxcond=23
Verified: 0 bad out of 167136
Estimating maxcond for upper bound 400000 (=100000 * 4)...
t=27: 0%   10   20   30   40   50   60   70   80   90   100%
      |----|----|----|----|----|----|----|----|----|----|
e     ***************************************************
Found maxcond = 28
t=27: 0%   10   20   30   40   50   60   70   80   90   100%
      |----|----|----|----|----|----|----|----|----|----|
      ***************************************************
Q24:	|......+. ........ ........ ..+.....|
Q25:	|........ ...-.... .......- ...1....|
Q26:	|......0. ........ ..0..... ...-....|
Q27:	|......1. ...^.... ..1....^ ........| ok p=0.981445
Q28:	|......+. ........ ..+..... ...^....| ok p=0.991211
Q29:	|........ ........ ..0..... ........| ok p=1
Q30:	|......^. ........ ..-..... ........| ok p=1
Q31:	|........ ........ ..-..... ........| ok p=0.991211
Q32:	|........ ........ ........ ........| ok p=1
Q33:	|........ ........ ..!..... ........| ok p=1
Q34:	|........ ........ ........ ........| ok p=1
Q35:	|........ ........ ........ ........| ok p=1
Q36:	|........ ........ ........ ........| ok p=1
Q37:	|........ ........ ........ ........| ok p=1
Q38:	|........ ........ ........ ........| ok p=1
Q39:	|........ ........ ........ ........| ok p=1
Q40:	|........ ........ ........ ........| ok p=1
Q41:	|........ ........ ........ ........| ok p=1
Q42:	|........ ........ ........ ........| ok p=1
Q43:	|........ ........ ........ ........| ok p=1
Q44:	|........ ........ ........ ........| ok p=1
Q45:	|........ ........ ........ ........| ok p=1
Q46:	|........ ........ ........ ........| ok p=1
Q47:	|........ ........ ........ ........| ok p=1
Q48:	|........ ........ ........ ........| ok p=1
Q49:	|........ ........ ........ ........| ok p=1
Q50:	|........ ........ ........ ........| ok p=1
Q51:	|........ ........ ........ ........| ok p=1
Q52:	|........ ........ ........ ........| ok p=1
Q53:	|........ ........ ........ ........| ok p=1
Q54:	|........ ........ ........ ........| ok p=1
Q55:	|........ ........ ........ ........| ok p=1
Q56:	|........ ........ ........ ........| ok p=1
Q57:	|........ ........ ........ ........| ok p=1
Q58:	|........ ........ ........ ........| ok p=1
Q59:	|........ ........ ........ ........| ok p=1
Q60:	|........ 0....... ........ ........| ok p=1
Q61:	|.......1 0....... ........ ........| ok p=1
Q62:	|.......0 +....... ........ ........| ok p=1
Q63:	|.......+ -....... ........ ........| ok p=0.998047
Q64:	|........ +....... ...+.... ........|
Saving 100000 paths...done.
Autobalance parameters: maxcond=26
Verified: 0 bad out of 172816
Estimating maxcond for upper bound 400000 (=100000 * 4)...
t=26: 0%   10   20   30   40   50   60   70   80   90   100%
      |----|----|----|----|----|----|----|----|----|----|
e     ***************************************************
Found maxcond = 31
t=26: 0%   10   20   30   40   50   60   70   80   90   100%
      |----|----|----|----|----|----|----|----|----|----|
      ***************************************************
Q23:	|......+. .+...... .+.-.... .......+|
Q24:	|........ ...1.... .......1 ...+....|
Q25:	|......-. ...-.... ..-....- ...0....|
Q26:	|......-. ........ ..-..... ...-....| ok p=0.989258
Q27:	|......+. ...^.... ..+....^ ........| ok p=1
Q28:	|......+. ........ ..+..... ...^....| ok p=0.994141
Q29:	|......1. ........ ..1..... ........| ok p=1
Q30:	|......0. ........ ..-..... ........| ok p=1
Q31:	|........ ........ ..-..... ........| ok p=0.995117
Q32:	|........ ........ ........ ........| ok p=1
Q33:	|........ ........ ..!..... ........| ok p=1
Q34:	|........ ........ ........ ........| ok p=1
Q35:	|........ ........ ........ ........| ok p=1
Q36:	|........ ........ ........ ........| ok p=1
Q37:	|........ ........ ........ ........| ok p=1
Q38:	|........ ........ ........ ........| ok p=1
Q39:	|........ ........ ........ ........| ok p=1
Q40:	|........ ........ ........ ........| ok p=1
Q41:	|........ ........ ........ ........| ok p=1
Q42:	|........ ........ ........ ........| ok p=1
Q43:	|........ ........ ........ ........| ok p=1
Q44:	|........ ........ ........ ........| ok p=1
Q45:	|........ ........ ........ ........| ok p=1
Q46:	|........ ........ ........ ........| ok p=1
Q47:	|........ ........ ........ ........| ok p=1
Q48:	|........ ........ ........ ........| ok p=1
Q49:	|........ ........ ........ ........| ok p=1
Q50:	|........ ........ ........ ........| ok p=1
Q51:	|........ ........ ........ ........| ok p=1
Q52:	|........ ........ ........ ........| ok p=1
Q53:	|........ ........ ........ ........| ok p=1
Q54:	|........ ........ ........ ........| ok p=1
Q55:	|........ ........ ........ ........| ok p=1
Q56:	|........ ........ ........ ........| ok p=1
Q57:	|........ ........ ........ ........| ok p=1
Q58:	|........ ........ ........ ........| ok p=1
Q59:	|........ ........ ........ ........| ok p=1
Q60:	|........ 0....... ........ ........| ok p=1
Q61:	|.......1 0....... ........ ........| ok p=1
Q62:	|.......0 +....... ........ ........| ok p=1
Q63:	|.......+ -....... ........ ........| ok p=0.999023
Q64:	|........ +....... ...+.... ........|
Saving 100000 paths...done.
Autobalance parameters: maxcond=29
Verified: 0 bad out of 171960
Estimating maxcond for upper bound 400000 (=100000 * 4)...
t=25: 0%   10   20   30   40   50   60   70   80   90   100%
      |----|----|----|----|----|----|----|----|----|----|
e     ***************************************************
Found maxcond = 36
t=25: 0%   10   20   30   40   50   60   70   80   90   100%
      |----|----|----|----|----|----|----|----|----|----|
      ***************************************************
Q22:	|+...-... ........ ....+... ........|
Q23:	|......+. .+.0.... ...+...0 ........|
Q24:	|......+. ...1.... .......1 ...0....|
Q25:	|......-. .^.-.... ...^...- ...1....| ok p=0.533203
Q26:	|......-. ........ ..0..... ...-....| ok p=0.975586
Q27:	|......+. ...^.... ..1....^ ........| ok p=0.989258
Q28:	|......+. ........ ..+..... ...^....| ok p=0.989258
Q29:	|......1. ........ ..0..... ........| ok p=1
Q30:	|......0. ........ ..-..... ........| ok p=1
Q31:	|........ ........ ..-..... ........| ok p=0.990234
Q32:	|........ ........ ........ ........| ok p=1
Q33:	|........ ........ ..!..... ........| ok p=1
Q34:	|........ ........ ........ ........| ok p=1
Q35:	|........ ........ ........ ........| ok p=1
Q36:	|........ ........ ........ ........| ok p=1
Q37:	|........ ........ ........ ........| ok p=1
Q38:	|........ ........ ........ ........| ok p=1
Q39:	|........ ........ ........ ........| ok p=1
Q40:	|........ ........ ........ ........| ok p=1
Q41:	|........ ........ ........ ........| ok p=1
Q42:	|........ ........ ........ ........| ok p=1
Q43:	|........ ........ ........ ........| ok p=1
Q44:	|........ ........ ........ ........| ok p=1
Q45:	|........ ........ ........ ........| ok p=1
Q46:	|........ ........ ........ ........| ok p=1
Q47:	|........ ........ ........ ........| ok p=1
Q48:	|........ ........ ........ ........| ok p=1
Q49:	|........ ........ ........ ........| ok p=1
Q50:	|........ ........ ........ ........| ok p=1
Q51:	|........ ........ ........ ........| ok p=1
Q52:	|........ ........ ........ ........| ok p=1
Q53:	|........ ........ ........ ........| ok p=1
Q54:	|........ ........ ........ ........| ok p=1
Q55:	|........ ........ ........ ........| ok p=1
Q56:	|........ ........ ........ ........| ok p=1
Q57:	|........ ........ ........ ........| ok p=1
Q58:	|........ ........ ........ ........| ok p=1
Q59:	|........ ........ ........ ........| ok p=1
Q60:	|........ 0....... ........ ........| ok p=1
Q61:	|.......1 0....... ........ ........| ok p=1
Q62:	|.......0 +....... ........ ........| ok p=1
Q63:	|.......+ -....... ........ ........| ok p=1
Q64:	|........ +....... ...+.... ........|
Saving 100000 paths...done.
Autobalance parameters: maxcond=34
Verified: 2 bad out of 178416
Estimating maxcond for upper bound 400000 (=100000 * 4)...
t=24: 0%   10   20   30   40   50   60   70   80   90   100%
      |----|----|----|----|----|----|----|----|----|----|
e     ***************************************************
Found maxcond = 44
t=24: 0%   10   20   30   40   50   60   70   80   90   100%
      |----|----|----|----|----|----|----|----|----|----|
      ***************************************************
Q21:	|......-. ..-..... -....... ..-.+..-|
Q22:	|+....... .1...... ...1+... ........|
Q23:	|......+. .+.0.... ...+...0 ...+....|
Q24:	|^.....+. ...1.... ....^..1 ...+....| ok p=0.990234
Q25:	|......-. .^.-.... ...^...- ...-....| ok p=0.506836
Q26:	|......-. ........ ..0..... ...-....| ok p=0.984375
Q27:	|......+. ...^.... ..1....^ ...1....| ok p=0.987305
Q28:	|......+. ........ ..+..... ...0....| ok p=0.993164
Q29:	|......1. ........ ..0..... ........| ok p=1
Q30:	|......0. ........ ..-..... ........| ok p=1
Q31:	|........ ........ ..-..... ........| ok p=0.994141
Q32:	|........ ........ ........ ........| ok p=1
Q33:	|........ ........ ..!..... ........| ok p=1
Q34:	|........ ........ ........ ........| ok p=1
Q35:	|........ ........ ........ ........| ok p=1
Q36:	|........ ........ ........ ........| ok p=1
Q37:	|........ ........ ........ ........| ok p=1
Q38:	|........ ........ ........ ........| ok p=1
Q39:	|........ ........ ........ ........| ok p=1
Q40:	|........ ........ ........ ........| ok p=1
Q41:	|........ ........ ........ ........| ok p=1
Q42:	|........ ........ ........ ........| ok p=1
Q43:	|........ ........ ........ ........| ok p=1
Q44:	|........ ........ ........ ........| ok p=1
Q45:	|........ ........ ........ ........| ok p=1
Q46:	|........ ........ ........ ........| ok p=1
Q47:	|........ ........ ........ ........| ok p=1
Q48:	|........ ........ ........ ........| ok p=1
Q49:	|........ ........ ........ ........| ok p=1
Q50:	|........ ........ ........ ........| ok p=1
Q51:	|........ ........ ........ ........| ok p=1
Q52:	|........ ........ ........ ........| ok p=1
Q53:	|........ ........ ........ ........| ok p=1
Q54:	|........ ........ ........ ........| ok p=1
Q55:	|........ ........ ........ ........| ok p=1
Q56:	|........ ........ ........ ........| ok p=1
Q57:	|........ ........ ........ ........| ok p=1
Q58:	|........ ........ ........ ........| ok p=1
Q59:	|........ ........ ........ ........| ok p=1
Q60:	|........ 0....... ........ ........| ok p=1
Q61:	|.......1 0....... ........ ........| ok p=1
Q62:	|.......0 +....... ........ ........| ok p=1
Q63:	|.......+ -....... ........ ........| ok p=0.99707
Q64:	|........ +....... ...+.... ........|
Saving 100000 paths...done.
Autobalance parameters: maxcond=42
Verified: 0 bad out of 179300
Estimating maxcond for upper bound 400000 (=100000 * 4)...
t=23: 0%   10   20   30   40   50   60   70   80   90   100%
      |----|----|----|----|----|----|----|----|----|----|
e     ***************************************************
Found maxcond = 53
t=23: 0%   10   20   30   40   50   60   70   80   90   100%
      |----|----|----|----|----|----|----|----|----|----|
      ***************************************************
Q20:	|........ ...-.... ........ ....-.+.|
Q21:	|1...1... .-.....1 ....1... ....-...|
Q22:	|+...-... .0.+...+ ....+... ........|
Q23:	|........ .+.+.... .......0 ....^...| ok p=0.99707
Q24:	|^...^.0. ...-...^ ....^..1 ...0....| ok p=1
Q25:	|........ .^.-.... .......- ...1....| ok p=0.522461
Q26:	|.....0+. ...1.... ..0..... ...-....| ok p=1
Q27:	|.....1+. ...0.... ..1....^ ........| ok p=0.99707
Q28:	|.....+-. ........ ..+..... ...^....| ok p=0.99707
Q29:	|......0. ........ ..0..... ........| ok p=1
Q30:	|.....^1. ........ ..-..... ........| ok p=1
Q31:	|........ ........ ..-..... ........| ok p=0.992188
Q32:	|........ ........ ........ ........| ok p=1
Q33:	|........ ........ ..!..... ........| ok p=1
Q34:	|........ ........ ........ ........| ok p=1
Q35:	|........ ........ ........ ........| ok p=1
Q36:	|........ ........ ........ ........| ok p=1
Q37:	|........ ........ ........ ........| ok p=1
Q38:	|........ ........ ........ ........| ok p=1
Q39:	|........ ........ ........ ........| ok p=1
Q40:	|........ ........ ........ ........| ok p=1
Q41:	|........ ........ ........ ........| ok p=1
Q42:	|........ ........ ........ ........| ok p=1
Q43:	|........ ........ ........ ........| ok p=1
Q44:	|........ ........ ........ ........| ok p=1
Q45:	|........ ........ ........ ........| ok p=1
Q46:	|........ ........ ........ ........| ok p=1
Q47:	|........ ........ ........ ........| ok p=1
Q48:	|........ ........ ........ ........| ok p=1
Q49:	|........ ........ ........ ........| ok p=1
Q50:	|........ ........ ........ ........| ok p=1
Q51:	|........ ........ ........ ........| ok p=1
Q52:	|........ ........ ........ ........| ok p=1
Q53:	|........ ........ ........ ........| ok p=1
Q54:	|........ ........ ........ ........| ok p=1
Q55:	|........ ........ ........ ........| ok p=1
Q56:	|........ ........ ........ ........| ok p=1
Q57:	|........ ........ ........ ........| ok p=1
Q58:	|........ ........ ........ ........| ok p=1
Q59:	|........ ........ ........ ........| ok p=1
Q60:	|........ 0....... ........ ........| ok p=1
Q61:	|.......1 0....... ........ ........| ok p=1
Q62:	|.......0 +....... ........ ........| ok p=1
Q63:	|.......+ -....... ........ ........| ok p=0.999023
Q64:	|........ +....... ...+.... ........|
Saving 100000 paths...done.
Autobalance parameters: maxcond=52
Verified: 0 bad out of 127199
Estimating maxcond for upper bound 400000 (=100000 * 4)...
t=22: 0%   10   20   30   40   50   60   70   80   90   100%
      |----|----|----|----|----|----|----|----|----|----|
e     ***************************************************
Found maxcond = 59
t=22: 0%   10   20   30   40   50   60   70   80   90   100%
      |----|----|----|----|----|----|----|----|----|----|
      ***************************************************
Q19:	|+.-..... ......-. ..+....+ .....-..|
Q20:	|....0... .......- 1...0... ....1-..|
Q21:	|+...1... .0.....0 -...1... ....-...|
Q22:	|+...-... .1.....+ ....+... .....^..| ok p=0.481445
Q23:	|0....... .+.0.... ^......0 ....^...| ok p=1
Q24:	|1...^.0. ...1...^ ....^..1 ...0....| ok p=0.998047
Q25:	|........ .^.-.... .......- ...1....| ok p=0.510742
Q26:	|.....0+. ........ ..0..... ...-....| ok p=1
Q27:	|.....1+. ...^.... ..1....^ ........| ok p=0.998047
Q28:	|.....+-. ........ ..+..... ...^....| ok p=0.993164
Q29:	|......0. ........ ..0..... ........| ok p=1
Q30:	|.....^1. ........ ..-..... ........| ok p=1
Q31:	|........ ........ ..-..... ........| ok p=0.993164
Q32:	|........ ........ ........ ........| ok p=1
Q33:	|........ ........ ..!..... ........| ok p=1
Q34:	|........ ........ ........ ........| ok p=1
Q35:	|........ ........ ........ ........| ok p=1
Q36:	|........ ........ ........ ........| ok p=1
Q37:	|........ ........ ........ ........| ok p=1
Q38:	|........ ........ ........ ........| ok p=1
Q39:	|........ ........ ........ ........| ok p=1
Q40:	|........ ........ ........ ........| ok p=1
Q41:	|........ ........ ........ ........| ok p=1
Q42:	|........ ........ ........ ........| ok p=1
Q43:	|........ ........ ........ ........| ok p=1
Q44:	|........ ........ ........ ........| ok p=1
Q45:	|........ ........ ........ ........| ok p=1
Q46:	|........ ........ ........ ........| ok p=1
Q47:	|........ ........ ........ ........| ok p=1
Q48:	|........ ........ ........ ........| ok p=1
Q49:	|........ ........ ........ ........| ok p=1
Q50:	|........ ........ ........ ........| ok p=1
Q51:	|........ ........ ........ ........| ok p=1
Q52:	|........ ........ ........ ........| ok p=1
Q53:	|........ ........ ........ ........| ok p=1
Q54:	|........ ........ ........ ........| ok p=1
Q55:	|........ ........ ........ ........| ok p=1
Q56:	|........ ........ ........ ........| ok p=1
Q57:	|........ ........ ........ ........| ok p=1
Q58:	|........ ........ ........ ........| ok p=1
Q59:	|........ ........ ........ ........| ok p=1
Q60:	|........ 0....... ........ ........| ok p=1
Q61:	|.......1 0....... ........ ........| ok p=1
Q62:	|.......0 +....... ........ ........| ok p=1
Q63:	|.......+ -....... ........ ........| ok p=1
Q64:	|........ +....... ...+.... ........|
Saving 100000 paths...done.
Autobalance parameters: maxcond=58
Verified: 0 bad out of 124184
Estimating maxcond for upper bound 400000 (=100000 * 4)...
t=21: 0%   10   20   30   40   50   60   70   80   90   100%
      |----|----|----|----|----|----|----|----|----|----|
e     ***************************************************
Found maxcond = 70
t=21: 0%   10   20   30   40   50   60   70   80   90   100%
      |----|----|----|----|----|----|----|----|----|----|
      ***************************************************
Q18:	|.....+.. .-...-.. .......+ .-...+..|
Q19:	|..-..... .......+ 0.+....+ ....0-..|
Q20:	|0...0... .......1 1...0... ....1-..|
Q21:	|1.^.1... .0.....1 -.^.1..^ ....-0..| ok p=0.428711
Q22:	|+...-... .1.....+ ....+... .....^..| ok p=0.396484
Q23:	|........ .+.0.... ^......0 ....^...| ok p=0.992188
Q24:	|^...^.0. ...1...^ ....^..1 ...0....| ok p=1
Q25:	|........ .^.-.... .......- ...1....| ok p=0.533203
Q26:	|.....0+. ........ ..0..... ...-....| ok p=1
Q27:	|.....1+. ...^.... ..1....^ ........| ok p=0.990234
Q28:	|.....+-. ........ ..+..... ...^....| ok p=0.993164
Q29:	|......0. ........ ..0..... ........| ok p=1
Q30:	|.....^1. ........ ..-..... ........| ok p=1
Q31:	|........ ........ ..-..... ........| ok p=0.993164
Q32:	|........ ........ ........ ........| ok p=1
Q33:	|........ ........ ..!..... ........| ok p=1
Q34:	|........ ........ ........ ........| ok p=1
Q35:	|........ ........ ........ ........| ok p=1
Q36:	|........ ........ ........ ........| ok p=1
Q37:	|........ ........ ........ ........| ok p=1
Q38:	|........ ........ ........ ........| ok p=1
Q39:	|........ ........ ........ ........| ok p=1
Q40:	|........ ........ ........ ........| ok p=1
Q41:	|........ ........ ........ ........| ok p=1
Q42:	|........ ........ ........ ........| ok p=1
Q43:	|........ ........ ........ ........| ok p=1
Q44:	|........ ........ ........ ........| ok p=1
Q45:	|........ ........ ........ ........| ok p=1
Q46:	|........ ........ ........ ........| ok p=1
Q47:	|........ ........ ........ ........| ok p=1
Q48:	|........ ........ ........ ........| ok p=1
Q49:	|........ ........ ........ ........| ok p=1
Q50:	|........ ........ ........ ........| ok p=1
Q51:	|........ ........ ........ ........| ok p=1
Q52:	|........ ........ ........ ........| ok p=1
Q53:	|........ ........ ........ ........| ok p=1
Q54:	|........ ........ ........ ........| ok p=1
Q55:	|........ ........ ........ ........| ok p=1
Q56:	|........ ........ ........ ........| ok p=1
Q57:	|........ ........ ........ ........| ok p=1
Q58:	|........ ........ ........ ........| ok p=1
Q59:	|........ ........ ........ ........| ok p=1
Q60:	|........ 0....... ........ ........| ok p=1
Q61:	|.......1 0....... ........ ........| ok p=1
Q62:	|.......0 +....... ........ ........| ok p=1
Q63:	|.......+ -....... ........ ........| ok p=0.998047
Q64:	|........ +....... ...+.... ........|
Saving 100000 paths...done.
Autobalance parameters: maxcond=69
Verified: 0 bad out of 112998
Runtime: 26.3095
Extend MD5 differential paths backward
Copyright (C) 2009 Marc Stevens
http://homepages.cwi.nl/~stevens/

delta_m[11] = [!13!]
Loading workdir5/paths21_0of1...done: 100000 (work:100000).
Estimating maxcond for upper bound 65536 (=16384 * 4)...
t=20: 0%   10   20   30   40   50   60   70   80   90   100%
      |----|----|----|----|----|----|----|----|----|----|
e     ***************************************************
Found maxcond = 83
t=20: 0%   10   20   30   40   50   60   70   80   90   100%
      |----|----|----|----|----|----|----|----|----|----|
      ***************************************************
Q17:	|..-..... ........ -....+.. .....-..|
Q18:	|..1..+.. .+...-.. -.1....1 .+..+...|
Q19:	|..-..... ........ +.+....+ ....0-..|
Q20:	|0...0^.. .^...^.1 0...0... .^..1-..| ok p=0.673828
Q21:	|1.^.1... .0.....1 +.^.1..^ ....-1..| ok p=0.541992
Q22:	|+...-... .1.....+ ....+... .....^..| ok p=0.429688
Q23:	|........ .+.0...1 ^......0 ....^...| ok p=0.996094
Q24:	|^...^.0. ...1...0 ....^..1 ...0....| ok p=1
Q25:	|........ .^.-.... .......- ...1....| ok p=0.53418
Q26:	|.....0+. ........ ..0..... ...-....| ok p=1
Q27:	|.....1+. ...^.... ..1....^ ........| ok p=0.994141
Q28:	|.....+-. ........ ..+..... ...^....| ok p=0.994141
Q29:	|......0. ........ ..0..... ........| ok p=1
Q30:	|.....^1. ........ ..-..... ........| ok p=1
Q31:	|........ ........ ..-..... ........| ok p=0.990234
Q32:	|........ ........ ........ ........| ok p=1
Q33:	|........ ........ ..!..... ........| ok p=1
Q34:	|........ ........ ........ ........| ok p=1
Q35:	|........ ........ ........ ........| ok p=1
Q36:	|........ ........ ........ ........| ok p=1
Q37:	|........ ........ ........ ........| ok p=1
Q38:	|........ ........ ........ ........| ok p=1
Q39:	|........ ........ ........ ........| ok p=1
Q40:	|........ ........ ........ ........| ok p=1
Q41:	|........ ........ ........ ........| ok p=1
Q42:	|........ ........ ........ ........| ok p=1
Q43:	|........ ........ ........ ........| ok p=1
Q44:	|........ ........ ........ ........| ok p=1
Q45:	|........ ........ ........ ........| ok p=1
Q46:	|........ ........ ........ ........| ok p=1
Q47:	|........ ........ ........ ........| ok p=1
Q48:	|........ ........ ........ ........| ok p=1
Q49:	|........ ........ ........ ........| ok p=1
Q50:	|........ ........ ........ ........| ok p=1
Q51:	|........ ........ ........ ........| ok p=1
Q52:	|........ ........ ........ ........| ok p=1
Q53:	|........ ........ ........ ........| ok p=1
Q54:	|........ ........ ........ ........| ok p=1
Q55:	|........ ........ ........ ........| ok p=1
Q56:	|........ ........ ........ ........| ok p=1
Q57:	|........ ........ ........ ........| ok p=1
Q58:	|........ ........ ........ ........| ok p=1
Q59:	|........ ........ ........ ........| ok p=1
Q60:	|........ 0....... ........ ........| ok p=1
Q61:	|.......1 0....... ........ ........| ok p=1
Q62:	|.......0 +....... ........ ........| ok p=1
Q63:	|.......+ -....... ........ ........| ok p=1
Q64:	|........ +....... ...+.... ........|
Saving 16384 paths...done.
Autobalance parameters: maxcond=82
Verified: 0 bad out of 21946
Runtime: 4.97552
Extend MD5 differential paths backward
Copyright (C) 2009 Marc Stevens
http://homepages.cwi.nl/~stevens/

delta_m[11] = [!13!]
Loading workdir5/paths20_0of1...done: 16384 (work:16384).
Estimating maxcond for upper bound 2000000 (=500000 * 4)...
t=19: 0%   10   20   30   40   50   60   70   80   90   100%
      |----|----|----|----|----|----|----|----|----|----|
e     ***************************************************
Found maxcond = 94
t=19: 0%   10   20   30   40   50   60   70   80   90   100%
      |----|----|----|----|----|----|----|----|----|----|
      ***************************************************
Q16:	|..+...-. ...-..+. .-.....+ .....-..|
Q17:	|..-..1.. .1...... ..0..-.. .1...+..|
Q18:	|..1..+.. .-....-. ..1....+ .-...+..|
Q19:	|..-..... ......-. 0.+..^.+ ....01..| ok p=0.738281
Q20:	|0...0^.. .^....00 1...0..0 .^..1-..| ok p=1
Q21:	|1.^.1... .0....11 -.^.1..^ ....-0..| ok p=0.488281
Q22:	|-...-... .1.....+ ....+... .....1..| ok p=0.455078
Q23:	|........ .+.0.... ^......0 ....^...| ok p=0.995117
Q24:	|^...^.0. ...1...^ ....^..1 ...0....| ok p=0.99707
Q25:	|........ .^.-.... .......- ...1....| ok p=0.499023
Q26:	|.....0+. ........ ..0..... ...-....| ok p=1
Q27:	|.....1+. ...^.... ..1....^ ........| ok p=0.990234
Q28:	|.....+-. ........ ..+..... ...^....| ok p=0.994141
Q29:	|......0. ........ ..0..... ........| ok p=1
Q30:	|.....^1. ........ ..-..... ........| ok p=1
Q31:	|........ ........ ..-..... ........| ok p=0.992188
Q32:	|........ ........ ........ ........| ok p=1
Q33:	|........ ........ ..!..... ........| ok p=1
Q34:	|........ ........ ........ ........| ok p=1
Q35:	|........ ........ ........ ........| ok p=1
Q36:	|........ ........ ........ ........| ok p=1
Q37:	|........ ........ ........ ........| ok p=1
Q38:	|........ ........ ........ ........| ok p=1
Q39:	|........ ........ ........ ........| ok p=1
Q40:	|........ ........ ........ ........| ok p=1
Q41:	|........ ........ ........ ........| ok p=1
Q42:	|........ ........ ........ ........| ok p=1
Q43:	|........ ........ ........ ........| ok p=1
Q44:	|........ ........ ........ ........| ok p=1
Q45:	|........ ........ ........ ........| ok p=1
Q46:	|........ ........ ........ ........| ok p=1
Q47:	|........ ........ ........ ........| ok p=1
Q48:	|........ ........ ........ ........| ok p=1
Q49:	|........ ........ ........ ........| ok p=1
Q50:	|........ ........ ........ ........| ok p=1
Q51:	|........ ........ ........ ........| ok p=1
Q52:	|........ ........ ........ ........| ok p=1
Q53:	|........ ........ ........ ........| ok p=1
Q54:	|........ ........ ........ ........| ok p=1
Q55:	|........ ........ ........ ........| ok p=1
Q56:	|........ ........ ........ ........| ok p=1
Q57:	|........ ........ ........ ........| ok p=1
Q58:	|........ ........ ........ ........| ok p=1
Q59:	|........ ........ ........ ........| ok p=1
Q60:	|........ 0....... ........ ........| ok p=1
Q61:	|.......1 0....... ........ ........| ok p=1
Q62:	|.......0 +....... ........ ........| ok p=1
Q63:	|.......+ -....... ........ ........| ok p=0.998047
Q64:	|........ +....... ...+.... ........|
Saving 500000 paths...done.
Autobalance parameters: maxcond=93
Verified: 0 bad out of 758524
Estimating maxcond for upper bound 2000000 (=500000 * 4)...
t=18: 0%   10   20   30   40   50   60   70   80   90   100%
      |----|----|----|----|----|----|----|----|----|----|
e     ***************************************************
Found maxcond = 105
t=18: 0%   10   20   30   40   50   60   70   80   90   100%
      |----|----|----|----|----|----|----|----|----|----|
      ***************************************************
Q15:	|+......+ ..-....- .+.+...+ ...+.-..|
Q16:	|.....--. .+.-..+. .....1.+ .+......|
Q17:	|..1..0.. .0....0. ..0..-.1 .0...+..|
Q18:	|..0..+^. .-.^..-. ..1....+ .-...+..| ok p=0.433594
Q19:	|..-..... ......+. 0.+..^.+ ....0-..| ok p=0.769531
Q20:	|0...0^.. .^....10 1...0..0 .^..1-..| ok p=1
Q21:	|1.^.1... .0....01 -.^.1..^ ....-0..| ok p=0.436523
Q22:	|+...-... .1.....+ ....+... .....^..| ok p=0.432617
Q23:	|........ .+.0.... ^......0 ....^...| ok p=0.993164
Q24:	|^...^.0. ...1...^ ....^..1 ...0....| ok p=1
Q25:	|........ .^.-.... .......- ...1....| ok p=0.546875
Q26:	|.....0+. ........ ..0..... ...-....| ok p=1
Q27:	|.....1+. ...^.... ..1....^ ........| ok p=0.993164
Q28:	|.....+-. ........ ..+..... ...^....| ok p=0.992188
Q29:	|......0. ........ ..0..... ........| ok p=1
Q30:	|.....^1. ........ ..-..... ........| ok p=1
Q31:	|........ ........ ..-..... ........| ok p=0.990234
Q32:	|........ ........ ........ ........| ok p=1
Q33:	|........ ........ ..!..... ........| ok p=1
Q34:	|........ ........ ........ ........| ok p=1
Q35:	|........ ........ ........ ........| ok p=1
Q36:	|........ ........ ........ ........| ok p=1
Q37:	|........ ........ ........ ........| ok p=1
Q38:	|........ ........ ........ ........| ok p=1
Q39:	|........ ........ ........ ........| ok p=1
Q40:	|........ ........ ........ ........| ok p=1
Q41:	|........ ........ ........ ........| ok p=1
Q42:	|........ ........ ........ ........| ok p=1
Q43:	|........ ........ ........ ........| ok p=1
Q44:	|........ ........ ........ ........| ok p=1
Q45:	|........ ........ ........ ........| ok p=1
Q46:	|........ ........ ........ ........| ok p=1
Q47:	|........ ........ ........ ........| ok p=1
Q48:	|........ ........ ........ ........| ok p=1
Q49:	|........ ........ ........ ........| ok p=1
Q50:	|........ ........ ........ ........| ok p=1
Q51:	|........ ........ ........ ........| ok p=1
Q52:	|........ ........ ........ ........| ok p=1
Q53:	|........ ........ ........ ........| ok p=1
Q54:	|........ ........ ........ ........| ok p=1
Q55:	|........ ........ ........ ........| ok p=1
Q56:	|........ ........ ........ ........| ok p=1
Q57:	|........ ........ ........ ........| ok p=1
Q58:	|........ ........ ........ ........| ok p=1
Q59:	|........ ........ ........ ........| ok p=1
Q60:	|........ 0....... ........ ........| ok p=1
Q61:	|.......1 0....... ........ ........| ok p=1
Q62:	|.......0 +....... ........ ........| ok p=1
Q63:	|.......+ -....... ........ ........| ok p=0.998047
Q64:	|........ +....... ...+.... ........|
Saving 500000 paths...done.
Autobalance parameters: maxcond=104
Verified: 0 bad out of 688294
Estimating maxcond for upper bound 2000000 (=500000 * 4)...
t=17: 0%   10   20   30   40   50   60   70   80   90   100%
      |----|----|----|----|----|----|----|----|----|----|
e     ***************************************************
Found maxcond = 123
t=17: 0%   10   20   30   40   50   60   70   80   90   100%
      |----|----|----|----|----|----|----|----|----|----|
      ***************************************************
Q14:	|+.-..... .......+ .....-.. +..+..-.|
Q15:	|.....-1+ ..-....- 0.--.-.- .....+..|
Q16:	|.....++. .....0.1 ..-..0.+ .0...-..|
Q17:	|..0..1.^ ..^..1.+ +.0^.+.0 .1...+..| ok p=0.496094
Q18:	|..0..+^. .0...-.0 +.+....+ .-...+..| ok p=0.81543
Q19:	|..-..... .......- -.+..^.. ....0-..| ok p=0.829102
Q20:	|0...0^.. .-...^.- 0.0.0..^ .^..1-..| ok p=1
Q21:	|1.^.1... .-.....0 -.1.1... ....-0..| ok p=0.508789
Q22:	|-...-... .+.....+ ....+... .....^..| ok p=0.4375
Q23:	|........ .+.0.... ^......0 ....^...| ok p=0.998047
Q24:	|^...^.0. .1.1...^ ....^..1 ...0....| ok p=1
Q25:	|........ .0.-.... .......- ...1....| ok p=0.553711
Q26:	|.....0+. ........ ..0..... ...-....| ok p=1
Q27:	|.....1+. ...^.... ..1....^ ........| ok p=0.99707
Q28:	|.....+-. ........ ..+..... ...^....| ok p=0.994141
Q29:	|......0. ........ ..0..... ........| ok p=1
Q30:	|.....^1. ........ ..-..... ........| ok p=1
Q31:	|........ ........ ..-..... ........| ok p=0.995117
Q32:	|........ ........ ........ ........| ok p=1
Q33:	|........ ........ ..!..... ........| ok p=1
Q34:	|........ ........ ........ ........| ok p=1
Q35:	|........ ........ ........ ........| ok p=1
Q36:	|........ ........ ........ ........| ok p=1
Q37:	|........ ........ ........ ........| ok p=1
Q38:	|........ ........ ........ ........| ok p=1
Q39:	|........ ........ ........ ........| ok p=1
Q40:	|........ ........ ........ ........| ok p=1
Q41:	|........ ........ ........ ........| ok p=1
Q42:	|........ ........ ........ ........| ok p=1
Q43:	|........ ........ ........ ........| ok p=1
Q44:	|........ ........ ........ ........| ok p=1
Q45:	|........ ........ ........ ........| ok p=1
Q46:	|........ ........ ........ ........| ok p=1
Q47:	|........ ........ ........ ........| ok p=1
Q48:	|........ ........ ........ ........| ok p=1
Q49:	|........ ........ ........ ........| ok p=1
Q50:	|........ ........ ........ ........| ok p=1
Q51:	|........ ........ ........ ........| ok p=1
Q52:	|........ ........ ........ ........| ok p=1
Q53:	|........ ........ ........ ........| ok p=1
Q54:	|........ ........ ........ ........| ok p=1
Q55:	|........ ........ ........ ........| ok p=1
Q56:	|........ ........ ........ ........| ok p=1
Q57:	|........ ........ ........ ........| ok p=1
Q58:	|........ ........ ........ ........| ok p=1
Q59:	|........ ........ ........ ........| ok p=1
Q60:	|........ 0....... ........ ........| ok p=1
Q61:	|.......1 0....... ........ ........| ok p=1
Q62:	|.......0 +....... ........ ........| ok p=1
Q63:	|.......+ -....... ........ ........| ok p=0.999023
Q64:	|........ +....... ...+.... ........|
Saving 500000 paths...done.
Autobalance parameters: maxcond=122
Verified: 0 bad out of 893785
Estimating maxcond for upper bound 2000000 (=500000 * 4)...
t=16: 0%   10   20   30   40   50   60   70   80   90   100%
      |----|----|----|----|----|----|----|----|----|----|
e     ***************************************************
Found maxcond = 135
t=16: 0%   10   20   30   40   50   60   70   80   90   100%
      |----|----|----|----|----|----|----|----|----|----|
      ***************************************************
Q13:	|.......- ..+...-. +..+.... .-.+....|
Q14:	|1.-...+1 ........ 1..1...- .....1.-|
Q15:	|+.1...0+ ...-..+. -.--.0.+ .....-..|
Q16:	|..+..0-. .0.-..+. ..-..1.+ .0...1.^| ok p=0.564453
Q17:	|^.0..1.^ .1.0..1. ^.1^.-.- .1...+..| ok p=0.96875
Q18:	|..0..+^. .-.1..-. ..1....+ .-...+..| ok p=0.43457
Q19:	|..-..... ......-. 0.+..^.+ ....0-..| ok p=0.751953
Q20:	|0...0^.. .^....00 1...0..1 .^..1-..| ok p=1
Q21:	|1.^.1... .0....11 -.^.1..^ ....-0..| ok p=0.466797
Q22:	|+...-... .1.....+ ....+... .....^..| ok p=0.488281
Q23:	|........ .+.0.... ^......0 ....^...| ok p=0.994141
Q24:	|^...^.0. ...1...^ ....^..1 ...0....| ok p=0.999023
Q25:	|........ .^.-.... .......- ...1....| ok p=0.532227
Q26:	|.....0+. ........ ..0..... ...-....| ok p=1
Q27:	|.....1+. ...^.... ..1....^ ........| ok p=0.992188
Q28:	|.....+-. ........ ..+..... ...^....| ok p=0.994141
Q29:	|......0. ........ ..0..... ........| ok p=1
Q30:	|.....^1. ........ ..-..... ........| ok p=1
Q31:	|........ ........ ..-..... ........| ok p=0.991211
Q32:	|........ ........ ........ ........| ok p=1
Q33:	|........ ........ ..!..... ........| ok p=1
Q34:	|........ ........ ........ ........| ok p=1
Q35:	|........ ........ ........ ........| ok p=1
Q36:	|........ ........ ........ ........| ok p=1
Q37:	|........ ........ ........ ........| ok p=1
Q38:	|........ ........ ........ ........| ok p=1
Q39:	|........ ........ ........ ........| ok p=1
Q40:	|........ ........ ........ ........| ok p=1
Q41:	|........ ........ ........ ........| ok p=1
Q42:	|........ ........ ........ ........| ok p=1
Q43:	|........ ........ ........ ........| ok p=1
Q44:	|........ ........ ........ ........| ok p=1
Q45:	|........ ........ ........ ........| ok p=1
Q46:	|........ ........ ........ ........| ok p=1
Q47:	|........ ........ ........ ........| ok p=1
Q48:	|........ ........ ........ ........| ok p=1
Q49:	|........ ........ ........ ........| ok p=1
Q50:	|........ ........ ........ ........| ok p=1
Q51:	|........ ........ ........ ........| ok p=1
Q52:	|........ ........ ........ ........| ok p=1
Q53:	|........ ........ ........ ........| ok p=1
Q54:	|........ ........ ........ ........| ok p=1
Q55:	|........ ........ ........ ........| ok p=1
Q56:	|........ ........ ........ ........| ok p=1
Q57:	|........ ........ ........ ........| ok p=1
Q58:	|........ ........ ........ ........| ok p=1
Q59:	|........ ........ ........ ........| ok p=1
Q60:	|........ 0....... ........ ........| ok p=1
Q61:	|.......1 0....... ........ ........| ok p=1
Q62:	|.......0 +....... ........ ........| ok p=1
Q63:	|.......+ -....... ........ ........| ok p=0.999023
Q64:	|........ +....... ...+.... ........|
Saving 500000 paths...done.
Autobalance parameters: maxcond=134
Verified: 0 bad out of 554624
Runtime: 106.468
