Connect MD5 differential paths
Copyright (C) 2009 Marc Stevens
http://homepages.cwi.nl/~stevens/

delta_m[11] = [!13!]
Loading workdir5/paths16_0of1.bin.gz...done: 500000.
Loading workdir5/paths11_0of1.bin.gz...done: 500000.
t=12: 0%   10   20   30   40   50   60   70   80   90   100%
      |----|----|----|----|----|----|----|----|----|----|
      *Q-3:	|01101010 11001010 11111111 10001100|
Q-2:	|0+-1-+1- +1010111 11000001 101-++++|
Q-1:	|101+++10 -0001010 10000101 0111110-|
Q0:	|1+-0-1++ 10++000- +0-+0101 1100110-| ok p=0.415039
Q1:	|.+0+0+10 0-0-...- +00--..+ 1..-...+| ok p=0.711914
Q2:	|1+101+10 .-1-...0 1+0+11.0 -..0...+| ok p=1
Q3:	|0.-+.+.1 .-.-...- 1101+0.1 0..0.0..| ok p=1
Q4:	|111-...0 .-!....- .-.011.. 1..-.0.1| ok p=1
Q5:	|-.+1.0.- ...1...- .+..-1.. +!.+.-.1| ok p=1
Q6:	|+.+-...1 .0.....- .+..1+.^ 1..+.+.-| ok p=1
Q7:	|+..+...+ .......1 ^1..+1.+ 1..-.0.-| ok p=1
Q8:	|-.1+...1 .^.....0 .01.-110 +0.-.0..| ok p=1
Q9:	|+0.+...- .+1...1. .+1.0101 011....1| ok p=1
Q10:	|+10.0.11 100..011 1++1+1+1 0101.011| ok p=1
Q11:	|0111111- 01-001-0 0--0+1+0 1110^000| ok p=1
Q12:	|1--1-0+1 +++11+-- +11-+-0- ---+----| ok p=1
Q13:	|1---+++- 0+--++++ -01+++-+ +++-1+10| ok p=1
Q14:	|0.001000 1.1+1.11 1.110+1- 10101+1-| ok p=1
Q15:	|-110111+ .01-0000 -.-0--1+ 1000.-.1| ok p=0.585938
Q16:	|..+..0-. .0.-..+. ..-..0.+ .0...0.1| ok p=0.425781
Q17:	|^.-..1.^ .1.0..0. ^.1.^-.- .1...+..| ok p=0.842773
Q18:	|..1..+^. .-.1..-. ..1....+ .-...+..| ok p=0.423828
Q19:	|..-..... ......-. 0.+..^.+ ....0-..| ok p=0.777344
Q20:	|0...0^.. .^....00 1...0..1 .^..1-..| ok p=1
Q21:	|1.^.1... .0....11 -.^.1..1 ....-0..| ok p=0.438477
Q22:	|+...-... .1.....+ ....+... .....0..| ok p=0.484375
Q23:	|........ .+.0.... ^......0 ....^...| ok p=0.99707
Q24:	|^...^.0. ...1...^ ....^..1 ...0....| ok p=0.999023
Q25:	|........ .^.-.... .......- ...1....| ok p=0.521484
Q26:	|.....0+. ........ ..0..... ...-....| ok p=1
Q27:	|.....1+. ...^.... ..1....^ ........| ok p=0.987305
Q28:	|.....+-. ........ ..+..... ...^....| ok p=0.996094
Q29:	|......0. ........ ..0..... ........| ok p=1
Q30:	|.....^1. ........ ..-..... ........| ok p=1
Q31:	|........ ........ ..-..... ........| ok p=0.994141
Q32:	|........ ........ ........ ........| ok p=1
Q33:	|........ ........ ..!..... ........| ok p=1
Q34:	|........ ........ ........ ........| ok p=1
Q35:	|........ ........ ........ ........| ok p=1
Q36:	|........ ........ ........ ........| ok p=1
Q37:	|........ ........ ........ ........| ok p=1
Q38:	|........ ........ ........ ........| ok p=1
Q39:	|........ ........ ........ ........| ok p=1
Q40:	|........ ........ ........ ........| ok p=1
Q41:	|........ ........ ........ ........| ok p=1
Q42:	|........ ........ ........ ........| ok p=1
Q43:	|........ ........ ........ ........| ok p=1
Q44:	|........ ........ ........ ........| ok p=1
Q45:	|........ ........ ........ ........| ok p=1
Q46:	|........ ........ ........ ........| ok p=1
Q47:	|........ ........ ........ ........| ok p=1
Q48:	|........ ........ ........ ........| ok p=1
Q49:	|........ ........ ........ ........| ok p=1
Q50:	|........ ........ ........ ........| ok p=1
Q51:	|........ ........ ........ ........| ok p=1
Q52:	|........ ........ ........ ........| ok p=1
Q53:	|........ ........ ........ ........| ok p=1
Q54:	|........ ........ ........ ........| ok p=1
Q55:	|........ ........ ........ ........| ok p=1
Q56:	|........ ........ ........ ........| ok p=1
Q57:	|........ ........ ........ ........| ok p=1
Q58:	|........ ........ ........ ........| ok p=1
Q59:	|........ ........ ........ ........| ok p=1
Q60:	|........ 0....... ........ ........| ok p=1
Q61:	|.......1 0....... ........ ........| ok p=1
Q62:	|.......0 +....... ........ ........| ok p=1
Q63:	|.......+ -....... ........ ........| ok p=0.998047
Q64:	|........ +....... ...+.... ........|
Best path: totcompl=-31 tottunnel=31, totcond=579, p=0.00211046
Q-3:	|01101010 11001010 11111111 10001100|
Q-2:	|0+-1-+1- +1010111 11000001 101-++++|
Q-1:	|101+++10 -0001010 10000101 0111110-|
Q0:	|1+-0-1++ 10++000- +0-+0101 1100110-| ok p=0.398438
Q1:	|.+0+0+10 0-0-...- +00--..+ 1..-...+| ok p=0.722656
Q2:	|1+101+10 .-1-...0 1+0+11.0 -..0...+| ok p=1
Q3:	|0.-+.+.1 .-.-...- 1101+0.1 0..0....| ok p=1
Q4:	|111-...0 .-!....- .-.011.. 1..-.^01| ok p=1
Q5:	|-.+1.0.- ...0...- .+..-1.. +!.+.-0.| ok p=1
Q6:	|+.+-...1 .0.....- 0+..1+.^ 1..+.0+.| ok p=1
Q7:	|+.0+...+ .......1 .1..+0.+ 1..-.0-.| ok p=1
Q8:	|+.1+...1 .^.....0 .0..-1^0 +..-..-.| ok p=1
Q9:	|+.0+...- .+..0... 0+..00-1 +!....-.| ok p=1
Q10:	|+1111.10 00..0110 1+0.0111 +01011-.| ok p=1
Q11:	|1010101- 1-.0-000 +0001+-0 +11010-^| ok p=1
Q12:	|-+-++1+1 -+^1+--- -+-1--0- 0--++-+-| ok p=1
Q13:	|1---+++- 0+-100-+ --++0+-1 +++-+-01| ok p=1
Q14:	|0000.0+0 1.0+0110 11-01+1- 0010.+1-| ok p=1
Q15:	|+011010+ .10-..+1 -1-1--1+ 00111-.1| ok p=0.548828
Q16:	|..+..0-. .0.-..+. ..0..0.+ .0...0.1| ok p=0.435547
Q17:	|^.-..1.^ .1.0..1. ^.0.^-.- .1...+..| ok p=0.84375
Q18:	|..1..+^. .-.1..-. ..1....+ .-...+..| ok p=0.397461
Q19:	|..-..... ......-. 0.+..^.+ ....0-..| ok p=0.757812
Q20:	|0...0^.. .^....00 1...0..1 .^..1-..| ok p=1
Q21:	|1.^.1... .0....11 -.^.1..1 ....-0..| ok p=0.429688
Q22:	|+...-... .1.....+ ....+... .....0..| ok p=0.481445
Q23:	|........ .+.0.... ^......0 ....^...| ok p=0.999023
Q24:	|^...^.0. ...1...^ ....^..1 ...0....| ok p=0.998047
Q25:	|........ .^.-.... .......- ...1....| ok p=0.541016
Q26:	|.....0+. ........ ..0..... ...-....| ok p=1
Q27:	|.....1+. ...^.... ..1....^ ........| ok p=0.99707
Q28:	|.....+-. ........ ..+..... ...^....| ok p=0.995117
Q29:	|......0. ........ ..0..... ........| ok p=1
Q30:	|.....^1. ........ ..-..... ........| ok p=1
Q31:	|........ ........ ..-..... ........| ok p=0.990234
Q32:	|........ ........ ........ ........| ok p=1
Q33:	|........ ........ ..!..... ........| ok p=1
Q34:	|........ ........ ........ ........| ok p=1
Q35:	|........ ........ ........ ........| ok p=1
Q36:	|........ ........ ........ ........| ok p=1
Q37:	|........ ........ ........ ........| ok p=1
Q38:	|........ ........ ........ ........| ok p=1
Q39:	|........ ........ ........ ........| ok p=1
Q40:	|........ ........ ........ ........| ok p=1
Q41:	|........ ........ ........ ........| ok p=1
Q42:	|........ ........ ........ ........| ok p=1
Q43:	|........ ........ ........ ........| ok p=1
Q44:	|........ ........ ........ ........| ok p=1
Q45:	|........ ........ ........ ........| ok p=1
Q46:	|........ ........ ........ ........| ok p=1
Q47:	|........ ........ ........ ........| ok p=1
Q48:	|........ ........ ........ ........| ok p=1
Q49:	|........ ........ ........ ........| ok p=1
Q50:	|........ ........ ........ ........| ok p=1
Q51:	|........ ........ ........ ........| ok p=1
Q52:	|........ ........ ........ ........| ok p=1
Q53:	|........ ........ ........ ........| ok p=1
Q54:	|........ ........ ........ ........| ok p=1
Q55:	|........ ........ ........ ........| ok p=1
Q56:	|........ ........ ........ ........| ok p=1
Q57:	|........ ........ ........ ........| ok p=1
Q58:	|........ ........ ........ ........| ok p=1
Q59:	|........ ........ ........ ........| ok p=1
Q60:	|........ 0....... ........ ........| ok p=1
Q61:	|.......1 0....... ........ ........| ok p=1
Q62:	|.......0 +....... ........ ........| ok p=1
Q63:	|.......+ -....... ........ ........| ok p=0.999023
Q64:	|........ +....... ...+.... ........|
Best path: totcompl=-29 tottunnel=33, totcond=576, p=0.00215339
Q-3:	|01101010 11001010 11111111 10001100|
Q-2:	|0+-1-+1- +1010111 11000001 101-++++|
Q-1:	|101+++10 -0001010 10000101 0111110-|
Q0:	|1+-0-1++ 10++000- +0-+0101 1100110-| ok p=0.382812
Q1:	|.+0+0+10 0-0-...- +00--..+ 1..-...+| ok p=0.707031
Q2:	|1+101+10 .-1-...0 1+0+11.0 -..0...+| ok p=1
Q3:	|0.-+.+.1 .-.-...- 1101+0.1 0..0....| ok p=1
Q4:	|111-...0 .-!....- .-.011.. 1..-.^01| ok p=1
Q5:	|-.+1.0.- ...0...- .+..-1.. +.!+.-0.| ok p=1
Q6:	|+.+-...1 .0.....- 0+..1+.^ 1..+.0+.| ok p=1
Q7:	|+..+...+ .......1 .1..+0.+ 1..-.0-.| ok p=1
Q8:	|+!1+...1 .^.....0 .0..-1^0 +..-..-.| ok p=1
Q9:	|+.0+...- .+..0... 1+..1.-1 +.!...-0| ok p=1
Q10:	|+0111..- .1..0100 0+1.001+ -100.1-1| ok p=1
Q11:	|111010^1 .-0.-000 +01^01++ 1010.0-+| ok p=1
Q12:	|-++++1++ ^010+--- -1----1- 0-++^+1+| ok p=1
Q13:	|+0+-++0+ +--010-+ 0-+1++++ -+0++-+-| ok p=1
Q14:	|0100.0+0 110+0110 01-1010- 010.0+1-| ok p=1
Q15:	|+111010+ 101-..+1 -0--001+ 01.11-10| ok p=0.563477
Q16:	|..+..0-. .0.-..+. ..0..1.+ .0...0.1| ok p=0.466797
Q17:	|^.-..1.^ .1.0..1. ^.0^.-.- .1...+..| ok p=0.852539
Q18:	|..1..+^. .-.1..-. ..1....+ .-...+..| ok p=0.393555
Q19:	|..-..... ......-. 0.+..^.+ ....0-..| ok p=0.760742
Q20:	|0...0^.. .^....00 1...0..1 .^..1-..| ok p=1
Q21:	|1.^.1... .0....11 -.^.1..1 ....-0..| ok p=0.47168
Q22:	|-...-... .1.....+ ....+... .....0..| ok p=0.456055
Q23:	|........ .+.0.... ^......0 ....^...| ok p=0.992188
Q24:	|^...^.0. ...1...^ ....^..1 ...0....| ok p=1
Q25:	|........ .^.-.... .......- ...1....| ok p=0.567383
Q26:	|.....0+. ........ ..0..... ...-....| ok p=1
Q27:	|.....1+. ...^.... ..1....^ ........| ok p=0.994141
Q28:	|.....+-. ........ ..+..... ...^....| ok p=0.994141
Q29:	|......0. ........ ..0..... ........| ok p=1
Q30:	|.....^1. ........ ..-..... ........| ok p=1
Q31:	|........ ........ ..-..... ........| ok p=0.987305
Q32:	|........ ........ ........ ........| ok p=1
Q33:	|........ ........ ..!..... ........| ok p=1
Q34:	|........ ........ ........ ........| ok p=1
Q35:	|........ ........ ........ ........| ok p=1
Q36:	|........ ........ ........ ........| ok p=1
Q37:	|........ ........ ........ ........| ok p=1
Q38:	|........ ........ ........ ........| ok p=1
Q39:	|........ ........ ........ ........| ok p=1
Q40:	|........ ........ ........ ........| ok p=1
Q41:	|........ ........ ........ ........| ok p=1
Q42:	|........ ........ ........ ........| ok p=1
Q43:	|........ ........ ........ ........| ok p=1
Q44:	|........ ........ ........ ........| ok p=1
Q45:	|........ ........ ........ ........| ok p=1
Q46:	|........ ........ ........ ........| ok p=1
Q47:	|........ ........ ........ ........| ok p=1
Q48:	|........ ........ ........ ........| ok p=1
Q49:	|........ ........ ........ ........| ok p=1
Q50:	|........ ........ ........ ........| ok p=1
Q51:	|........ ........ ........ ........| ok p=1
Q52:	|........ ........ ........ ........| ok p=1
Q53:	|........ ........ ........ ........| ok p=1
Q54:	|........ ........ ........ ........| ok p=1
Q55:	|........ ........ ........ ........| ok p=1
Q56:	|........ ........ ........ ........| ok p=1
Q57:	|........ ........ ........ ........| ok p=1
Q58:	|........ ........ ........ ........| ok p=1
Q59:	|........ ........ ........ ........| ok p=1
Q60:	|........ 0....... ........ ........| ok p=1
Q61:	|.......1 0....... ........ ........| ok p=1
Q62:	|.......0 +....... ........ ........| ok p=1
Q63:	|.......+ -....... ........ ........| ok p=0.998047
Q64:	|........ +....... ...+.... ........|
Best path: totcompl=-29 tottunnel=33, totcond=574, p=0.00167515
Q-3:	|01101010 11001010 11111111 10001100|
Q-2:	|0+-1-+1- +1010111 11000001 101-++++|
Q-1:	|101+++10 -0001010 10000101 0111110-|
Q0:	|1+-0-1++ 10++000- +0-+0101 1100110-| ok p=0.391602
Q1:	|.+0+0+10 0-0-...- +00--..+ 1..-...+| ok p=0.72168
Q2:	|1+101+10 .-1-...0 1+0+11.0 -..0...+| ok p=1
Q3:	|0.-+.+.1 .-.-...- 1101+0.1 0..0....| ok p=1
Q4:	|111-...0 .-!....- .-.011.. 1..-.^01| ok p=1
Q5:	|-.+1.0.- ...0...- .+..-1.. +!.+.-0.| ok p=1
Q6:	|+.+-...1 .0.....- .+..1+.^ 1..+.0+.| ok p=1
Q7:	|+..+...+ .......1 ^1..+0.+ 1..-.0-.| ok p=1
Q8:	|+!1+...1 .^.....0 .0..-1^0 +..-..-.| ok p=1
Q9:	|+.0+...- .+..0... 1+..1.-1 +!....-0| ok p=1
Q10:	|+01110.- .1..01.1 0+1.001+ -100.1-1| ok p=1
Q11:	|111010.0 1-1.-0^1 +01^01++ 1010.0-+| ok p=1
Q12:	|-+++++1- 0000+--- -1----1- 0-++^+0+| ok p=1
Q13:	|+0+-++0+ +--0101- 0-+1++++ -+0++0--| ok p=1
Q14:	|0100..+0 110+0110 01-1010- 010.001-| ok p=1
Q15:	|+111010+ 101-..+1 -0--001+ 01.11-10| ok p=0.52832
Q16:	|..+..0-. .0.-..+. ..0..1.+ .0...1.1| ok p=0.439453
Q17:	|^.-..1.^ .1.0..1. ^.0^.-.- .1...+..| ok p=0.852539
Q18:	|..1..+^. .-.1..-. ..1....+ .-...+..| ok p=0.392578
Q19:	|..-..... ......-. 0.+..^.+ ....0-..| ok p=0.762695
Q20:	|0...0^.. .^....00 1...0..1 .^..1-..| ok p=1
Q21:	|1.^.1... .0....11 -.^.1..1 ....-0..| ok p=0.493164
Q22:	|-...-... .1.....+ ....+... .....0..| ok p=0.462891
Q23:	|........ .+.0.... ^......0 ....^...| ok p=0.99707
Q24:	|^...^.0. ...1...^ ....^..1 ...0....| ok p=1
Q25:	|........ .^.-.... .......- ...1....| ok p=0.521484
Q26:	|.....0+. ........ ..0..... ...-....| ok p=1
Q27:	|.....1+. ...^.... ..1....^ ........| ok p=0.995117
Q28:	|.....+-. ........ ..+..... ...^....| ok p=0.991211
Q29:	|......0. ........ ..0..... ........| ok p=1
Q30:	|.....^1. ........ ..-..... ........| ok p=1
Q31:	|........ ........ ..-..... ........| ok p=0.994141
Q32:	|........ ........ ........ ........| ok p=1
Q33:	|........ ........ ..!..... ........| ok p=1
Q34:	|........ ........ ........ ........| ok p=1
Q35:	|........ ........ ........ ........| ok p=1
Q36:	|........ ........ ........ ........| ok p=1
Q37:	|........ ........ ........ ........| ok p=1
Q38:	|........ ........ ........ ........| ok p=1
Q39:	|........ ........ ........ ........| ok p=1
Q40:	|........ ........ ........ ........| ok p=1
Q41:	|........ ........ ........ ........| ok p=1
Q42:	|........ ........ ........ ........| ok p=1
Q43:	|........ ........ ........ ........| ok p=1
Q44:	|........ ........ ........ ........| ok p=1
Q45:	|........ ........ ........ ........| ok p=1
Q46:	|........ ........ ........ ........| ok p=1
Q47:	|........ ........ ........ ........| ok p=1
Q48:	|........ ........ ........ ........| ok p=1
Q49:	|........ ........ ........ ........| ok p=1
Q50:	|........ ........ ........ ........| ok p=1
Q51:	|........ ........ ........ ........| ok p=1
Q52:	|........ ........ ........ ........| ok p=1
Q53:	|........ ........ ........ ........| ok p=1
Q54:	|........ ........ ........ ........| ok p=1
Q55:	|........ ........ ........ ........| ok p=1
Q56:	|........ ........ ........ ........| ok p=1
Q57:	|........ ........ ........ ........| ok p=1
Q58:	|........ ........ ........ ........| ok p=1
Q59:	|........ ........ ........ ........| ok p=1
Q60:	|........ 0....... ........ ........| ok p=1
Q61:	|.......1 0....... ........ ........| ok p=1
Q62:	|.......0 +....... ........ ........| ok p=1
Q63:	|.......+ -....... ........ ........| ok p=0.998047
Q64:	|........ +....... ...+.... ........|
Best path: totcompl=-27 tottunnel=35, totcond=573, p=0.00203499
Q-3:	|01101010 11001010 11111111 10001100|
Q-2:	|0+-1-+1- +1010111 11000001 101-++++|
Q-1:	|101+++10 -0001010 10000101 0111110-|
Q0:	|1+-0-1++ 10++000- +0-+0101 1100110-| ok p=0.413086
Q1:	|.+0+0+10 0-0-...- +00--..+ 1..-...+| ok p=0.717773
Q2:	|1+101+10 .-1-...0 1+0+11.0 -..0...+| ok p=1
Q3:	|0.-+.+.1 .-.-...- 1101+0.1 0..0....| ok p=1
Q4:	|111-...0 .-!....- .-.011.. 1..-.^01| ok p=1
Q5:	|-.+1.0.- ...0...- .+..-1.. +.!+.-0.| ok p=1
Q6:	|+.+-...1 .0.....- 0+..1+.^ 1..+.0+.| ok p=1
Q7:	|+..+...+ .......1 .1..+0.+ 1..-.0-.| ok p=1
Q8:	|+.1+!..1 .^.....0 .0..-1^0 +..-..-.| ok p=1
Q9:	|+.0+...- .+..0... 1+..1.-1 +!....-0| ok p=1
Q10:	|+01110.- .1..01.1 0+1.001+ -100.1-1| ok p=1
Q11:	|111010.0 1-1.-0^1 +01^01++ 1010.0-+| ok p=1
Q12:	|-+++++1- 0000+--- -1----1- 0-++^+0+| ok p=1
Q13:	|+0+-++0+ +--0101- 0-+1++++ -++1-0--| ok p=1
Q14:	|0100..+0 110+0110 01-1010- 01.0001-| ok p=1
Q15:	|+111010+ 101-..+1 -0--001+ 011.1-10| ok p=0.533203
Q16:	|..+..0-. .0.-..+. ..0..1.+ .0...1.1| ok p=0.439453
Q17:	|^.-..1.^ .1.0..1. ^.0^.-.- .1...+..| ok p=0.84668
Q18:	|..1..+^. .-.1..-. ..1....+ .-...+..| ok p=0.417969
Q19:	|..-..... ......-. 0.+..^.+ ....0-..| ok p=0.788086
Q20:	|0...0^.. .^....00 1...0..1 .^..1-..| ok p=1
Q21:	|1.^.1... .0....11 -.^.1..1 ....-0..| ok p=0.480469
Q22:	|-...-... .1.....+ ....+... .....0..| ok p=0.446289
Q23:	|........ .+.0.... ^......0 ....^...| ok p=0.99707
Q24:	|^...^.0. ...1...^ ....^..1 ...0....| ok p=1
Q25:	|........ .^.-.... .......- ...1....| ok p=0.549805
Q26:	|.....0+. ........ ..0..... ...-....| ok p=1
Q27:	|.....1+. ...^.... ..1....^ ........| ok p=0.991211
Q28:	|.....+-. ........ ..+..... ...^....| ok p=0.988281
Q29:	|......0. ........ ..0..... ........| ok p=1
Q30:	|.....^1. ........ ..-..... ........| ok p=1
Q31:	|........ ........ ..-..... ........| ok p=0.994141
Q32:	|........ ........ ........ ........| ok p=1
Q33:	|........ ........ ..!..... ........| ok p=1
Q34:	|........ ........ ........ ........| ok p=1
Q35:	|........ ........ ........ ........| ok p=1
Q36:	|........ ........ ........ ........| ok p=1
Q37:	|........ ........ ........ ........| ok p=1
Q38:	|........ ........ ........ ........| ok p=1
Q39:	|........ ........ ........ ........| ok p=1
Q40:	|........ ........ ........ ........| ok p=1
Q41:	|........ ........ ........ ........| ok p=1
Q42:	|........ ........ ........ ........| ok p=1
Q43:	|........ ........ ........ ........| ok p=1
Q44:	|........ ........ ........ ........| ok p=1
Q45:	|........ ........ ........ ........| ok p=1
Q46:	|........ ........ ........ ........| ok p=1
Q47:	|........ ........ ........ ........| ok p=1
Q48:	|........ ........ ........ ........| ok p=1
Q49:	|........ ........ ........ ........| ok p=1
Q50:	|........ ........ ........ ........| ok p=1
Q51:	|........ ........ ........ ........| ok p=1
Q52:	|........ ........ ........ ........| ok p=1
Q53:	|........ ........ ........ ........| ok p=1
Q54:	|........ ........ ........ ........| ok p=1
Q55:	|........ ........ ........ ........| ok p=1
Q56:	|........ ........ ........ ........| ok p=1
Q57:	|........ ........ ........ ........| ok p=1
Q58:	|........ ........ ........ ........| ok p=1
Q59:	|........ ........ ........ ........| ok p=1
Q60:	|........ 0....... ........ ........| ok p=1
Q61:	|.......1 0....... ........ ........| ok p=1
Q62:	|.......0 +....... ........ ........| ok p=1
Q63:	|.......+ -....... ........ ........| ok p=0.99707
Q64:	|........ +....... ...+.... ........|
Best path: totcompl=-26 tottunnel=36, totcond=573, p=0.00223567
Q-3:	|01101010 11001010 11111111 10001100|
Q-2:	|0+-1-+1- +1010111 11000001 101-++++|
Q-1:	|101+++10 -0001010 10000101 0111110-|
Q0:	|1+-0-1++ 10++000- +0-+0101 1100110-| ok p=0.404297
Q1:	|.+0+0+10 0-0-...- +00--..+ 1..-...+| ok p=0.719727
Q2:	|1+101+10 .-1-...0 1+0+11.0 -..0...+| ok p=1
Q3:	|0.-+.+.1 .-.-...- 1101+0.1 0..0....| ok p=1
Q4:	|111-...0 .-!....- .-.011.. 1..-.^01| ok p=1
Q5:	|+1+1.0.- ...0...- .+..-1.. +!.+.-0.| ok p=1
Q6:	|-.+-...1 .0.....- .+..1+.^ 1..+.0+.| ok p=1
Q7:	|-..+...+ .......1 ^1..+0.+ 1..-.0-.| ok p=1
Q8:	|+.1+1..1 .^.....0 .0..-1^0 +..-..-.| ok p=1
Q9:	|+..+0..- .+..0... 0+..00-1 +!....-0| ok p=1
Q10:	|+0011.00 10.10001 0+..-01. +..0.0-1| ok p=1
Q11:	|1.1+111- 0-.0-010 +1.1-1+^ +..1.10-| ok p=1
Q12:	|-^---0+1 -0^+---- -1^0++-+ -.^+.+1-| ok p=1
Q13:	|++--+++- +--1-+++ +---1+10 0^--.0++| ok p=1
Q14:	|010.10+0 110+.010 01001+1- 1.10.+1-| ok p=1
Q15:	|-010010+ 100-00+0 -1-1--.+ ..01.-01| ok p=0.689453
Q16:	|..+..0-. .0.-..+. ..-..0.+ .0...0.0| ok p=0.449219
Q17:	|^.-..1.^ .1.0..1. ^.1.^-.- .1...+..| ok p=0.845703
Q18:	|..1..+^. .-.1..-. ..1....+ .-...+..| ok p=0.380859
Q19:	|..-..... ......-. 0.+..^.+ ....0-..| ok p=0.756836
Q20:	|0...0^.. .^....00 1...0..1 .^..1-..| ok p=1
Q21:	|1.^.1... .0....11 -.^.1..1 ....-0..| ok p=0.4375
Q22:	|+...-... .1.....+ ....+... .....0..| ok p=0.475586
Q23:	|........ .+.0.... ^......0 ....^...| ok p=0.995117
Q24:	|^...^.0. ...1...^ ....^..1 ...0....| ok p=0.998047
Q25:	|........ .^.-.... .......- ...1....| ok p=0.541992
Q26:	|.....0+. ........ ..0..... ...-....| ok p=1
Q27:	|.....1+. ...^.... ..1....^ ........| ok p=0.993164
Q28:	|.....+-. ........ ..+..... ...^....| ok p=0.988281
Q29:	|......0. ........ ..0..... ........| ok p=1
Q30:	|.....^1. ........ ..-..... ........| ok p=1
Q31:	|........ ........ ..-..... ........| ok p=0.994141
Q32:	|........ ........ ........ ........| ok p=1
Q33:	|........ ........ ..!..... ........| ok p=1
Q34:	|........ ........ ........ ........| ok p=1
Q35:	|........ ........ ........ ........| ok p=1
Q36:	|........ ........ ........ ........| ok p=1
Q37:	|........ ........ ........ ........| ok p=1
Q38:	|........ ........ ........ ........| ok p=1
Q39:	|........ ........ ........ ........| ok p=1
Q40:	|........ ........ ........ ........| ok p=1
Q41:	|........ ........ ........ ........| ok p=1
Q42:	|........ ........ ........ ........| ok p=1
Q43:	|........ ........ ........ ........| ok p=1
Q44:	|........ ........ ........ ........| ok p=1
Q45:	|........ ........ ........ ........| ok p=1
Q46:	|........ ........ ........ ........| ok p=1
Q47:	|........ ........ ........ ........| ok p=1
Q48:	|........ ........ ........ ........| ok p=1
Q49:	|........ ........ ........ ........| ok p=1
Q50:	|........ ........ ........ ........| ok p=1
Q51:	|........ ........ ........ ........| ok p=1
Q52:	|........ ........ ........ ........| ok p=1
Q53:	|........ ........ ........ ........| ok p=1
Q54:	|........ ........ ........ ........| ok p=1
Q55:	|........ ........ ........ ........| ok p=1
Q56:	|........ ........ ........ ........| ok p=1
Q57:	|........ ........ ........ ........| ok p=1
Q58:	|........ ........ ........ ........| ok p=1
Q59:	|........ ........ ........ ........| ok p=1
Q60:	|........ 0....... ........ ........| ok p=1
Q61:	|.......1 0....... ........ ........| ok p=1
Q62:	|.......0 +....... ........ ........| ok p=1
Q63:	|.......+ -....... ........ ........| ok p=0.998047
Q64:	|........ +....... ...+.... ........|
Best path: totcompl=-26 tottunnel=36, totcond=566, p=0.00272273
Q-3:	|01101010 11001010 11111111 10001100|
Q-2:	|0+-1-+1- +1010111 11000001 101-++++|
Q-1:	|101+++10 -0001010 10000101 0111110-|
Q0:	|1+-0-1++ 10++000- +0-+0101 1100110-| ok p=0.391602
Q1:	|.+0+0+10 0-0-...- +00--..+ 1..-...+| ok p=0.710938
Q2:	|1+101+10 .-1-...0 1+0+11.0 -..0...+| ok p=1
Q3:	|0.-+.+.1 .-.-...- 1101+0.1 0..0....| ok p=1
Q4:	|111-...0 .-!....- .-.011.. 1..-.^01| ok p=1
Q5:	|+1+1.0.- ...0...- .+..-1.. +.!+.-0.| ok p=1
Q6:	|-.+-...1 .0.....- .+..1+.^ 1..+.0+.| ok p=1
Q7:	|-..+...+ .......1 ^1..+0.+ 1..-.0-.| ok p=1
Q8:	|+.1+...1 .^.....0 .0..-1^0 +..-..-.| ok p=1
Q9:	|+!1+...- .+..0... 0+..00-1 +.!...-0| ok p=1
Q10:	|+0011.00 10.10101 0+..-01. +..0.0-1| ok p=1
Q11:	|1.1+111- 0-.0-110 +1.1-1+. +..1.10-| ok p=1
Q12:	|-^---0+1 -0^+---- -1^0++-1 +.^+.+1-| ok p=1
Q13:	|++--+++- +--1.-++ +---1+10 .^--.0++| ok p=1
Q14:	|010.10+0 110+0.10 01001+1- 1^10.+1-| ok p=1
Q15:	|-010010+ 100-.0+0 -1-1--.+ ..01.-01| ok p=0.65625
Q16:	|..+..0-. .0.-..+. ..-..0.+ .0...0.0| ok p=0.473633
Q17:	|^.-..1.^ .1.0..1. ^.1.^-.- .1...+..| ok p=0.831055
Q18:	|..1..+^. .-.1..-. ..1....+ .-...+..| ok p=0.396484
Q19:	|..-..... ......-. 0.+..^.+ ....0-..| ok p=0.776367
Q20:	|0...0^.. .^....00 1...0..1 .^..1-..| ok p=1
Q21:	|1.^.1... .0....11 -.^.1..1 ....-0..| ok p=0.420898
Q22:	|+...-... .1.....+ ....+... .....0..| ok p=0.454102
Q23:	|........ .+.0.... ^......0 ....^...| ok p=0.993164
Q24:	|^...^.0. ...1...^ ....^..1 ...0....| ok p=1
Q25:	|........ .^.-.... .......- ...1....| ok p=0.546875
Q26:	|.....0+. ........ ..0..... ...-....| ok p=1
Q27:	|.....1+. ...^.... ..1....^ ........| ok p=0.995117
Q28:	|.....+-. ........ ..+..... ...^....| ok p=0.99707
Q29:	|......0. ........ ..0..... ........| ok p=1
Q30:	|.....^1. ........ ..-..... ........| ok p=1
Q31:	|........ ........ ..-..... ........| ok p=0.994141
Q32:	|........ ........ ........ ........| ok p=1
Q33:	|........ ........ ..!..... ........| ok p=1
Q34:	|........ ........ ........ ........| ok p=1
Q35:	|........ ........ ........ ........| ok p=1
Q36:	|........ ........ ........ ........| ok p=1
Q37:	|........ ........ ........ ........| ok p=1
Q38:	|........ ........ ........ ........| ok p=1
Q39:	|........ ........ ........ ........| ok p=1
Q40:	|........ ........ ........ ........| ok p=1
Q41:	|........ ........ ........ ........| ok p=1
Q42:	|........ ........ ........ ........| ok p=1
Q43:	|........ ........ ........ ........| ok p=1
Q44:	|........ ........ ........ ........| ok p=1
Q45:	|........ ........ ........ ........| ok p=1
Q46:	|........ ........ ........ ........| ok p=1
Q47:	|........ ........ ........ ........| ok p=1
Q48:	|........ ........ ........ ........| ok p=1
Q49:	|........ ........ ........ ........| ok p=1
Q50:	|........ ........ ........ ........| ok p=1
Q51:	|........ ........ ........ ........| ok p=1
Q52:	|........ ........ ........ ........| ok p=1
Q53:	|........ ........ ........ ........| ok p=1
Q54:	|........ ........ ........ ........| ok p=1
Q55:	|........ ........ ........ ........| ok p=1
Q56:	|........ ........ ........ ........| ok p=1
Q57:	|........ ........ ........ ........| ok p=1
Q58:	|........ ........ ........ ........| ok p=1
Q59:	|........ ........ ........ ........| ok p=1
Q60:	|........ 0....... ........ ........| ok p=1
Q61:	|.......1 0....... ........ ........| ok p=1
Q62:	|.......0 +....... ........ ........| ok p=1
Q63:	|.......+ -....... ........ ........| ok p=1
Q64:	|........ +....... ...+.... ........|
Best path: totcompl=-26 tottunnel=36, totcond=563, p=0.00303298
Q-3:	|01101010 11001010 11111111 10001100|
Q-2:	|0+-1-+1- +1010111 11000001 101-++++|
Q-1:	|101+++10 -0001010 10000101 0111110-|
Q0:	|1+-0-1++ 10++000- +0-+0101 1100110-| ok p=0.414062
Q1:	|.+0+0+10 0-0-...- +00--..+ 1..-...+| ok p=0.729492
Q2:	|1+101+10 .-1-...0 1+0+11.0 -..0...+| ok p=1
Q3:	|0.-+.+.1 .-.-...- 1101+0.1 0..0.0..| ok p=1
Q4:	|111-...0 .-!....- .-.011.. 1..-.0.1| ok p=1
Q5:	|-.+1.0.- ...1...- .+..-1.0 +.!+.-.1| ok p=1
Q6:	|+.+-...1 .0.....- .+..1+.1 1..+.+.-| ok p=1
Q7:	|+.1+...+ .......0 ^0..+1.+ 0..-.0.-| ok p=1
Q8:	|1^-+.0.1 .^!....0 .00.-1.0 +..-.0..| ok p=1
Q9:	|0.1-11.- .+.....0 ..0.0..1 0.!....0| ok p=1
Q10:	|.1-11+.1 .0..0.00 01+00... 01000...| ok p=1
Q11:	|10-1+0.- ^-.01^1- 00-0+... .01111^.| ok p=1
Q12:	|0+----^- -+^0-+-0 ++1-+^.0 ^+---1-0| ok p=1
Q13:	|+0.++++. 0---101- --++++.0 -++-+-01| ok p=1
Q14:	|01000001 010+1100 111010.- 0.1.0+0-| ok p=1
Q15:	|-111111. +11+..+1 -0--0+.- 01101-.0| ok p=0.235352
Q16:	|..+..0-. .1.-..+. ..1..0.+ .0...0.0| ok p=0.46582
Q17:	|^.-..1.. ^1.1..1. ^.0^.-.- .1...+..| ok p=0.834961
Q18:	|..1..+^. .+.0..-. ..1....+ .-...+..| ok p=0.420898
Q19:	|..-..... ......-. 0.+..^.+ ....0-..| ok p=0.78125
Q20:	|0...0^.. .^....00 1...0..1 .^..1-..| ok p=1
Q21:	|1.^.1... .0....11 -.^.1..1 ....-0..| ok p=0.489258
Q22:	|-...-... .1.....+ ....+... .....0..| ok p=0.4375
Q23:	|........ .+.0.... ^......0 ....^...| ok p=0.99707
Q24:	|^...^.0. ...1...^ ....^..1 ...0....| ok p=0.998047
Q25:	|........ .^.-.... .......- ...1....| ok p=0.539062
Q26:	|.....0+. ........ ..0..... ...-....| ok p=1
Q27:	|.....1+. ...^.... ..1....^ ........| ok p=0.993164
Q28:	|.....+-. ........ ..+..... ...^....| ok p=0.993164
Q29:	|......0. ........ ..0..... ........| ok p=1
Q30:	|.....^1. ........ ..-..... ........| ok p=1
Q31:	|........ ........ ..-..... ........| ok p=0.988281
Q32:	|........ ........ ........ ........| ok p=1
Q33:	|........ ........ ..!..... ........| ok p=1
Q34:	|........ ........ ........ ........| ok p=1
Q35:	|........ ........ ........ ........| ok p=1
Q36:	|........ ........ ........ ........| ok p=1
Q37:	|........ ........ ........ ........| ok p=1
Q38:	|........ ........ ........ ........| ok p=1
Q39:	|........ ........ ........ ........| ok p=1
Q40:	|........ ........ ........ ........| ok p=1
Q41:	|........ ........ ........ ........| ok p=1
Q42:	|........ ........ ........ ........| ok p=1
Q43:	|........ ........ ........ ........| ok p=1
Q44:	|........ ........ ........ ........| ok p=1
Q45:	|........ ........ ........ ........| ok p=1
Q46:	|........ ........ ........ ........| ok p=1
Q47:	|........ ........ ........ ........| ok p=1
Q48:	|........ ........ ........ ........| ok p=1
Q49:	|........ ........ ........ ........| ok p=1
Q50:	|........ ........ ........ ........| ok p=1
Q51:	|........ ........ ........ ........| ok p=1
Q52:	|........ ........ ........ ........| ok p=1
Q53:	|........ ........ ........ ........| ok p=1
Q54:	|........ ........ ........ ........| ok p=1
Q55:	|........ ........ ........ ........| ok p=1
Q56:	|........ ........ ........ ........| ok p=1
Q57:	|........ ........ ........ ........| ok p=1
Q58:	|........ ........ ........ ........| ok p=1
Q59:	|........ ........ ........ ........| ok p=1
Q60:	|........ 0....... ........ ........| ok p=1
Q61:	|.......1 0....... ........ ........| ok p=1
Q62:	|.......0 +....... ........ ........| ok p=1
Q63:	|.......+ -....... ........ ........| ok p=0.996094
Q64:	|........ +....... ...+.... ........|
Best path: totcompl=-24 tottunnel=38, totcond=561, p=0.00101826
Q-3:	|01101010 11001010 11111111 10001100|
Q-2:	|0+-1-+1- +1010111 11000001 101-++++|
Q-1:	|101+++10 -0001010 10000101 0111110-|
Q0:	|1+-0-1++ 10++000- +0-+0101 1100110-| ok p=0.428711
Q1:	|.+0+0+10 0-0-...- +00--..+ 1..-...+| ok p=0.741211
Q2:	|1+101+10 .-1-...0 1+0+11.0 -..0...+| ok p=1
Q3:	|0.-+.+.1 .-.-...- 1101+0.1 0..0.0..| ok p=1
Q4:	|111-...0 .-!....- .-.011.. 1..-.0.1| ok p=1
Q5:	|-.+1.0.- ...1...- .+..-1.0 +!.+.-.1| ok p=1
Q6:	|+.+-...1 .0.....- 0+..1+.1 1..+.+.-| ok p=1
Q7:	|+11+...+ .......1 1...+1.+ 0..-.0.-| ok p=1
Q8:	|1.-+.0.1 .^.....0 .00.-1.0 +..-.0..| ok p=1
Q9:	|0.1-11.- .+.....0 ..0.0..1 0!.....0| ok p=1
Q10:	|.1-11+.1 .0..0.00 01+00... 01000...| ok p=1
Q11:	|10-1+0.- ^-.01^1- 00-0+... .01111^.| ok p=1
Q12:	|0+----^- -+^0-+-0 ++1-+^.0 ^+---1-0| ok p=1
Q13:	|+0+1-++. 0---101- --++++.0 -++-+-01| ok p=1
Q14:	|0100.001 010+1100 1110.0^- 0.1.0+0-| ok p=1
Q15:	|-11.111. +11+..+1 -0--0+.- 01101-.0| ok p=0.28418
Q16:	|..+..0-. .1.-..+. ..1..0.+ .0...0.0| ok p=0.485352
Q17:	|^.-..1.. ^1.1..1. ^.0^.-.- .1...+..| ok p=0.84082
Q18:	|..1..+^. .+.0..-. ..1....+ .-...+..| ok p=0.421875
Q19:	|..-..... ......-. 0.+..^.+ ....0-..| ok p=0.776367
Q20:	|0...0^.. .^....00 1...0..1 .^..1-..| ok p=1
Q21:	|1.^.1... .0....11 -.^.1..1 ....-0..| ok p=0.501953
Q22:	|-...-... .1.....+ ....+... .....0..| ok p=0.483398
Q23:	|........ .+.0.... ^......0 ....^...| ok p=0.998047
Q24:	|^...^.0. ...1...^ ....^..1 ...0....| ok p=0.999023
Q25:	|........ .^.-.... .......- ...1....| ok p=0.52832
Q26:	|.....0+. ........ ..0..... ...-....| ok p=1
Q27:	|.....1+. ...^.... ..1....^ ........| ok p=0.99707
Q28:	|.....+-. ........ ..+..... ...^....| ok p=0.993164
Q29:	|......0. ........ ..0..... ........| ok p=1
Q30:	|.....^1. ........ ..-..... ........| ok p=1
Q31:	|........ ........ ..-..... ........| ok p=0.987305
Q32:	|........ ........ ........ ........| ok p=1
Q33:	|........ ........ ..!..... ........| ok p=1
Q34:	|........ ........ ........ ........| ok p=1
Q35:	|........ ........ ........ ........| ok p=1
Q36:	|........ ........ ........ ........| ok p=1
Q37:	|........ ........ ........ ........| ok p=1
Q38:	|........ ........ ........ ........| ok p=1
Q39:	|........ ........ ........ ........| ok p=1
Q40:	|........ ........ ........ ........| ok p=1
Q41:	|........ ........ ........ ........| ok p=1
Q42:	|........ ........ ........ ........| ok p=1
Q43:	|........ ........ ........ ........| ok p=1
Q44:	|........ ........ ........ ........| ok p=1
Q45:	|........ ........ ........ ........| ok p=1
Q46:	|........ ........ ........ ........| ok p=1
Q47:	|........ ........ ........ ........| ok p=1
Q48:	|........ ........ ........ ........| ok p=1
Q49:	|........ ........ ........ ........| ok p=1
Q50:	|........ ........ ........ ........| ok p=1
Q51:	|........ ........ ........ ........| ok p=1
Q52:	|........ ........ ........ ........| ok p=1
Q53:	|........ ........ ........ ........| ok p=1
Q54:	|........ ........ ........ ........| ok p=1
Q55:	|........ ........ ........ ........| ok p=1
Q56:	|........ ........ ........ ........| ok p=1
Q57:	|........ ........ ........ ........| ok p=1
Q58:	|........ ........ ........ ........| ok p=1
Q59:	|........ ........ ........ ........| ok p=1
Q60:	|........ 0....... ........ ........| ok p=1
Q61:	|.......1 0....... ........ ........| ok p=1
Q62:	|.......0 +....... ........ ........| ok p=1
Q63:	|.......+ -....... ........ ........| ok p=0.998047
Q64:	|........ +....... ...+.... ........|
Best path: totcompl=-22 tottunnel=40, totcond=559, p=0.00114458
Best paths: 2
Q-3:	|01101010 11001010 11111111 10001100|
Q-2:	|0+-1-+1- +1010111 11000001 101-++++|
Q-1:	|101+++10 -0001010 10000101 0111110-|
Q0:	|1+-0-1++ 10++000- +0-+0101 1100110-| ok p=0.399414
Q1:	|.+0+0+10 0-0-...- +00--..+ 1..-...+| ok p=0.709961
Q2:	|1+101+10 .-1-...0 1+0+11.0 -..0...+| ok p=1
Q3:	|0.-+.+.1 .-.-...- 1101+0.1 0..0.0..| ok p=1
Q4:	|111-...0 .-!....- .-.011.. 1..-.0.1| ok p=1
Q5:	|-.+1.0.- ...1...- .+..-1.0 +.!+.-.1| ok p=1
Q6:	|+.+-...1 .0.....- .+..1+.1 1..+.+.-| ok p=1
Q7:	|+.1+...+ .......0 ^0..+1.+ 0..-.0.-| ok p=1
Q8:	|1^-+.1.1 .^.!...0 .00.-1.0 +..-.0..| ok p=1
Q9:	|001-10.- .+.....0 ..0.0..1 0!.....0| ok p=1
Q10:	|.1-11+.1 .0..0.00 1.+10... 01100...| ok p=1
Q11:	|10-1+0.- ^-.01^1- 0^-0-... .01111^.| ok p=1
Q12:	|0+----^- -+^0-+-0 ++0--^.0 ^+---1-0| ok p=1
Q13:	|+0+1-++. 0---101- -101-+.0 -++-+-01| ok p=1
Q14:	|0100.001 010+1100 1110.0^- 0.1.0+0-| ok p=1
Q15:	|-11.111. +11+..+1 -.--0+.- 01101-.0| ok p=0.233398
Q16:	|..+..0-. .1.-..+. ..1..0.+ .0...0.0| ok p=0.47168
Q17:	|^.-..1.. ^1.1..1. ^.0^.-.- .1...+..| ok p=0.834961
Q18:	|..1..+^. .+.0..-. ..1....+ .-...+..| ok p=0.469727
Q19:	|..-..... ......-. 0.+..^.+ ....0-..| ok p=0.750977
Q20:	|0...0^.. .^....00 1...0..1 .^..1-..| ok p=1
Q21:	|1.^.1... .0....11 -.^.1..1 ....-0..| ok p=0.495117
Q22:	|-...-... .1.....+ ....+... .....0..| ok p=0.452148
Q23:	|........ .+.0.... ^......0 ....^...| ok p=0.996094
Q24:	|^...^.0. ...1...^ ....^..1 ...0....| ok p=1
Q25:	|........ .^.-.... .......- ...1....| ok p=0.533203
Q26:	|.....0+. ........ ..0..... ...-....| ok p=1
Q27:	|.....1+. ...^.... ..1....^ ........| ok p=0.992188
Q28:	|.....+-. ........ ..+..... ...^....| ok p=0.990234
Q29:	|......0. ........ ..0..... ........| ok p=1
Q30:	|.....^1. ........ ..-..... ........| ok p=1
Q31:	|........ ........ ..-..... ........| ok p=0.990234
Q32:	|........ ........ ........ ........| ok p=1
Q33:	|........ ........ ..!..... ........| ok p=1
Q34:	|........ ........ ........ ........| ok p=1
Q35:	|........ ........ ........ ........| ok p=1
Q36:	|........ ........ ........ ........| ok p=1
Q37:	|........ ........ ........ ........| ok p=1
Q38:	|........ ........ ........ ........| ok p=1
Q39:	|........ ........ ........ ........| ok p=1
Q40:	|........ ........ ........ ........| ok p=1
Q41:	|........ ........ ........ ........| ok p=1
Q42:	|........ ........ ........ ........| ok p=1
Q43:	|........ ........ ........ ........| ok p=1
Q44:	|........ ........ ........ ........| ok p=1
Q45:	|........ ........ ........ ........| ok p=1
Q46:	|........ ........ ........ ........| ok p=1
Q47:	|........ ........ ........ ........| ok p=1
Q48:	|........ ........ ........ ........| ok p=1
Q49:	|........ ........ ........ ........| ok p=1
Q50:	|........ ........ ........ ........| ok p=1
Q51:	|........ ........ ........ ........| ok p=1
Q52:	|........ ........ ........ ........| ok p=1
Q53:	|........ ........ ........ ........| ok p=1
Q54:	|........ ........ ........ ........| ok p=1
Q55:	|........ ........ ........ ........| ok p=1
Q56:	|........ ........ ........ ........| ok p=1
Q57:	|........ ........ ........ ........| ok p=1
Q58:	|........ ........ ........ ........| ok p=1
Q59:	|........ ........ ........ ........| ok p=1
Q60:	|........ 0....... ........ ........| ok p=1
Q61:	|.......1 0....... ........ ........| ok p=1
Q62:	|.......0 +....... ........ ........| ok p=1
Q63:	|.......+ -....... ........ ........| ok p=0.998047
Q64:	|........ +....... ...+.... ........|
Best path: totcompl=-21 tottunnel=41, totcond=559, p=0.00123499
**