Extend MD5 differential paths forward
Copyright (C) 2009 Marc Stevens
http://homepages.cwi.nl/~stevens/

delta_m[11] = [!13!]
Loading workdir5/lowerpath.bin.gz...done: 1.
Estimating maxcond for upper bound 8000000 (=2000000 * 4)...
t=1:  0%   10   20   30   40   50   60   70   80   90   100%
      |----|----|----|----|----|----|----|----|----|----|
e     ***************************************************
Found maxcond = 2176
t=1:  0%   10   20   30   40   50   60   70   80   90   100%
      |----|----|----|----|----|----|----|----|----|----|
      ***************************************************
Q-3:	|01101010 11001010 11111111 10001100|
Q-2:	|0+-1-+1- +1010111 11000001 101-++++|
Q-1:	|101+++10 -0001010 10000101 0111110-|
Q0:	|1+-0-1++ 10++000- +0-+0101 1100110-| ok p=0.395508
Q1:	|.+0+0+00 -.++...0 -.0--..+ ...-...+| ok p=0.569336
Q2:	|+.-..-.. .-.-.... .+.+.... -.-..+..|
Saving 4880 paths...done.
Autobalance parameters: maxcond=2176
Verified: 2800 bad out of 7680
Estimating maxcond for upper bound 8000000 (=2000000 * 4)...
t=2:  0%   10   20   30   40   50   60   70   80   90   100%
      |----|----|----|----|----|----|----|----|----|----|
e     **************************************************Found maxcond = 168
t=2:  0%   10   20   30   40   50   60   70   80   90   100%
      |----|----|----|----|----|----|----|----|----|----|
      **************************************************Q-3:	|01101010 11001010 11111111 10001100|
Q-2:	|0+-1-+1- +1010111 11000001 101-++++|
Q-1:	|101+++10 -0001010 10000101 0111110-|
Q0:	|1+-0-1++ 10++000- +0-+0101 1100110-| ok p=0.399414
Q1:	|.+0+1+11 0-0-...- +0-0+..+ 1..-...+| ok p=0.641602
Q2:	|.+1010+1 .-1-.... .+.+0..- -..+...+| ok p=0.46875
Q3:	|.....+.. .-.-...- ....+..+ ...+....|
Saving 1974935 paths...done.
Autobalance parameters: maxcond=168
Verified: 78313 bad out of 2053248
Estimating maxcond for upper bound 8000000 (=2000000 * 4)...
t=3:  0%   10   20   30   40   50   60   70   80   90   100%
      |----|----|----|----|----|----|----|----|----|----|
e     ***************************************************
Found maxcond = 181
t=3:  0%   10   20   30   40   50   60   70   80   90   100%
      |----|----|----|----|----|----|----|----|----|----|
      ***************************************************
Q-3:	|01101010 11001010 11111111 10001100|
Q-2:	|0+-1-+1- +1010111 11000001 101-++++|
Q-1:	|101+++10 -0001010 10000101 0111110-|
Q0:	|1+-0-1++ 10++000- +0-+0101 1100110-| ok p=0.392578
Q1:	|.+0+0+10 0-0-...- +.-1+..+ 1..-...+| ok p=0.652344
Q2:	|.+110+1- .-1-...0 +.--0..1 -..0...+| ok p=0.486328
Q3:	|...1.+.+ .-.-...- ...++..1 0..1....| ok p=0.616211
Q4:	|.....+.+ .-..+..- .-.+.... ...-....|
Saving 2000000 paths...done.
Autobalance parameters: maxcond=180
Verified: 17697 bad out of 2234024
Estimating maxcond for upper bound 8000000 (=2000000 * 4)...
t=4:  0%   10   20   30   40   50   60   70   80   90   100%
      |----|----|----|----|----|----|----|----|----|----|
e     ***************************************************
Found maxcond = 195
t=4:  0%   10   20   30   40   50   60   70   80   90   100%
      |----|----|----|----|----|----|----|----|----|----|
      ***************************************************
Q-3:	|01101010 11001010 11111111 10001100|
Q-2:	|0+-1-+1- +1010111 11000001 101-++++|
Q-1:	|101+++10 -0001010 10000101 0111110-|
Q0:	|1+-0-1++ 10++000- +0-+0101 1100110-| ok p=0.407227
Q1:	|.+0+0+10 0-0-...- +.0--..+ 1..-...+| ok p=0.304688
Q2:	|.+001+10 .-1-V..0 +.--0..0 -..0...+| ok p=0.436523
Q3:	|.+.1.+.. .-.-...- 1.---..1 0..0....| ok p=0.611328
Q4:	|.+...... .-..+..- -...0... 1..-...1| ok p=0.378906
Q5:	|...-...- ..-..+.- ....-... .+...-..|
Saving 2000000 paths...done.
Autobalance parameters: maxcond=194
Verified: 43288 bad out of 2320724
Estimating maxcond for upper bound 8000000 (=2000000 * 4)...
t=5:  0%   10   20   30   40   50   60   70   80   90   100%
      |----|----|----|----|----|----|----|----|----|----|
e     ***************************************************
Found maxcond = 210
t=5:  0%   10   20   30   40   50   60   70   80   90   100%
      |----|----|----|----|----|----|----|----|----|----|
      ***************************************************
Q-3:	|01101010 11001010 11111111 10001100|
Q-2:	|0+-1-+1- +1010111 11000001 101-++++|
Q-1:	|101+++10 -0001010 10000101 0111110-|
Q0:	|1+-0-1++ 10++000- +0-+0101 1100110-| ok p=0.432617
Q1:	|.+0+0+10 0-0-...- +.0--..+ 0..-...+| ok p=0.634766
Q2:	|.+101+10 1-1-...0 +.--1..0 -..0...+| ok p=0.643555
Q3:	|..++.+.. ++.-...- ..1.+..1 0V.0.V..| ok p=0.486328
Q4:	|.0++.... ++.+...- 1.-01... 0..-...1| ok p=0.509766
Q5:	|.....1.. ...-...- ..+.-... .+.0.+..| ok p=0.516602
Q6:	|...-.+.- ..-.+..- .+.-.... -..+.-.-|
Saving 2000000 paths...done.
Autobalance parameters: maxcond=209
Verified: 43209 bad out of 3089987
Estimating maxcond for upper bound 8000000 (=2000000 * 4)...
t=6:  0%   10   20   30   40   50   60   70   80   90   100%
      |----|----|----|----|----|----|----|----|----|----|
e     ***************************************************
Found maxcond = 225
t=6:  0%   10   20   30   40   50   60   70   80   90   100%
      |----|----|----|----|----|----|----|----|----|----|
      ***************************************************
Q-3:	|01101010 11001010 11111111 10001100|
Q-2:	|0+-1-+1- +1010111 11000001 101-++++|
Q-1:	|101+++10 -0001010 10000101 0111110-|
Q0:	|1+-0-1++ 10++000- +0-+0101 1100110-| ok p=0.369141
Q1:	|.+0+0+10 0-0-...- +00--..+ 1..-...+| ok p=0.477539
Q2:	|.+101+10 .-1-...0 .+0+1..0 -..0...+| ok p=0.0791016
Q3:	|.0-+.+.V .-.-...- 11.1+..1 0..0.V..| ok p=0.74707
Q4:	|.11-.... .-.....- .-.01... 1..-..V1| ok p=0.766602
Q5:	|.--0.0.- ...0...- .+..-... +..+.-..| ok p=0.820312
Q6:	|.---...0 .1.....- .+..+... 0..1.0+.| ok p=0.793945
Q7:	|+..+.... ..+....- .+.-.... -.-...-.|
Saving 2000000 paths...done.
Autobalance parameters: maxcond=224
Verified: 24720 bad out of 2261970
Estimating maxcond for upper bound 8000000 (=2000000 * 4)...
t=7:  0%   10   20   30   40   50   60   70   80   90   100%
      |----|----|----|----|----|----|----|----|----|----|
e     ***************************************************
Found maxcond = 239
t=7:  0%   10   20   30   40   50   60   70   80   90   100%
      |----|----|----|----|----|----|----|----|----|----|
      ***************************************************
Q-3:	|01101010 11001010 11111111 10001100|
Q-2:	|0+-1-+1- +1010111 11000001 101-++++|
Q-1:	|101+++10 -0001010 10000101 0111110-|
Q0:	|1+-0-1++ 10++000- +0-+0101 1100110-| ok p=0.416016
Q1:	|.+0+0+10 0-0-...- +.0--..+ 1..-...+| ok p=0.458008
Q2:	|.+101+10 .-1-...0 +V--1..0 -..0...+| ok p=0.523438
Q3:	|.0++.+.V .-.-...- ..1.+..0 1..0VV..| ok p=0.508789
Q4:	|.++-.... .-.+...- 1-101... 0..-.1.1| ok p=0.563477
Q5:	|.0.0.0.- ...1...- .1.0-... +..+++..| ok p=0.438477
Q6:	|.01-...0 .1.-...- .1.+0... 1..+1+..| ok p=0.522461
Q7:	|...0...+ ...0.... ...0-... -..-1...| ok p=0.686523
Q8:	|......+. ...+.+.. .-.-.-.- ..-.....|
Saving 2000000 paths...done.
Autobalance parameters: maxcond=238
Verified: 16012 bad out of 3106713
Estimating maxcond for upper bound 8000000 (=2000000 * 4)...
t=8:  0%   10   20   30   40   50   60   70   80   90   100%
      |----|----|----|----|----|----|----|----|----|----|
e     ***************************************************
Found maxcond = 250
t=8:  0%   10   20   30   40   50   60   70   80   90   100%
      |----|----|----|----|----|----|----|----|----|----|
      ***************************************************
Q-3:	|01101010 11001010 11111111 10001100|
Q-2:	|0+-1-+1- +1010111 11000001 101-++++|
Q-1:	|101+++10 -0001010 10000101 0111110-|
Q0:	|1+-0-1++ 10++000- +0-+0101 1100110-| ok p=0.357422
Q1:	|.+0+0+10 0-0-...- +00--..+ 1..-...+| ok p=0.456055
Q2:	|.+101+10 .-1-...0 .+0+1..0 -..0...+| ok p=0.0996094
Q3:	|.0-+.+.1 .-.-...- 11.1+..0 0..0.V..| ok p=0.74707
Q4:	|.+1-...0 .-.....- .-.01... 1..-..V1| ok p=0.378906
Q5:	|.1-0.0.- ...0...- .+.1-... +..+.-0.| ok p=0.472656
Q6:	|.0--...0 .1.....- .+.+1..V 0..+.0+.| ok p=0.646484
Q7:	|...-...1 ........ .-.-+... -..-.1-.| ok p=0.87207
Q8:	|..1+.... .......1 .-.--..- 0..-..+.| ok p=0.401367
Q9:	|+..+.... -.+..... ...-.-.+ ..-.-.+.|
Saving 2000000 paths...done.
Autobalance parameters: maxcond=249
Verified: 8944 bad out of 2498538
Estimating maxcond for upper bound 8000000 (=2000000 * 4)...
t=9:  0%   10   20   30   40   50   60   70   80   90   100%
      |----|----|----|----|----|----|----|----|----|----|
e     ***************************************************
Found maxcond = 262
t=9:  0%   10   20   30   40   50   60   70   80   90   100%
      |----|----|----|----|----|----|----|----|----|----|
      ***************************************************
Q-3:	|01101010 11001010 11111111 10001100|
Q-2:	|0+-1-+1- +1010111 11000001 101-++++|
Q-1:	|101+++10 -0001010 10000101 0111110-|
Q0:	|1+-0-1++ 10++000- +0-+0101 1100110-| ok p=0.424805
Q1:	|.+0+0+10 0-0-...- +.0--..+ 1..-...+| ok p=0.483398
Q2:	|.+101+10 .-1-...0 +V--1..0 -..0...+| ok p=0.485352
Q3:	|.0++.+.V .-.-...- ..1.+..0 1..0VV..| ok p=0.512695
Q4:	|.++-.... .-.+...- 1-101... 0..-.1.1| ok p=0.541992
Q5:	|.0.0.0.- ...1...- .1.0-..V +..+++..| ok p=0.453125
Q6:	|.01-...0 .0.-...- .1.+0..1 0.V+1+..| ok p=0.512695
Q7:	|...1...1 ...1.... ...0-..- 1.1-1...| ok p=0.761719
Q8:	|...1...+ ...+...0 ...--..- -.-1.0..| ok p=0.991211
Q9:	|.......0 ...+.... ...-...- -.-1....| ok p=0.886719
Q10:	|...-.... -......+ .+.-..-. -.-....-|
Saving 2000000 paths...done.
Autobalance parameters: maxcond=261
Verified: 1194 bad out of 2219671
Estimating maxcond for upper bound 8000000 (=2000000 * 4)...
t=10: 0%   10   20   30   40   50   60   70   80   90   100%
      |----|----|----|----|----|----|----|----|----|----|
e     ***************************************************
Found maxcond = 274
t=10: 0%   10   20   30   40   50   60   70   80   90   100%
      |----|----|----|----|----|----|----|----|----|----|
      ***************************************************
Q-3:	|01101010 11001010 11111111 10001100|
Q-2:	|0+-1-+1- +1010111 11000001 101-++++|
Q-1:	|101+++10 -0001010 10000101 0111110-|
Q0:	|1+-0-1++ 10++000- +0-+0101 1100110-| ok p=0.40918
Q1:	|.+0+0+10 0-0-...- +00--..+ 1..-...+| ok p=0.446289
Q2:	|.+101+10 .-1-...0 .+0+1..0 -..0...+| ok p=0.0673828
Q3:	|0.-+.+.1 .-.-...- 11.1+..1 0..0.V..| ok p=0.762695
Q4:	|111-...0 .-.....- .-.01V.. 1..-..V1| ok p=0.355469
Q5:	|+.+1.0.- ...0...- .+..-.0. +..+.-0.| ok p=0.459961
Q6:	|-.+-...1 .1.....- .+..1+1V 1..+.0+.| ok p=0.599609
Q7:	|-..+...+ ..0..... ....+0+0 -..-.0-.| ok p=0.488281
Q8:	|..1+.V.1 ..1....0 .1..-10+ 1..-..-.| ok p=0.867188
Q9:	|1..+...- ..+..... ....0.1- 1.....-.| ok p=0.499023
Q10:	|.....+.0 ..-..... ....-..+ ...1....| ok p=0.611328
Q11:	|..+.-..- .-..-..- .+...-.- .+......|
Saving 2000000 paths...done.
Autobalance parameters: maxcond=273
Verified: 3180 bad out of 3087931
Runtime: 306.512
Extend MD5 differential paths forward
Copyright (C) 2009 Marc Stevens
http://homepages.cwi.nl/~stevens/

delta_m[11] = [!13!]
Loading workdir5/paths10_0of1...done: 2000000 (work:2000000).
Estimating maxcond for upper bound 2000000 (=500000 * 4)...
t=11: 0%   10   20   30   40   50   60   70   80   90   100%
      |----|----|----|----|----|----|----|----|----|----|
e     ***************************************************
Found maxcond = 285
t=11: 0%   10   20   30   40   50   60   70   80   90   100%
      |----|----|----|----|----|----|----|----|----|----|
      ***************************************************
Q-3:	|01101010 11001010 11111111 10001100|
Q-2:	|0+-1-+1- +1010111 11000001 101-++++|
Q-1:	|101+++10 -0001010 10000101 0111110-|
Q0:	|1+-0-1++ 10++000- +0-+0101 1100110-| ok p=0.408203
Q1:	|.+0+0+10 0-0-...- +00--..+ 1..-...+| ok p=0.474609
Q2:	|.+101+10 .-1-...0 .+0+1..0 -..0...+| ok p=0.0527344
Q3:	|0.-+.+.1 .-.-...- 11.1+..1 0..0.V..| ok p=0.738281
Q4:	|111-...0 .-.....- .-.01V.. 1..-.0.1| ok p=0.756836
Q5:	|-.+1.0.- ...1...- .+..-..0 +..+.-.1| ok p=0.639648
Q6:	|+.+-...1 .0.....- .+..1+.1 1..+.+.-| ok p=0.601562
Q7:	|+..+...+ .V...... 0...+1.+ 0..-.0.-| ok p=0.620117
Q8:	|..1-.V.1 .......0 10V.-1.1 +..-.0..| ok p=0.878906
Q9:	|0..-...- .+...... +.1.0..1 0......0| ok p=0.975586
Q10:	|...-.-.1 .0...... +.+.1..+ 0..0....| ok p=0.441406
Q11:	|.....0.- .-...... -.+....+ ........| ok p=0.763672
Q12:	|..+..-.- .-..-... -..-...+ ..+.+.-.|
Saving 500000 paths...done.
Autobalance parameters: maxcond=284
Verified: 3282 bad out of 819287
Runtime: 34.3707
