MD5 differential path toolbox
Copyright (C) 2009 Marc Stevens
http://homepages.cwi.nl/~stevens/

IHV1   = {1791688588,2894144973,2726987133,995606960}
IHV1   = 8cffca6acd2581ac7d858aa2b0c1573b

IHV2   = {1791688588,3350238668,3188360572,1456980399}
IHV2   = 8cffca6acc95b0c77c850abeafc1d756

dIHV   = {0,456093695,461373439,461373439}
NC0: delta c = delta d = [!0!]
NC0: delta b           = [!0,22!]
NC1: delta c = delta d = [!23!]
NC1: delta b           = [!12,23!]
NC2: delta c = delta d = [!26!]
NC2: delta b           = [!15,26!]
NC3: delta c = delta d = [!-29!]
NC3: delta b           = [!20,-29!]
NC0: prob=-5.87255
NC1: prob=-5.85177
NC2: prob=-5.87502
NC3: prob=-7.51015
delta m_11 = [!13!]
Q-3:	|01101010 11001010 11111111 10001100|
Q-2:	|0+-1-+1- +1010111 11000001 101-++++|
Q-1:	|101+++10 -0001010 10000101 0111110-|
Q0:	|1+-0-1++ 10++000- +0-+0101 1100110-| ok p=0.415039
Q1:	|.+.+.+.. .-.-.... -.-.+..+ ...-...+|
Saved lower diff. path to 'workdir5/lowerpath.bin.gz'.

Q32:	|........ ........ ........ ........|
Q33:	|........ ........ ........ ........|
Q34:	|........ ........ ........ ........|
Q35:	|........ ........ ........ ........| ok p=1
Q36:	|........ ........ ........ ........| ok p=1
Q37:	|........ ........ ........ ........| ok p=1
Q38:	|........ ........ ........ ........| ok p=1
Q39:	|........ ........ ........ ........| ok p=1
Q40:	|........ ........ ........ ........| ok p=1
Q41:	|........ ........ ........ ........| ok p=1
Q42:	|........ ........ ........ ........| ok p=1
Q43:	|........ ........ ........ ........| ok p=1
Q44:	|........ ........ ........ ........| ok p=1
Q45:	|........ ........ ........ ........| ok p=1
Q46:	|........ ........ ........ ........| ok p=1
Q47:	|........ ........ ........ ........| ok p=1
Q48:	|........ ........ ........ ........| ok p=1
Q49:	|........ ........ ........ ........| ok p=1
Q50:	|........ ........ ........ ........| ok p=1
Q51:	|........ ........ ........ ........| ok p=1
Q52:	|........ ........ ........ ........| ok p=1
Q53:	|........ ........ ........ ........| ok p=1
Q54:	|........ ........ ........ ........| ok p=1
Q55:	|........ ........ ........ ........| ok p=1
Q56:	|........ ........ ........ ........| ok p=1
Q57:	|........ ........ ........ ........| ok p=1
Q58:	|........ ........ ........ ........| ok p=1
Q59:	|........ ........ ........ ........| ok p=1
Q60:	|........ 0....... ........ ........| ok p=1
Q61:	|.......1 0....... ........ ........| ok p=1
Q62:	|.......0 +....... ........ ........| ok p=1
Q63:	|.......+ -....... ........ ........| ok p=1
Q64:	|........ +....... ...+.... ........|
Saved upper diff. path to 'workdir5/upperpath.bin.gz'.
Saved 'md5diffpathforward.cfg'.
Saved 'md5diffpathbackward.cfg'.
Saved 'md5diffpathconnect.cfg'.
Saved 'md5diffpathhelper.cfg'.
